activecomp {
  name: "Auryn_Image-Dynamic-2x3"
  width: 376
  height: 576
  defaultcameradistance: 522.222229
  layer {
    name: "ImageNode"
    id: 284
    sourceid: 297
    transform {
      anchorPoint {
        x: 188
        y: 288
      }
      scale {
        x: 1
        y: 1
        z: 1
      }
      position {
        x: 188
        y: 288
      }
      orientation {
      }
    }
    acceptsshadows: true
    acceptslights: true
  }
  classname: "CYIImageView"
  bgcolor {
    alpha: 1
    red: 0.086274509803921567
    green: 0.11372549019607843
    blue: 0.14509803921568629
  }
  properties {
    key: "componentType"
    value: "image"
  }
}
sources {
  uid: 297
  srctype: AE_SOLID_SRC
  color {
    alpha: 1
    red: 0.94509804248809814
    green: 0.94509804248809814
    blue: 0.94509804248809814
  }
  width: 376
  height: 576
}
