activecomp {
  name: "Auryn_Metadata"
  width: 400
  height: 50
  defaultcameradistance: 555.555542
  layer {
    name: "Text-TimeRemaining"
    id: 690012711
    sourceid: -1
    transform {
      anchorPoint {
        x: 0.17199707
        y: 12.875
      }
      scale {
        x: 1
        y: 1
        z: 1
      }
      position {
        x: 94.0119934
        y: 31.3870697
      }
      orientation {
      }
      opacity: 1
    }
    acceptsshadows: true
    acceptslights: true
    textinfo {
      fontSize: 16
      fontColor {
        alpha: 1
        red: 0.94510000944137573
        green: 0.94510000944137573
        blue: 0.94510000944137573
      }
      fontName: "Montserrat-Medium"
      boundsWidth: 763
      boundsHeight: 24
      isLabel: true
      multiline: true
      ellipsis: true
    }
    classname: "CYISDFAtlasTextSceneNode"
    properties {
      key: "text-overflow"
      value: "ellipsis"
    }
    properties {
      key: "text-placeholder"
      value: "true"
    }
  }
  layer {
    name: "Image-Dynamic-Live-Logo"
    id: 690012712
    sourceid: 690012694
    transform {
      anchorPoint {
        x: 24.5
        y: 18
      }
      scale {
        x: 1
        y: 1
        z: 1
      }
      position {
        x: 62
        y: 25
      }
      orientation {
      }
      opacity: 1
    }
    acceptsshadows: true
    acceptslights: true
  }
  bgcolor {
    alpha: 1
    red: 0.086274509803921567
    green: 0.11372549019607843
    blue: 0.14509803921568629
  }
  properties {
    key: "clip"
    value: "true"
  }
  properties {
    key: "layout"
    value: "CYIRowLayout"
  }
  properties {
    key: "padding-left"
    value: "38"
  }
  properties {
    key: "spacing"
    value: "20.0"
  }
  properties {
    key: "gravity"
    value: "left"
  }
  childtemplates: "Auryn_Image-Dynamic-Live-Logo"
}
sources {
  uid: 1
  srctype: AE_FONT_SRC
  name: "Montserrat-Medium"
  copy_source: true
  file_name: "yi_Montserrat-Medium.otf"
  style_name: "Medium"
}
sources {
  uid: 690012694
  name: "Auryn_Image-Dynamic-Live-Logo.layout"
  width: 49
  height: 36
  copy_source: true
}
