activecomp {
  name: "Auryn_Movies"
  width: 1920
  height: 900
  defaultcameradistance: 2666.66675
  layer {
    name: "Container-Btn-Poster-Small"
    id: 463
    sourceid: 488
    transform {
      anchorPoint {
        x: 200
        y: 400
      }
      scale {
        x: 1
        y: 1
        z: 1
      }
      position {
        x: 200
        y: 450
      }
      orientation {
      }
      opacity: 1
    }
    acceptsshadows: true
    acceptslights: true
    properties {
      key: "placeholder"
      value: "true"
    }
  }
  classname: "CYIListView"
  bgcolor {
    alpha: 1
    red: 0.086274509803921567
    green: 0.11372549019607843
    blue: 0.14509803921568629
  }
  properties {
    key: "componentSubtype"
    value: "streaming"
  }
  properties {
    key: "componentType"
    value: "list"
  }
  properties {
    key: "layout"
    value: "CYIRowLayout"
  }
  properties {
    key: "gravity"
    value: "left"
  }
  properties {
    key: "useComponentScrollingView"
    value: "true"
  }
  properties {
    key: "insert-after-layer-id"
    value: "-1"
  }
  childtemplates: "Auryn_Container-Btn-Poster-Small"
}
sources {
  uid: 488
  name: "Auryn_Container-Btn-Poster-Small.layout"
  width: 400
  height: 800
  copy_source: true
}
