tracks {
  binding: IS_VISIBLE
  targetid: 223
  targetname: "Dark Gray Solid 1"
  keytimes {
    datatype: AE_INT_DATA
    inttype: AE_INTERP_HOLD
    ivalue1: 1
  }
}
tracks {
  binding: IS_VISIBLE
  targetid: 224
  targetname: "Image-UpNext-Primary"
  keytimes {
    datatype: AE_INT_DATA
    inttype: AE_INTERP_HOLD
    ivalue1: 1
  }
}
tracks {
  binding: IS_VISIBLE
  targetid: 225
  targetname: "Live-Asset-Gradient-2.png"
  keytimes {
    datatype: AE_INT_DATA
    inttype: AE_INTERP_HOLD
    ivalue1: 1
  }
}
tracks {
  binding: IS_VISIBLE
  targetid: 226
  targetname: "Duration"
  keytimes {
    datatype: AE_INT_DATA
    inttype: AE_INTERP_HOLD
    ivalue1: 1
  }
}
tracks {
  targetid: 226
  targetname: "Duration"
  keytimes {
    datatype: AE_FLOAT_VECTOR_DATA
    inttype: AE_INTERP_LINEAR
    fvalue1: 30
    fvalue2: 157.363129
  }
  keytimes {
    datatype: AE_FLOAT_VECTOR_DATA
    timeOffset: 2
    inttype: AE_INTERP_LINEAR
    fvalue1: 30
    fvalue2: 157.363129
  }
  keytimes {
    datatype: AE_FLOAT_VECTOR_DATA
    timeOffset: 2.01666
    inttype: AE_INTERP_LINEAR
    fvalue1: 30.6788311
    fvalue2: 157.136856
    isCookedKeytime: true
  }
  keytimes {
    datatype: AE_FLOAT_VECTOR_DATA
    timeOffset: 2.03332
    inttype: AE_INTERP_LINEAR
    fvalue1: 34.7718124
    fvalue2: 155.772522
    isCookedKeytime: true
  }
  keytimes {
    datatype: AE_FLOAT_VECTOR_DATA
    timeOffset: 2.04998
    inttype: AE_INTERP_LINEAR
    fvalue1: 39.345356
    fvalue2: 154.248016
    isCookedKeytime: true
  }
  keytimes {
    datatype: AE_FLOAT_VECTOR_DATA
    timeOffset: 2.06664
    inttype: AE_INTERP_LINEAR
    fvalue1: 41.6450539
    fvalue2: 153.481445
    isCookedKeytime: true
  }
  keytimes {
    datatype: AE_FLOAT_VECTOR_DATA
    timeOffset: 2.08329988
    inttype: AE_INTERP_LINEAR
    fvalue1: 43.0032578
    fvalue2: 153.028717
    isCookedKeytime: true
  }
  keytimes {
    datatype: AE_FLOAT_VECTOR_DATA
    timeOffset: 2.09995985
    inttype: AE_INTERP_LINEAR
    fvalue1: 43.8685226
    fvalue2: 152.74028
    isCookedKeytime: true
  }
  keytimes {
    datatype: AE_FLOAT_VECTOR_DATA
    timeOffset: 2.11661983
    inttype: AE_INTERP_LINEAR
    fvalue1: 44.426136
    fvalue2: 152.554413
    isCookedKeytime: true
  }
  keytimes {
    datatype: AE_FLOAT_VECTOR_DATA
    timeOffset: 2.1332798
    inttype: AE_INTERP_LINEAR
    fvalue1: 44.7669144
    fvalue2: 152.440826
    isCookedKeytime: true
  }
  keytimes {
    datatype: AE_FLOAT_VECTOR_DATA
    timeOffset: 2.14993978
    inttype: AE_INTERP_LINEAR
    fvalue1: 44.9454918
    fvalue2: 152.381302
    isCookedKeytime: true
  }
  keytimes {
    datatype: AE_FLOAT_VECTOR_DATA
    timeOffset: 2.16666675
    inttype: AE_INTERP_LINEAR
    fvalue1: 45
    fvalue2: 152.363129
  }
  trackName: "Position"
}
tracks {
  binding: IS_VISIBLE
  targetid: 227
  targetname: "Subhead"
  keytimes {
    datatype: AE_INT_DATA
    inttype: AE_INTERP_HOLD
    ivalue1: 1
  }
}
tracks {
  targetid: 227
  targetname: "Subhead"
  keytimes {
    datatype: AE_FLOAT_VECTOR_DATA
    inttype: AE_INTERP_LINEAR
    fvalue1: 30
    fvalue2: 94.0256348
  }
  keytimes {
    datatype: AE_FLOAT_VECTOR_DATA
    timeOffset: 2
    inttype: AE_INTERP_LINEAR
    fvalue1: 30
    fvalue2: 94.0256348
  }
  keytimes {
    datatype: AE_FLOAT_VECTOR_DATA
    timeOffset: 2.01666
    inttype: AE_INTERP_LINEAR
    fvalue1: 30.6788635
    fvalue2: 93.9351196
    isCookedKeytime: true
  }
  keytimes {
    datatype: AE_FLOAT_VECTOR_DATA
    timeOffset: 2.03332
    inttype: AE_INTERP_LINEAR
    fvalue1: 34.770752
    fvalue2: 93.389534
    isCookedKeytime: true
  }
  keytimes {
    datatype: AE_FLOAT_VECTOR_DATA
    timeOffset: 2.04998
    inttype: AE_INTERP_LINEAR
    fvalue1: 39.3435669
    fvalue2: 92.7798233
    isCookedKeytime: true
  }
  keytimes {
    datatype: AE_FLOAT_VECTOR_DATA
    timeOffset: 2.06664
    inttype: AE_INTERP_LINEAR
    fvalue1: 41.6442223
    fvalue2: 92.4730682
    isCookedKeytime: true
  }
  keytimes {
    datatype: AE_FLOAT_VECTOR_DATA
    timeOffset: 2.08329988
    inttype: AE_INTERP_LINEAR
    fvalue1: 42.9907074
    fvalue2: 92.293541
    isCookedKeytime: true
  }
  keytimes {
    datatype: AE_FLOAT_VECTOR_DATA
    timeOffset: 2.09995985
    inttype: AE_INTERP_LINEAR
    fvalue1: 43.8589745
    fvalue2: 92.1777725
    isCookedKeytime: true
  }
  keytimes {
    datatype: AE_FLOAT_VECTOR_DATA
    timeOffset: 2.11661983
    inttype: AE_INTERP_LINEAR
    fvalue1: 44.4224129
    fvalue2: 92.1026459
    isCookedKeytime: true
  }
  keytimes {
    datatype: AE_FLOAT_VECTOR_DATA
    timeOffset: 2.1332798
    inttype: AE_INTERP_LINEAR
    fvalue1: 44.7661285
    fvalue2: 92.0568161
    isCookedKeytime: true
  }
  keytimes {
    datatype: AE_FLOAT_VECTOR_DATA
    timeOffset: 2.14993978
    inttype: AE_INTERP_LINEAR
    fvalue1: 44.9454422
    fvalue2: 92.0329056
    isCookedKeytime: true
  }
  keytimes {
    datatype: AE_FLOAT_VECTOR_DATA
    timeOffset: 2.16666675
    inttype: AE_INTERP_LINEAR
    fvalue1: 45
    fvalue2: 92.0256348
  }
  trackName: "Position"
}
tracks {
  binding: IS_VISIBLE
  targetid: 228
  targetname: "Title"
  keytimes {
    datatype: AE_INT_DATA
    inttype: AE_INTERP_HOLD
    ivalue1: 1
  }
}
tracks {
  targetid: 228
  targetname: "Title"
  keytimes {
    datatype: AE_FLOAT_VECTOR_DATA
    inttype: AE_INTERP_LINEAR
    fvalue1: 231.5
    fvalue2: 55.5
  }
  keytimes {
    datatype: AE_FLOAT_VECTOR_DATA
    timeOffset: 2
    inttype: AE_INTERP_LINEAR
    fvalue1: 231.5
    fvalue2: 55.5
  }
  keytimes {
    datatype: AE_FLOAT_VECTOR_DATA
    timeOffset: 2.01666
    inttype: AE_INTERP_LINEAR
    fvalue1: 232.178864
    fvalue2: 55.4094849
    isCookedKeytime: true
  }
  keytimes {
    datatype: AE_FLOAT_VECTOR_DATA
    timeOffset: 2.03332
    inttype: AE_INTERP_LINEAR
    fvalue1: 236.270752
    fvalue2: 54.8639
    isCookedKeytime: true
  }
  keytimes {
    datatype: AE_FLOAT_VECTOR_DATA
    timeOffset: 2.04998
    inttype: AE_INTERP_LINEAR
    fvalue1: 240.843567
    fvalue2: 54.2541924
    isCookedKeytime: true
  }
  keytimes {
    datatype: AE_FLOAT_VECTOR_DATA
    timeOffset: 2.06664
    inttype: AE_INTERP_LINEAR
    fvalue1: 243.144226
    fvalue2: 53.9474373
    isCookedKeytime: true
  }
  keytimes {
    datatype: AE_FLOAT_VECTOR_DATA
    timeOffset: 2.08329988
    inttype: AE_INTERP_LINEAR
    fvalue1: 244.490707
    fvalue2: 53.7679062
    isCookedKeytime: true
  }
  keytimes {
    datatype: AE_FLOAT_VECTOR_DATA
    timeOffset: 2.09995985
    inttype: AE_INTERP_LINEAR
    fvalue1: 245.358978
    fvalue2: 53.6521378
    isCookedKeytime: true
  }
  keytimes {
    datatype: AE_FLOAT_VECTOR_DATA
    timeOffset: 2.11661983
    inttype: AE_INTERP_LINEAR
    fvalue1: 245.922409
    fvalue2: 53.5770111
    isCookedKeytime: true
  }
  keytimes {
    datatype: AE_FLOAT_VECTOR_DATA
    timeOffset: 2.1332798
    inttype: AE_INTERP_LINEAR
    fvalue1: 246.266129
    fvalue2: 53.5311813
    isCookedKeytime: true
  }
  keytimes {
    datatype: AE_FLOAT_VECTOR_DATA
    timeOffset: 2.14993978
    inttype: AE_INTERP_LINEAR
    fvalue1: 246.44545
    fvalue2: 53.5072746
    isCookedKeytime: true
  }
  keytimes {
    datatype: AE_FLOAT_VECTOR_DATA
    timeOffset: 2.16666675
    inttype: AE_INTERP_LINEAR
    fvalue1: 246.5
    fvalue2: 53.5
  }
  trackName: "Position"
}
tracks {
  binding: IS_VISIBLE
  targetid: 229
  targetname: "Focus-Left-Button-Primary"
  keytimes {
    datatype: AE_INT_DATA
    inttype: AE_INTERP_HOLD
    ivalue1: 1
  }
}
tracks {
  binding: OPACITY
  targetid: 229
  targetname: "Focus-Left-Button-Primary"
  keytimes {
    inttype: AE_INTERP_LINEAR
  }
  keytimes {
    timeOffset: 1
    inttype: AE_INTERP_LINEAR
  }
  keytimes {
    timeOffset: 1.01666
    inttype: AE_INTERP_LINEAR
    fvalue1: 0.045391418
    isCookedKeytime: true
  }
  keytimes {
    timeOffset: 1.03332
    inttype: AE_INTERP_LINEAR
    fvalue1: 0.318003893
    isCookedKeytime: true
  }
  keytimes {
    timeOffset: 1.04997993
    inttype: AE_INTERP_LINEAR
    fvalue1: 0.623111904
    isCookedKeytime: true
  }
  keytimes {
    timeOffset: 1.0666399
    inttype: AE_INTERP_LINEAR
    fvalue1: 0.77637434
    isCookedKeytime: true
  }
  keytimes {
    timeOffset: 1.08329988
    inttype: AE_INTERP_LINEAR
    fvalue1: 0.866893053
    isCookedKeytime: true
  }
  keytimes {
    timeOffset: 1.09995985
    inttype: AE_INTERP_LINEAR
    fvalue1: 0.924542308
    isCookedKeytime: true
  }
  keytimes {
    timeOffset: 1.11661983
    inttype: AE_INTERP_LINEAR
    fvalue1: 0.961579084
    isCookedKeytime: true
  }
  keytimes {
    timeOffset: 1.1332798
    inttype: AE_INTERP_LINEAR
    fvalue1: 0.984271705
    isCookedKeytime: true
  }
  keytimes {
    timeOffset: 1.14993978
    inttype: AE_INTERP_LINEAR
    fvalue1: 0.996292949
    isCookedKeytime: true
  }
  keytimes {
    timeOffset: 1.16666663
    inttype: AE_INTERP_LINEAR
    fvalue1: 1
  }
  trackName: "Opacity"
}
tracks {
  binding: IS_VISIBLE
  targetid: 230
  targetname: "Focus-Left-Button-Primary 2"
  keytimes {
    datatype: AE_INT_DATA
    inttype: AE_INTERP_HOLD
    ivalue1: 1
  }
}
tracks {
  binding: OPACITY
  targetid: 230
  targetname: "Focus-Left-Button-Primary 2"
  keytimes {
    inttype: AE_INTERP_LINEAR
  }
  keytimes {
    timeOffset: 1
    inttype: AE_INTERP_LINEAR
  }
  keytimes {
    timeOffset: 1.01666
    inttype: AE_INTERP_LINEAR
    fvalue1: 0.045391418
    isCookedKeytime: true
  }
  keytimes {
    timeOffset: 1.03332
    inttype: AE_INTERP_LINEAR
    fvalue1: 0.318003893
    isCookedKeytime: true
  }
  keytimes {
    timeOffset: 1.04997993
    inttype: AE_INTERP_LINEAR
    fvalue1: 0.623111904
    isCookedKeytime: true
  }
  keytimes {
    timeOffset: 1.0666399
    inttype: AE_INTERP_LINEAR
    fvalue1: 0.77637434
    isCookedKeytime: true
  }
  keytimes {
    timeOffset: 1.08329988
    inttype: AE_INTERP_LINEAR
    fvalue1: 0.866893053
    isCookedKeytime: true
  }
  keytimes {
    timeOffset: 1.09995985
    inttype: AE_INTERP_LINEAR
    fvalue1: 0.924542308
    isCookedKeytime: true
  }
  keytimes {
    timeOffset: 1.11661983
    inttype: AE_INTERP_LINEAR
    fvalue1: 0.961579084
    isCookedKeytime: true
  }
  keytimes {
    timeOffset: 1.1332798
    inttype: AE_INTERP_LINEAR
    fvalue1: 0.984271705
    isCookedKeytime: true
  }
  keytimes {
    timeOffset: 1.14993978
    inttype: AE_INTERP_LINEAR
    fvalue1: 0.996292949
    isCookedKeytime: true
  }
  keytimes {
    timeOffset: 1.16666663
    inttype: AE_INTERP_LINEAR
    fvalue1: 1
  }
  trackName: "Opacity"
}
tracks {
  binding: IS_VISIBLE
  targetid: 231
  targetname: "Focus-Top-Button-Primary"
  keytimes {
    datatype: AE_INT_DATA
    inttype: AE_INTERP_HOLD
    ivalue1: 1
  }
}
tracks {
  binding: OPACITY
  targetid: 231
  targetname: "Focus-Top-Button-Primary"
  keytimes {
    inttype: AE_INTERP_LINEAR
  }
  keytimes {
    timeOffset: 1
    inttype: AE_INTERP_LINEAR
  }
  keytimes {
    timeOffset: 1.01666
    inttype: AE_INTERP_LINEAR
    fvalue1: 0.045391418
    isCookedKeytime: true
  }
  keytimes {
    timeOffset: 1.03332
    inttype: AE_INTERP_LINEAR
    fvalue1: 0.318003893
    isCookedKeytime: true
  }
  keytimes {
    timeOffset: 1.04997993
    inttype: AE_INTERP_LINEAR
    fvalue1: 0.623111904
    isCookedKeytime: true
  }
  keytimes {
    timeOffset: 1.0666399
    inttype: AE_INTERP_LINEAR
    fvalue1: 0.77637434
    isCookedKeytime: true
  }
  keytimes {
    timeOffset: 1.08329988
    inttype: AE_INTERP_LINEAR
    fvalue1: 0.866893053
    isCookedKeytime: true
  }
  keytimes {
    timeOffset: 1.09995985
    inttype: AE_INTERP_LINEAR
    fvalue1: 0.924542308
    isCookedKeytime: true
  }
  keytimes {
    timeOffset: 1.11661983
    inttype: AE_INTERP_LINEAR
    fvalue1: 0.961579084
    isCookedKeytime: true
  }
  keytimes {
    timeOffset: 1.1332798
    inttype: AE_INTERP_LINEAR
    fvalue1: 0.984271705
    isCookedKeytime: true
  }
  keytimes {
    timeOffset: 1.14993978
    inttype: AE_INTERP_LINEAR
    fvalue1: 0.996292949
    isCookedKeytime: true
  }
  keytimes {
    timeOffset: 1.16666663
    inttype: AE_INTERP_LINEAR
    fvalue1: 1
  }
  trackName: "Opacity"
}
tracks {
  binding: IS_VISIBLE
  targetid: 232
  targetname: "Focus-Top-Button-Primary 2"
  keytimes {
    datatype: AE_INT_DATA
    inttype: AE_INTERP_HOLD
    ivalue1: 1
  }
}
tracks {
  binding: OPACITY
  targetid: 232
  targetname: "Focus-Top-Button-Primary 2"
  keytimes {
    inttype: AE_INTERP_LINEAR
  }
  keytimes {
    timeOffset: 1
    inttype: AE_INTERP_LINEAR
  }
  keytimes {
    timeOffset: 1.01666
    inttype: AE_INTERP_LINEAR
    fvalue1: 0.045391418
    isCookedKeytime: true
  }
  keytimes {
    timeOffset: 1.03332
    inttype: AE_INTERP_LINEAR
    fvalue1: 0.318003893
    isCookedKeytime: true
  }
  keytimes {
    timeOffset: 1.04997993
    inttype: AE_INTERP_LINEAR
    fvalue1: 0.623111904
    isCookedKeytime: true
  }
  keytimes {
    timeOffset: 1.0666399
    inttype: AE_INTERP_LINEAR
    fvalue1: 0.77637434
    isCookedKeytime: true
  }
  keytimes {
    timeOffset: 1.08329988
    inttype: AE_INTERP_LINEAR
    fvalue1: 0.866893053
    isCookedKeytime: true
  }
  keytimes {
    timeOffset: 1.09995985
    inttype: AE_INTERP_LINEAR
    fvalue1: 0.924542308
    isCookedKeytime: true
  }
  keytimes {
    timeOffset: 1.11661983
    inttype: AE_INTERP_LINEAR
    fvalue1: 0.961579084
    isCookedKeytime: true
  }
  keytimes {
    timeOffset: 1.1332798
    inttype: AE_INTERP_LINEAR
    fvalue1: 0.984271705
    isCookedKeytime: true
  }
  keytimes {
    timeOffset: 1.14993978
    inttype: AE_INTERP_LINEAR
    fvalue1: 0.996292949
    isCookedKeytime: true
  }
  keytimes {
    timeOffset: 1.16666663
    inttype: AE_INTERP_LINEAR
    fvalue1: 1
  }
  trackName: "Opacity"
}
tracks {
  binding: IS_VISIBLE
  targetid: 233
  targetname: "Scale_Ctrl"
  keytimes {
    datatype: AE_INT_DATA
    inttype: AE_INTERP_HOLD
    ivalue1: 1
  }
}
tracks {
  binding: SCALE
  targetid: 233
  targetname: "Scale_Ctrl"
  keytimes {
    datatype: AE_FLOAT_VECTOR_DATA
    inttype: AE_INTERP_LINEAR
    fvalue1: 1
    fvalue2: 1
    fvalue3: 1
  }
  keytimes {
    datatype: AE_FLOAT_VECTOR_DATA
    timeOffset: 2
    inttype: AE_INTERP_LINEAR
    fvalue1: 1
    fvalue2: 1
    fvalue3: 1
  }
  keytimes {
    datatype: AE_FLOAT_VECTOR_DATA
    timeOffset: 2.01666
    inttype: AE_INTERP_LINEAR
    fvalue1: 0.998184383
    fvalue2: 0.998184383
    fvalue3: 1
    isCookedKeytime: true
  }
  keytimes {
    datatype: AE_FLOAT_VECTOR_DATA
    timeOffset: 2.03332
    inttype: AE_INTERP_LINEAR
    fvalue1: 0.987279832
    fvalue2: 0.987279832
    fvalue3: 1
    isCookedKeytime: true
  }
  keytimes {
    datatype: AE_FLOAT_VECTOR_DATA
    timeOffset: 2.04998
    inttype: AE_INTERP_LINEAR
    fvalue1: 0.975075543
    fvalue2: 0.975075543
    fvalue3: 1
    isCookedKeytime: true
  }
  keytimes {
    datatype: AE_FLOAT_VECTOR_DATA
    timeOffset: 2.06664
    inttype: AE_INTERP_LINEAR
    fvalue1: 0.968945
    fvalue2: 0.968945
    fvalue3: 1
    isCookedKeytime: true
  }
  keytimes {
    datatype: AE_FLOAT_VECTOR_DATA
    timeOffset: 2.08329988
    inttype: AE_INTERP_LINEAR
    fvalue1: 0.965324223
    fvalue2: 0.965324223
    fvalue3: 1
    isCookedKeytime: true
  }
  keytimes {
    datatype: AE_FLOAT_VECTOR_DATA
    timeOffset: 2.09995985
    inttype: AE_INTERP_LINEAR
    fvalue1: 0.963018358
    fvalue2: 0.963018358
    fvalue3: 1
    isCookedKeytime: true
  }
  keytimes {
    datatype: AE_FLOAT_VECTOR_DATA
    timeOffset: 2.11661983
    inttype: AE_INTERP_LINEAR
    fvalue1: 0.961536884
    fvalue2: 0.961536884
    fvalue3: 1
    isCookedKeytime: true
  }
  keytimes {
    datatype: AE_FLOAT_VECTOR_DATA
    timeOffset: 2.1332798
    inttype: AE_INTERP_LINEAR
    fvalue1: 0.960629106
    fvalue2: 0.960629106
    fvalue3: 1
    isCookedKeytime: true
  }
  keytimes {
    datatype: AE_FLOAT_VECTOR_DATA
    timeOffset: 2.14993978
    inttype: AE_INTERP_LINEAR
    fvalue1: 0.960148335
    fvalue2: 0.960148335
    fvalue3: 1
    isCookedKeytime: true
  }
  keytimes {
    datatype: AE_FLOAT_VECTOR_DATA
    timeOffset: 2.16666675
    inttype: AE_INTERP_LINEAR
    fvalue1: 0.96
    fvalue2: 0.96
    fvalue3: 1
  }
  trackName: "Scale"
}
markers {
  starttime: 1
  duration: 0.166666672
  name: "FocusIn"
  tracksSelection {
    targetid: 229
    binding: OPACITY
  }
  tracksSelection {
    targetid: 230
    binding: OPACITY
  }
  tracksSelection {
    targetid: 231
    binding: OPACITY
  }
  tracksSelection {
    targetid: 232
    binding: OPACITY
  }
  id: 21
}
markers {
  starttime: 2
  duration: 0.166666672
  name: "Press"
  tracksSelection {
    targetid: 226
  }
  tracksSelection {
    targetid: 227
  }
  tracksSelection {
    targetid: 228
  }
  tracksSelection {
    targetid: 233
    binding: SCALE
  }
  id: 18
}
