activecomp {
  name: "Auryn_PDP"
  width: 1920
  height: 1080
  defaultcameradistance: 2666.66675
  layer {
    name: "PDP-Scroller"
    id: 253
    sourceid: 389
    transform {
      anchorPoint {
        x: 960
        y: 540
      }
      scale {
        x: 1
        y: 1
        z: 1
      }
      position {
        x: 960
        y: 540
      }
      orientation {
      }
      opacity: 1
    }
    acceptsshadows: true
    acceptslights: true
  }
  bgcolor {
    alpha: 1
    red: 0.086274509803921567
    green: 0.11372549019607843
    blue: 0.14509803921568629
  }
  childtemplates: "Auryn_PDP-Scroller"
}
sources {
  uid: 389
  name: "Auryn_PDP-Scroller.layout"
  width: 1920
  height: 1080
  copy_source: true
}
