activecomp {
  name: "Auryn_Image-UpNext-Primary"
  width: 546
  height: 190
  defaultcameradistance: 758.333313
  layer {
    name: "ImageNode"
    id: 547
    sourceid: 1495
    transform {
      anchorPoint {
        x: 273
        y: 95
      }
      scale {
        x: 1
        y: 1
        z: 1
      }
      position {
        x: 273
        y: 95
      }
      orientation {
      }
    }
    acceptsshadows: true
    acceptslights: true
  }
  classname: "CYIImageView"
  bgcolor {
    alpha: 1
    red: 0.25098039215686274
    green: 0.23921568627450981
    blue: 0.23921568627450981
  }
  properties {
    key: "componentType"
    value: "image"
  }
}
sources {
  uid: 1495
  srctype: AE_SOLID_SRC
  color {
    alpha: 1
    red: 0.2232230007648468
    green: 0.2232230007648468
    blue: 0.2232230007648468
  }
  width: 546
  height: 190
}
