activecomp {
  name: "Auryn_Btn-Nav-Search"
  width: 60
  height: 60
  defaultcameradistance: 83.3333359
  layer {
    name: "Backdrop-Gradient-Small.png"
    id: 585
    sourceid: 690015186
    transform {
      anchorPoint {
        x: 292
        y: 0.5
      }
      scale {
        x: 1
        y: 78
        z: 1
      }
      position {
        x: 30
        y: -96
      }
      orientation {
      }
      rotationZ: 90
      opacity: 1
    }
    acceptsshadows: true
    acceptslights: true
  }
  layer {
    name: "Icon-Search.png"
    id: 586
    sourceid: 104
    transform {
      anchorPoint {
        x: 22.5
        y: 23.5
      }
      scale {
        x: 0.76
        y: 0.76
        z: 1
      }
      position {
        x: 30.0348282
        y: 29.9581203
      }
      orientation {
      }
      opacity: 0.5
    }
    acceptsshadows: true
    acceptslights: true
  }
  layer {
    name: "Icon-Search-Active.png"
    id: 587
    sourceid: 980
    transform {
      anchorPoint {
        x: 17.5
        y: 17.5
      }
      scale {
        x: 1
        y: 1
        z: 1
      }
      position {
        x: 30
        y: 30
      }
      orientation {
      }
    }
    acceptsshadows: true
    acceptslights: true
  }
  classname: "CYIPushButtonView"
  bgcolor {
    alpha: 1
    red: 0.086274509803921567
    green: 0.11372549019607843
    blue: 0.14509803921568629
  }
  properties {
    key: "componentSubtype"
    value: "push"
  }
  properties {
    key: "componentType"
    value: "button"
  }
}
sources {
  uid: 690015186
  srctype: AE_IMAGE_SRC
  name: "Backdrop-Gradient-Small.png"
  width: 292
  height: 1
  numberOfFrames: 1
  loops: 1
  copy_source: true
}
sources {
  uid: 104
  srctype: AE_IMAGE_SRC
  name: "Icon-Search.png"
  width: 45
  height: 47
  numberOfFrames: 1
  loops: 1
  copy_source: true
}
sources {
  uid: 980
  srctype: AE_IMAGE_SRC
  name: "Icon-Search-Active.png"
  width: 35
  height: 35
  numberOfFrames: 1
  loops: 1
  copy_source: true
}
