activecomp {
  name: "Auryn_Player-Controls-Layout"
  width: 1920
  height: 1080
  defaultcameradistance: 2666.66675
  layer {
    name: "Player-Scrubber-Container"
    id: 690014960
    sourceid: 690014922
    transform {
      anchorPoint {
        x: 960
        y: 31
      }
      scale {
        x: 1
        y: 1
        z: 1
      }
      position {
        x: 960
        y: 963
      }
      orientation {
      }
      opacity: 1
    }
    acceptsshadows: true
    acceptslights: true
  }
  layer {
    name: "Video-TextDetails"
    id: 690014961
    sourceid: 520011
    transform {
      anchorPoint {
        x: 700
        y: 200
      }
      scale {
        x: 1
        y: 1
        z: 1
      }
      position {
        x: 790
        y: 696
      }
      orientation {
      }
      opacity: 1
    }
    acceptsshadows: true
    acceptslights: true
  }
  bgcolor {
    alpha: 1
    red: 0.086274509803921567
    green: 0.11372549019607843
    blue: 0.14509803921568629
  }
  properties {
    key: "clip"
    value: "true"
  }
  properties {
    key: "gravity"
    value: "bottom-left"
  }
  properties {
    key: "padding-bottom"
    value: "60"
  }
  childtemplates: "Auryn_Player-Scrubber-Container"
  childtemplates: "Auryn_Video-TextDetails"
}
sources {
  uid: 690014922
  name: "Auryn_Player-Scrubber-Container.layout"
  width: 1920
  height: 62
  copy_source: true
}
sources {
  uid: 520011
  name: "Auryn_Video-TextDetails.layout"
  width: 1400
  height: 400
  copy_source: true
}
