activecomp {
  name: "Auryn_Container-Movies"
  width: 1920
  height: 900
  defaultcameradistance: 2666.66675
  layer {
    name: "Movies"
    id: 259873
    sourceid: 463
    transform {
      anchorPoint {
        x: 960
        y: 450
      }
      scale {
        x: 1
        y: 1
        z: 1
      }
      position {
        x: 960
        y: 450
      }
      orientation {
      }
      opacity: 1
    }
    acceptsshadows: true
    acceptslights: true
  }
  bgcolor {
    alpha: 1
    red: 0.086274509803921567
    green: 0.11372549019607843
    blue: 0.14509803921568629
  }
  properties {
    key: "layout"
    value: "CYIColumnLayout"
  }
  properties {
    key: "padding-top"
    value: "20"
  }
  childtemplates: "Auryn_Movies"
}
sources {
  uid: 463
  name: "Auryn_Movies.layout"
  width: 1920
  height: 900
  copy_source: true
}
