tracks {
  binding: IS_VISIBLE
  targetid: 690016656
  targetname: "Text-Details"
  keytimes {
    datatype: AE_INT_DATA
    inttype: AE_INTERP_HOLD
    ivalue1: 1
  }
}
tracks {
  binding: OPACITY
  targetid: 690016656
  targetname: "Text-Details"
  keytimes {
    inttype: AE_INTERP_LINEAR
  }
  keytimes {
    timeOffset: 1
    inttype: AE_INTERP_LINEAR
  }
  keytimes {
    timeOffset: 1.01666
    inttype: AE_INTERP_LINEAR
    fvalue1: 0.0053918059
    isCookedKeytime: true
  }
  keytimes {
    timeOffset: 1.03332
    inttype: AE_INTERP_LINEAR
    fvalue1: 0.0272348505
    isCookedKeytime: true
  }
  keytimes {
    timeOffset: 1.04997993
    inttype: AE_INTERP_LINEAR
    fvalue1: 0.0825187117
    isCookedKeytime: true
  }
  keytimes {
    timeOffset: 1.08329988
    inttype: AE_INTERP_LINEAR
    fvalue1: 0.299119383
    isCookedKeytime: true
  }
  keytimes {
    timeOffset: 1.09995985
    inttype: AE_INTERP_LINEAR
    fvalue1: 0.373867154
    isCookedKeytime: true
  }
  keytimes {
    timeOffset: 1.11661983
    inttype: AE_INTERP_LINEAR
    fvalue1: 0.426566243
    isCookedKeytime: true
  }
  keytimes {
    timeOffset: 1.1332798
    inttype: AE_INTERP_LINEAR
    fvalue1: 0.465824574
    isCookedKeytime: true
  }
  keytimes {
    timeOffset: 1.14993978
    inttype: AE_INTERP_LINEAR
    fvalue1: 0.496163547
    isCookedKeytime: true
  }
  keytimes {
    timeOffset: 1.16659975
    inttype: AE_INTERP_LINEAR
    fvalue1: 0.52013582
    isCookedKeytime: true
  }
  keytimes {
    timeOffset: 1.18325973
    inttype: AE_INTERP_LINEAR
    fvalue1: 0.539311588
    isCookedKeytime: true
  }
  keytimes {
    timeOffset: 1.1999197
    inttype: AE_INTERP_LINEAR
    fvalue1: 0.554725409
    isCookedKeytime: true
  }
  keytimes {
    timeOffset: 1.21657968
    inttype: AE_INTERP_LINEAR
    fvalue1: 0.56709677
    isCookedKeytime: true
  }
  keytimes {
    timeOffset: 1.23323965
    inttype: AE_INTERP_LINEAR
    fvalue1: 0.576947451
    isCookedKeytime: true
  }
  keytimes {
    timeOffset: 1.24989963
    inttype: AE_INTERP_LINEAR
    fvalue1: 0.584668875
    isCookedKeytime: true
  }
  keytimes {
    timeOffset: 1.2665596
    inttype: AE_INTERP_LINEAR
    fvalue1: 0.590563
    isCookedKeytime: true
  }
  keytimes {
    timeOffset: 1.28321958
    inttype: AE_INTERP_LINEAR
    fvalue1: 0.594868064
    isCookedKeytime: true
  }
  keytimes {
    timeOffset: 1.29987955
    inttype: AE_INTERP_LINEAR
    fvalue1: 0.597775757
    isCookedKeytime: true
  }
  keytimes {
    timeOffset: 1.31653953
    inttype: AE_INTERP_LINEAR
    fvalue1: 0.59944278
    isCookedKeytime: true
  }
  keytimes {
    timeOffset: 1.33333337
    inttype: AE_INTERP_LINEAR
    fvalue1: 0.6
  }
  keytimes {
    timeOffset: 5
    inttype: AE_INTERP_LINEAR
    fvalue1: 0.6
  }
  keytimes {
    timeOffset: 5.01666
    inttype: AE_INTERP_LINEAR
    fvalue1: 0.599484682
    isCookedKeytime: true
  }
  keytimes {
    timeOffset: 5.03332043
    inttype: AE_INTERP_LINEAR
    fvalue1: 0.597863376
    isCookedKeytime: true
  }
  keytimes {
    timeOffset: 5.04998064
    inttype: AE_INTERP_LINEAR
    fvalue1: 0.595007062
    isCookedKeytime: true
  }
  keytimes {
    timeOffset: 5.06664085
    inttype: AE_INTERP_LINEAR
    fvalue1: 0.590760052
    isCookedKeytime: true
  }
  keytimes {
    timeOffset: 5.08330107
    inttype: AE_INTERP_LINEAR
    fvalue1: 0.584932208
    isCookedKeytime: true
  }
  keytimes {
    timeOffset: 5.09996128
    inttype: AE_INTERP_LINEAR
    fvalue1: 0.577287495
    isCookedKeytime: true
  }
  keytimes {
    timeOffset: 5.11662149
    inttype: AE_INTERP_LINEAR
    fvalue1: 0.567526817
    isCookedKeytime: true
  }
  keytimes {
    timeOffset: 5.13328171
    inttype: AE_INTERP_LINEAR
    fvalue1: 0.555262864
    isCookedKeytime: true
  }
  keytimes {
    timeOffset: 5.14994192
    inttype: AE_INTERP_LINEAR
    fvalue1: 0.539980114
    isCookedKeytime: true
  }
  keytimes {
    timeOffset: 5.16660213
    inttype: AE_INTERP_LINEAR
    fvalue1: 0.520968497
    isCookedKeytime: true
  }
  keytimes {
    timeOffset: 5.18326235
    inttype: AE_INTERP_LINEAR
    fvalue1: 0.497208983
    isCookedKeytime: true
  }
  keytimes {
    timeOffset: 5.19992256
    inttype: AE_INTERP_LINEAR
    fvalue1: 0.467158675
    isCookedKeytime: true
  }
  keytimes {
    timeOffset: 5.21658278
    inttype: AE_INTERP_LINEAR
    fvalue1: 0.428316683
    isCookedKeytime: true
  }
  keytimes {
    timeOffset: 5.23324299
    inttype: AE_INTERP_LINEAR
    fvalue1: 0.37626949
    isCookedKeytime: true
  }
  keytimes {
    timeOffset: 5.2499032
    inttype: AE_INTERP_LINEAR
    fvalue1: 0.302621335
    isCookedKeytime: true
  }
  keytimes {
    timeOffset: 5.28322363
    inttype: AE_INTERP_LINEAR
    fvalue1: 0.0857574567
    isCookedKeytime: true
  }
  keytimes {
    timeOffset: 5.29988384
    inttype: AE_INTERP_LINEAR
    fvalue1: 0.028607443
    isCookedKeytime: true
  }
  keytimes {
    timeOffset: 5.31654406
    inttype: AE_INTERP_LINEAR
    fvalue1: 0.00586941
    isCookedKeytime: true
  }
  keytimes {
    timeOffset: 5.33333349
    inttype: AE_INTERP_LINEAR
  }
  trackName: "Opacity"
}
tracks {
  binding: IS_VISIBLE
  targetid: 690016657
  targetname: "Text-Title"
  keytimes {
    datatype: AE_INT_DATA
    inttype: AE_INTERP_HOLD
    ivalue1: 1
  }
}
tracks {
  binding: OPACITY
  targetid: 690016657
  targetname: "Text-Title"
  keytimes {
    inttype: AE_INTERP_LINEAR
  }
  keytimes {
    timeOffset: 1
    inttype: AE_INTERP_LINEAR
  }
  keytimes {
    timeOffset: 1.01666
    inttype: AE_INTERP_LINEAR
    fvalue1: 0.00722219422
    isCookedKeytime: true
  }
  keytimes {
    timeOffset: 1.03332
    inttype: AE_INTERP_LINEAR
    fvalue1: 0.0278946236
    isCookedKeytime: true
  }
  keytimes {
    timeOffset: 1.04997993
    inttype: AE_INTERP_LINEAR
    fvalue1: 0.0605260618
    isCookedKeytime: true
  }
  keytimes {
    timeOffset: 1.0666399
    inttype: AE_INTERP_LINEAR
    fvalue1: 0.103625275
    isCookedKeytime: true
  }
  keytimes {
    timeOffset: 1.08329988
    inttype: AE_INTERP_LINEAR
    fvalue1: 0.155701041
    isCookedKeytime: true
  }
  keytimes {
    timeOffset: 1.09995985
    inttype: AE_INTERP_LINEAR
    fvalue1: 0.21526213
    isCookedKeytime: true
  }
  keytimes {
    timeOffset: 1.11661983
    inttype: AE_INTERP_LINEAR
    fvalue1: 0.28081733
    isCookedKeytime: true
  }
  keytimes {
    timeOffset: 1.1999197
    inttype: AE_INTERP_LINEAR
    fvalue1: 0.646311641
    isCookedKeytime: true
  }
  keytimes {
    timeOffset: 1.21657968
    inttype: AE_INTERP_LINEAR
    fvalue1: 0.71651566
    isCookedKeytime: true
  }
  keytimes {
    timeOffset: 1.23323965
    inttype: AE_INTERP_LINEAR
    fvalue1: 0.782275081
    isCookedKeytime: true
  }
  keytimes {
    timeOffset: 1.24989963
    inttype: AE_INTERP_LINEAR
    fvalue1: 0.842098832
    isCookedKeytime: true
  }
  keytimes {
    timeOffset: 1.2665596
    inttype: AE_INTERP_LINEAR
    fvalue1: 0.894495606
    isCookedKeytime: true
  }
  keytimes {
    timeOffset: 1.28321958
    inttype: AE_INTERP_LINEAR
    fvalue1: 0.937974155
    isCookedKeytime: true
  }
  keytimes {
    timeOffset: 1.29987955
    inttype: AE_INTERP_LINEAR
    fvalue1: 0.971043408
    isCookedKeytime: true
  }
  keytimes {
    timeOffset: 1.31653953
    inttype: AE_INTERP_LINEAR
    fvalue1: 0.992211938
    isCookedKeytime: true
  }
  keytimes {
    timeOffset: 1.33333337
    inttype: AE_INTERP_LINEAR
    fvalue1: 1
  }
  keytimes {
    timeOffset: 5
    inttype: AE_INTERP_LINEAR
    fvalue1: 1
  }
  keytimes {
    timeOffset: 5.01666
    inttype: AE_INTERP_LINEAR
    fvalue1: 0.992777765
    isCookedKeytime: true
  }
  keytimes {
    timeOffset: 5.03332043
    inttype: AE_INTERP_LINEAR
    fvalue1: 0.972105384
    isCookedKeytime: true
  }
  keytimes {
    timeOffset: 5.04998064
    inttype: AE_INTERP_LINEAR
    fvalue1: 0.939473927
    isCookedKeytime: true
  }
  keytimes {
    timeOffset: 5.06664085
    inttype: AE_INTERP_LINEAR
    fvalue1: 0.896374762
    isCookedKeytime: true
  }
  keytimes {
    timeOffset: 5.08330107
    inttype: AE_INTERP_LINEAR
    fvalue1: 0.844298959
    isCookedKeytime: true
  }
  keytimes {
    timeOffset: 5.09996128
    inttype: AE_INTERP_LINEAR
    fvalue1: 0.784737825
    isCookedKeytime: true
  }
  keytimes {
    timeOffset: 5.11662149
    inttype: AE_INTERP_LINEAR
    fvalue1: 0.71918267
    isCookedKeytime: true
  }
  keytimes {
    timeOffset: 5.19992256
    inttype: AE_INTERP_LINEAR
    fvalue1: 0.353688329
    isCookedKeytime: true
  }
  keytimes {
    timeOffset: 5.21658278
    inttype: AE_INTERP_LINEAR
    fvalue1: 0.28348437
    isCookedKeytime: true
  }
  keytimes {
    timeOffset: 5.23324299
    inttype: AE_INTERP_LINEAR
    fvalue1: 0.21772489
    isCookedKeytime: true
  }
  keytimes {
    timeOffset: 5.2499032
    inttype: AE_INTERP_LINEAR
    fvalue1: 0.157901168
    isCookedKeytime: true
  }
  keytimes {
    timeOffset: 5.26656342
    inttype: AE_INTERP_LINEAR
    fvalue1: 0.105504386
    isCookedKeytime: true
  }
  keytimes {
    timeOffset: 5.28322363
    inttype: AE_INTERP_LINEAR
    fvalue1: 0.0620258
    isCookedKeytime: true
  }
  keytimes {
    timeOffset: 5.29988384
    inttype: AE_INTERP_LINEAR
    fvalue1: 0.0289566237
    isCookedKeytime: true
  }
  keytimes {
    timeOffset: 5.31654406
    inttype: AE_INTERP_LINEAR
    fvalue1: 0.00778809143
    isCookedKeytime: true
  }
  keytimes {
    timeOffset: 5.33333349
    inttype: AE_INTERP_LINEAR
  }
  trackName: "Opacity"
}
markers {
  starttime: 1
  duration: 0.333333343
  name: "FocusIn"
  tracksSelection {
    targetid: 690016656
    binding: OPACITY
  }
  tracksSelection {
    targetid: 690016657
    binding: OPACITY
  }
  id: 21
}
markers {
  starttime: 5
  duration: 0.333333343
  name: "FocusOut"
  tracksSelection {
    targetid: 690016656
    binding: OPACITY
  }
  tracksSelection {
    targetid: 690016657
    binding: OPACITY
  }
  id: 22
}
