activecomp {
  name: "Auryn_Player-Scrubber"
  width: 1600
  height: 60
  defaultcameradistance: 2222.22217
  layer {
    name: "Max-Track"
    id: 519942
    sourceid: 690012527
    transform {
      anchorPoint {
        y: 6
      }
      scale {
        x: 1
        y: 1
        z: 1
      }
      position {
        x: 50
        y: 30
      }
      orientation {
      }
      opacity: 0.4
    }
    acceptsshadows: true
    acceptslights: true
  }
  layer {
    name: "MinTrack"
    id: 519943
    sourceid: 690012515
    transform {
      anchorPoint {
        y: 6
      }
      scale {
        x: 0.02
        y: 1
        z: 1
      }
      position {
        x: 50
        y: 30
      }
      orientation {
      }
      opacity: 1
    }
    acceptsshadows: true
    acceptslights: true
  }
  layer {
    name: "Thumb"
    id: 519944
    sourceid: 690012503
    transform {
      anchorPoint {
        x: 24
        y: 24
      }
      scale {
        x: 0.6
        y: 0.6
        z: 1
      }
      position {
        x: -628
        y: 50
      }
      orientation {
      }
      opacity: 1
    }
    acceptsshadows: true
    acceptslights: true
    parentid: 519945
  }
  layer {
    name: "ScalePropCenterAnchor"
    id: 519945
    sourceid: 1480
    transform {
      anchorPoint {
        x: 50
        y: 50
      }
      scale {
        x: 1.06656349
        y: 1.06656349
        z: 1
      }
      position {
        x: 800
        y: 30
      }
      orientation {
      }
      opacity: 1
    }
    acceptsshadows: true
    acceptslights: true
  }
  classname: "CYIScrollBarView"
  bgcolor {
    alpha: 1
    red: 0.086274509803921567
    green: 0.11372549019607843
    blue: 0.14509803921568629
  }
  properties {
    key: "componentSubtype"
    value: "scrollBar"
  }
  properties {
    key: "componentType"
    value: "bar"
  }
  childtemplates: "Auryn_Max-Track"
  childtemplates: "Auryn_Min-Track"
  childtemplates: "Auryn_Thumb"
}
sources {
  uid: 690012527
  name: "Auryn_Max-Track.layout"
  width: 1500
  height: 12
  copy_source: true
}
sources {
  uid: 690012515
  name: "Auryn_Min-Track.layout"
  width: 1500
  height: 12
  copy_source: true
}
sources {
  uid: 690012503
  name: "Auryn_Thumb.layout"
  width: 48
  height: 48
  copy_source: true
}
sources {
  uid: 1480
  srctype: AE_NULL_SRC
  width: 100
  height: 100
}
