activecomp {
  name: "Auryn_Video-TextDetails"
  width: 1400
  height: 400
  defaultcameradistance: 1944.44446
  layer {
    name: "Details"
    id: 520011
    sourceid: -1
    transform {
      anchorPoint {
        x: 36
        y: 50
      }
      scale {
        x: 1
        y: 1
        z: 1
      }
      position {
        x: 34
        y: 423.360168
      }
      orientation {
      }
      opacity: 0.7
    }
    acceptsshadows: true
    acceptslights: true
    textinfo {
      fontSize: 28
      fontColor {
        alpha: 1
        red: 1
        green: 1
        blue: 1
      }
      fontName: "Montserrat-Medium"
      boundsWidth: 1406
      boundsHeight: 160
      isLabel: true
      multiline: true
      ellipsis: true
    }
    classname: "CYISDFAtlasTextSceneNode"
    properties {
      key: "text-overflow"
      value: "ellipsis"
    }
    properties {
      key: "text-placeholder"
      value: "true"
    }
  }
  layer {
    name: "Live-Metadata"
    id: 520012
    sourceid: 690013003
    transform {
      anchorPoint {
        x: 250
        y: 25
      }
      scale {
        x: 1
        y: 1
        z: 1
      }
      position {
        x: 250
        y: 345
      }
      orientation {
      }
      opacity: 1
    }
    acceptsshadows: true
    acceptslights: true
  }
  layer {
    name: "Title"
    id: 520013
    sourceid: -1
    transform {
      anchorPoint {
        x: 5
        y: 43.9999695
      }
      scale {
        x: 1
        y: 1
        z: 1
      }
      position {
        x: 3
        y: 324.286133
      }
      orientation {
      }
      opacity: 1
    }
    acceptsshadows: true
    acceptslights: true
    textinfo {
      fontSize: 40
      fontColor {
        alpha: 1
        red: 1
        green: 1
        blue: 1
      }
      fontName: "Montserrat-Bold"
      boundsWidth: 1398
      boundsHeight: 153
      isLabel: true
      multiline: true
      ellipsis: true
      isAllCaps: true
    }
    classname: "CYISDFAtlasTextSceneNode"
    properties {
      key: "text-overflow"
      value: "ellipsis"
    }
    properties {
      key: "text-placeholder"
      value: "true"
    }
  }
  bgcolor {
    alpha: 1
    red: 0.086274509803921567
    green: 0.11372549019607843
    blue: 0.14509803921568629
  }
  properties {
    key: "layout"
    value: "CYIColumnLayout"
  }
  properties {
    key: "gravity"
    value: "bottom-left"
  }
  properties {
    key: "padding-left"
    value: "108"
  }
  childtemplates: "Auryn_Live-Metadata"
}
sources {
  uid: 1
  srctype: AE_FONT_SRC
  name: "Montserrat-Medium"
  copy_source: true
  file_name: "yi_Montserrat-Medium.otf"
  style_name: "Medium"
}
sources {
  uid: 690013003
  name: "Auryn_Live-Metadata.layout"
  width: 500
  height: 50
  copy_source: true
}
sources {
  uid: 3
  srctype: AE_FONT_SRC
  name: "Montserrat-Bold"
  copy_source: true
  file_name: "yi_Montserrat-Bold.otf"
  style_name: "Bold"
}
