activecomp {
  name: "Auryn_Container-Btn-PlayPause"
  width: 150
  height: 150
  defaultcameradistance: 208.333328
  layer {
    name: "Btn-PlayPause"
    id: 690017014
    sourceid: 519960
    transform {
      anchorPoint {
        x: 75
        y: 75
      }
      scale {
        x: 1
        y: 1
        z: 1
      }
      position {
        x: 75
        y: 75
      }
      orientation {
      }
      opacity: 1
    }
    acceptsshadows: true
    acceptslights: true
  }
  bgcolor {
    alpha: 1
    red: 0.086274509803921567
    green: 0.11372549019607843
    blue: 0.14509803921568629
  }
  childtemplates: "Auryn_Btn-PlayPause"
}
sources {
  uid: 519960
  name: "Auryn_Btn-PlayPause.layout"
  width: 150
  height: 150
  copy_source: true
}
