activecomp {
  name: "Auryn_Container-Btn-Poster-Small"
  width: 400
  height: 800
  defaultcameradistance: 555.555542
  layer {
    name: "Btn-Poster-Small"
    id: 488
    sourceid: 502
    transform {
      anchorPoint {
        x: 188
        y: 388
      }
      scale {
        x: 1
        y: 1
        z: 1
      }
      position {
        x: 200
        y: 400
      }
      orientation {
      }
      opacity: 1
    }
    acceptsshadows: true
    acceptslights: true
  }
  bgcolor {
    alpha: 1
    red: 0.086274509803921567
    green: 0.11372549019607843
    blue: 0.14509803921568629
  }
  childtemplates: "Auryn_Btn-Poster-Small"
}
sources {
  uid: 502
  name: "Auryn_Btn-Poster-Small.layout"
  width: 376
  height: 776
  copy_source: true
}
