activecomp {
  name: "Auryn_Image-Dynamic-Full"
  width: 1044
  height: 576
  defaultcameradistance: 1450
  layer {
    name: "ImageNode"
    id: 52
    sourceid: 13
    transform {
      anchorPoint {
        x: 528
        y: 294
      }
      scale {
        x: 1
        y: 1
        z: 1
      }
      position {
        x: 522
        y: 288
      }
      orientation {
      }
    }
    acceptsshadows: true
    acceptslights: true
  }
  classname: "CYIImageView"
  bgcolor {
    alpha: 1
    red: 0.086274509803921567
    green: 0.11372549019607843
    blue: 0.14509803921568629
  }
  properties {
    key: "componentType"
    value: "image"
  }
}
sources {
  uid: 13
  srctype: AE_SOLID_SRC
  color {
    alpha: 1
    red: 0.94509804248809814
    green: 0.94509804248809814
    blue: 0.94509804248809814
  }
  width: 1056
  height: 588
}
