tracks {
  binding: IS_VISIBLE
  targetid: 690015309
  targetname: "title-toggled"
  keytimes {
    datatype: AE_INT_DATA
    inttype: AE_INTERP_HOLD
    ivalue1: 1
  }
}
tracks {
  binding: OPACITY
  targetid: 690015309
  targetname: "title-toggled"
  keytimes {
    inttype: AE_INTERP_LINEAR
  }
  keytimes {
    timeOffset: 3
    inttype: AE_INTERP_LINEAR
  }
  keytimes {
    timeOffset: 3.01666
    inttype: AE_INTERP_LINEAR
    fvalue1: 0.045391418
    isCookedKeytime: true
  }
  keytimes {
    timeOffset: 3.03332
    inttype: AE_INTERP_LINEAR
    fvalue1: 0.318003893
    isCookedKeytime: true
  }
  keytimes {
    timeOffset: 3.04998
    inttype: AE_INTERP_LINEAR
    fvalue1: 0.623111904
    isCookedKeytime: true
  }
  keytimes {
    timeOffset: 3.06664
    inttype: AE_INTERP_LINEAR
    fvalue1: 0.77637434
    isCookedKeytime: true
  }
  keytimes {
    timeOffset: 3.08329988
    inttype: AE_INTERP_LINEAR
    fvalue1: 0.866893053
    isCookedKeytime: true
  }
  keytimes {
    timeOffset: 3.09995985
    inttype: AE_INTERP_LINEAR
    fvalue1: 0.924542308
    isCookedKeytime: true
  }
  keytimes {
    timeOffset: 3.11661983
    inttype: AE_INTERP_LINEAR
    fvalue1: 0.961579084
    isCookedKeytime: true
  }
  keytimes {
    timeOffset: 3.1332798
    inttype: AE_INTERP_LINEAR
    fvalue1: 0.984271705
    isCookedKeytime: true
  }
  keytimes {
    timeOffset: 3.14993978
    inttype: AE_INTERP_LINEAR
    fvalue1: 0.996292949
    isCookedKeytime: true
  }
  keytimes {
    timeOffset: 3.16666675
    inttype: AE_INTERP_LINEAR
    fvalue1: 1
  }
  keytimes {
    timeOffset: 3.33333325
    inttype: AE_INTERP_LINEAR
    fvalue1: 1
  }
  keytimes {
    timeOffset: 3.34999323
    inttype: AE_INTERP_LINEAR
    fvalue1: 0.996439
    isCookedKeytime: true
  }
  keytimes {
    timeOffset: 3.3666532
    inttype: AE_INTERP_LINEAR
    fvalue1: 0.984600067
    isCookedKeytime: true
  }
  keytimes {
    timeOffset: 3.38331318
    inttype: AE_INTERP_LINEAR
    fvalue1: 0.962145746
    isCookedKeytime: true
  }
  keytimes {
    timeOffset: 3.39997315
    inttype: AE_INTERP_LINEAR
    fvalue1: 0.925438166
    isCookedKeytime: true
  }
  keytimes {
    timeOffset: 3.41663313
    inttype: AE_INTERP_LINEAR
    fvalue1: 0.868280768
    isCookedKeytime: true
  }
  keytimes {
    timeOffset: 3.4332931
    inttype: AE_INTERP_LINEAR
    fvalue1: 0.778597772
    isCookedKeytime: true
  }
  keytimes {
    timeOffset: 3.44995308
    inttype: AE_INTERP_LINEAR
    fvalue1: 0.627115786
    isCookedKeytime: true
  }
  keytimes {
    timeOffset: 3.46661305
    inttype: AE_INTERP_LINEAR
    fvalue1: 0.325978577
    isCookedKeytime: true
  }
  keytimes {
    timeOffset: 3.48327303
    inttype: AE_INTERP_LINEAR
    fvalue1: 0.0476790704
    isCookedKeytime: true
  }
  keytimes {
    timeOffset: 3.5
    inttype: AE_INTERP_LINEAR
  }
  trackName: "Opacity"
}
markers {
  starttime: 3
  duration: 0.166666672
  name: "Toggle-On"
  tracksSelection {
    targetid: 690015309
    binding: OPACITY
  }
  id: 20
}
markers {
  starttime: 3.33333325
  duration: 0.166666672
  name: "Toggle-Off"
  tracksSelection {
    targetid: 690015309
    binding: OPACITY
  }
  id: 26
}
