activecomp {
  name: "Auryn_Image-Dynamic-16x9"
  width: 961
  height: 540
  defaultcameradistance: 1334.72217
  layer {
    name: "ImageNode"
    id: 690012547
    sourceid: 690012559
    transform {
      anchorPoint {
        x: 480.5
        y: 270
      }
      scale {
        x: 1
        y: 1
        z: 1
      }
      position {
        x: 480.5
        y: 270
      }
      orientation {
      }
    }
    acceptsshadows: true
    acceptslights: true
  }
  classname: "CYIImageView"
  bgcolor {
    alpha: 1
    red: 0.086274509803921567
    green: 0.11372549019607843
    blue: 0.14509803921568629
  }
  properties {
    key: "componentType"
    value: "image"
  }
}
sources {
  uid: 690012559
  srctype: AE_SOLID_SRC
  color {
    alpha: 1
    red: 0.94509804248809814
    green: 0.94509804248809814
    blue: 0.94509804248809814
  }
  width: 961
  height: 540
}
