activecomp {
  name: "Auryn_Layout-PDP-Meta-Body"
  width: 736
  height: 293
  defaultcameradistance: 1022.22223
  layer {
    name: "Text-Featured"
    id: 690015213
    sourceid: -1
    transform {
      anchorPoint {
        x: 0.863998413
        y: -0.000102996826
      }
      scale {
        x: 1
        y: 1
        z: 1
      }
      position {
        x: 480.810364
        y: 49.999897
      }
      orientation {
      }
    }
    acceptsshadows: true
    acceptslights: true
    textinfo {
      fontSize: 20
      fontColor {
        alpha: 1
        red: 1
        green: 1
        blue: 1
      }
      fontName: "Montserrat-Medium"
      boundsWidth: 257
      boundsHeight: 242
      isLabel: true
      multiline: true
      ellipsis: true
      leading: 35
    }
    classname: "CYISDFAtlasTextSceneNode"
    properties {
      key: "text-placeholder"
      value: "true"
    }
    properties {
      key: "text-overflow"
      value: "ellipsis"
    }
    properties {
      key: "leading"
      value: "35"
    }
  }
  layer {
    name: "Featured"
    id: 690015214
    sourceid: -1
    transform {
      anchorPoint {
        x: 2.07200623
        y: 0.559879303
      }
      scale {
        x: 1
        y: 1
        z: 1
      }
      position {
        x: 481.276184
        y: 4.41988
      }
      orientation {
      }
    }
    acceptsshadows: true
    acceptslights: true
    textinfo {
      fontSize: 19
      fontColor {
        alpha: 1
        red: 1
        green: 1
        blue: 1
      }
      fontName: "Montserrat-Bold"
      boundsWidth: 265
      boundsHeight: 30
      isLabel: true
      text: "Featured"
      multiline: true
      isAllCaps: true
    }
    classname: "CYISDFAtlasTextSceneNode"
    properties {
      key: "margin-top"
      value: "20"
    }
  }
  layer {
    name: "Text-Overview"
    id: 690015215
    sourceid: -1
    transform {
      anchorPoint {
        x: 0.240005493
        y: -0.000102996826
      }
      scale {
        x: 1
        y: 1
        z: 1
      }
      position {
        y: 49.999897
      }
      orientation {
      }
    }
    acceptsshadows: true
    acceptslights: true
    textinfo {
      fontSize: 20
      fontColor {
        alpha: 1
        red: 1
        green: 1
        blue: 1
      }
      fontName: "Montserrat-Medium"
      boundsWidth: 425
      boundsHeight: 238
      isLabel: true
      multiline: true
      ellipsis: true
      leading: 35
    }
    classname: "CYISDFAtlasTextSceneNode"
    properties {
      key: "text-placeholder"
      value: "true"
    }
    properties {
      key: "text-overflow"
      value: "ellipsis"
    }
    properties {
      key: "leading"
      value: "35"
    }
  }
  layer {
    name: "Overview"
    id: 690015216
    sourceid: -1
    transform {
      anchorPoint {
        x: 0.867996216
        y: 0.419879913
      }
      scale {
        x: 1
        y: 1
        z: 1
      }
      position {
        x: 0.5
        y: 4.41988
      }
      orientation {
      }
    }
    acceptsshadows: true
    acceptslights: true
    textinfo {
      fontSize: 19
      fontColor {
        alpha: 1
        red: 1
        green: 1
        blue: 1
      }
      fontName: "Montserrat-Bold"
      boundsWidth: 365
      boundsHeight: 30
      isLabel: true
      text: "Overview"
      multiline: true
      isAllCaps: true
    }
    classname: "CYISDFAtlasTextSceneNode"
    properties {
      key: "margin-top"
      value: "20"
    }
  }
  bgcolor {
    alpha: 1
    red: 0.29411764705882354
    green: 0.29411764705882354
    blue: 0.29411764705882354
  }
  properties {
    key: "gravity"
    value: "left"
  }
  properties {
    key: "padding-top"
    value: "-10"
  }
}
sources {
  uid: 1
  srctype: AE_FONT_SRC
  name: "Montserrat-Medium"
  copy_source: true
  file_name: "yi_Montserrat-Medium.otf"
  style_name: "Medium"
}
sources {
  uid: 2
  srctype: AE_FONT_SRC
  name: "Montserrat-Bold"
  copy_source: true
  file_name: "yi_Montserrat-Bold.otf"
  style_name: "Bold"
}
