activecomp {
  name: "Auryn_Btn-MiniGuide"
  width: 400
  height: 80
  defaultcameradistance: 555.555542
  layer {
    name: "MiniGuide-button-outline.png"
    id: 690012982
    sourceid: 690012980
    transform {
      anchorPoint {
        x: 200
        y: 40
      }
      scale {
        x: 1
        y: 1
        z: 1
      }
      position {
        x: 199.75
        y: 38.75
      }
      orientation {
      }
      opacity: 1
    }
    acceptsshadows: true
    acceptslights: true
  }
  layer {
    name: "MiniGuide-button-filled.png"
    id: 690012983
    sourceid: 690012979
    transform {
      anchorPoint {
        x: 200
        y: 40
      }
      scale {
        x: 1
        y: 1
        z: 1
      }
      position {
        x: 199.75
        y: 38.75
      }
      orientation {
      }
    }
    acceptsshadows: true
    acceptslights: true
  }
  layer {
    name: "View TV Guide"
    id: 690012984
    sourceid: -1
    transform {
      anchorPoint {
        x: 165.5
        y: 21.5
      }
      scale {
        x: 1
        y: 1
        z: 1
      }
      position {
        x: 199.159821
        y: 48.4581184
      }
      orientation {
      }
      opacity: 1
    }
    acceptsshadows: true
    acceptslights: true
    textinfo {
      justification: AE_TEXT_CENTER
      fontSize: 28
      fontColor {
        alpha: 1
        red: 1
        green: 1
        blue: 1
      }
      fontName: "Montserrat-Medium"
      boundsWidth: 331
      boundsHeight: 33
      isLabel: true
      text: "View TV Guide"
      multiline: true
    }
  }
  classname: "CYIPushButtonView"
  bgcolor {
    alpha: 1
    red: 0.086274509803921567
    green: 0.11372549019607843
    blue: 0.14509803921568629
  }
  properties {
    key: "componentSubtype"
    value: "push"
  }
  properties {
    key: "componentType"
    value: "button"
  }
  properties {
    key: "clip"
    value: "false"
  }
}
sources {
  uid: 690012980
  srctype: AE_IMAGE_SRC
  name: "MiniGuide-button-outline.png"
  width: 400
  height: 80
  numberOfFrames: 1
  loops: 1
  copy_source: true
}
sources {
  uid: 690012979
  srctype: AE_IMAGE_SRC
  name: "MiniGuide-button-filled.png"
  width: 400
  height: 80
  numberOfFrames: 1
  loops: 1
  copy_source: true
}
sources {
  uid: 3
  srctype: AE_FONT_SRC
  name: "Montserrat-Medium"
  copy_source: true
  file_name: "yi_Montserrat-Medium.otf"
  style_name: "Medium"
}
