activecomp {
  name: "Auryn_Nav"
  width: 1920
  height: 180
  defaultcameradistance: 2666.66675
  layer {
    name: "Btn-Nav-Profile"
    id: 78
    sourceid: 604
    transform {
      anchorPoint {
        x: 30
        y: 30
      }
      scale {
        x: 1
        y: 1
        z: 1
      }
      position {
        x: -14
        y: -24
      }
      orientation {
      }
    }
    acceptsshadows: true
    acceptslights: true
    parentid: 82
  }
  layer {
    name: "Btn-Nav-Search"
    id: 79
    sourceid: 585
    transform {
      anchorPoint {
        x: 30
        y: 30
      }
      scale {
        x: 1
        y: 1
        z: 1
      }
      position {
        x: -89.5
        y: -24
      }
      orientation {
      }
    }
    acceptsshadows: true
    acceptslights: true
    parentid: 82
  }
  layer {
    name: "Nav-List"
    id: 80
    sourceid: 690014269
    transform {
      anchorPoint {
        x: 725
        y: 60
      }
      scale {
        x: 1
        y: 1
        z: 1
      }
      position {
        x: 50
        y: 23
      }
      orientation {
      }
    }
    acceptsshadows: true
    acceptslights: true
    parentid: 83
  }
  layer {
    name: "Nav-Logo"
    id: 81
    sourceid: 259819
    transform {
      anchorPoint {
        x: 60
        y: 54
      }
      scale {
        x: 1
        y: 1
        z: 1
      }
      position {
        x: 144
        y: -15
      }
      orientation {
      }
    }
    acceptsshadows: true
    acceptslights: true
    parentid: 84
  }
  layer {
    name: "ScalePropTopRightAnchor"
    id: 82
    sourceid: 1480
    transform {
      anchorPoint {
        x: 100
      }
      scale {
        x: 1
        y: 1
        z: 1
      }
      position {
        x: 1920
      }
      orientation {
      }
      opacity: 1
    }
    acceptsshadows: true
    acceptslights: true
  }
  layer {
    name: "ScalePropTopAnchor"
    id: 83
    sourceid: 1480
    transform {
      anchorPoint {
        x: 50
      }
      scale {
        x: 1
        y: 1
        z: 1
      }
      position {
        x: 960
      }
      orientation {
      }
      opacity: 1
    }
    acceptsshadows: true
    acceptslights: true
  }
  layer {
    name: "ScalePropTopLeftAnchor"
    id: 84
    sourceid: 1480
    transform {
      anchorPoint {
      }
      scale {
        x: 1
        y: 1
        z: 1
      }
      position {
      }
      orientation {
      }
      opacity: 1
    }
    acceptsshadows: true
    acceptslights: true
  }
  bgcolor {
    alpha: 1
    red: 0.086274509803921567
    green: 0.11372549019607843
    blue: 0.14509803921568629
  }
  properties {
    key: "clip"
    value: "true"
  }
  childtemplates: "Auryn_Btn-Nav-Profile"
  childtemplates: "Auryn_Btn-Nav-Search"
  childtemplates: "Auryn_Nav-List"
  childtemplates: "Auryn_Nav-Logo"
}
sources {
  uid: 604
  name: "Auryn_Btn-Nav-Profile.layout"
  width: 60
  height: 60
  copy_source: true
}
sources {
  uid: 585
  name: "Auryn_Btn-Nav-Search.layout"
  width: 60
  height: 60
  copy_source: true
}
sources {
  uid: 690014269
  name: "Auryn_Nav-List.layout"
  width: 1450
  height: 120
  copy_source: true
}
sources {
  uid: 259819
  name: "Auryn_Nav-Logo.layout"
  width: 120
  height: 108
  copy_source: true
}
sources {
  uid: 1480
  srctype: AE_NULL_SRC
  width: 100
  height: 100
}
