tracks {
  binding: IS_VISIBLE
  targetid: 64
  targetname: "Stack"
  keytimes {
    datatype: AE_INT_DATA
    inttype: AE_INTERP_HOLD
    ivalue1: 1
  }
}
tracks {
  targetid: 64
  targetname: "Stack"
  keytimes {
    datatype: AE_FLOAT_VECTOR_DATA
    inttype: AE_INTERP_LINEAR
    fvalue1: 960
    fvalue2: 140
    fvalue3: -494
  }
  keytimes {
    datatype: AE_FLOAT_VECTOR_DATA
    timeOffset: 1
    inttype: AE_INTERP_LINEAR
    fvalue1: 960
    fvalue2: 140
    fvalue3: -494
  }
  keytimes {
    datatype: AE_FLOAT_VECTOR_DATA
    timeOffset: 1.01666
    inttype: AE_INTERP_LINEAR
    fvalue1: 960
    fvalue2: 140
    fvalue3: -493.571869
    isCookedKeytime: true
  }
  keytimes {
    datatype: AE_FLOAT_VECTOR_DATA
    timeOffset: 1.03332
    inttype: AE_INTERP_LINEAR
    fvalue1: 960
    fvalue2: 140
    fvalue3: -492.15329
    isCookedKeytime: true
  }
  keytimes {
    datatype: AE_FLOAT_VECTOR_DATA
    timeOffset: 1.04997993
    inttype: AE_INTERP_LINEAR
    fvalue1: 960
    fvalue2: 140
    fvalue3: -489.560699
    isCookedKeytime: true
  }
  keytimes {
    datatype: AE_FLOAT_VECTOR_DATA
    timeOffset: 1.0666399
    inttype: AE_INTERP_LINEAR
    fvalue1: 960
    fvalue2: 140
    fvalue3: -485.52417
    isCookedKeytime: true
  }
  keytimes {
    datatype: AE_FLOAT_VECTOR_DATA
    timeOffset: 1.08329988
    inttype: AE_INTERP_LINEAR
    fvalue1: 960
    fvalue2: 140
    fvalue3: -479.68869
    isCookedKeytime: true
  }
  keytimes {
    datatype: AE_FLOAT_VECTOR_DATA
    timeOffset: 1.09995985
    inttype: AE_INTERP_LINEAR
    fvalue1: 960
    fvalue2: 140
    fvalue3: -471.575745
    isCookedKeytime: true
  }
  keytimes {
    datatype: AE_FLOAT_VECTOR_DATA
    timeOffset: 1.11661983
    inttype: AE_INTERP_LINEAR
    fvalue1: 960
    fvalue2: 140
    fvalue3: -460.533905
    isCookedKeytime: true
  }
  keytimes {
    datatype: AE_FLOAT_VECTOR_DATA
    timeOffset: 1.1332798
    inttype: AE_INTERP_LINEAR
    fvalue1: 960
    fvalue2: 140
    fvalue3: -445.701385
    isCookedKeytime: true
  }
  keytimes {
    datatype: AE_FLOAT_VECTOR_DATA
    timeOffset: 1.14993978
    inttype: AE_INTERP_LINEAR
    fvalue1: 960
    fvalue2: 140
    fvalue3: -426.058075
    isCookedKeytime: true
  }
  keytimes {
    datatype: AE_FLOAT_VECTOR_DATA
    timeOffset: 1.16659975
    inttype: AE_INTERP_LINEAR
    fvalue1: 960
    fvalue2: 140
    fvalue3: -400.793945
    isCookedKeytime: true
  }
  keytimes {
    datatype: AE_FLOAT_VECTOR_DATA
    timeOffset: 1.18325973
    inttype: AE_INTERP_LINEAR
    fvalue1: 960
    fvalue2: 140
    fvalue3: -370.269501
    isCookedKeytime: true
  }
  keytimes {
    datatype: AE_FLOAT_VECTOR_DATA
    timeOffset: 1.21657968
    inttype: AE_INTERP_LINEAR
    fvalue1: 960
    fvalue2: 140
    fvalue3: -304.122314
    isCookedKeytime: true
  }
  keytimes {
    datatype: AE_FLOAT_VECTOR_DATA
    timeOffset: 1.23323965
    inttype: AE_INTERP_LINEAR
    fvalue1: 960
    fvalue2: 140
    fvalue3: -274.179108
    isCookedKeytime: true
  }
  keytimes {
    datatype: AE_FLOAT_VECTOR_DATA
    timeOffset: 1.24989963
    inttype: AE_INTERP_LINEAR
    fvalue1: 960
    fvalue2: 140
    fvalue3: -247.724609
    isCookedKeytime: true
  }
  keytimes {
    datatype: AE_FLOAT_VECTOR_DATA
    timeOffset: 1.2665596
    inttype: AE_INTERP_LINEAR
    fvalue1: 960
    fvalue2: 140
    fvalue3: -224.547134
    isCookedKeytime: true
  }
  keytimes {
    datatype: AE_FLOAT_VECTOR_DATA
    timeOffset: 1.28321958
    inttype: AE_INTERP_LINEAR
    fvalue1: 960
    fvalue2: 140
    fvalue3: -204.185379
    isCookedKeytime: true
  }
  keytimes {
    datatype: AE_FLOAT_VECTOR_DATA
    timeOffset: 1.29987955
    inttype: AE_INTERP_LINEAR
    fvalue1: 960
    fvalue2: 140
    fvalue3: -186.185013
    isCookedKeytime: true
  }
  keytimes {
    datatype: AE_FLOAT_VECTOR_DATA
    timeOffset: 1.31653953
    inttype: AE_INTERP_LINEAR
    fvalue1: 960
    fvalue2: 140
    fvalue3: -170.155121
    isCookedKeytime: true
  }
  keytimes {
    datatype: AE_FLOAT_VECTOR_DATA
    timeOffset: 1.3331995
    inttype: AE_INTERP_LINEAR
    fvalue1: 960
    fvalue2: 140
    fvalue3: -155.775482
    isCookedKeytime: true
  }
  keytimes {
    datatype: AE_FLOAT_VECTOR_DATA
    timeOffset: 1.34985948
    inttype: AE_INTERP_LINEAR
    fvalue1: 960
    fvalue2: 140
    fvalue3: -142.796249
    isCookedKeytime: true
  }
  keytimes {
    datatype: AE_FLOAT_VECTOR_DATA
    timeOffset: 1.36651945
    inttype: AE_INTERP_LINEAR
    fvalue1: 960
    fvalue2: 140
    fvalue3: -131.021072
    isCookedKeytime: true
  }
  keytimes {
    datatype: AE_FLOAT_VECTOR_DATA
    timeOffset: 1.38317943
    inttype: AE_INTERP_LINEAR
    fvalue1: 960
    fvalue2: 140
    fvalue3: -120.291359
    isCookedKeytime: true
  }
  keytimes {
    datatype: AE_FLOAT_VECTOR_DATA
    timeOffset: 1.3998394
    inttype: AE_INTERP_LINEAR
    fvalue1: 960
    fvalue2: 140
    fvalue3: -110.472702
    isCookedKeytime: true
  }
  keytimes {
    datatype: AE_FLOAT_VECTOR_DATA
    timeOffset: 1.41649938
    inttype: AE_INTERP_LINEAR
    fvalue1: 960
    fvalue2: 140
    fvalue3: -101.456284
    isCookedKeytime: true
  }
  keytimes {
    datatype: AE_FLOAT_VECTOR_DATA
    timeOffset: 1.43315935
    inttype: AE_INTERP_LINEAR
    fvalue1: 960
    fvalue2: 140
    fvalue3: -93.1538849
    isCookedKeytime: true
  }
  keytimes {
    datatype: AE_FLOAT_VECTOR_DATA
    timeOffset: 1.44981933
    inttype: AE_INTERP_LINEAR
    fvalue1: 960
    fvalue2: 140
    fvalue3: -85.4928284
    isCookedKeytime: true
  }
  keytimes {
    datatype: AE_FLOAT_VECTOR_DATA
    timeOffset: 1.4664793
    inttype: AE_INTERP_LINEAR
    fvalue1: 960
    fvalue2: 140
    fvalue3: -78.408371
    isCookedKeytime: true
  }
  keytimes {
    datatype: AE_FLOAT_VECTOR_DATA
    timeOffset: 1.48313928
    inttype: AE_INTERP_LINEAR
    fvalue1: 960
    fvalue2: 140
    fvalue3: -71.8449249
    isCookedKeytime: true
  }
  keytimes {
    datatype: AE_FLOAT_VECTOR_DATA
    timeOffset: 1.49979925
    inttype: AE_INTERP_LINEAR
    fvalue1: 960
    fvalue2: 140
    fvalue3: -65.7560425
    isCookedKeytime: true
  }
  keytimes {
    datatype: AE_FLOAT_VECTOR_DATA
    timeOffset: 1.51645923
    inttype: AE_INTERP_LINEAR
    fvalue1: 960
    fvalue2: 140
    fvalue3: -60.102375
    isCookedKeytime: true
  }
  keytimes {
    datatype: AE_FLOAT_VECTOR_DATA
    timeOffset: 1.5331192
    inttype: AE_INTERP_LINEAR
    fvalue1: 960
    fvalue2: 140
    fvalue3: -54.8501511
    isCookedKeytime: true
  }
  keytimes {
    datatype: AE_FLOAT_VECTOR_DATA
    timeOffset: 1.54977918
    inttype: AE_INTERP_LINEAR
    fvalue1: 960
    fvalue2: 140
    fvalue3: -49.9680748
    isCookedKeytime: true
  }
  keytimes {
    datatype: AE_FLOAT_VECTOR_DATA
    timeOffset: 1.56643915
    inttype: AE_INTERP_LINEAR
    fvalue1: 960
    fvalue2: 140
    fvalue3: -45.427681
    isCookedKeytime: true
  }
  keytimes {
    datatype: AE_FLOAT_VECTOR_DATA
    timeOffset: 1.58309913
    inttype: AE_INTERP_LINEAR
    fvalue1: 960
    fvalue2: 140
    fvalue3: -41.2044334
    isCookedKeytime: true
  }
  keytimes {
    datatype: AE_FLOAT_VECTOR_DATA
    timeOffset: 1.5997591
    inttype: AE_INTERP_LINEAR
    fvalue1: 960
    fvalue2: 140
    fvalue3: -37.2769814
    isCookedKeytime: true
  }
  keytimes {
    datatype: AE_FLOAT_VECTOR_DATA
    timeOffset: 1.61641908
    inttype: AE_INTERP_LINEAR
    fvalue1: 960
    fvalue2: 140
    fvalue3: -33.6265488
    isCookedKeytime: true
  }
  keytimes {
    datatype: AE_FLOAT_VECTOR_DATA
    timeOffset: 1.63307905
    inttype: AE_INTERP_LINEAR
    fvalue1: 960
    fvalue2: 140
    fvalue3: -30.2365055
    isCookedKeytime: true
  }
  keytimes {
    datatype: AE_FLOAT_VECTOR_DATA
    timeOffset: 1.64973903
    inttype: AE_INTERP_LINEAR
    fvalue1: 960
    fvalue2: 140
    fvalue3: -27.0911694
    isCookedKeytime: true
  }
  keytimes {
    datatype: AE_FLOAT_VECTOR_DATA
    timeOffset: 1.666399
    inttype: AE_INTERP_LINEAR
    fvalue1: 960
    fvalue2: 140
    fvalue3: -24.175581
    isCookedKeytime: true
  }
  keytimes {
    datatype: AE_FLOAT_VECTOR_DATA
    timeOffset: 1.68305898
    inttype: AE_INTERP_LINEAR
    fvalue1: 960
    fvalue2: 140
    fvalue3: -21.4764404
    isCookedKeytime: true
  }
  keytimes {
    datatype: AE_FLOAT_VECTOR_DATA
    timeOffset: 1.69971895
    inttype: AE_INTERP_LINEAR
    fvalue1: 960
    fvalue2: 140
    fvalue3: -18.9818554
    isCookedKeytime: true
  }
  keytimes {
    datatype: AE_FLOAT_VECTOR_DATA
    timeOffset: 1.71637893
    inttype: AE_INTERP_LINEAR
    fvalue1: 960
    fvalue2: 140
    fvalue3: -16.6811
    isCookedKeytime: true
  }
  keytimes {
    datatype: AE_FLOAT_VECTOR_DATA
    timeOffset: 1.7330389
    inttype: AE_INTERP_LINEAR
    fvalue1: 960
    fvalue2: 140
    fvalue3: -14.5644379
    isCookedKeytime: true
  }
  keytimes {
    datatype: AE_FLOAT_VECTOR_DATA
    timeOffset: 1.74969888
    inttype: AE_INTERP_LINEAR
    fvalue1: 960
    fvalue2: 140
    fvalue3: -12.6229534
    isCookedKeytime: true
  }
  keytimes {
    datatype: AE_FLOAT_VECTOR_DATA
    timeOffset: 1.76635885
    inttype: AE_INTERP_LINEAR
    fvalue1: 960
    fvalue2: 140
    fvalue3: -10.8484373
    isCookedKeytime: true
  }
  keytimes {
    datatype: AE_FLOAT_VECTOR_DATA
    timeOffset: 1.78301883
    inttype: AE_INTERP_LINEAR
    fvalue1: 960
    fvalue2: 140
    fvalue3: -9.23318
    isCookedKeytime: true
  }
  keytimes {
    datatype: AE_FLOAT_VECTOR_DATA
    timeOffset: 1.7996788
    inttype: AE_INTERP_LINEAR
    fvalue1: 960
    fvalue2: 140
    fvalue3: -7.76979256
    isCookedKeytime: true
  }
  keytimes {
    datatype: AE_FLOAT_VECTOR_DATA
    timeOffset: 1.81633878
    inttype: AE_INTERP_LINEAR
    fvalue1: 960
    fvalue2: 140
    fvalue3: -6.45145941
    isCookedKeytime: true
  }
  keytimes {
    datatype: AE_FLOAT_VECTOR_DATA
    timeOffset: 1.83299875
    inttype: AE_INTERP_LINEAR
    fvalue1: 960
    fvalue2: 140
    fvalue3: -5.27189827
    isCookedKeytime: true
  }
  keytimes {
    datatype: AE_FLOAT_VECTOR_DATA
    timeOffset: 1.84965873
    inttype: AE_INTERP_LINEAR
    fvalue1: 960
    fvalue2: 140
    fvalue3: -4.22529125
    isCookedKeytime: true
  }
  keytimes {
    datatype: AE_FLOAT_VECTOR_DATA
    timeOffset: 1.8663187
    inttype: AE_INTERP_LINEAR
    fvalue1: 960
    fvalue2: 140
    fvalue3: -3.30632305
    isCookedKeytime: true
  }
  keytimes {
    datatype: AE_FLOAT_VECTOR_DATA
    timeOffset: 1.88297868
    inttype: AE_INTERP_LINEAR
    fvalue1: 960
    fvalue2: 140
    fvalue3: -2.50995255
    isCookedKeytime: true
  }
  keytimes {
    datatype: AE_FLOAT_VECTOR_DATA
    timeOffset: 1.89963865
    inttype: AE_INTERP_LINEAR
    fvalue1: 960
    fvalue2: 140
    fvalue3: -1.83101797
    isCookedKeytime: true
  }
  keytimes {
    datatype: AE_FLOAT_VECTOR_DATA
    timeOffset: 1.91629863
    inttype: AE_INTERP_LINEAR
    fvalue1: 960
    fvalue2: 140
    fvalue3: -1.2621119
    isCookedKeytime: true
  }
  keytimes {
    datatype: AE_FLOAT_VECTOR_DATA
    timeOffset: 1.9329586
    inttype: AE_INTERP_LINEAR
    fvalue1: 960
    fvalue2: 140
    fvalue3: -0.80320859
    isCookedKeytime: true
  }
  keytimes {
    datatype: AE_FLOAT_VECTOR_DATA
    timeOffset: 1.94961858
    inttype: AE_INTERP_LINEAR
    fvalue1: 960
    fvalue2: 140
    fvalue3: -0.452504098
    isCookedKeytime: true
  }
  keytimes {
    datatype: AE_FLOAT_VECTOR_DATA
    timeOffset: 1.96627855
    inttype: AE_INTERP_LINEAR
    fvalue1: 960
    fvalue2: 140
    fvalue3: -0.205357134
    isCookedKeytime: true
  }
  keytimes {
    datatype: AE_FLOAT_VECTOR_DATA
    timeOffset: 1.98293853
    inttype: AE_INTERP_LINEAR
    fvalue1: 960
    fvalue2: 140
    fvalue3: -0.0563575178
    isCookedKeytime: true
  }
  keytimes {
    datatype: AE_FLOAT_VECTOR_DATA
    timeOffset: 2
    inttype: AE_INTERP_LINEAR
    fvalue1: 960
    fvalue2: 140
  }
  keytimes {
    datatype: AE_FLOAT_VECTOR_DATA
    timeOffset: 5
    inttype: AE_INTERP_LINEAR
    fvalue1: 960
    fvalue2: 140
  }
  keytimes {
    datatype: AE_FLOAT_VECTOR_DATA
    timeOffset: 5.01666
    inttype: AE_INTERP_LINEAR
    fvalue1: 960
    fvalue2: 140
    fvalue3: -0.319483161
    isCookedKeytime: true
  }
  keytimes {
    datatype: AE_FLOAT_VECTOR_DATA
    timeOffset: 5.03332043
    inttype: AE_INTERP_LINEAR
    fvalue1: 960
    fvalue2: 140
    fvalue3: -1.32157242
    isCookedKeytime: true
  }
  keytimes {
    datatype: AE_FLOAT_VECTOR_DATA
    timeOffset: 5.04998064
    inttype: AE_INTERP_LINEAR
    fvalue1: 960
    fvalue2: 140
    fvalue3: -3.07216477
    isCookedKeytime: true
  }
  keytimes {
    datatype: AE_FLOAT_VECTOR_DATA
    timeOffset: 5.06664085
    inttype: AE_INTERP_LINEAR
    fvalue1: 960
    fvalue2: 140
    fvalue3: -5.60174656
    isCookedKeytime: true
  }
  keytimes {
    datatype: AE_FLOAT_VECTOR_DATA
    timeOffset: 5.08330107
    inttype: AE_INTERP_LINEAR
    fvalue1: 960
    fvalue2: 140
    fvalue3: -8.98328495
    isCookedKeytime: true
  }
  keytimes {
    datatype: AE_FLOAT_VECTOR_DATA
    timeOffset: 5.09996128
    inttype: AE_INTERP_LINEAR
    fvalue1: 960
    fvalue2: 140
    fvalue3: -13.2902136
    isCookedKeytime: true
  }
  keytimes {
    datatype: AE_FLOAT_VECTOR_DATA
    timeOffset: 5.11662149
    inttype: AE_INTERP_LINEAR
    fvalue1: 960
    fvalue2: 140
    fvalue3: -18.6063404
    isCookedKeytime: true
  }
  keytimes {
    datatype: AE_FLOAT_VECTOR_DATA
    timeOffset: 5.13328171
    inttype: AE_INTERP_LINEAR
    fvalue1: 960
    fvalue2: 140
    fvalue3: -25.0293827
    isCookedKeytime: true
  }
  keytimes {
    datatype: AE_FLOAT_VECTOR_DATA
    timeOffset: 5.14994192
    inttype: AE_INTERP_LINEAR
    fvalue1: 960
    fvalue2: 140
    fvalue3: -32.6702499
    isCookedKeytime: true
  }
  keytimes {
    datatype: AE_FLOAT_VECTOR_DATA
    timeOffset: 5.16660213
    inttype: AE_INTERP_LINEAR
    fvalue1: 960
    fvalue2: 140
    fvalue3: -41.6592789
    isCookedKeytime: true
  }
  keytimes {
    datatype: AE_FLOAT_VECTOR_DATA
    timeOffset: 5.18326235
    inttype: AE_INTERP_LINEAR
    fvalue1: 960
    fvalue2: 140
    fvalue3: -52.1550217
    isCookedKeytime: true
  }
  keytimes {
    datatype: AE_FLOAT_VECTOR_DATA
    timeOffset: 5.19992256
    inttype: AE_INTERP_LINEAR
    fvalue1: 960
    fvalue2: 140
    fvalue3: -64.3494492
    isCookedKeytime: true
  }
  keytimes {
    datatype: AE_FLOAT_VECTOR_DATA
    timeOffset: 5.21658278
    inttype: AE_INTERP_LINEAR
    fvalue1: 960
    fvalue2: 140
    fvalue3: -78.4658279
    isCookedKeytime: true
  }
  keytimes {
    datatype: AE_FLOAT_VECTOR_DATA
    timeOffset: 5.23324299
    inttype: AE_INTERP_LINEAR
    fvalue1: 960
    fvalue2: 140
    fvalue3: -94.7866
    isCookedKeytime: true
  }
  keytimes {
    datatype: AE_FLOAT_VECTOR_DATA
    timeOffset: 5.2499032
    inttype: AE_INTERP_LINEAR
    fvalue1: 960
    fvalue2: 140
    fvalue3: -113.676018
    isCookedKeytime: true
  }
  keytimes {
    datatype: AE_FLOAT_VECTOR_DATA
    timeOffset: 5.26656342
    inttype: AE_INTERP_LINEAR
    fvalue1: 960
    fvalue2: 140
    fvalue3: -135.582138
    isCookedKeytime: true
  }
  keytimes {
    datatype: AE_FLOAT_VECTOR_DATA
    timeOffset: 5.28322363
    inttype: AE_INTERP_LINEAR
    fvalue1: 960
    fvalue2: 140
    fvalue3: -161.110794
    isCookedKeytime: true
  }
  keytimes {
    datatype: AE_FLOAT_VECTOR_DATA
    timeOffset: 5.29988384
    inttype: AE_INTERP_LINEAR
    fvalue1: 960
    fvalue2: 140
    fvalue3: -191.072357
    isCookedKeytime: true
  }
  keytimes {
    datatype: AE_FLOAT_VECTOR_DATA
    timeOffset: 5.31654406
    inttype: AE_INTERP_LINEAR
    fvalue1: 960
    fvalue2: 140
    fvalue3: -226.599365
    isCookedKeytime: true
  }
  keytimes {
    datatype: AE_FLOAT_VECTOR_DATA
    timeOffset: 5.33320427
    inttype: AE_INTERP_LINEAR
    fvalue1: 960
    fvalue2: 140
    fvalue3: -269.342773
    isCookedKeytime: true
  }
  keytimes {
    datatype: AE_FLOAT_VECTOR_DATA
    timeOffset: 5.34986448
    inttype: AE_INTERP_LINEAR
    fvalue1: 960
    fvalue2: 140
    fvalue3: -321.799377
    isCookedKeytime: true
  }
  keytimes {
    datatype: AE_FLOAT_VECTOR_DATA
    timeOffset: 5.3665247
    inttype: AE_INTERP_LINEAR
    fvalue1: 960
    fvalue2: 140
    fvalue3: -387.861481
    isCookedKeytime: true
  }
  keytimes {
    datatype: AE_FLOAT_VECTOR_DATA
    timeOffset: 5.38318491
    inttype: AE_INTERP_LINEAR
    fvalue1: 960
    fvalue2: 140
    fvalue3: -473.238708
    isCookedKeytime: true
  }
  keytimes {
    datatype: AE_FLOAT_VECTOR_DATA
    timeOffset: 5.41650534
    inttype: AE_INTERP_LINEAR
    fvalue1: 960
    fvalue2: 140
    fvalue3: -694.341
    isCookedKeytime: true
  }
  keytimes {
    datatype: AE_FLOAT_VECTOR_DATA
    timeOffset: 5.43316555
    inttype: AE_INTERP_LINEAR
    fvalue1: 960
    fvalue2: 140
    fvalue3: -775.06488
    isCookedKeytime: true
  }
  keytimes {
    datatype: AE_FLOAT_VECTOR_DATA
    timeOffset: 5.44982576
    inttype: AE_INTERP_LINEAR
    fvalue1: 960
    fvalue2: 140
    fvalue3: -821.85
    isCookedKeytime: true
  }
  keytimes {
    datatype: AE_FLOAT_VECTOR_DATA
    timeOffset: 5.46648598
    inttype: AE_INTERP_LINEAR
    fvalue1: 960
    fvalue2: 140
    fvalue3: -847.172913
    isCookedKeytime: true
  }
  keytimes {
    datatype: AE_FLOAT_VECTOR_DATA
    timeOffset: 5.48314619
    inttype: AE_INTERP_LINEAR
    fvalue1: 960
    fvalue2: 140
    fvalue3: -859.356262
    isCookedKeytime: true
  }
  keytimes {
    datatype: AE_FLOAT_VECTOR_DATA
    timeOffset: 5.5
    inttype: AE_INTERP_LINEAR
    fvalue1: 960
    fvalue2: 140
    fvalue3: -863
  }
  trackName: "Position"
}
tracks {
  binding: OPACITY
  targetid: 64
  targetname: "Stack"
  keytimes {
    inttype: AE_INTERP_LINEAR
  }
  keytimes {
    timeOffset: 1
    inttype: AE_INTERP_LINEAR
  }
  keytimes {
    timeOffset: 1.01666
    inttype: AE_INTERP_LINEAR
    fvalue1: 0.000879041792
    isCookedKeytime: true
  }
  keytimes {
    timeOffset: 1.03332
    inttype: AE_INTERP_LINEAR
    fvalue1: 0.00373873441
    isCookedKeytime: true
  }
  keytimes {
    timeOffset: 1.04997993
    inttype: AE_INTERP_LINEAR
    fvalue1: 0.0089863427
    isCookedKeytime: true
  }
  keytimes {
    timeOffset: 1.0666399
    inttype: AE_INTERP_LINEAR
    fvalue1: 0.0171575844
    isCookedKeytime: true
  }
  keytimes {
    timeOffset: 1.08329988
    inttype: AE_INTERP_LINEAR
    fvalue1: 0.0289689582
    isCookedKeytime: true
  }
  keytimes {
    timeOffset: 1.09995985
    inttype: AE_INTERP_LINEAR
    fvalue1: 0.045391418
    isCookedKeytime: true
  }
  keytimes {
    timeOffset: 1.11661983
    inttype: AE_INTERP_LINEAR
    fvalue1: 0.0677436814
    isCookedKeytime: true
  }
  keytimes {
    timeOffset: 1.1332798
    inttype: AE_INTERP_LINEAR
    fvalue1: 0.0977686122
    isCookedKeytime: true
  }
  keytimes {
    timeOffset: 1.14993978
    inttype: AE_INTERP_LINEAR
    fvalue1: 0.137531176
    isCookedKeytime: true
  }
  keytimes {
    timeOffset: 1.16659975
    inttype: AE_INTERP_LINEAR
    fvalue1: 0.188674122
    isCookedKeytime: true
  }
  keytimes {
    timeOffset: 1.18325973
    inttype: AE_INTERP_LINEAR
    fvalue1: 0.250466406
    isCookedKeytime: true
  }
  keytimes {
    timeOffset: 1.21657968
    inttype: AE_INTERP_LINEAR
    fvalue1: 0.384366632
    isCookedKeytime: true
  }
  keytimes {
    timeOffset: 1.23323965
    inttype: AE_INTERP_LINEAR
    fvalue1: 0.444978744
    isCookedKeytime: true
  }
  keytimes {
    timeOffset: 1.24989963
    inttype: AE_INTERP_LINEAR
    fvalue1: 0.498532295
    isCookedKeytime: true
  }
  keytimes {
    timeOffset: 1.2665596
    inttype: AE_INTERP_LINEAR
    fvalue1: 0.545452714
    isCookedKeytime: true
  }
  keytimes {
    timeOffset: 1.28321958
    inttype: AE_INTERP_LINEAR
    fvalue1: 0.586669624
    isCookedKeytime: true
  }
  keytimes {
    timeOffset: 1.29987955
    inttype: AE_INTERP_LINEAR
    fvalue1: 0.623111904
    isCookedKeytime: true
  }
  keytimes {
    timeOffset: 1.31653953
    inttype: AE_INTERP_LINEAR
    fvalue1: 0.6555686
    isCookedKeytime: true
  }
  keytimes {
    timeOffset: 1.3331995
    inttype: AE_INTERP_LINEAR
    fvalue1: 0.684676647
    isCookedKeytime: true
  }
  keytimes {
    timeOffset: 1.34985948
    inttype: AE_INTERP_LINEAR
    fvalue1: 0.710943699
    isCookedKeytime: true
  }
  keytimes {
    timeOffset: 1.36651945
    inttype: AE_INTERP_LINEAR
    fvalue1: 0.734775066
    isCookedKeytime: true
  }
  keytimes {
    timeOffset: 1.38317943
    inttype: AE_INTERP_LINEAR
    fvalue1: 0.756496966
    isCookedKeytime: true
  }
  keytimes {
    timeOffset: 1.3998394
    inttype: AE_INTERP_LINEAR
    fvalue1: 0.77637434
    isCookedKeytime: true
  }
  keytimes {
    timeOffset: 1.41649938
    inttype: AE_INTERP_LINEAR
    fvalue1: 0.794624865
    isCookedKeytime: true
  }
  keytimes {
    timeOffset: 1.43315935
    inttype: AE_INTERP_LINEAR
    fvalue1: 0.811429381
    isCookedKeytime: true
  }
  keytimes {
    timeOffset: 1.44981933
    inttype: AE_INTERP_LINEAR
    fvalue1: 0.826939344
    isCookedKeytime: true
  }
  keytimes {
    timeOffset: 1.4664793
    inttype: AE_INTERP_LINEAR
    fvalue1: 0.841282785
    isCookedKeytime: true
  }
  keytimes {
    timeOffset: 1.48313928
    inttype: AE_INTERP_LINEAR
    fvalue1: 0.854569316
    isCookedKeytime: true
  }
  keytimes {
    timeOffset: 1.49979925
    inttype: AE_INTERP_LINEAR
    fvalue1: 0.866893053
    isCookedKeytime: true
  }
  keytimes {
    timeOffset: 1.51645923
    inttype: AE_INTERP_LINEAR
    fvalue1: 0.878335476
    isCookedKeytime: true
  }
  keytimes {
    timeOffset: 1.5331192
    inttype: AE_INTERP_LINEAR
    fvalue1: 0.888967872
    isCookedKeytime: true
  }
  keytimes {
    timeOffset: 1.54977918
    inttype: AE_INTERP_LINEAR
    fvalue1: 0.898852587
    isCookedKeytime: true
  }
  keytimes {
    timeOffset: 1.56643915
    inttype: AE_INTERP_LINEAR
    fvalue1: 0.908044815
    isCookedKeytime: true
  }
  keytimes {
    timeOffset: 1.58309913
    inttype: AE_INTERP_LINEAR
    fvalue1: 0.916593552
    isCookedKeytime: true
  }
  keytimes {
    timeOffset: 1.5997591
    inttype: AE_INTERP_LINEAR
    fvalue1: 0.924542308
    isCookedKeytime: true
  }
  keytimes {
    timeOffset: 1.61641908
    inttype: AE_INTERP_LINEAR
    fvalue1: 0.931930304
    isCookedKeytime: true
  }
  keytimes {
    timeOffset: 1.63307905
    inttype: AE_INTERP_LINEAR
    fvalue1: 0.938792706
    isCookedKeytime: true
  }
  keytimes {
    timeOffset: 1.64973903
    inttype: AE_INTERP_LINEAR
    fvalue1: 0.945161283
    isCookedKeytime: true
  }
  keytimes {
    timeOffset: 1.666399
    inttype: AE_INTERP_LINEAR
    fvalue1: 0.951064765
    isCookedKeytime: true
  }
  keytimes {
    timeOffset: 1.68305898
    inttype: AE_INTERP_LINEAR
    fvalue1: 0.956529379
    isCookedKeytime: true
  }
  keytimes {
    timeOffset: 1.69971895
    inttype: AE_INTERP_LINEAR
    fvalue1: 0.961579084
    isCookedKeytime: true
  }
  keytimes {
    timeOffset: 1.71637893
    inttype: AE_INTERP_LINEAR
    fvalue1: 0.966235638
    isCookedKeytime: true
  }
  keytimes {
    timeOffset: 1.7330389
    inttype: AE_INTERP_LINEAR
    fvalue1: 0.970519185
    isCookedKeytime: true
  }
  keytimes {
    timeOffset: 1.74969888
    inttype: AE_INTERP_LINEAR
    fvalue1: 0.974448144
    isCookedKeytime: true
  }
  keytimes {
    timeOffset: 1.76635885
    inttype: AE_INTERP_LINEAR
    fvalue1: 0.978039622
    isCookedKeytime: true
  }
  keytimes {
    timeOffset: 1.78301883
    inttype: AE_INTERP_LINEAR
    fvalue1: 0.981309295
    isCookedKeytime: true
  }
  keytimes {
    timeOffset: 1.7996788
    inttype: AE_INTERP_LINEAR
    fvalue1: 0.984271705
    isCookedKeytime: true
  }
  keytimes {
    timeOffset: 1.81633878
    inttype: AE_INTERP_LINEAR
    fvalue1: 0.986940563
    isCookedKeytime: true
  }
  keytimes {
    timeOffset: 1.83299875
    inttype: AE_INTERP_LINEAR
    fvalue1: 0.989328325
    isCookedKeytime: true
  }
  keytimes {
    timeOffset: 1.84965873
    inttype: AE_INTERP_LINEAR
    fvalue1: 0.991446853
    isCookedKeytime: true
  }
  keytimes {
    timeOffset: 1.8663187
    inttype: AE_INTERP_LINEAR
    fvalue1: 0.993307054
    isCookedKeytime: true
  }
  keytimes {
    timeOffset: 1.88297868
    inttype: AE_INTERP_LINEAR
    fvalue1: 0.994919181
    isCookedKeytime: true
  }
  keytimes {
    timeOffset: 1.89963865
    inttype: AE_INTERP_LINEAR
    fvalue1: 0.996292949
    isCookedKeytime: true
  }
  keytimes {
    timeOffset: 1.91629863
    inttype: AE_INTERP_LINEAR
    fvalue1: 0.997437298
    isCookedKeytime: true
  }
  keytimes {
    timeOffset: 1.9329586
    inttype: AE_INTERP_LINEAR
    fvalue1: 0.998360753
    isCookedKeytime: true
  }
  keytimes {
    timeOffset: 1.94961858
    inttype: AE_INTERP_LINEAR
    fvalue1: 0.9990713
    isCookedKeytime: true
  }
  keytimes {
    timeOffset: 1.96627855
    inttype: AE_INTERP_LINEAR
    fvalue1: 0.999576509
    isCookedKeytime: true
  }
  keytimes {
    timeOffset: 1.98293853
    inttype: AE_INTERP_LINEAR
    fvalue1: 0.999883413
    isCookedKeytime: true
  }
  keytimes {
    timeOffset: 2
    inttype: AE_INTERP_LINEAR
    fvalue1: 1
  }
  keytimes {
    timeOffset: 5
    inttype: AE_INTERP_LINEAR
    fvalue1: 1
  }
  keytimes {
    timeOffset: 5.01666
    inttype: AE_INTERP_LINEAR
    fvalue1: 0.999622643
    isCookedKeytime: true
  }
  keytimes {
    timeOffset: 5.03332043
    inttype: AE_INTERP_LINEAR
    fvalue1: 0.998455048
    isCookedKeytime: true
  }
  keytimes {
    timeOffset: 5.04998064
    inttype: AE_INTERP_LINEAR
    fvalue1: 0.996439
    isCookedKeytime: true
  }
  keytimes {
    timeOffset: 5.06664085
    inttype: AE_INTERP_LINEAR
    fvalue1: 0.993509
    isCookedKeytime: true
  }
  keytimes {
    timeOffset: 5.08330107
    inttype: AE_INTERP_LINEAR
    fvalue1: 0.989590764
    isCookedKeytime: true
  }
  keytimes {
    timeOffset: 5.09996128
    inttype: AE_INTERP_LINEAR
    fvalue1: 0.984600067
    isCookedKeytime: true
  }
  keytimes {
    timeOffset: 5.11662149
    inttype: AE_INTERP_LINEAR
    fvalue1: 0.978439867
    isCookedKeytime: true
  }
  keytimes {
    timeOffset: 5.13328171
    inttype: AE_INTERP_LINEAR
    fvalue1: 0.970998526
    isCookedKeytime: true
  }
  keytimes {
    timeOffset: 5.14994192
    inttype: AE_INTERP_LINEAR
    fvalue1: 0.962145746
    isCookedKeytime: true
  }
  keytimes {
    timeOffset: 5.16660213
    inttype: AE_INTERP_LINEAR
    fvalue1: 0.951728642
    isCookedKeytime: true
  }
  keytimes {
    timeOffset: 5.18326235
    inttype: AE_INTERP_LINEAR
    fvalue1: 0.93956548
    isCookedKeytime: true
  }
  keytimes {
    timeOffset: 5.19992256
    inttype: AE_INTERP_LINEAR
    fvalue1: 0.925438166
    isCookedKeytime: true
  }
  keytimes {
    timeOffset: 5.21658278
    inttype: AE_INTERP_LINEAR
    fvalue1: 0.909081042
    isCookedKeytime: true
  }
  keytimes {
    timeOffset: 5.23324299
    inttype: AE_INTERP_LINEAR
    fvalue1: 0.890166104
    isCookedKeytime: true
  }
  keytimes {
    timeOffset: 5.2499032
    inttype: AE_INTERP_LINEAR
    fvalue1: 0.868280768
    isCookedKeytime: true
  }
  keytimes {
    timeOffset: 5.26656342
    inttype: AE_INTERP_LINEAR
    fvalue1: 0.842895687
    isCookedKeytime: true
  }
  keytimes {
    timeOffset: 5.28322363
    inttype: AE_INTERP_LINEAR
    fvalue1: 0.813314915
    isCookedKeytime: true
  }
  keytimes {
    timeOffset: 5.29988384
    inttype: AE_INTERP_LINEAR
    fvalue1: 0.778597772
    isCookedKeytime: true
  }
  keytimes {
    timeOffset: 5.31654406
    inttype: AE_INTERP_LINEAR
    fvalue1: 0.73742938
    isCookedKeytime: true
  }
  keytimes {
    timeOffset: 5.33320427
    inttype: AE_INTERP_LINEAR
    fvalue1: 0.687899411
    isCookedKeytime: true
  }
  keytimes {
    timeOffset: 5.34986448
    inttype: AE_INTERP_LINEAR
    fvalue1: 0.627115786
    isCookedKeytime: true
  }
  keytimes {
    timeOffset: 5.3665247
    inttype: AE_INTERP_LINEAR
    fvalue1: 0.550568938
    isCookedKeytime: true
  }
  keytimes {
    timeOffset: 5.38318491
    inttype: AE_INTERP_LINEAR
    fvalue1: 0.451633751
    isCookedKeytime: true
  }
  keytimes {
    timeOffset: 5.41650534
    inttype: AE_INTERP_LINEAR
    fvalue1: 0.195432678
    isCookedKeytime: true
  }
  keytimes {
    timeOffset: 5.43316555
    inttype: AE_INTERP_LINEAR
    fvalue1: 0.1018923
    isCookedKeytime: true
  }
  keytimes {
    timeOffset: 5.44982576
    inttype: AE_INTERP_LINEAR
    fvalue1: 0.0476790704
    isCookedKeytime: true
  }
  keytimes {
    timeOffset: 5.46648598
    inttype: AE_INTERP_LINEAR
    fvalue1: 0.0183397271
    isCookedKeytime: true
  }
  keytimes {
    timeOffset: 5.48314619
    inttype: AE_INTERP_LINEAR
    fvalue1: 0.00422215648
    isCookedKeytime: true
  }
  keytimes {
    timeOffset: 5.5
    inttype: AE_INTERP_LINEAR
  }
  trackName: "Opacity"
}
tracks {
  binding: IS_VISIBLE
  targetid: 65
  targetname: "Nav"
  keytimes {
    datatype: AE_INT_DATA
    inttype: AE_INTERP_HOLD
    ivalue1: 1
  }
}
tracks {
  binding: OPACITY
  targetid: 65
  targetname: "Nav"
  keytimes {
    inttype: AE_INTERP_LINEAR
    fvalue1: 1
  }
  keytimes {
    timeOffset: 1
    inttype: AE_INTERP_LINEAR
    fvalue1: 1
  }
  keytimes {
    timeOffset: 2
    inttype: AE_INTERP_LINEAR
    fvalue1: 1
  }
  keytimes {
    timeOffset: 5
    inttype: AE_INTERP_LINEAR
    fvalue1: 1
  }
  keytimes {
    timeOffset: 5.01666
    inttype: AE_INTERP_LINEAR
    fvalue1: 0.999622643
    isCookedKeytime: true
  }
  keytimes {
    timeOffset: 5.03332043
    inttype: AE_INTERP_LINEAR
    fvalue1: 0.998455048
    isCookedKeytime: true
  }
  keytimes {
    timeOffset: 5.04998064
    inttype: AE_INTERP_LINEAR
    fvalue1: 0.996439
    isCookedKeytime: true
  }
  keytimes {
    timeOffset: 5.06664085
    inttype: AE_INTERP_LINEAR
    fvalue1: 0.993509
    isCookedKeytime: true
  }
  keytimes {
    timeOffset: 5.08330107
    inttype: AE_INTERP_LINEAR
    fvalue1: 0.989590764
    isCookedKeytime: true
  }
  keytimes {
    timeOffset: 5.09996128
    inttype: AE_INTERP_LINEAR
    fvalue1: 0.984600067
    isCookedKeytime: true
  }
  keytimes {
    timeOffset: 5.11662149
    inttype: AE_INTERP_LINEAR
    fvalue1: 0.978439867
    isCookedKeytime: true
  }
  keytimes {
    timeOffset: 5.13328171
    inttype: AE_INTERP_LINEAR
    fvalue1: 0.970998526
    isCookedKeytime: true
  }
  keytimes {
    timeOffset: 5.14994192
    inttype: AE_INTERP_LINEAR
    fvalue1: 0.962145746
    isCookedKeytime: true
  }
  keytimes {
    timeOffset: 5.16660213
    inttype: AE_INTERP_LINEAR
    fvalue1: 0.951728642
    isCookedKeytime: true
  }
  keytimes {
    timeOffset: 5.18326235
    inttype: AE_INTERP_LINEAR
    fvalue1: 0.93956548
    isCookedKeytime: true
  }
  keytimes {
    timeOffset: 5.19992256
    inttype: AE_INTERP_LINEAR
    fvalue1: 0.925438166
    isCookedKeytime: true
  }
  keytimes {
    timeOffset: 5.21658278
    inttype: AE_INTERP_LINEAR
    fvalue1: 0.909081042
    isCookedKeytime: true
  }
  keytimes {
    timeOffset: 5.23324299
    inttype: AE_INTERP_LINEAR
    fvalue1: 0.890166104
    isCookedKeytime: true
  }
  keytimes {
    timeOffset: 5.2499032
    inttype: AE_INTERP_LINEAR
    fvalue1: 0.868280768
    isCookedKeytime: true
  }
  keytimes {
    timeOffset: 5.26656342
    inttype: AE_INTERP_LINEAR
    fvalue1: 0.842895687
    isCookedKeytime: true
  }
  keytimes {
    timeOffset: 5.28322363
    inttype: AE_INTERP_LINEAR
    fvalue1: 0.813314915
    isCookedKeytime: true
  }
  keytimes {
    timeOffset: 5.29988384
    inttype: AE_INTERP_LINEAR
    fvalue1: 0.778597772
    isCookedKeytime: true
  }
  keytimes {
    timeOffset: 5.31654406
    inttype: AE_INTERP_LINEAR
    fvalue1: 0.73742938
    isCookedKeytime: true
  }
  keytimes {
    timeOffset: 5.33320427
    inttype: AE_INTERP_LINEAR
    fvalue1: 0.687899411
    isCookedKeytime: true
  }
  keytimes {
    timeOffset: 5.34986448
    inttype: AE_INTERP_LINEAR
    fvalue1: 0.627115786
    isCookedKeytime: true
  }
  keytimes {
    timeOffset: 5.3665247
    inttype: AE_INTERP_LINEAR
    fvalue1: 0.550568938
    isCookedKeytime: true
  }
  keytimes {
    timeOffset: 5.38318491
    inttype: AE_INTERP_LINEAR
    fvalue1: 0.451633751
    isCookedKeytime: true
  }
  keytimes {
    timeOffset: 5.41650534
    inttype: AE_INTERP_LINEAR
    fvalue1: 0.195432678
    isCookedKeytime: true
  }
  keytimes {
    timeOffset: 5.43316555
    inttype: AE_INTERP_LINEAR
    fvalue1: 0.1018923
    isCookedKeytime: true
  }
  keytimes {
    timeOffset: 5.44982576
    inttype: AE_INTERP_LINEAR
    fvalue1: 0.0476790704
    isCookedKeytime: true
  }
  keytimes {
    timeOffset: 5.46648598
    inttype: AE_INTERP_LINEAR
    fvalue1: 0.0183397271
    isCookedKeytime: true
  }
  keytimes {
    timeOffset: 5.48314619
    inttype: AE_INTERP_LINEAR
    fvalue1: 0.00422215648
    isCookedKeytime: true
  }
  keytimes {
    timeOffset: 5.5
    inttype: AE_INTERP_LINEAR
  }
  trackName: "Opacity"
}
tracks {
  binding: IS_VISIBLE
  targetid: 66
  targetname: "ScaleWidthPropLeftAnchor"
  keytimes {
    datatype: AE_INT_DATA
    inttype: AE_INTERP_HOLD
    ivalue1: 1
  }
}
markers {
  starttime: 1
  duration: 1
  name: "LanderIn"
  tracksSelection {
    targetid: 64
  }
  tracksSelection {
    targetid: 64
    binding: OPACITY
  }
  tracksSelection {
    targetid: 65
    binding: OPACITY
  }
  properties {
    key: "recursive"
    value: "true"
  }
}
markers {
  starttime: 5
  duration: 0.5
  name: "LanderOut"
  tracksSelection {
    targetid: 64
  }
  tracksSelection {
    targetid: 64
    binding: OPACITY
  }
  tracksSelection {
    targetid: 65
    binding: OPACITY
  }
  properties {
    key: "recursive"
    value: "true"
  }
}
