activecomp {
  name: "Auryn_Image-UpNext-Alternate"
  width: 1560
  height: 876
  defaultcameradistance: 2166.66675
  layer {
    name: "ImageNode"
    id: 501
    sourceid: 1493
    transform {
      anchorPoint {
        x: 780
        y: 438
      }
      scale {
        x: 1
        y: 1
        z: 1
      }
      position {
        x: 780
        y: 438
      }
      orientation {
      }
    }
    acceptsshadows: true
    acceptslights: true
  }
  classname: "CYIImageView"
  bgcolor {
    alpha: 1
    red: 1
    green: 1
    blue: 1
  }
  properties {
    key: "componentType"
    value: "image"
  }
}
sources {
  uid: 1493
  srctype: AE_SOLID_SRC
  color {
    alpha: 1
    red: 0.2232230007648468
    green: 0.2232230007648468
    blue: 0.2232230007648468
  }
  width: 1560
  height: 876
}
