tracks {
  binding: IS_VISIBLE
  targetid: 177
  targetname: "Focus"
  keytimes {
    datatype: AE_INT_DATA
    inttype: AE_INTERP_HOLD
    ivalue1: 1
  }
}
tracks {
  binding: OPACITY
  targetid: 177
  targetname: "Focus"
  keytimes {
    inttype: AE_INTERP_LINEAR
  }
  keytimes {
    timeOffset: 1
    inttype: AE_INTERP_LINEAR
  }
  keytimes {
    timeOffset: 1.01666
    inttype: AE_INTERP_LINEAR
    fvalue1: 0.045391418
    isCookedKeytime: true
  }
  keytimes {
    timeOffset: 1.03332
    inttype: AE_INTERP_LINEAR
    fvalue1: 0.318003893
    isCookedKeytime: true
  }
  keytimes {
    timeOffset: 1.04997993
    inttype: AE_INTERP_LINEAR
    fvalue1: 0.623111904
    isCookedKeytime: true
  }
  keytimes {
    timeOffset: 1.0666399
    inttype: AE_INTERP_LINEAR
    fvalue1: 0.77637434
    isCookedKeytime: true
  }
  keytimes {
    timeOffset: 1.08329988
    inttype: AE_INTERP_LINEAR
    fvalue1: 0.866893053
    isCookedKeytime: true
  }
  keytimes {
    timeOffset: 1.09995985
    inttype: AE_INTERP_LINEAR
    fvalue1: 0.924542308
    isCookedKeytime: true
  }
  keytimes {
    timeOffset: 1.11661983
    inttype: AE_INTERP_LINEAR
    fvalue1: 0.961579084
    isCookedKeytime: true
  }
  keytimes {
    timeOffset: 1.1332798
    inttype: AE_INTERP_LINEAR
    fvalue1: 0.984271705
    isCookedKeytime: true
  }
  keytimes {
    timeOffset: 1.14993978
    inttype: AE_INTERP_LINEAR
    fvalue1: 0.996292949
    isCookedKeytime: true
  }
  keytimes {
    timeOffset: 1.16666663
    inttype: AE_INTERP_LINEAR
    fvalue1: 1
  }
  trackName: "Opacity"
}
tracks {
  binding: IS_VISIBLE
  targetid: 178
  targetname: "Scale-Ctrl"
  keytimes {
    datatype: AE_INT_DATA
    inttype: AE_INTERP_HOLD
    ivalue1: 1
  }
}
tracks {
  binding: SCALE
  targetid: 178
  targetname: "Scale-Ctrl"
  keytimes {
    datatype: AE_FLOAT_VECTOR_DATA
    inttype: AE_INTERP_LINEAR
    fvalue1: 1
    fvalue2: 1
    fvalue3: 1
  }
  keytimes {
    datatype: AE_FLOAT_VECTOR_DATA
    timeOffset: 2
    inttype: AE_INTERP_LINEAR
    fvalue1: 1
    fvalue2: 1
    fvalue3: 1
  }
  keytimes {
    datatype: AE_FLOAT_VECTOR_DATA
    timeOffset: 2.01666
    inttype: AE_INTERP_LINEAR
    fvalue1: 0.998184383
    fvalue2: 0.998184383
    fvalue3: 1
    isCookedKeytime: true
  }
  keytimes {
    datatype: AE_FLOAT_VECTOR_DATA
    timeOffset: 2.03332
    inttype: AE_INTERP_LINEAR
    fvalue1: 0.987279832
    fvalue2: 0.987279832
    fvalue3: 1
    isCookedKeytime: true
  }
  keytimes {
    datatype: AE_FLOAT_VECTOR_DATA
    timeOffset: 2.04998
    inttype: AE_INTERP_LINEAR
    fvalue1: 0.975075543
    fvalue2: 0.975075543
    fvalue3: 1
    isCookedKeytime: true
  }
  keytimes {
    datatype: AE_FLOAT_VECTOR_DATA
    timeOffset: 2.06664
    inttype: AE_INTERP_LINEAR
    fvalue1: 0.968945
    fvalue2: 0.968945
    fvalue3: 1
    isCookedKeytime: true
  }
  keytimes {
    datatype: AE_FLOAT_VECTOR_DATA
    timeOffset: 2.08329988
    inttype: AE_INTERP_LINEAR
    fvalue1: 0.965324223
    fvalue2: 0.965324223
    fvalue3: 1
    isCookedKeytime: true
  }
  keytimes {
    datatype: AE_FLOAT_VECTOR_DATA
    timeOffset: 2.09995985
    inttype: AE_INTERP_LINEAR
    fvalue1: 0.963018358
    fvalue2: 0.963018358
    fvalue3: 1
    isCookedKeytime: true
  }
  keytimes {
    datatype: AE_FLOAT_VECTOR_DATA
    timeOffset: 2.11661983
    inttype: AE_INTERP_LINEAR
    fvalue1: 0.961536884
    fvalue2: 0.961536884
    fvalue3: 1
    isCookedKeytime: true
  }
  keytimes {
    datatype: AE_FLOAT_VECTOR_DATA
    timeOffset: 2.1332798
    inttype: AE_INTERP_LINEAR
    fvalue1: 0.960629106
    fvalue2: 0.960629106
    fvalue3: 1
    isCookedKeytime: true
  }
  keytimes {
    datatype: AE_FLOAT_VECTOR_DATA
    timeOffset: 2.14993978
    inttype: AE_INTERP_LINEAR
    fvalue1: 0.960148335
    fvalue2: 0.960148335
    fvalue3: 1
    isCookedKeytime: true
  }
  keytimes {
    datatype: AE_FLOAT_VECTOR_DATA
    timeOffset: 2.16666675
    inttype: AE_INTERP_LINEAR
    fvalue1: 0.96
    fvalue2: 0.96
    fvalue3: 1
  }
  trackName: "Scale"
}
tracks {
  binding: IS_VISIBLE
  targetid: 179
  targetname: "Img"
  keytimes {
    datatype: AE_INT_DATA
    inttype: AE_INTERP_HOLD
    ivalue1: 1
  }
}
tracks {
  binding: IS_VISIBLE
  targetid: 180
  targetname: "Gradient"
  keytimes {
    datatype: AE_INT_DATA
    inttype: AE_INTERP_HOLD
    ivalue1: 1
  }
}
tracks {
  binding: IS_VISIBLE
  targetid: 181
  targetname: "Title"
  keytimes {
    datatype: AE_INT_DATA
    inttype: AE_INTERP_HOLD
    ivalue1: 1
  }
}
tracks {
  targetid: 181
  targetname: "Title"
  keytimes {
    datatype: AE_FLOAT_VECTOR_DATA
    inttype: AE_INTERP_LINEAR
    fvalue1: 14
    fvalue2: 204.633423
  }
  keytimes {
    datatype: AE_FLOAT_VECTOR_DATA
    timeOffset: 2
    inttype: AE_INTERP_LINEAR
    fvalue1: 14
    fvalue2: 204.633423
  }
  keytimes {
    datatype: AE_FLOAT_VECTOR_DATA
    timeOffset: 2.01666
    inttype: AE_INTERP_LINEAR
    fvalue1: 14.5925341
    fvalue2: 204.542267
    isCookedKeytime: true
  }
  keytimes {
    datatype: AE_FLOAT_VECTOR_DATA
    timeOffset: 2.03332
    inttype: AE_INTERP_LINEAR
    fvalue1: 18.1355705
    fvalue2: 203.997177
    isCookedKeytime: true
  }
  keytimes {
    datatype: AE_FLOAT_VECTOR_DATA
    timeOffset: 2.04998
    inttype: AE_INTERP_LINEAR
    fvalue1: 22.0993099
    fvalue2: 203.387375
    isCookedKeytime: true
  }
  keytimes {
    datatype: AE_FLOAT_VECTOR_DATA
    timeOffset: 2.06664
    inttype: AE_INTERP_LINEAR
    fvalue1: 24.0923805
    fvalue2: 203.08075
    isCookedKeytime: true
  }
  keytimes {
    datatype: AE_FLOAT_VECTOR_DATA
    timeOffset: 2.08329988
    inttype: AE_INTERP_LINEAR
    fvalue1: 25.2694893
    fvalue2: 202.899658
    isCookedKeytime: true
  }
  keytimes {
    datatype: AE_FLOAT_VECTOR_DATA
    timeOffset: 2.09995985
    inttype: AE_INTERP_LINEAR
    fvalue1: 26.0193882
    fvalue2: 202.784286
    isCookedKeytime: true
  }
  keytimes {
    datatype: AE_FLOAT_VECTOR_DATA
    timeOffset: 2.11661983
    inttype: AE_INTERP_LINEAR
    fvalue1: 26.5026531
    fvalue2: 202.70993
    isCookedKeytime: true
  }
  keytimes {
    datatype: AE_FLOAT_VECTOR_DATA
    timeOffset: 2.1332798
    inttype: AE_INTERP_LINEAR
    fvalue1: 26.7979946
    fvalue2: 202.664505
    isCookedKeytime: true
  }
  keytimes {
    datatype: AE_FLOAT_VECTOR_DATA
    timeOffset: 2.14993978
    inttype: AE_INTERP_LINEAR
    fvalue1: 26.9527607
    fvalue2: 202.640686
    isCookedKeytime: true
  }
  keytimes {
    datatype: AE_FLOAT_VECTOR_DATA
    timeOffset: 2.16666675
    inttype: AE_INTERP_LINEAR
    fvalue1: 27
    fvalue2: 202.633423
  }
  trackName: "Position"
}
tracks {
  binding: IS_VISIBLE
  targetid: 182
  targetname: "Duration"
  keytimes {
    datatype: AE_INT_DATA
    inttype: AE_INTERP_HOLD
    ivalue1: 1
  }
}
tracks {
  targetid: 182
  targetname: "Duration"
  keytimes {
    datatype: AE_FLOAT_VECTOR_DATA
    inttype: AE_INTERP_LINEAR
    fvalue1: 338
    fvalue2: 35.5457764
  }
  keytimes {
    datatype: AE_FLOAT_VECTOR_DATA
    timeOffset: 2
    inttype: AE_INTERP_LINEAR
    fvalue1: 338
    fvalue2: 35.5457764
  }
  keytimes {
    datatype: AE_FLOAT_VECTOR_DATA
    timeOffset: 2.01666
    inttype: AE_INTERP_LINEAR
    fvalue1: 337.407471
    fvalue2: 35.8648338
    isCookedKeytime: true
  }
  keytimes {
    datatype: AE_FLOAT_VECTOR_DATA
    timeOffset: 2.03332
    inttype: AE_INTERP_LINEAR
    fvalue1: 333.864441
    fvalue2: 37.7726212
    isCookedKeytime: true
  }
  keytimes {
    datatype: AE_FLOAT_VECTOR_DATA
    timeOffset: 2.04998
    inttype: AE_INTERP_LINEAR
    fvalue1: 329.900696
    fvalue2: 39.9069443
    isCookedKeytime: true
  }
  keytimes {
    datatype: AE_FLOAT_VECTOR_DATA
    timeOffset: 2.06664
    inttype: AE_INTERP_LINEAR
    fvalue1: 327.907623
    fvalue2: 40.9801369
    isCookedKeytime: true
  }
  keytimes {
    datatype: AE_FLOAT_VECTOR_DATA
    timeOffset: 2.08329988
    inttype: AE_INTERP_LINEAR
    fvalue1: 326.730499
    fvalue2: 41.6139641
    isCookedKeytime: true
  }
  keytimes {
    datatype: AE_FLOAT_VECTOR_DATA
    timeOffset: 2.09995985
    inttype: AE_INTERP_LINEAR
    fvalue1: 325.980621
    fvalue2: 42.0177536
    isCookedKeytime: true
  }
  keytimes {
    datatype: AE_FLOAT_VECTOR_DATA
    timeOffset: 2.11661983
    inttype: AE_INTERP_LINEAR
    fvalue1: 325.497345
    fvalue2: 42.2779732
    isCookedKeytime: true
  }
  keytimes {
    datatype: AE_FLOAT_VECTOR_DATA
    timeOffset: 2.1332798
    inttype: AE_INTERP_LINEAR
    fvalue1: 325.202
    fvalue2: 42.4370041
    isCookedKeytime: true
  }
  keytimes {
    datatype: AE_FLOAT_VECTOR_DATA
    timeOffset: 2.14993978
    inttype: AE_INTERP_LINEAR
    fvalue1: 325.047241
    fvalue2: 42.52034
    isCookedKeytime: true
  }
  keytimes {
    datatype: AE_FLOAT_VECTOR_DATA
    timeOffset: 2.16666675
    inttype: AE_INTERP_LINEAR
    fvalue1: 325
    fvalue2: 42.5457764
  }
  trackName: "Position"
}
markers {
  starttime: 1
  duration: 0.166666672
  name: "FocusIn"
  tracksSelection {
    targetid: 177
    binding: OPACITY
  }
  id: 21
}
markers {
  starttime: 2
  duration: 0.166666672
  name: "Press"
  tracksSelection {
    targetid: 178
    binding: SCALE
  }
  tracksSelection {
    targetid: 181
  }
  tracksSelection {
    targetid: 182
  }
  id: 18
}
