activecomp {
  name: "Auryn_Image-Dynamic-Live-Asset"
  width: 154
  height: 233
  defaultcameradistance: 213.888885
  layer {
    name: "ImageNode"
    id: 690012646
    sourceid: 690012686
    transform {
      anchorPoint {
        x: 77
        y: 116.5
      }
      scale {
        x: 1
        y: 1
        z: 1
      }
      position {
        x: 77
        y: 116.5
      }
      orientation {
      }
    }
    acceptsshadows: true
    acceptslights: true
  }
  classname: "CYIImageView"
  bgcolor {
    alpha: 1
    red: 0.086274509803921567
    green: 0.11372549019607843
    blue: 0.14509803921568629
  }
  properties {
    key: "componentType"
    value: "image"
  }
  properties {
    key: "clip"
    value: "false"
  }
  properties {
    key: "scale-mode"
    value: "fill-with-overflow"
  }
}
sources {
  uid: 690012686
  srctype: AE_SOLID_SRC
  color {
    alpha: 1
    red: 0.767754316329956
    green: 0.76186209917068481
    blue: 0.76186209917068481
  }
  width: 154
  height: 233
}
