activecomp {
  name: "Auryn_Container-Lander-List"
  width: 1920
  height: 900
  defaultcameradistance: 2666.66675
  layer {
    name: "Lander-List"
    id: 690014450
    sourceid: 690014533
    transform {
      anchorPoint {
        x: 882
        y: 410
      }
      scale {
        x: 1
        y: 1
        z: 1
      }
      position {
        x: 960
        y: 428
      }
      orientation {
      }
      opacity: 1
    }
    acceptsshadows: true
    acceptslights: true
  }
  bgcolor {
    alpha: 1
    red: 0.086274509803921567
    green: 0.11372549019607843
    blue: 0.14509803921568629
  }
  properties {
    key: "clip"
    value: "true"
  }
  childtemplates: "Auryn_Lander-List"
}
sources {
  uid: 690014533
  name: "Auryn_Lander-List.layout"
  width: 1764
  height: 820
  copy_source: true
}
