activecomp {
  name: "Auryn_Nav-Logo"
  width: 120
  height: 108
  defaultcameradistance: 166.666672
  layer {
    name: "Youi_Filled_logo-small.png"
    id: 259819
    sourceid: 690012401
    transform {
      anchorPoint {
        x: 45
        y: 42
      }
      scale {
        x: 1.2
        y: 1.2
        z: 1
      }
      position {
        x: 60
        y: 54
      }
      orientation {
      }
      opacity: 1
    }
    acceptsshadows: true
    acceptslights: true
  }
  bgcolor {
    alpha: 1
    red: 0.086274509803921567
    green: 0.11372549019607843
    blue: 0.14509803921568629
  }
}
sources {
  uid: 690012401
  srctype: AE_IMAGE_SRC
  name: "Youi_Filled_logo-small.png"
  width: 90
  height: 84
  numberOfFrames: 1
  loops: 1
  copy_source: true
}
