activecomp {
  name: "Auryn_Container-Discover"
  width: 1920
  height: 900
  defaultcameradistance: 2666.66675
  layer {
    name: "Discover"
    id: 259861
    sourceid: 15
    transform {
      anchorPoint {
        x: 870
        y: 419.5
      }
      scale {
        x: 1
        y: 1
        z: 1
      }
      position {
        x: 960
        y: 419.5
      }
      orientation {
      }
      opacity: 1
    }
    acceptsshadows: true
    acceptslights: true
  }
  bgcolor {
    alpha: 1
    red: 0.086274509803921567
    green: 0.11372549019607843
    blue: 0.14509803921568629
  }
  childtemplates: "Auryn_Discover"
}
sources {
  uid: 15
  name: "Auryn_Discover.layout"
  width: 1740
  height: 839
  copy_source: true
}
