activecomp {
  name: "Auryn_Btn-Poster-Large"
  width: 400
  height: 600
  defaultcameradistance: 555.555542
  layer {
    name: "Background"
    id: 266
    sourceid: 339
    transform {
      anchorPoint {
        x: 188
        y: 288
      }
      scale {
        x: 1
        y: 1
        z: 1
      }
      position {
        x: 200
        y: 300
      }
      orientation {
      }
      opacity: 1
    }
    acceptsshadows: true
    acceptslights: true
  }
  layer {
    name: "Image-Dynamic"
    id: 267
    sourceid: 284
    transform {
      anchorPoint {
        x: 188
        y: 288
      }
      scale {
        x: 1
        y: 1
        z: 1
      }
      position {
        x: 200
        y: 300
      }
      orientation {
      }
      opacity: 0.8
    }
    acceptsshadows: true
    acceptslights: true
  }
  layer {
    name: "Red Solid 6"
    id: 268
    sourceid: 922
    transform {
      anchorPoint {
        x: 400
        y: 2
      }
      scale {
        x: 0.0001
        y: 0.952380955
        z: 1
      }
      position {
        x: 378.476196
        y: 4.19047642
      }
      orientation {
      }
    }
    acceptsshadows: true
    acceptslights: true
    parentid: 267
  }
  layer {
    name: "Red Solid 5"
    id: 269
    sourceid: 920
    transform {
      anchorPoint {
        x: 400
        y: 2
      }
      scale {
        x: 0.0001
        y: 0.952380955
        z: 1
      }
      position {
        x: 378.476196
        y: 571.809509
      }
      orientation {
      }
    }
    acceptsshadows: true
    acceptslights: true
    parentid: 267
  }
  layer {
    name: "Red Solid 4"
    id: 270
    sourceid: 918
    transform {
      anchorPoint {
        x: 4
        y: 300
      }
      scale {
        x: 0.0001
        y: 0.952380955
        z: 1
      }
      position {
        x: 378.476196
        y: 288
      }
      orientation {
      }
    }
    acceptsshadows: true
    acceptslights: true
    parentid: 267
  }
  layer {
    name: "Red Solid 3"
    id: 271
    sourceid: 916
    transform {
      anchorPoint {
        x: 4
        y: 300
      }
      scale {
        x: 0.0001
        y: 0.952380955
        z: 1
      }
      position {
        x: 1.33333337
        y: 288
      }
      orientation {
      }
    }
    acceptsshadows: true
    acceptslights: true
    parentid: 267
  }
  layer {
    name: "Button-PlayPause-Fill.png"
    id: 272
    sourceid: 797
    transform {
      anchorPoint {
        x: 65
        y: 65
      }
      scale {
        x: 0.5
        y: 0.5
        z: 1
      }
      position {
        x: 200
        y: 303
      }
      orientation {
      }
    }
    acceptsshadows: true
    acceptslights: true
  }
  layer {
    name: "Btn-Play.png"
    id: 273
    sourceid: 943
    transform {
      anchorPoint {
        x: 15
        y: 25
      }
      scale {
        x: 0.6
        y: 0.6
        z: 1
      }
      position {
        x: 201
        y: 303
      }
      orientation {
      }
    }
    acceptsshadows: true
    acceptslights: true
  }
  classname: "CYIPushButtonView"
  bgcolor {
    alpha: 1
    red: 0.086274509803921567
    green: 0.11372549019607843
    blue: 0.14509803921568629
  }
  properties {
    key: "componentSubtype"
    value: "push"
  }
  properties {
    key: "componentType"
    value: "button"
  }
  properties {
    key: "clip"
    value: "true"
  }
  childtemplates: "Auryn_Image-Dynamic-2x3"
}
sources {
  uid: 339
  srctype: AE_SOLID_SRC
  color {
    alpha: 1
  }
  width: 376
  height: 576
}
sources {
  uid: 284
  name: "Auryn_Image-Dynamic-2x3.layout"
  width: 376
  height: 576
  copy_source: true
}
sources {
  uid: 922
  srctype: AE_SOLID_SRC
  color {
    alpha: 1
    red: 0.90588235855102539
    green: 0.20000000298023224
    blue: 0.23529411852359772
  }
  width: 400
  height: 4
}
sources {
  uid: 920
  srctype: AE_SOLID_SRC
  color {
    alpha: 1
    red: 0.90588235855102539
    green: 0.20000000298023224
    blue: 0.23529411852359772
  }
  width: 400
  height: 4
}
sources {
  uid: 918
  srctype: AE_SOLID_SRC
  color {
    alpha: 1
    red: 0.90588235855102539
    green: 0.20000000298023224
    blue: 0.23529411852359772
  }
  width: 4
  height: 600
}
sources {
  uid: 916
  srctype: AE_SOLID_SRC
  color {
    alpha: 1
    red: 0.90588235855102539
    green: 0.20000000298023224
    blue: 0.23529411852359772
  }
  width: 4
  height: 600
}
sources {
  uid: 797
  srctype: AE_IMAGE_SRC
  name: "Button-PlayPause-Fill.png"
  width: 130
  height: 130
  numberOfFrames: 1
  loops: 1
  copy_source: true
}
sources {
  uid: 943
  srctype: AE_IMAGE_SRC
  name: "Btn-Play.png"
  width: 40
  height: 50
  numberOfFrames: 1
  loops: 1
  copy_source: true
}
