activecomp {
  name: "Auryn_Btn-Backdrop-LargePDP"
  width: 891
  height: 589
  defaultcameradistance: 1237.5
  layer {
    name: "Background"
    id: 690015263
    sourceid: 690015299
    transform {
      anchorPoint {
        x: 445.5
        y: 294.5
      }
      scale {
        x: 0.977928698
        y: 0.977928698
        z: 1
      }
      position {
        x: 522
        y: 288.492126
      }
      orientation {
      }
      opacity: 1
    }
    acceptsshadows: true
    acceptslights: true
    parentid: 690015264
  }
  layer {
    name: "Image-Dynamic"
    id: 690015264
    sourceid: 1246
    transform {
      anchorPoint {
        x: 522
        y: 288
      }
      scale {
        x: 1.02256942
        y: 1.02256942
        z: 1
      }
      position {
        x: 445.5
        y: 294.5
      }
      orientation {
      }
      opacity: 0.8
    }
    acceptsshadows: true
    acceptslights: true
  }
  layer {
    name: "PlayIcon_PDP.png"
    id: 690015265
    sourceid: 690015301
    transform {
      anchorPoint {
        x: 87
        y: 87
      }
      scale {
        x: 0.6
        y: 0.6
        z: 1
      }
      position {
        x: 445
        y: 294
      }
      orientation {
      }
    }
    acceptsshadows: true
    acceptslights: true
  }
  layer {
    name: "Red Solid 38"
    id: 690015266
    sourceid: 690016244
    transform {
      anchorPoint {
        x: 445.5
        y: 3
      }
      scale {
        x: 1
        y: 1
        z: 1
      }
      position {
        x: 445.5
        y: 588
      }
      orientation {
      }
    }
    acceptsshadows: true
    acceptslights: true
  }
  layer {
    name: "Red Solid 38"
    id: 690015267
    sourceid: 690016244
    transform {
      anchorPoint {
        x: 445.5
        y: 3
      }
      scale {
        x: 1
        y: 1
        z: 1
      }
      position {
        x: 445.5
        y: 2
      }
      orientation {
      }
    }
    acceptsshadows: true
    acceptslights: true
  }
  layer {
    name: "Red Solid 39"
    id: 690015268
    sourceid: 690016247
    transform {
      anchorPoint {
        x: 3
        y: 290
      }
      scale {
        x: 1
        y: 1
        z: 1
      }
      position {
        x: 889
        y: 295
      }
      orientation {
      }
    }
    acceptsshadows: true
    acceptslights: true
  }
  layer {
    name: "Red Solid 39"
    id: 690015269
    sourceid: 690016247
    transform {
      anchorPoint {
        x: 3
        y: 290
      }
      scale {
        x: 1
        y: 1
        z: 1
      }
      position {
        x: 2
        y: 295
      }
      orientation {
      }
    }
    acceptsshadows: true
    acceptslights: true
  }
  classname: "CYIPushButtonView"
  bgcolor {
    alpha: 1
    red: 0.086274509803921567
    green: 0.11372549019607843
    blue: 0.14509803921568629
  }
  properties {
    key: "componentSubtype"
    value: "push"
  }
  properties {
    key: "componentType"
    value: "button"
  }
  properties {
    key: "clip"
    value: "true"
  }
  childtemplates: "Auryn_Image-Dynamic-Full"
}
sources {
  uid: 690015299
  srctype: AE_SOLID_SRC
  color {
    alpha: 1
  }
  width: 891
  height: 589
}
sources {
  uid: 1246
  name: "Auryn_Image-Dynamic-Full.layout"
  width: 1044
  height: 576
  copy_source: true
}
sources {
  uid: 690015301
  srctype: AE_IMAGE_SRC
  name: "PlayIcon_PDP.png"
  width: 174
  height: 174
  numberOfFrames: 1
  loops: 1
  copy_source: true
}
sources {
  uid: 690016244
  srctype: AE_SOLID_SRC
  color {
    alpha: 1
    red: 0.88627457618713379
    green: 0.10588236153125763
    blue: 0.25882354378700256
  }
  width: 891
  height: 6
}
sources {
  uid: 690016247
  srctype: AE_SOLID_SRC
  color {
    alpha: 1
    red: 0.88627499341964722
    green: 0.10588199645280838
    blue: 0.25882399082183838
  }
  width: 6
  height: 580
}
