tracks {
  binding: IS_VISIBLE
  targetid: 690015263
  targetname: "Background"
  keytimes {
    datatype: AE_INT_DATA
    inttype: AE_INTERP_HOLD
    ivalue1: 1
  }
}
tracks {
  binding: IS_VISIBLE
  targetid: 690015264
  targetname: "Image-Dynamic"
  keytimes {
    datatype: AE_INT_DATA
    inttype: AE_INTERP_HOLD
    ivalue1: 1
  }
}
tracks {
  binding: OPACITY
  targetid: 690015264
  targetname: "Image-Dynamic"
  keytimes {
    inttype: AE_INTERP_LINEAR
    fvalue1: 0.8
  }
  keytimes {
    timeOffset: 1
    inttype: AE_INTERP_LINEAR
    fvalue1: 0.8
  }
  keytimes {
    timeOffset: 1.01666
    inttype: AE_INTERP_LINEAR
    fvalue1: 0.805578947
    isCookedKeytime: true
  }
  keytimes {
    timeOffset: 1.03332
    inttype: AE_INTERP_LINEAR
    fvalue1: 0.820725
    isCookedKeytime: true
  }
  keytimes {
    timeOffset: 1.04997993
    inttype: AE_INTERP_LINEAR
    fvalue1: 0.843052447
    isCookedKeytime: true
  }
  keytimes {
    timeOffset: 1.0666399
    inttype: AE_INTERP_LINEAR
    fvalue1: 0.870175123
    isCookedKeytime: true
  }
  keytimes {
    timeOffset: 1.09995985
    inttype: AE_INTERP_LINEAR
    fvalue1: 0.92926234
    isCookedKeytime: true
  }
  keytimes {
    timeOffset: 1.11661983
    inttype: AE_INTERP_LINEAR
    fvalue1: 0.956455
    isCookedKeytime: true
  }
  keytimes {
    timeOffset: 1.1332798
    inttype: AE_INTERP_LINEAR
    fvalue1: 0.978899181
    isCookedKeytime: true
  }
  keytimes {
    timeOffset: 1.14993978
    inttype: AE_INTERP_LINEAR
    fvalue1: 0.994208694
    isCookedKeytime: true
  }
  keytimes {
    timeOffset: 1.16666663
    inttype: AE_INTERP_LINEAR
    fvalue1: 1
  }
  keytimes {
    timeOffset: 3
    inttype: AE_INTERP_LINEAR
    fvalue1: 1
  }
  keytimes {
    timeOffset: 3.01666
    inttype: AE_INTERP_LINEAR
    fvalue1: 0.969493
    isCookedKeytime: true
  }
  keytimes {
    timeOffset: 3.06664
    inttype: AE_INTERP_LINEAR
    fvalue1: 0.830919445
    isCookedKeytime: true
  }
  keytimes {
    timeOffset: 3.08333325
    inttype: AE_INTERP_LINEAR
    fvalue1: 0.8
  }
  trackName: "Opacity"
}
tracks {
  binding: SCALE
  targetid: 690015264
  targetname: "Image-Dynamic"
  keytimes {
    datatype: AE_FLOAT_VECTOR_DATA
    inttype: AE_INTERP_LINEAR
    fvalue1: 1.02256942
    fvalue2: 1.02256942
    fvalue3: 1
  }
  keytimes {
    datatype: AE_FLOAT_VECTOR_DATA
    timeOffset: 1
    inttype: AE_INTERP_LINEAR
    fvalue1: 1.02256942
    fvalue2: 1.02256942
    fvalue3: 1
  }
  keytimes {
    datatype: AE_FLOAT_VECTOR_DATA
    timeOffset: 1.01666
    inttype: AE_INTERP_LINEAR
    fvalue1: 1.02381456
    fvalue2: 1.02381456
    fvalue3: 1
    isCookedKeytime: true
  }
  keytimes {
    datatype: AE_FLOAT_VECTOR_DATA
    timeOffset: 1.03332
    inttype: AE_INTERP_LINEAR
    fvalue1: 1.03129244
    fvalue2: 1.03129244
    fvalue3: 1
    isCookedKeytime: true
  }
  keytimes {
    datatype: AE_FLOAT_VECTOR_DATA
    timeOffset: 1.04997993
    inttype: AE_INTERP_LINEAR
    fvalue1: 1.03966177
    fvalue2: 1.03966177
    fvalue3: 1
    isCookedKeytime: true
  }
  keytimes {
    datatype: AE_FLOAT_VECTOR_DATA
    timeOffset: 1.0666399
    inttype: AE_INTERP_LINEAR
    fvalue1: 1.0438658
    fvalue2: 1.0438658
    fvalue3: 1
    isCookedKeytime: true
  }
  keytimes {
    datatype: AE_FLOAT_VECTOR_DATA
    timeOffset: 1.08329988
    inttype: AE_INTERP_LINEAR
    fvalue1: 1.04634881
    fvalue2: 1.04634881
    fvalue3: 1
    isCookedKeytime: true
  }
  keytimes {
    datatype: AE_FLOAT_VECTOR_DATA
    timeOffset: 1.09995985
    inttype: AE_INTERP_LINEAR
    fvalue1: 1.04793012
    fvalue2: 1.04793012
    fvalue3: 1
    isCookedKeytime: true
  }
  keytimes {
    datatype: AE_FLOAT_VECTOR_DATA
    timeOffset: 1.11661983
    inttype: AE_INTERP_LINEAR
    fvalue1: 1.04894602
    fvalue2: 1.04894602
    fvalue3: 1
    isCookedKeytime: true
  }
  keytimes {
    datatype: AE_FLOAT_VECTOR_DATA
    timeOffset: 1.1332798
    inttype: AE_INTERP_LINEAR
    fvalue1: 1.04956853
    fvalue2: 1.04956853
    fvalue3: 1
    isCookedKeytime: true
  }
  keytimes {
    datatype: AE_FLOAT_VECTOR_DATA
    timeOffset: 1.14993978
    inttype: AE_INTERP_LINEAR
    fvalue1: 1.04989827
    fvalue2: 1.04989827
    fvalue3: 1
    isCookedKeytime: true
  }
  keytimes {
    datatype: AE_FLOAT_VECTOR_DATA
    timeOffset: 1.16666663
    inttype: AE_INTERP_LINEAR
    fvalue1: 1.05
    fvalue2: 1.05
    fvalue3: 1
  }
  trackName: "Scale"
}
tracks {
  binding: IS_VISIBLE
  targetid: 690015265
  targetname: "PlayIcon_PDP.png"
  keytimes {
    datatype: AE_INT_DATA
    inttype: AE_INTERP_HOLD
    ivalue1: 1
  }
}
tracks {
  binding: OPACITY
  targetid: 690015265
  targetname: "PlayIcon_PDP.png"
  keytimes {
    inttype: AE_INTERP_LINEAR
  }
  keytimes {
    timeOffset: 1.0333333
    inttype: AE_INTERP_LINEAR
  }
  keytimes {
    timeOffset: 1.04999328
    inttype: AE_INTERP_LINEAR
    fvalue1: 0.0816716701
    isCookedKeytime: true
  }
  keytimes {
    timeOffset: 1.06665325
    inttype: AE_INTERP_LINEAR
    fvalue1: 0.498532295
    isCookedKeytime: true
  }
  keytimes {
    timeOffset: 1.08331323
    inttype: AE_INTERP_LINEAR
    fvalue1: 0.745881855
    isCookedKeytime: true
  }
  keytimes {
    timeOffset: 1.0999732
    inttype: AE_INTERP_LINEAR
    fvalue1: 0.866893053
    isCookedKeytime: true
  }
  keytimes {
    timeOffset: 1.11663318
    inttype: AE_INTERP_LINEAR
    fvalue1: 0.935425162
    isCookedKeytime: true
  }
  keytimes {
    timeOffset: 1.13329315
    inttype: AE_INTERP_LINEAR
    fvalue1: 0.974448144
    isCookedKeytime: true
  }
  keytimes {
    timeOffset: 1.14995313
    inttype: AE_INTERP_LINEAR
    fvalue1: 0.994143426
    isCookedKeytime: true
  }
  keytimes {
    timeOffset: 1.16666663
    inttype: AE_INTERP_LINEAR
    fvalue1: 1
  }
  trackName: "Opacity"
}
tracks {
  binding: SCALE
  targetid: 690015265
  targetname: "PlayIcon_PDP.png"
  keytimes {
    datatype: AE_FLOAT_VECTOR_DATA
    inttype: AE_INTERP_LINEAR
    fvalue1: 0.6
    fvalue2: 0.6
    fvalue3: 1
  }
  keytimes {
    datatype: AE_FLOAT_VECTOR_DATA
    timeOffset: 1.0333333
    inttype: AE_INTERP_LINEAR
    fvalue1: 0.6
    fvalue2: 0.6
    fvalue3: 1
  }
  keytimes {
    datatype: AE_FLOAT_VECTOR_DATA
    timeOffset: 1.04999328
    inttype: AE_INTERP_LINEAR
    fvalue1: 0.632668674
    fvalue2: 0.632668674
    fvalue3: 1
    isCookedKeytime: true
  }
  keytimes {
    datatype: AE_FLOAT_VECTOR_DATA
    timeOffset: 1.06665325
    inttype: AE_INTERP_LINEAR
    fvalue1: 0.799412906
    fvalue2: 0.799412906
    fvalue3: 1
    isCookedKeytime: true
  }
  keytimes {
    datatype: AE_FLOAT_VECTOR_DATA
    timeOffset: 1.08331323
    inttype: AE_INTERP_LINEAR
    fvalue1: 0.898352742
    fvalue2: 0.898352742
    fvalue3: 1
    isCookedKeytime: true
  }
  keytimes {
    datatype: AE_FLOAT_VECTOR_DATA
    timeOffset: 1.0999732
    inttype: AE_INTERP_LINEAR
    fvalue1: 0.946757197
    fvalue2: 0.946757197
    fvalue3: 1
    isCookedKeytime: true
  }
  keytimes {
    datatype: AE_FLOAT_VECTOR_DATA
    timeOffset: 1.11663318
    inttype: AE_INTERP_LINEAR
    fvalue1: 0.974170089
    fvalue2: 0.974170089
    fvalue3: 1
    isCookedKeytime: true
  }
  keytimes {
    datatype: AE_FLOAT_VECTOR_DATA
    timeOffset: 1.13329315
    inttype: AE_INTERP_LINEAR
    fvalue1: 0.989779294
    fvalue2: 0.989779294
    fvalue3: 1
    isCookedKeytime: true
  }
  keytimes {
    datatype: AE_FLOAT_VECTOR_DATA
    timeOffset: 1.14995313
    inttype: AE_INTERP_LINEAR
    fvalue1: 0.997657418
    fvalue2: 0.997657418
    fvalue3: 1
    isCookedKeytime: true
  }
  keytimes {
    datatype: AE_FLOAT_VECTOR_DATA
    timeOffset: 1.16666663
    inttype: AE_INTERP_LINEAR
    fvalue1: 1
    fvalue2: 1
    fvalue3: 1
  }
  trackName: "Scale"
}
tracks {
  binding: IS_VISIBLE
  targetid: 690015266
  targetname: "Red Solid 38"
  keytimes {
    datatype: AE_INT_DATA
    inttype: AE_INTERP_HOLD
    ivalue1: 1
  }
}
tracks {
  binding: OPACITY
  targetid: 690015266
  targetname: "Red Solid 38"
  keytimes {
    inttype: AE_INTERP_LINEAR
  }
  keytimes {
    timeOffset: 1
    inttype: AE_INTERP_LINEAR
  }
  keytimes {
    timeOffset: 1.01666
    inttype: AE_INTERP_LINEAR
    fvalue1: 0.045391418
    isCookedKeytime: true
  }
  keytimes {
    timeOffset: 1.03332
    inttype: AE_INTERP_LINEAR
    fvalue1: 0.318003893
    isCookedKeytime: true
  }
  keytimes {
    timeOffset: 1.04997993
    inttype: AE_INTERP_LINEAR
    fvalue1: 0.623111904
    isCookedKeytime: true
  }
  keytimes {
    timeOffset: 1.0666399
    inttype: AE_INTERP_LINEAR
    fvalue1: 0.77637434
    isCookedKeytime: true
  }
  keytimes {
    timeOffset: 1.08329988
    inttype: AE_INTERP_LINEAR
    fvalue1: 0.866893053
    isCookedKeytime: true
  }
  keytimes {
    timeOffset: 1.09995985
    inttype: AE_INTERP_LINEAR
    fvalue1: 0.924542308
    isCookedKeytime: true
  }
  keytimes {
    timeOffset: 1.11661983
    inttype: AE_INTERP_LINEAR
    fvalue1: 0.961579084
    isCookedKeytime: true
  }
  keytimes {
    timeOffset: 1.1332798
    inttype: AE_INTERP_LINEAR
    fvalue1: 0.984271705
    isCookedKeytime: true
  }
  keytimes {
    timeOffset: 1.14993978
    inttype: AE_INTERP_LINEAR
    fvalue1: 0.996292949
    isCookedKeytime: true
  }
  keytimes {
    timeOffset: 1.16666663
    inttype: AE_INTERP_LINEAR
    fvalue1: 1
  }
  trackName: "Opacity"
}
tracks {
  binding: IS_VISIBLE
  targetid: 690015267
  targetname: "Red Solid 38"
  keytimes {
    datatype: AE_INT_DATA
    inttype: AE_INTERP_HOLD
    ivalue1: 1
  }
}
tracks {
  binding: OPACITY
  targetid: 690015267
  targetname: "Red Solid 38"
  keytimes {
    inttype: AE_INTERP_LINEAR
  }
  keytimes {
    timeOffset: 1
    inttype: AE_INTERP_LINEAR
  }
  keytimes {
    timeOffset: 1.01666
    inttype: AE_INTERP_LINEAR
    fvalue1: 0.045391418
    isCookedKeytime: true
  }
  keytimes {
    timeOffset: 1.03332
    inttype: AE_INTERP_LINEAR
    fvalue1: 0.318003893
    isCookedKeytime: true
  }
  keytimes {
    timeOffset: 1.04997993
    inttype: AE_INTERP_LINEAR
    fvalue1: 0.623111904
    isCookedKeytime: true
  }
  keytimes {
    timeOffset: 1.0666399
    inttype: AE_INTERP_LINEAR
    fvalue1: 0.77637434
    isCookedKeytime: true
  }
  keytimes {
    timeOffset: 1.08329988
    inttype: AE_INTERP_LINEAR
    fvalue1: 0.866893053
    isCookedKeytime: true
  }
  keytimes {
    timeOffset: 1.09995985
    inttype: AE_INTERP_LINEAR
    fvalue1: 0.924542308
    isCookedKeytime: true
  }
  keytimes {
    timeOffset: 1.11661983
    inttype: AE_INTERP_LINEAR
    fvalue1: 0.961579084
    isCookedKeytime: true
  }
  keytimes {
    timeOffset: 1.1332798
    inttype: AE_INTERP_LINEAR
    fvalue1: 0.984271705
    isCookedKeytime: true
  }
  keytimes {
    timeOffset: 1.14993978
    inttype: AE_INTERP_LINEAR
    fvalue1: 0.996292949
    isCookedKeytime: true
  }
  keytimes {
    timeOffset: 1.16666663
    inttype: AE_INTERP_LINEAR
    fvalue1: 1
  }
  trackName: "Opacity"
}
tracks {
  binding: IS_VISIBLE
  targetid: 690015268
  targetname: "Red Solid 39"
  keytimes {
    datatype: AE_INT_DATA
    inttype: AE_INTERP_HOLD
    ivalue1: 1
  }
}
tracks {
  binding: OPACITY
  targetid: 690015268
  targetname: "Red Solid 39"
  keytimes {
    inttype: AE_INTERP_LINEAR
  }
  keytimes {
    timeOffset: 1
    inttype: AE_INTERP_LINEAR
  }
  keytimes {
    timeOffset: 1.01666
    inttype: AE_INTERP_LINEAR
    fvalue1: 0.045391418
    isCookedKeytime: true
  }
  keytimes {
    timeOffset: 1.03332
    inttype: AE_INTERP_LINEAR
    fvalue1: 0.318003893
    isCookedKeytime: true
  }
  keytimes {
    timeOffset: 1.04997993
    inttype: AE_INTERP_LINEAR
    fvalue1: 0.623111904
    isCookedKeytime: true
  }
  keytimes {
    timeOffset: 1.0666399
    inttype: AE_INTERP_LINEAR
    fvalue1: 0.77637434
    isCookedKeytime: true
  }
  keytimes {
    timeOffset: 1.08329988
    inttype: AE_INTERP_LINEAR
    fvalue1: 0.866893053
    isCookedKeytime: true
  }
  keytimes {
    timeOffset: 1.09995985
    inttype: AE_INTERP_LINEAR
    fvalue1: 0.924542308
    isCookedKeytime: true
  }
  keytimes {
    timeOffset: 1.11661983
    inttype: AE_INTERP_LINEAR
    fvalue1: 0.961579084
    isCookedKeytime: true
  }
  keytimes {
    timeOffset: 1.1332798
    inttype: AE_INTERP_LINEAR
    fvalue1: 0.984271705
    isCookedKeytime: true
  }
  keytimes {
    timeOffset: 1.14993978
    inttype: AE_INTERP_LINEAR
    fvalue1: 0.996292949
    isCookedKeytime: true
  }
  keytimes {
    timeOffset: 1.16666663
    inttype: AE_INTERP_LINEAR
    fvalue1: 1
  }
  trackName: "Opacity"
}
tracks {
  binding: IS_VISIBLE
  targetid: 690015269
  targetname: "Red Solid 39"
  keytimes {
    datatype: AE_INT_DATA
    inttype: AE_INTERP_HOLD
    ivalue1: 1
  }
}
tracks {
  binding: OPACITY
  targetid: 690015269
  targetname: "Red Solid 39"
  keytimes {
    inttype: AE_INTERP_LINEAR
  }
  keytimes {
    timeOffset: 1
    inttype: AE_INTERP_LINEAR
  }
  keytimes {
    timeOffset: 1.01666
    inttype: AE_INTERP_LINEAR
    fvalue1: 0.045391418
    isCookedKeytime: true
  }
  keytimes {
    timeOffset: 1.03332
    inttype: AE_INTERP_LINEAR
    fvalue1: 0.318003893
    isCookedKeytime: true
  }
  keytimes {
    timeOffset: 1.04997993
    inttype: AE_INTERP_LINEAR
    fvalue1: 0.623111904
    isCookedKeytime: true
  }
  keytimes {
    timeOffset: 1.0666399
    inttype: AE_INTERP_LINEAR
    fvalue1: 0.77637434
    isCookedKeytime: true
  }
  keytimes {
    timeOffset: 1.08329988
    inttype: AE_INTERP_LINEAR
    fvalue1: 0.866893053
    isCookedKeytime: true
  }
  keytimes {
    timeOffset: 1.09995985
    inttype: AE_INTERP_LINEAR
    fvalue1: 0.924542308
    isCookedKeytime: true
  }
  keytimes {
    timeOffset: 1.11661983
    inttype: AE_INTERP_LINEAR
    fvalue1: 0.961579084
    isCookedKeytime: true
  }
  keytimes {
    timeOffset: 1.1332798
    inttype: AE_INTERP_LINEAR
    fvalue1: 0.984271705
    isCookedKeytime: true
  }
  keytimes {
    timeOffset: 1.14993978
    inttype: AE_INTERP_LINEAR
    fvalue1: 0.996292949
    isCookedKeytime: true
  }
  keytimes {
    timeOffset: 1.16666663
    inttype: AE_INTERP_LINEAR
    fvalue1: 1
  }
  trackName: "Opacity"
}
markers {
  starttime: 1
  duration: 0.166666672
  name: "FocusIn"
  tracksSelection {
    targetid: 690015264
    binding: OPACITY
  }
  tracksSelection {
    targetid: 690015264
    binding: SCALE
  }
  tracksSelection {
    targetid: 690015265
    binding: OPACITY
  }
  tracksSelection {
    targetid: 690015265
    binding: SCALE
  }
  tracksSelection {
    targetid: 690015266
    binding: OPACITY
  }
  tracksSelection {
    targetid: 690015267
    binding: OPACITY
  }
  tracksSelection {
    targetid: 690015268
    binding: OPACITY
  }
  tracksSelection {
    targetid: 690015269
    binding: OPACITY
  }
  id: 21
}
markers {
  starttime: 3
  duration: 0.0833333358
  name: "Press"
  tracksSelection {
    targetid: 690015264
    binding: OPACITY
  }
  id: 18
}
