activecomp {
  name: "Auryn_Btn-Poster-Basic"
  width: 274
  height: 410
  defaultcameradistance: 380.555542
  layer {
    name: "Text-Container"
    id: 690016883
    sourceid: 690016656
    transform {
      anchorPoint {
        x: 188
        y: 48
      }
      scale {
        x: 1
        y: 1
        z: 1
      }
      position {
        x: 137
        y: 545
      }
      orientation {
      }
      opacity: 1
    }
    acceptsshadows: true
    acceptslights: true
  }
  layer {
    name: "Poster-Shadow-Small.png"
    id: 690016884
    sourceid: 690015211
    transform {
      anchorPoint {
        x: 211
        y: 317
      }
      scale {
        x: 1
        y: 1
        z: 1
      }
      position {
        x: 188
        y: 288.952393
      }
      orientation {
      }
      opacity: 1
    }
    acceptsshadows: true
    acceptslights: true
    parentid: 690016886
  }
  layer {
    name: "Background 2"
    id: 690016885
    sourceid: 690014199
    transform {
      anchorPoint {
        x: 188
        y: 288
      }
      scale {
        x: 1
        y: 1
        z: 1
      }
      position {
        x: 188
        y: 288
      }
      orientation {
      }
      opacity: 1
    }
    acceptsshadows: true
    acceptslights: true
    parentid: 690016886
  }
  layer {
    name: "Image-Dynamic"
    id: 690016886
    sourceid: 284
    transform {
      anchorPoint {
        x: 188
        y: 288
      }
      scale {
        x: 0.671600044
        y: 0.671600044
        z: 1
      }
      position {
        x: 137
        y: 205
      }
      orientation {
      }
      opacity: 0.8
    }
    acceptsshadows: true
    acceptslights: true
  }
  layer {
    name: "Red Solid 40"
    id: 690016887
    sourceid: 690016906
    transform {
      anchorPoint {
        x: 137
        y: 4
      }
      scale {
        x: 1.44592249
        y: 1.44592249
        z: 1
      }
      position {
        x: 188
        y: -2.63042212
      }
      orientation {
      }
    }
    acceptsshadows: true
    acceptslights: true
    parentid: 690016886
  }
  layer {
    name: "Red Solid 40"
    id: 690016888
    sourceid: 690016906
    transform {
      anchorPoint {
        x: 137
        y: 4
      }
      scale {
        x: 1.44592249
        y: 1.44592249
        z: 1
      }
      position {
        x: 188
        y: 578.630432
      }
      orientation {
      }
    }
    acceptsshadows: true
    acceptslights: true
    parentid: 690016886
  }
  layer {
    name: "Red Solid 41"
    id: 690016889
    sourceid: 690016909
    transform {
      anchorPoint {
        x: 4
        y: 197
      }
      scale {
        x: 1.44592249
        y: 1.44592249
        z: 1
      }
      position {
        x: 380.307678
        y: 288
      }
      orientation {
      }
    }
    acceptsshadows: true
    acceptslights: true
    parentid: 690016886
  }
  layer {
    name: "Red Solid 41"
    id: 690016890
    sourceid: 690016909
    transform {
      anchorPoint {
        x: 4
        y: 197
      }
      scale {
        x: 1.44592249
        y: 1.44592249
        z: 1
      }
      position {
        x: -4.30769253
        y: 288
      }
      orientation {
      }
    }
    acceptsshadows: true
    acceptslights: true
    parentid: 690016886
  }
  classname: "CYIPushButtonView"
  bgcolor {
    alpha: 1
    red: 0.086274509803921567
    green: 0.11372549019607843
    blue: 0.14509803921568629
  }
  properties {
    key: "componentSubtype"
    value: "push"
  }
  properties {
    key: "componentType"
    value: "button"
  }
  properties {
    key: "clip"
    value: "false"
  }
  childtemplates: "Auryn_Text-Container"
  childtemplates: "Auryn_Image-Dynamic-2x3"
}
sources {
  uid: 690016656
  name: "Auryn_Text-Container.layout"
  width: 376
  height: 96
  copy_source: true
}
sources {
  uid: 690015211
  srctype: AE_IMAGE_SRC
  name: "Poster-Shadow-Small.png"
  width: 422
  height: 634
  numberOfFrames: 1
  loops: 1
  copy_source: true
}
sources {
  uid: 690014199
  srctype: AE_SOLID_SRC
  color {
    alpha: 1
  }
  width: 376
  height: 576
}
sources {
  uid: 284
  name: "Auryn_Image-Dynamic-2x3.layout"
  width: 376
  height: 576
  copy_source: true
}
sources {
  uid: 690016906
  srctype: AE_SOLID_SRC
  color {
    alpha: 1
    red: 0.92549020051956177
    green: 0.10980392247438431
    blue: 0.14509804546833038
  }
  width: 274
  height: 8
}
sources {
  uid: 690016909
  srctype: AE_SOLID_SRC
  color {
    alpha: 1
    red: 0.92549002170562744
    green: 0.10980399698019028
    blue: 0.1450980007648468
  }
  width: 8
  height: 394
}
