activecomp {
  name: "Auryn_Btn-Poster-Small"
  width: 376
  height: 776
  defaultcameradistance: 522.222229
  layer {
    name: "Text-Container"
    id: 502
    sourceid: 690016656
    transform {
      anchorPoint {
        x: 188
        y: 48
      }
      scale {
        x: 1
        y: 1
        z: 1
      }
      position {
        x: 188
        y: 634
      }
      orientation {
      }
      opacity: 1
    }
    acceptsshadows: true
    acceptslights: true
  }
  layer {
    name: "Poster-Shadow-Small.png"
    id: 503
    sourceid: 690015211
    transform {
      anchorPoint {
        x: 211
        y: 317
      }
      scale {
        x: 1
        y: 1
        z: 1
      }
      position {
        x: 188
        y: 288.952393
      }
      orientation {
      }
      opacity: 1
    }
    acceptsshadows: true
    acceptslights: true
    parentid: 505
  }
  layer {
    name: "Background 2"
    id: 504
    sourceid: 690014199
    transform {
      anchorPoint {
        x: 188
        y: 288
      }
      scale {
        x: 1
        y: 1
        z: 1
      }
      position {
        x: 188
        y: 288
      }
      orientation {
      }
      opacity: 1
    }
    acceptsshadows: true
    acceptslights: true
    parentid: 505
  }
  layer {
    name: "Image-Dynamic"
    id: 505
    sourceid: 284
    transform {
      anchorPoint {
        x: 188
        y: 288
      }
      scale {
        x: 0.8916
        y: 0.8916
        z: 1
      }
      position {
        x: 188
        y: 368
      }
      orientation {
      }
      opacity: 0.8
    }
    acceptsshadows: true
    acceptslights: true
  }
  layer {
    name: "Red Solid 10"
    id: 506
    sourceid: 299
    transform {
      anchorPoint {
        y: 2
      }
      scale {
        x: 1
        y: 1
        z: 1
      }
      position {
        x: 0.0371714346
        y: 2
      }
      orientation {
      }
    }
    acceptsshadows: true
    acceptslights: true
    parentid: 505
  }
  layer {
    name: "Red Solid 9"
    id: 507
    sourceid: 301
    transform {
      anchorPoint {
        x: 376
        y: 2
      }
      scale {
        x: 1
        y: 1
        z: 1
      }
      position {
        x: 375.962677
        y: 575
      }
      orientation {
      }
    }
    acceptsshadows: true
    acceptslights: true
    parentid: 505
  }
  layer {
    name: "Red Solid 8"
    id: 508
    sourceid: 926
    transform {
      anchorPoint {
        x: 2
      }
      scale {
        x: 1
        y: 1
        z: 1
      }
      position {
        x: 374.002686
        y: 0.932646036
      }
      orientation {
      }
    }
    acceptsshadows: true
    acceptslights: true
    parentid: 505
  }
  layer {
    name: "Red Solid 7"
    id: 509
    sourceid: 924
    transform {
      anchorPoint {
        x: 2
      }
      scale {
        x: 1
        y: 1
        z: 1
      }
      position {
        x: 2.00269365
        y: 0.498153567
      }
      orientation {
      }
    }
    acceptsshadows: true
    acceptslights: true
    parentid: 505
  }
  layer {
    name: "PlayIcon_Movies.png"
    id: 510
    sourceid: 690015209
    transform {
      anchorPoint {
        x: 87
        y: 87
      }
      scale {
        x: 0.0001
        y: 0.0001
        z: 1
      }
      position {
        x: 188
        y: 372
      }
      orientation {
      }
    }
    acceptsshadows: true
    acceptslights: true
  }
  classname: "CYIPushButtonView"
  bgcolor {
    alpha: 1
    red: 0.086274509803921567
    green: 0.11372549019607843
    blue: 0.14509803921568629
  }
  properties {
    key: "componentSubtype"
    value: "push"
  }
  properties {
    key: "componentType"
    value: "button"
  }
  properties {
    key: "clip"
    value: "false"
  }
  childtemplates: "Auryn_Text-Container"
  childtemplates: "Auryn_Image-Dynamic-2x3"
}
sources {
  uid: 690016656
  name: "Auryn_Text-Container.layout"
  width: 376
  height: 96
  copy_source: true
}
sources {
  uid: 690015211
  srctype: AE_IMAGE_SRC
  name: "Poster-Shadow-Small.png"
  width: 422
  height: 634
  numberOfFrames: 1
  loops: 1
  copy_source: true
}
sources {
  uid: 690014199
  srctype: AE_SOLID_SRC
  color {
    alpha: 1
  }
  width: 376
  height: 576
}
sources {
  uid: 284
  name: "Auryn_Image-Dynamic-2x3.layout"
  width: 376
  height: 576
  copy_source: true
}
sources {
  uid: 299
  srctype: AE_SOLID_SRC
  color {
    alpha: 1
    red: 0.90588235855102539
    green: 0.20000000298023224
    blue: 0.23529411852359772
  }
  width: 376
  height: 4
}
sources {
  uid: 301
  srctype: AE_SOLID_SRC
  color {
    alpha: 1
    red: 0.90588235855102539
    green: 0.20000000298023224
    blue: 0.23529411852359772
  }
  width: 376
  height: 4
}
sources {
  uid: 926
  srctype: AE_SOLID_SRC
  color {
    alpha: 1
    red: 0.90588235855102539
    green: 0.20000000298023224
    blue: 0.23529411852359772
  }
  width: 4
  height: 576
}
sources {
  uid: 924
  srctype: AE_SOLID_SRC
  color {
    alpha: 1
    red: 0.90588235855102539
    green: 0.20000000298023224
    blue: 0.23529411852359772
  }
  width: 4
  height: 576
}
sources {
  uid: 690015209
  srctype: AE_IMAGE_SRC
  name: "PlayIcon_Movies.png"
  width: 174
  height: 174
  numberOfFrames: 1
  loops: 1
  copy_source: true
}
