activecomp {
  name: "Auryn_Btn-Backdrop-Small"
  width: 456
  height: 264
  defaultcameradistance: 633.333313
  layer {
    name: "Black Solid 6"
    id: 27
    sourceid: 376
    transform {
      anchorPoint {
        x: 267
        y: 150
      }
      scale {
        x: 1
        y: 1
        z: 1
      }
      position {
        x: 228
        y: 132
      }
      orientation {
      }
      opacity: 1
    }
    acceptsshadows: true
    acceptslights: true
  }
  layer {
    name: "Image-Dynamic"
    id: 28
    sourceid: 144
    transform {
      anchorPoint {
        x: 255
        y: 138
      }
      scale {
        x: 1
        y: 1
        z: 1
      }
      position {
        x: 228
        y: 132
      }
      orientation {
      }
      opacity: 0.6
    }
    acceptsshadows: true
    acceptslights: true
  }
  layer {
    name: "Gradient-Player.png"
    id: 29
    sourceid: 891
    transform {
      anchorPoint {
        x: 0.5
        y: 548
      }
      scale {
        x: 553.5
        y: 0.29
        z: 1
      }
      position {
        x: 228
        y: 268
      }
      orientation {
      }
      opacity: 1
    }
    acceptsshadows: true
    acceptslights: true
  }
  layer {
    name: "Unfocus-Text-Title"
    id: 30
    sourceid: -1
    transform {
      anchorPoint {
        x: 0.13293457
        y: -1.66923523
      }
      scale {
        x: 1
        y: 1
        z: 1
      }
      position {
        x: 24.8929291
        y: 220.330765
      }
      orientation {
      }
      opacity: 0.5
    }
    acceptsshadows: true
    acceptslights: true
    textinfo {
      fontSize: 24
      fontColor {
        alpha: 1
        red: 0.94510000944137573
        green: 0.94510000944137573
        blue: 0.94510000944137573
      }
      fontName: "Montserrat-Bold"
      boundsWidth: 399
      boundsHeight: 31
      isLabel: true
      multiline: true
      ellipsis: true
      isAllCaps: true
    }
    properties {
      key: "text-placeholder"
      value: "true"
    }
    properties {
      key: "text-overflow"
      value: "ellipsis"
    }
  }
  layer {
    name: "Backdrop-Gradient-Small.png"
    id: 31
    sourceid: 690015186
    transform {
      anchorPoint {
        y: 0.5
      }
      scale {
        x: 1.01
        y: 266.6
        z: 1
      }
      position {
        x: 229
      }
      orientation {
      }
      opacity: 1
    }
    acceptsshadows: true
    acceptslights: true
    parentid: 34
  }
  layer {
    name: "Text-Title"
    id: 32
    sourceid: -1
    transform {
      anchorPoint {
        x: 0.13293457
        y: -1.66923523
      }
      scale {
        x: 1
        y: 1
        z: 1
      }
      position {
        x: 416.892944
        y: -58.6692352
      }
      orientation {
      }
      opacity: 1
    }
    acceptsshadows: true
    acceptslights: true
    textinfo {
      fontSize: 24
      fontColor {
        alpha: 1
        red: 1
        green: 1
        blue: 1
      }
      fontName: "Montserrat-Bold"
      boundsWidth: 222
      boundsHeight: 85
      isLabel: true
      multiline: true
      ellipsis: true
      isAllCaps: true
    }
    parentid: 34
    properties {
      key: "text-placeholder"
      value: "true"
    }
    properties {
      key: "text-overflow"
      value: "ellipsis"
    }
  }
  layer {
    name: "Text-Metadata"
    id: 33
    sourceid: -1
    transform {
      anchorPoint {
        x: 0.0725097656
        y: -0.910491943
      }
      scale {
        x: 1
        y: 1
        z: 1
      }
      position {
        x: 294.892944
        y: -87.9104919
      }
      orientation {
      }
      opacity: 0.6
    }
    acceptsshadows: true
    acceptslights: true
    textinfo {
      fontSize: 16
      fontColor {
        alpha: 1
        red: 1
        green: 1
        blue: 1
      }
      fontName: "Montserrat-Bold"
      boundsWidth: 202
      boundsHeight: 26
      isLabel: true
      multiline: true
      ellipsis: true
      isAllCaps: true
    }
    parentid: 34
    properties {
      key: "text-placeholder"
      value: "true"
    }
    properties {
      key: "text-overflow"
      value: "ellipsis"
    }
  }
  layer {
    name: "Opacity_Ctrl"
    id: 34
    sourceid: 690016680
    transform {
      anchorPoint {
      }
      scale {
        x: 1
        y: 1
        z: 1
      }
      position {
        x: 228
        y: 132
      }
      orientation {
      }
      opacity: 1
    }
    acceptsshadows: true
    acceptslights: true
  }
  classname: "CYIPushButtonView"
  bgcolor {
    alpha: 1
    red: 0.086274509803921567
    green: 0.11372549019607843
    blue: 0.14509803921568629
  }
  properties {
    key: "componentSubtype"
    value: "push"
  }
  properties {
    key: "componentType"
    value: "button"
  }
  properties {
    key: "clip"
    value: "true"
  }
  childtemplates: "Auryn_Image-Dynamic-Half"
}
sources {
  uid: 376
  srctype: AE_SOLID_SRC
  color {
    alpha: 1
  }
  width: 534
  height: 300
}
sources {
  uid: 144
  name: "Auryn_Image-Dynamic-Half.layout"
  width: 510
  height: 276
  copy_source: true
}
sources {
  uid: 891
  srctype: AE_IMAGE_SRC
  name: "Gradient-Player.png"
  width: 1
  height: 548
  numberOfFrames: 1
  loops: 1
  copy_source: true
}
sources {
  uid: 4
  srctype: AE_FONT_SRC
  name: "Montserrat-Bold"
  copy_source: true
  file_name: "yi_Montserrat-Bold.otf"
  style_name: "Bold"
}
sources {
  uid: 690015186
  srctype: AE_IMAGE_SRC
  name: "Backdrop-Gradient-Small.png"
  width: 292
  height: 1
  numberOfFrames: 1
  loops: 1
  copy_source: true
}
sources {
  uid: 690016680
  srctype: AE_NULL_SRC
  width: 100
  height: 100
}
