tracks {
  binding: IS_VISIBLE
  targetid: 389
  targetname: "Deep Blue Solid 1"
  keytimes {
    datatype: AE_INT_DATA
    inttype: AE_INTERP_HOLD
    ivalue1: 1
  }
}
tracks {
  binding: IS_VISIBLE
  targetid: 390
  targetname: "List-PDP-Container"
  keytimes {
    datatype: AE_INT_DATA
    inttype: AE_INTERP_HOLD
    ivalue1: 1
  }
}
tracks {
  binding: IS_VISIBLE
  targetid: 391
  targetname: "White Solid 28"
  keytimes {
    datatype: AE_INT_DATA
    inttype: AE_INTERP_HOLD
    ivalue1: 1
  }
}
tracks {
  binding: OPACITY
  targetid: 391
  targetname: "White Solid 28"
  keytimes {
    inttype: AE_INTERP_LINEAR
  }
  keytimes {
    timeOffset: 1
    inttype: AE_INTERP_LINEAR
  }
  keytimes {
    timeOffset: 1.01666
    inttype: AE_INTERP_LINEAR
    fvalue1: 0.00113541866
    isCookedKeytime: true
  }
  keytimes {
    timeOffset: 1.03332
    inttype: AE_INTERP_LINEAR
    fvalue1: 0.00595355
    isCookedKeytime: true
  }
  keytimes {
    timeOffset: 1.04997993
    inttype: AE_INTERP_LINEAR
    fvalue1: 0.0188674126
    isCookedKeytime: true
  }
  keytimes {
    timeOffset: 1.0666399
    inttype: AE_INTERP_LINEAR
    fvalue1: 0.0405329131
    isCookedKeytime: true
  }
  keytimes {
    timeOffset: 1.08329988
    inttype: AE_INTERP_LINEAR
    fvalue1: 0.0573504642
    isCookedKeytime: true
  }
  keytimes {
    timeOffset: 1.09995985
    inttype: AE_INTERP_LINEAR
    fvalue1: 0.0684676617
    isCookedKeytime: true
  }
  keytimes {
    timeOffset: 1.11661983
    inttype: AE_INTERP_LINEAR
    fvalue1: 0.076331608
    isCookedKeytime: true
  }
  keytimes {
    timeOffset: 1.1332798
    inttype: AE_INTERP_LINEAR
    fvalue1: 0.0821904838
    isCookedKeytime: true
  }
  keytimes {
    timeOffset: 1.14993978
    inttype: AE_INTERP_LINEAR
    fvalue1: 0.0866893083
    isCookedKeytime: true
  }
  keytimes {
    timeOffset: 1.16659975
    inttype: AE_INTERP_LINEAR
    fvalue1: 0.0901991054
    isCookedKeytime: true
  }
  keytimes {
    timeOffset: 1.18325973
    inttype: AE_INTERP_LINEAR
    fvalue1: 0.092952773
    isCookedKeytime: true
  }
  keytimes {
    timeOffset: 1.1999197
    inttype: AE_INTERP_LINEAR
    fvalue1: 0.0951064751
    isCookedKeytime: true
  }
  keytimes {
    timeOffset: 1.21657968
    inttype: AE_INTERP_LINEAR
    fvalue1: 0.0967704
    isCookedKeytime: true
  }
  keytimes {
    timeOffset: 1.23323965
    inttype: AE_INTERP_LINEAR
    fvalue1: 0.0980254188
    isCookedKeytime: true
  }
  keytimes {
    timeOffset: 1.24989963
    inttype: AE_INTERP_LINEAR
    fvalue1: 0.0989328325
    isCookedKeytime: true
  }
  keytimes {
    timeOffset: 1.2665596
    inttype: AE_INTERP_LINEAR
    fvalue1: 0.0995403081
    isCookedKeytime: true
  }
  keytimes {
    timeOffset: 1.28321958
    inttype: AE_INTERP_LINEAR
    fvalue1: 0.0998857617
    isCookedKeytime: true
  }
  keytimes {
    timeOffset: 1.3
    inttype: AE_INTERP_LINEAR
    fvalue1: 0.1
  }
  keytimes {
    timeOffset: 4.1
    inttype: AE_INTERP_LINEAR
    fvalue1: 0.1
  }
  keytimes {
    timeOffset: 4.11666
    inttype: AE_INTERP_LINEAR
    fvalue1: 0.0999292433
    isCookedKeytime: true
  }
  keytimes {
    timeOffset: 4.13332033
    inttype: AE_INTERP_LINEAR
    fvalue1: 0.0997076631
    isCookedKeytime: true
  }
  keytimes {
    timeOffset: 4.14998055
    inttype: AE_INTERP_LINEAR
    fvalue1: 0.0993194804
    isCookedKeytime: true
  }
  keytimes {
    timeOffset: 4.16664076
    inttype: AE_INTERP_LINEAR
    fvalue1: 0.0987460688
    isCookedKeytime: true
  }
  keytimes {
    timeOffset: 4.18330097
    inttype: AE_INTERP_LINEAR
    fvalue1: 0.0979651734
    isCookedKeytime: true
  }
  keytimes {
    timeOffset: 4.19996119
    inttype: AE_INTERP_LINEAR
    fvalue1: 0.0969498083
    isCookedKeytime: true
  }
  keytimes {
    timeOffset: 4.2166214
    inttype: AE_INTERP_LINEAR
    fvalue1: 0.0956668481
    isCookedKeytime: true
  }
  keytimes {
    timeOffset: 4.23328161
    inttype: AE_INTERP_LINEAR
    fvalue1: 0.0940748751
    isCookedKeytime: true
  }
  keytimes {
    timeOffset: 4.24994183
    inttype: AE_INTERP_LINEAR
    fvalue1: 0.0921210796
    isCookedKeytime: true
  }
  keytimes {
    timeOffset: 4.26660204
    inttype: AE_INTERP_LINEAR
    fvalue1: 0.0897364169
    isCookedKeytime: true
  }
  keytimes {
    timeOffset: 4.28326225
    inttype: AE_INTERP_LINEAR
    fvalue1: 0.0868280828
    isCookedKeytime: true
  }
  keytimes {
    timeOffset: 4.29992247
    inttype: AE_INTERP_LINEAR
    fvalue1: 0.0832667649
    isCookedKeytime: true
  }
  keytimes {
    timeOffset: 4.31658268
    inttype: AE_INTERP_LINEAR
    fvalue1: 0.0788642
    isCookedKeytime: true
  }
  keytimes {
    timeOffset: 4.33324289
    inttype: AE_INTERP_LINEAR
    fvalue1: 0.0733307
    isCookedKeytime: true
  }
  keytimes {
    timeOffset: 4.34990311
    inttype: AE_INTERP_LINEAR
    fvalue1: 0.0661890134
    isCookedKeytime: true
  }
  keytimes {
    timeOffset: 4.36656332
    inttype: AE_INTERP_LINEAR
    fvalue1: 0.0565932281
    isCookedKeytime: true
  }
  keytimes {
    timeOffset: 4.38322353
    inttype: AE_INTERP_LINEAR
    fvalue1: 0.0430701748
    isCookedKeytime: true
  }
  keytimes {
    timeOffset: 4.39988375
    inttype: AE_INTERP_LINEAR
    fvalue1: 0.0252212957
    isCookedKeytime: true
  }
  keytimes {
    timeOffset: 4.41654396
    inttype: AE_INTERP_LINEAR
    fvalue1: 0.0108551309
    isCookedKeytime: true
  }
  keytimes {
    timeOffset: 4.43320417
    inttype: AE_INTERP_LINEAR
    fvalue1: 0.00377220847
    isCookedKeytime: true
  }
  keytimes {
    timeOffset: 4.44986439
    inttype: AE_INTERP_LINEAR
    fvalue1: 0.000799489033
    isCookedKeytime: true
  }
  keytimes {
    timeOffset: 4.4666667
    inttype: AE_INTERP_LINEAR
  }
  trackName: "Opacity"
}
tracks {
  binding: IS_VISIBLE
  targetid: 392
  targetname: "Container-Layout-PDP-Top"
  keytimes {
    datatype: AE_INT_DATA
    inttype: AE_INTERP_HOLD
    ivalue1: 1
  }
}
tracks {
  binding: OPACITY
  targetid: 392
  targetname: "Container-Layout-PDP-Top"
  keytimes {
    inttype: AE_INTERP_LINEAR
  }
  keytimes {
    timeOffset: 0.55
    inttype: AE_INTERP_LINEAR
  }
  keytimes {
    timeOffset: 0.56666
    inttype: AE_INTERP_LINEAR
    fvalue1: 0.0595355
    isCookedKeytime: true
  }
  keytimes {
    timeOffset: 0.583319962
    inttype: AE_INTERP_LINEAR
    fvalue1: 0.405329138
    isCookedKeytime: true
  }
  keytimes {
    timeOffset: 0.599979937
    inttype: AE_INTERP_LINEAR
    fvalue1: 0.684676647
    isCookedKeytime: true
  }
  keytimes {
    timeOffset: 0.616639912
    inttype: AE_INTERP_LINEAR
    fvalue1: 0.821904838
    isCookedKeytime: true
  }
  keytimes {
    timeOffset: 0.633299887
    inttype: AE_INTERP_LINEAR
    fvalue1: 0.901991069
    isCookedKeytime: true
  }
  keytimes {
    timeOffset: 0.649959862
    inttype: AE_INTERP_LINEAR
    fvalue1: 0.951064765
    isCookedKeytime: true
  }
  keytimes {
    timeOffset: 0.666619837
    inttype: AE_INTERP_LINEAR
    fvalue1: 0.980254233
    isCookedKeytime: true
  }
  keytimes {
    timeOffset: 0.683279812
    inttype: AE_INTERP_LINEAR
    fvalue1: 0.995403111
    isCookedKeytime: true
  }
  keytimes {
    timeOffset: 0.7
    inttype: AE_INTERP_LINEAR
    fvalue1: 1
  }
  keytimes {
    timeOffset: 4.86666679
    inttype: AE_INTERP_LINEAR
    fvalue1: 1
  }
  keytimes {
    timeOffset: 4.88332701
    inttype: AE_INTERP_LINEAR
    fvalue1: 0.995580316
    isCookedKeytime: true
  }
  keytimes {
    timeOffset: 4.89998722
    inttype: AE_INTERP_LINEAR
    fvalue1: 0.980757296
    isCookedKeytime: true
  }
  keytimes {
    timeOffset: 4.91664743
    inttype: AE_INTERP_LINEAR
    fvalue1: 0.952276468
    isCookedKeytime: true
  }
  keytimes {
    timeOffset: 4.93330765
    inttype: AE_INTERP_LINEAR
    fvalue1: 0.904817283
    isCookedKeytime: true
  }
  keytimes {
    timeOffset: 4.94996786
    inttype: AE_INTERP_LINEAR
    fvalue1: 0.828623
    isCookedKeytime: true
  }
  keytimes {
    timeOffset: 4.96662807
    inttype: AE_INTERP_LINEAR
    fvalue1: 0.702205062
    isCookedKeytime: true
  }
  keytimes {
    timeOffset: 4.98328829
    inttype: AE_INTERP_LINEAR
    fvalue1: 0.461586922
    isCookedKeytime: true
  }
  keytimes {
    timeOffset: 4.9999485
    inttype: AE_INTERP_LINEAR
    fvalue1: 0.0834594816
    isCookedKeytime: true
  }
  keytimes {
    timeOffset: 5.01666689
    inttype: AE_INTERP_LINEAR
  }
  trackName: "Opacity"
}
tracks {
  binding: IS_VISIBLE
  targetid: 393
  targetname: "Btn-Back"
  keytimes {
    datatype: AE_INT_DATA
    inttype: AE_INTERP_HOLD
    ivalue1: 1
  }
}
tracks {
  targetid: 393
  targetname: "Btn-Back"
  keytimes {
    datatype: AE_FLOAT_VECTOR_DATA
    inttype: AE_INTERP_LINEAR
    fvalue1: 46
    fvalue2: -122
  }
  keytimes {
    datatype: AE_FLOAT_VECTOR_DATA
    timeOffset: 1
    inttype: AE_INTERP_LINEAR
    fvalue1: 46
    fvalue2: -122
  }
  keytimes {
    datatype: AE_FLOAT_VECTOR_DATA
    timeOffset: 1.01666
    inttype: AE_INTERP_LINEAR
    fvalue1: 46
    fvalue2: -121.379448
    isCookedKeytime: true
  }
  keytimes {
    datatype: AE_FLOAT_VECTOR_DATA
    timeOffset: 1.03332
    inttype: AE_INTERP_LINEAR
    fvalue1: 46
    fvalue2: -119.151848
    isCookedKeytime: true
  }
  keytimes {
    datatype: AE_FLOAT_VECTOR_DATA
    timeOffset: 1.04997993
    inttype: AE_INTERP_LINEAR
    fvalue1: 46
    fvalue2: -114.459595
    isCookedKeytime: true
  }
  keytimes {
    datatype: AE_FLOAT_VECTOR_DATA
    timeOffset: 1.0666399
    inttype: AE_INTERP_LINEAR
    fvalue1: 46
    fvalue2: -105.768684
    isCookedKeytime: true
  }
  keytimes {
    datatype: AE_FLOAT_VECTOR_DATA
    timeOffset: 1.08329988
    inttype: AE_INTERP_LINEAR
    fvalue1: 46
    fvalue2: -90.6720581
    isCookedKeytime: true
  }
  keytimes {
    datatype: AE_FLOAT_VECTOR_DATA
    timeOffset: 1.11661983
    inttype: AE_INTERP_LINEAR
    fvalue1: 46
    fvalue2: -48.1330605
    isCookedKeytime: true
  }
  keytimes {
    datatype: AE_FLOAT_VECTOR_DATA
    timeOffset: 1.1332798
    inttype: AE_INTERP_LINEAR
    fvalue1: 46
    fvalue2: -31.4551086
    isCookedKeytime: true
  }
  keytimes {
    datatype: AE_FLOAT_VECTOR_DATA
    timeOffset: 1.14993978
    inttype: AE_INTERP_LINEAR
    fvalue1: 46
    fvalue2: -18.5641956
    isCookedKeytime: true
  }
  keytimes {
    datatype: AE_FLOAT_VECTOR_DATA
    timeOffset: 1.16659975
    inttype: AE_INTERP_LINEAR
    fvalue1: 46
    fvalue2: -8.34560871
    isCookedKeytime: true
  }
  keytimes {
    datatype: AE_FLOAT_VECTOR_DATA
    timeOffset: 1.18325973
    inttype: AE_INTERP_LINEAR
    fvalue1: 46
    fvalue2: -0.0273294523
    isCookedKeytime: true
  }
  keytimes {
    datatype: AE_FLOAT_VECTOR_DATA
    timeOffset: 1.1999197
    inttype: AE_INTERP_LINEAR
    fvalue1: 46
    fvalue2: 6.87193537
    isCookedKeytime: true
  }
  keytimes {
    datatype: AE_FLOAT_VECTOR_DATA
    timeOffset: 1.21657968
    inttype: AE_INTERP_LINEAR
    fvalue1: 46
    fvalue2: 12.6870909
    isCookedKeytime: true
  }
  keytimes {
    datatype: AE_FLOAT_VECTOR_DATA
    timeOffset: 1.23323965
    inttype: AE_INTERP_LINEAR
    fvalue1: 46
    fvalue2: 17.6459179
    isCookedKeytime: true
  }
  keytimes {
    datatype: AE_FLOAT_VECTOR_DATA
    timeOffset: 1.24989963
    inttype: AE_INTERP_LINEAR
    fvalue1: 46
    fvalue2: 21.9027176
    isCookedKeytime: true
  }
  keytimes {
    datatype: AE_FLOAT_VECTOR_DATA
    timeOffset: 1.2665596
    inttype: AE_INTERP_LINEAR
    fvalue1: 46
    fvalue2: 25.567997
    isCookedKeytime: true
  }
  keytimes {
    datatype: AE_FLOAT_VECTOR_DATA
    timeOffset: 1.28321958
    inttype: AE_INTERP_LINEAR
    fvalue1: 46
    fvalue2: 28.7299156
    isCookedKeytime: true
  }
  keytimes {
    datatype: AE_FLOAT_VECTOR_DATA
    timeOffset: 1.29987955
    inttype: AE_INTERP_LINEAR
    fvalue1: 46
    fvalue2: 31.4647388
    isCookedKeytime: true
  }
  keytimes {
    datatype: AE_FLOAT_VECTOR_DATA
    timeOffset: 1.31653953
    inttype: AE_INTERP_LINEAR
    fvalue1: 46
    fvalue2: 33.8298645
    isCookedKeytime: true
  }
  keytimes {
    datatype: AE_FLOAT_VECTOR_DATA
    timeOffset: 1.3331995
    inttype: AE_INTERP_LINEAR
    fvalue1: 46
    fvalue2: 35.869297
    isCookedKeytime: true
  }
  keytimes {
    datatype: AE_FLOAT_VECTOR_DATA
    timeOffset: 1.34985948
    inttype: AE_INTERP_LINEAR
    fvalue1: 46
    fvalue2: 37.6180611
    isCookedKeytime: true
  }
  keytimes {
    datatype: AE_FLOAT_VECTOR_DATA
    timeOffset: 1.36651945
    inttype: AE_INTERP_LINEAR
    fvalue1: 46
    fvalue2: 39.1049957
    isCookedKeytime: true
  }
  keytimes {
    datatype: AE_FLOAT_VECTOR_DATA
    timeOffset: 1.38317943
    inttype: AE_INTERP_LINEAR
    fvalue1: 46
    fvalue2: 40.3545723
    isCookedKeytime: true
  }
  keytimes {
    datatype: AE_FLOAT_VECTOR_DATA
    timeOffset: 1.3998394
    inttype: AE_INTERP_LINEAR
    fvalue1: 46
    fvalue2: 41.3891
    isCookedKeytime: true
  }
  keytimes {
    datatype: AE_FLOAT_VECTOR_DATA
    timeOffset: 1.41649938
    inttype: AE_INTERP_LINEAR
    fvalue1: 46
    fvalue2: 42.2284698
    isCookedKeytime: true
  }
  keytimes {
    datatype: AE_FLOAT_VECTOR_DATA
    timeOffset: 1.43315935
    inttype: AE_INTERP_LINEAR
    fvalue1: 46
    fvalue2: 42.8889694
    isCookedKeytime: true
  }
  keytimes {
    datatype: AE_FLOAT_VECTOR_DATA
    timeOffset: 1.44981933
    inttype: AE_INTERP_LINEAR
    fvalue1: 46
    fvalue2: 43.3847198
    isCookedKeytime: true
  }
  keytimes {
    datatype: AE_FLOAT_VECTOR_DATA
    timeOffset: 1.4664793
    inttype: AE_INTERP_LINEAR
    fvalue1: 46
    fvalue2: 43.7300949
    isCookedKeytime: true
  }
  keytimes {
    datatype: AE_FLOAT_VECTOR_DATA
    timeOffset: 1.48313928
    inttype: AE_INTERP_LINEAR
    fvalue1: 46
    fvalue2: 43.9309921
    isCookedKeytime: true
  }
  keytimes {
    datatype: AE_FLOAT_VECTOR_DATA
    timeOffset: 1.5
    inttype: AE_INTERP_LINEAR
    fvalue1: 46
    fvalue2: 44
  }
  keytimes {
    datatype: AE_FLOAT_VECTOR_DATA
    timeOffset: 4
    inttype: AE_INTERP_LINEAR
    fvalue1: 46
    fvalue2: 44
  }
  keytimes {
    datatype: AE_FLOAT_VECTOR_DATA
    timeOffset: 4.01666
    inttype: AE_INTERP_LINEAR
    fvalue1: 46
    fvalue2: 43.9385452
    isCookedKeytime: true
  }
  keytimes {
    datatype: AE_FLOAT_VECTOR_DATA
    timeOffset: 4.03332043
    inttype: AE_INTERP_LINEAR
    fvalue1: 46
    fvalue2: 43.7457924
    isCookedKeytime: true
  }
  keytimes {
    datatype: AE_FLOAT_VECTOR_DATA
    timeOffset: 4.04998064
    inttype: AE_INTERP_LINEAR
    fvalue1: 46
    fvalue2: 43.4090614
    isCookedKeytime: true
  }
  keytimes {
    datatype: AE_FLOAT_VECTOR_DATA
    timeOffset: 4.06664085
    inttype: AE_INTERP_LINEAR
    fvalue1: 46
    fvalue2: 42.922493
    isCookedKeytime: true
  }
  keytimes {
    datatype: AE_FLOAT_VECTOR_DATA
    timeOffset: 4.08330107
    inttype: AE_INTERP_LINEAR
    fvalue1: 46
    fvalue2: 42.2720451
    isCookedKeytime: true
  }
  keytimes {
    datatype: AE_FLOAT_VECTOR_DATA
    timeOffset: 4.09996128
    inttype: AE_INTERP_LINEAR
    fvalue1: 46
    fvalue2: 41.4435959
    isCookedKeytime: true
  }
  keytimes {
    datatype: AE_FLOAT_VECTOR_DATA
    timeOffset: 4.11662149
    inttype: AE_INTERP_LINEAR
    fvalue1: 46
    fvalue2: 40.4210281
    isCookedKeytime: true
  }
  keytimes {
    datatype: AE_FLOAT_VECTOR_DATA
    timeOffset: 4.13328171
    inttype: AE_INTERP_LINEAR
    fvalue1: 46
    fvalue2: 39.1846924
    isCookedKeytime: true
  }
  keytimes {
    datatype: AE_FLOAT_VECTOR_DATA
    timeOffset: 4.14994192
    inttype: AE_INTERP_LINEAR
    fvalue1: 46
    fvalue2: 37.7123337
    isCookedKeytime: true
  }
  keytimes {
    datatype: AE_FLOAT_VECTOR_DATA
    timeOffset: 4.16660213
    inttype: AE_INTERP_LINEAR
    fvalue1: 46
    fvalue2: 35.9796906
    isCookedKeytime: true
  }
  keytimes {
    datatype: AE_FLOAT_VECTOR_DATA
    timeOffset: 4.18326235
    inttype: AE_INTERP_LINEAR
    fvalue1: 46
    fvalue2: 33.9582176
    isCookedKeytime: true
  }
  keytimes {
    datatype: AE_FLOAT_VECTOR_DATA
    timeOffset: 4.19992256
    inttype: AE_INTERP_LINEAR
    fvalue1: 46
    fvalue2: 31.6133251
    isCookedKeytime: true
  }
  keytimes {
    datatype: AE_FLOAT_VECTOR_DATA
    timeOffset: 4.21658278
    inttype: AE_INTERP_LINEAR
    fvalue1: 46
    fvalue2: 28.9016342
    isCookedKeytime: true
  }
  keytimes {
    datatype: AE_FLOAT_VECTOR_DATA
    timeOffset: 4.23324299
    inttype: AE_INTERP_LINEAR
    fvalue1: 46
    fvalue2: 25.7666988
    isCookedKeytime: true
  }
  keytimes {
    datatype: AE_FLOAT_VECTOR_DATA
    timeOffset: 4.2499032
    inttype: AE_INTERP_LINEAR
    fvalue1: 46
    fvalue2: 22.1333275
    isCookedKeytime: true
  }
  keytimes {
    datatype: AE_FLOAT_VECTOR_DATA
    timeOffset: 4.26656342
    inttype: AE_INTERP_LINEAR
    fvalue1: 46
    fvalue2: 17.9139805
    isCookedKeytime: true
  }
  keytimes {
    datatype: AE_FLOAT_VECTOR_DATA
    timeOffset: 4.28322363
    inttype: AE_INTERP_LINEAR
    fvalue1: 46
    fvalue2: 13.0001
    isCookedKeytime: true
  }
  keytimes {
    datatype: AE_FLOAT_VECTOR_DATA
    timeOffset: 4.29988384
    inttype: AE_INTERP_LINEAR
    fvalue1: 46
    fvalue2: 7.2405982
    isCookedKeytime: true
  }
  keytimes {
    datatype: AE_FLOAT_VECTOR_DATA
    timeOffset: 4.31654406
    inttype: AE_INTERP_LINEAR
    fvalue1: 46
    fvalue2: 0.413222253
    isCookedKeytime: true
  }
  keytimes {
    datatype: AE_FLOAT_VECTOR_DATA
    timeOffset: 4.33320427
    inttype: AE_INTERP_LINEAR
    fvalue1: 46
    fvalue2: -7.81053591
    isCookedKeytime: true
  }
  keytimes {
    datatype: AE_FLOAT_VECTOR_DATA
    timeOffset: 4.34986448
    inttype: AE_INTERP_LINEAR
    fvalue1: 46
    fvalue2: -17.8997364
    isCookedKeytime: true
  }
  keytimes {
    datatype: AE_FLOAT_VECTOR_DATA
    timeOffset: 4.3665247
    inttype: AE_INTERP_LINEAR
    fvalue1: 46
    fvalue2: -30.6058216
    isCookedKeytime: true
  }
  keytimes {
    datatype: AE_FLOAT_VECTOR_DATA
    timeOffset: 4.38318491
    inttype: AE_INTERP_LINEAR
    fvalue1: 46
    fvalue2: -47.0283165
    isCookedKeytime: true
  }
  keytimes {
    datatype: AE_FLOAT_VECTOR_DATA
    timeOffset: 4.41650534
    inttype: AE_INTERP_LINEAR
    fvalue1: 46
    fvalue2: -89.5508575
    isCookedKeytime: true
  }
  keytimes {
    datatype: AE_FLOAT_VECTOR_DATA
    timeOffset: 4.43316555
    inttype: AE_INTERP_LINEAR
    fvalue1: 46
    fvalue2: -105.084953
    isCookedKeytime: true
  }
  keytimes {
    datatype: AE_FLOAT_VECTOR_DATA
    timeOffset: 4.44982576
    inttype: AE_INTERP_LINEAR
    fvalue1: 46
    fvalue2: -114.079308
    isCookedKeytime: true
  }
  keytimes {
    datatype: AE_FLOAT_VECTOR_DATA
    timeOffset: 4.46648598
    inttype: AE_INTERP_LINEAR
    fvalue1: 46
    fvalue2: -118.95562
    isCookedKeytime: true
  }
  keytimes {
    datatype: AE_FLOAT_VECTOR_DATA
    timeOffset: 4.48314619
    inttype: AE_INTERP_LINEAR
    fvalue1: 46
    fvalue2: -121.299118
    isCookedKeytime: true
  }
  keytimes {
    datatype: AE_FLOAT_VECTOR_DATA
    timeOffset: 4.5
    inttype: AE_INTERP_LINEAR
    fvalue1: 46
    fvalue2: -122
  }
  trackName: "Position"
}
tracks {
  binding: IS_VISIBLE
  targetid: 394
  targetname: "ScaleWidthPropTopRightAnchor"
  keytimes {
    datatype: AE_INT_DATA
    inttype: AE_INTERP_HOLD
    ivalue1: 1
  }
}
tracks {
  binding: IS_VISIBLE
  targetid: 395
  targetname: "ScaleWidthPropTopAnchor"
  keytimes {
    datatype: AE_INT_DATA
    inttype: AE_INTERP_HOLD
    ivalue1: 1
  }
}
markers {
  starttime: 0.5
  duration: 1
  name: "ContentIn"
  tracksSelection {
    targetid: 391
    binding: OPACITY
  }
  tracksSelection {
    targetid: 392
    binding: OPACITY
  }
  tracksSelection {
    targetid: 393
  }
  properties {
    key: "recursive"
    value: "true"
  }
}
markers {
  starttime: 4
  duration: 1.01666665
  name: "ContentOut"
  tracksSelection {
    targetid: 391
    binding: OPACITY
  }
  tracksSelection {
    targetid: 392
    binding: OPACITY
  }
  tracksSelection {
    targetid: 393
  }
  properties {
    key: "recursive"
    value: "true"
  }
}
