activecomp {
  name: "Auryn_VideoContainer"
  width: 1920
  height: 1080
  defaultcameradistance: 2666.66675
  layer {
    name: "Image-Background"
    id: 690012089
    sourceid: 467
    transform {
      anchorPoint {
        x: 960
        y: 540
      }
      scale {
        x: 1
        y: 1
        z: 1
      }
      position {
        x: 960
        y: 540
      }
      orientation {
      }
    }
    acceptsshadows: true
    acceptslights: true
  }
  layer {
    name: "Gradient-Squeeze.png"
    id: 690012090
    sourceid: 801
    transform {
      anchorPoint {
        x: 480
        y: 0.5
      }
      scale {
        x: 1
        y: 1080
        z: 1
      }
      position {
        x: -270
        y: 539.078
      }
      orientation {
      }
    }
    acceptsshadows: true
    acceptslights: true
  }
  layer {
    name: "UpNext-Countdown"
    id: 690012091
    sourceid: 767
    transform {
      anchorPoint {
        x: 136
        y: 32
      }
      scale {
        x: 1
        y: 1
        z: 1
      }
      position {
        x: 117
        y: 738
      }
      orientation {
      }
    }
    acceptsshadows: true
    acceptslights: true
  }
  layer {
    name: "Button-UpNext-Primary"
    id: 690012092
    sourceid: 223
    transform {
      anchorPoint {
        x: 430
        y: 99
      }
      scale {
        x: 1
        y: 1
        z: 1
      }
      position {
        x: 407.25
        y: 893
      }
      orientation {
      }
    }
    acceptsshadows: true
    acceptslights: true
  }
  layer {
    name: "Video"
    id: 690012093
    sourceid: 306
    transform {
      anchorPoint {
      }
      scale {
        x: 1
        y: 1
        z: 1
      }
      position {
      }
      orientation {
      }
    }
    acceptsshadows: true
    acceptslights: true
  }
  bgcolor {
    alpha: 1
    red: 0.086274509803921567
    green: 0.11372549019607843
    blue: 0.14509803921568629
  }
  childtemplates: "Auryn_Image-Background"
  childtemplates: "Auryn_UpNext-Countdown"
  childtemplates: "Auryn_Button-UpNext-Primary"
  childtemplates: "Auryn_Video"
}
sources {
  uid: 467
  name: "Auryn_Image-Background.layout"
  width: 1920
  height: 1080
  copy_source: true
}
sources {
  uid: 801
  srctype: AE_IMAGE_SRC
  name: "Gradient-Squeeze.png"
  width: 960
  height: 1
  numberOfFrames: 1
  loops: 1
  copy_source: true
}
sources {
  uid: 767
  name: "Auryn_UpNext-Countdown.layout"
  width: 272
  height: 64
  copy_source: true
}
sources {
  uid: 223
  name: "Auryn_Button-UpNext-Primary.layout"
  width: 860
  height: 198
  copy_source: true
}
sources {
  uid: 306
  name: "Auryn_Video.layout"
  width: 1920
  height: 1080
  copy_source: true
}
