tracks {
  binding: IS_VISIBLE
  targetid: 690014960
  targetname: "Player-Scrubber-Container"
  keytimes {
    datatype: AE_INT_DATA
    inttype: AE_INTERP_HOLD
    ivalue1: 1
  }
}
tracks {
  targetid: 690014960
  targetname: "Player-Scrubber-Container"
  keytimes {
    datatype: AE_FLOAT_VECTOR_DATA
    inttype: AE_INTERP_LINEAR
    fvalue1: 960
    fvalue2: 963
  }
  keytimes {
    datatype: AE_FLOAT_VECTOR_DATA
    timeOffset: 1
    inttype: AE_INTERP_HOLD
    fvalue1: 960
    fvalue2: 963
  }
  keytimes {
    datatype: AE_FLOAT_VECTOR_DATA
    timeOffset: 1.49979925
    inttype: AE_INTERP_LINEAR
    fvalue1: 960
    fvalue2: 963
    isCookedKeytime: true
  }
  keytimes {
    datatype: AE_FLOAT_VECTOR_DATA
    timeOffset: 1.5
    inttype: AE_INTERP_HOLD
    sOutTangentY: 32.1666679
    fvalue1: 960
    fvalue2: 963
  }
  keytimes {
    datatype: AE_FLOAT_VECTOR_DATA
    timeOffset: 3
    inttype: AE_INTERP_HOLD
    fvalue1: 960
    fvalue2: 1156
  }
  keytimes {
    datatype: AE_FLOAT_VECTOR_DATA
    timeOffset: 3.5
    inttype: AE_INTERP_HOLD
    fvalue1: 960
    fvalue2: 1156
  }
  trackName: "Position"
}
tracks {
  binding: OPACITY
  targetid: 690014960
  targetname: "Player-Scrubber-Container"
  keytimes {
    inttype: AE_INTERP_LINEAR
    fvalue1: 1
  }
  keytimes {
    timeOffset: 1
    inttype: AE_INTERP_HOLD
    fvalue1: 1
  }
  keytimes {
    timeOffset: 1.5
    inttype: AE_INTERP_HOLD
    fvalue1: 1
  }
  keytimes {
    timeOffset: 3
    inttype: AE_INTERP_HOLD
  }
  keytimes {
    timeOffset: 3.5
    inttype: AE_INTERP_HOLD
  }
  trackName: "Opacity"
}
tracks {
  binding: IS_VISIBLE
  targetid: 690014961
  targetname: "Video-TextDetails"
  keytimes {
    datatype: AE_INT_DATA
    inttype: AE_INTERP_HOLD
    ivalue1: 1
  }
}
tracks {
  targetid: 690014961
  targetname: "Video-TextDetails"
  keytimes {
    datatype: AE_FLOAT_VECTOR_DATA
    inttype: AE_INTERP_LINEAR
    fvalue1: 790
    fvalue2: 696
  }
  keytimes {
    datatype: AE_FLOAT_VECTOR_DATA
    timeOffset: 1
    inttype: AE_INTERP_HOLD
    fvalue1: 790
    fvalue2: 696
  }
  keytimes {
    datatype: AE_FLOAT_VECTOR_DATA
    timeOffset: 1.49979925
    inttype: AE_INTERP_LINEAR
    fvalue1: 790
    fvalue2: 696
    isCookedKeytime: true
  }
  keytimes {
    datatype: AE_FLOAT_VECTOR_DATA
    timeOffset: 1.5
    inttype: AE_INTERP_HOLD
    sOutTangentY: 20.333334
    fvalue1: 790
    fvalue2: 696
  }
  keytimes {
    datatype: AE_FLOAT_VECTOR_DATA
    timeOffset: 3
    inttype: AE_INTERP_HOLD
    fvalue1: 790
    fvalue2: 818
  }
  keytimes {
    datatype: AE_FLOAT_VECTOR_DATA
    timeOffset: 3.5
    inttype: AE_INTERP_HOLD
    fvalue1: 790
    fvalue2: 818
  }
  trackName: "Position"
}
markers {
  starttime: 1
  duration: 0.5
  name: "Set-VOD"
  tracksSelection {
    targetid: 690014960
  }
  tracksSelection {
    targetid: 690014960
    binding: OPACITY
  }
  tracksSelection {
    targetid: 690014961
  }
}
markers {
  starttime: 3
  duration: 0.5
  name: "Set-Live"
  tracksSelection {
    targetid: 690014960
  }
  tracksSelection {
    targetid: 690014960
    binding: OPACITY
  }
  tracksSelection {
    targetid: 690014961
  }
}
