tracks {
  binding: IS_VISIBLE
  targetid: 690012560
  targetname: "Red Solid 29"
  keytimes {
    datatype: AE_INT_DATA
    inttype: AE_INTERP_HOLD
    ivalue1: 1
  }
}
tracks {
  binding: OPACITY
  targetid: 690012560
  targetname: "Red Solid 29"
  keytimes {
    inttype: AE_INTERP_LINEAR
  }
  keytimes {
    timeOffset: 1
    inttype: AE_INTERP_LINEAR
  }
  keytimes {
    timeOffset: 1.01666
    inttype: AE_INTERP_LINEAR
    fvalue1: 0.265275598
    isCookedKeytime: true
  }
  keytimes {
    timeOffset: 1.03332
    inttype: AE_INTERP_LINEAR
    fvalue1: 0.420847803
    isCookedKeytime: true
  }
  keytimes {
    timeOffset: 1.04997993
    inttype: AE_INTERP_LINEAR
    fvalue1: 0.529836833
    isCookedKeytime: true
  }
  keytimes {
    timeOffset: 1.0666399
    inttype: AE_INTERP_LINEAR
    fvalue1: 0.613987923
    isCookedKeytime: true
  }
  keytimes {
    timeOffset: 1.08329988
    inttype: AE_INTERP_LINEAR
    fvalue1: 0.681920528
    isCookedKeytime: true
  }
  keytimes {
    timeOffset: 1.09995985
    inttype: AE_INTERP_LINEAR
    fvalue1: 0.738123238
    isCookedKeytime: true
  }
  keytimes {
    timeOffset: 1.11661983
    inttype: AE_INTERP_LINEAR
    fvalue1: 0.785297036
    isCookedKeytime: true
  }
  keytimes {
    timeOffset: 1.1332798
    inttype: AE_INTERP_LINEAR
    fvalue1: 0.825222492
    isCookedKeytime: true
  }
  keytimes {
    timeOffset: 1.14993978
    inttype: AE_INTERP_LINEAR
    fvalue1: 0.859149218
    isCookedKeytime: true
  }
  keytimes {
    timeOffset: 1.16659975
    inttype: AE_INTERP_LINEAR
    fvalue1: 0.887996197
    isCookedKeytime: true
  }
  keytimes {
    timeOffset: 1.18325973
    inttype: AE_INTERP_LINEAR
    fvalue1: 0.912463307
    isCookedKeytime: true
  }
  keytimes {
    timeOffset: 1.1999197
    inttype: AE_INTERP_LINEAR
    fvalue1: 0.933099
    isCookedKeytime: true
  }
  keytimes {
    timeOffset: 1.21657968
    inttype: AE_INTERP_LINEAR
    fvalue1: 0.950342655
    isCookedKeytime: true
  }
  keytimes {
    timeOffset: 1.23323965
    inttype: AE_INTERP_LINEAR
    fvalue1: 0.964553475
    isCookedKeytime: true
  }
  keytimes {
    timeOffset: 1.24989963
    inttype: AE_INTERP_LINEAR
    fvalue1: 0.976029336
    isCookedKeytime: true
  }
  keytimes {
    timeOffset: 1.2665596
    inttype: AE_INTERP_LINEAR
    fvalue1: 0.985021055
    isCookedKeytime: true
  }
  keytimes {
    timeOffset: 1.28321958
    inttype: AE_INTERP_LINEAR
    fvalue1: 0.991742
    isCookedKeytime: true
  }
  keytimes {
    timeOffset: 1.29987955
    inttype: AE_INTERP_LINEAR
    fvalue1: 0.99637574
    isCookedKeytime: true
  }
  keytimes {
    timeOffset: 1.31653953
    inttype: AE_INTERP_LINEAR
    fvalue1: 0.999081492
    isCookedKeytime: true
  }
  keytimes {
    timeOffset: 1.33333337
    inttype: AE_INTERP_LINEAR
    fvalue1: 1
  }
  keytimes {
    timeOffset: 2
    inttype: AE_INTERP_LINEAR
    fvalue1: 1
  }
  keytimes {
    timeOffset: 2.01666
    inttype: AE_INTERP_LINEAR
    fvalue1: 0.997406721
    isCookedKeytime: true
  }
  keytimes {
    timeOffset: 2.03332
    inttype: AE_INTERP_LINEAR
    fvalue1: 0.987942278
    isCookedKeytime: true
  }
  keytimes {
    timeOffset: 2.04998
    inttype: AE_INTERP_LINEAR
    fvalue1: 0.967294335
    isCookedKeytime: true
  }
  keytimes {
    timeOffset: 2.06664
    inttype: AE_INTERP_LINEAR
    fvalue1: 0.92612
    isCookedKeytime: true
  }
  keytimes {
    timeOffset: 2.09995985
    inttype: AE_INTERP_LINEAR
    fvalue1: 0.774997234
    isCookedKeytime: true
  }
  keytimes {
    timeOffset: 2.11661983
    inttype: AE_INTERP_LINEAR
    fvalue1: 0.733270943
    isCookedKeytime: true
  }
  keytimes {
    timeOffset: 2.1332798
    inttype: AE_INTERP_LINEAR
    fvalue1: 0.71233505
    isCookedKeytime: true
  }
  keytimes {
    timeOffset: 2.14993978
    inttype: AE_INTERP_LINEAR
    fvalue1: 0.702703
    isCookedKeytime: true
  }
  keytimes {
    timeOffset: 2.16666675
    inttype: AE_INTERP_LINEAR
    fvalue1: 0.7
  }
  keytimes {
    timeOffset: 2.5
    inttype: AE_INTERP_LINEAR
    fvalue1: 0.7
  }
  keytimes {
    timeOffset: 2.51666
    inttype: AE_INTERP_LINEAR
    fvalue1: 0.702593327
    isCookedKeytime: true
  }
  keytimes {
    timeOffset: 2.53332
    inttype: AE_INTERP_LINEAR
    fvalue1: 0.71205771
    isCookedKeytime: true
  }
  keytimes {
    timeOffset: 2.54998
    inttype: AE_INTERP_LINEAR
    fvalue1: 0.732705712
    isCookedKeytime: true
  }
  keytimes {
    timeOffset: 2.56664
    inttype: AE_INTERP_LINEAR
    fvalue1: 0.77388
    isCookedKeytime: true
  }
  keytimes {
    timeOffset: 2.59995985
    inttype: AE_INTERP_LINEAR
    fvalue1: 0.925002754
    isCookedKeytime: true
  }
  keytimes {
    timeOffset: 2.61661983
    inttype: AE_INTERP_LINEAR
    fvalue1: 0.966729045
    isCookedKeytime: true
  }
  keytimes {
    timeOffset: 2.6332798
    inttype: AE_INTERP_LINEAR
    fvalue1: 0.987664938
    isCookedKeytime: true
  }
  keytimes {
    timeOffset: 2.64993978
    inttype: AE_INTERP_LINEAR
    fvalue1: 0.997297
    isCookedKeytime: true
  }
  keytimes {
    timeOffset: 2.66666675
    inttype: AE_INTERP_LINEAR
    fvalue1: 1
  }
  keytimes {
    timeOffset: 3
    inttype: AE_INTERP_LINEAR
    fvalue1: 1
  }
  keytimes {
    timeOffset: 3.01666
    inttype: AE_INTERP_LINEAR
    fvalue1: 0.999150217
    isCookedKeytime: true
  }
  keytimes {
    timeOffset: 3.03332
    inttype: AE_INTERP_LINEAR
    fvalue1: 0.996516943
    isCookedKeytime: true
  }
  keytimes {
    timeOffset: 3.04998
    inttype: AE_INTERP_LINEAR
    fvalue1: 0.991961539
    isCookedKeytime: true
  }
  keytimes {
    timeOffset: 3.06664
    inttype: AE_INTERP_LINEAR
    fvalue1: 0.985325575
    isCookedKeytime: true
  }
  keytimes {
    timeOffset: 3.08329988
    inttype: AE_INTERP_LINEAR
    fvalue1: 0.976426482
    isCookedKeytime: true
  }
  keytimes {
    timeOffset: 3.09995985
    inttype: AE_INTERP_LINEAR
    fvalue1: 0.965052247
    isCookedKeytime: true
  }
  keytimes {
    timeOffset: 3.11661983
    inttype: AE_INTERP_LINEAR
    fvalue1: 0.950953722
    isCookedKeytime: true
  }
  keytimes {
    timeOffset: 3.1332798
    inttype: AE_INTERP_LINEAR
    fvalue1: 0.933835089
    isCookedKeytime: true
  }
  keytimes {
    timeOffset: 3.14993978
    inttype: AE_INTERP_LINEAR
    fvalue1: 0.913339853
    isCookedKeytime: true
  }
  keytimes {
    timeOffset: 3.16659975
    inttype: AE_INTERP_LINEAR
    fvalue1: 0.889032185
    isCookedKeytime: true
  }
  keytimes {
    timeOffset: 3.18325973
    inttype: AE_INTERP_LINEAR
    fvalue1: 0.860368669
    isCookedKeytime: true
  }
  keytimes {
    timeOffset: 3.1999197
    inttype: AE_INTERP_LINEAR
    fvalue1: 0.826656282
    isCookedKeytime: true
  }
  keytimes {
    timeOffset: 3.21657968
    inttype: AE_INTERP_LINEAR
    fvalue1: 0.78698647
    isCookedKeytime: true
  }
  keytimes {
    timeOffset: 3.23323965
    inttype: AE_INTERP_LINEAR
    fvalue1: 0.740125477
    isCookedKeytime: true
  }
  keytimes {
    timeOffset: 3.24989963
    inttype: AE_INTERP_LINEAR
    fvalue1: 0.684319139
    isCookedKeytime: true
  }
  keytimes {
    timeOffset: 3.2665596
    inttype: AE_INTERP_LINEAR
    fvalue1: 0.616914
    isCookedKeytime: true
  }
  keytimes {
    timeOffset: 3.28321958
    inttype: AE_INTERP_LINEAR
    fvalue1: 0.533519626
    isCookedKeytime: true
  }
  keytimes {
    timeOffset: 3.29987955
    inttype: AE_INTERP_LINEAR
    fvalue1: 0.425766408
    isCookedKeytime: true
  }
  keytimes {
    timeOffset: 3.31653953
    inttype: AE_INTERP_LINEAR
    fvalue1: 0.272860438
    isCookedKeytime: true
  }
  keytimes {
    timeOffset: 3.33333325
    inttype: AE_INTERP_LINEAR
  }
  trackName: "Opacity"
}
tracks {
  binding: IS_VISIBLE
  targetid: 690012561
  targetname: "Image-Dynamic-16x9"
  keytimes {
    datatype: AE_INT_DATA
    inttype: AE_INTERP_HOLD
    ivalue1: 1
  }
}
tracks {
  binding: OPACITY
  targetid: 690012561
  targetname: "Image-Dynamic-16x9"
  keytimes {
    inttype: AE_INTERP_LINEAR
    fvalue1: 1
  }
  keytimes {
    timeOffset: 2
    inttype: AE_INTERP_LINEAR
    fvalue1: 1
  }
  keytimes {
    timeOffset: 2.01666
    inttype: AE_INTERP_LINEAR
    fvalue1: 0.997406721
    isCookedKeytime: true
  }
  keytimes {
    timeOffset: 2.03332
    inttype: AE_INTERP_LINEAR
    fvalue1: 0.987942278
    isCookedKeytime: true
  }
  keytimes {
    timeOffset: 2.04998
    inttype: AE_INTERP_LINEAR
    fvalue1: 0.967294335
    isCookedKeytime: true
  }
  keytimes {
    timeOffset: 2.06664
    inttype: AE_INTERP_LINEAR
    fvalue1: 0.92612
    isCookedKeytime: true
  }
  keytimes {
    timeOffset: 2.09995985
    inttype: AE_INTERP_LINEAR
    fvalue1: 0.774997234
    isCookedKeytime: true
  }
  keytimes {
    timeOffset: 2.11661983
    inttype: AE_INTERP_LINEAR
    fvalue1: 0.733270943
    isCookedKeytime: true
  }
  keytimes {
    timeOffset: 2.1332798
    inttype: AE_INTERP_LINEAR
    fvalue1: 0.71233505
    isCookedKeytime: true
  }
  keytimes {
    timeOffset: 2.14993978
    inttype: AE_INTERP_LINEAR
    fvalue1: 0.702703
    isCookedKeytime: true
  }
  keytimes {
    timeOffset: 2.16666675
    inttype: AE_INTERP_LINEAR
    fvalue1: 0.7
  }
  keytimes {
    timeOffset: 2.5
    inttype: AE_INTERP_LINEAR
    fvalue1: 0.7
  }
  keytimes {
    timeOffset: 2.51666
    inttype: AE_INTERP_LINEAR
    fvalue1: 0.702593327
    isCookedKeytime: true
  }
  keytimes {
    timeOffset: 2.53332
    inttype: AE_INTERP_LINEAR
    fvalue1: 0.71205771
    isCookedKeytime: true
  }
  keytimes {
    timeOffset: 2.54998
    inttype: AE_INTERP_LINEAR
    fvalue1: 0.732705712
    isCookedKeytime: true
  }
  keytimes {
    timeOffset: 2.56664
    inttype: AE_INTERP_LINEAR
    fvalue1: 0.77388
    isCookedKeytime: true
  }
  keytimes {
    timeOffset: 2.59995985
    inttype: AE_INTERP_LINEAR
    fvalue1: 0.925002754
    isCookedKeytime: true
  }
  keytimes {
    timeOffset: 2.61661983
    inttype: AE_INTERP_LINEAR
    fvalue1: 0.966729045
    isCookedKeytime: true
  }
  keytimes {
    timeOffset: 2.6332798
    inttype: AE_INTERP_LINEAR
    fvalue1: 0.987664938
    isCookedKeytime: true
  }
  keytimes {
    timeOffset: 2.64993978
    inttype: AE_INTERP_LINEAR
    fvalue1: 0.997297
    isCookedKeytime: true
  }
  keytimes {
    timeOffset: 2.66666675
    inttype: AE_INTERP_LINEAR
    fvalue1: 1
  }
  trackName: "Opacity"
}
tracks {
  binding: IS_VISIBLE
  targetid: 690012562
  targetname: "Featured-Tile-Gradient-TV.png"
  keytimes {
    datatype: AE_INT_DATA
    inttype: AE_INTERP_HOLD
    ivalue1: 1
  }
}
tracks {
  binding: IS_VISIBLE
  targetid: 690012563
  targetname: "Details"
  keytimes {
    datatype: AE_INT_DATA
    inttype: AE_INTERP_HOLD
    ivalue1: 1
  }
}
tracks {
  binding: IS_VISIBLE
  targetid: 690012564
  targetname: "Text-Title"
  keytimes {
    datatype: AE_INT_DATA
    inttype: AE_INTERP_HOLD
    ivalue1: 1
  }
}
markers {
  starttime: 1
  duration: 0.333333343
  name: "FocusIn"
  tracksSelection {
    targetid: 690012560
    binding: OPACITY
  }
  id: 21
}
markers {
  starttime: 2
  duration: 0.166666672
  name: "Press"
  tracksSelection {
    targetid: 690012560
    binding: OPACITY
  }
  tracksSelection {
    targetid: 690012561
    binding: OPACITY
  }
  id: 18
}
markers {
  starttime: 2.5
  duration: 0.166666672
  name: "Release"
  tracksSelection {
    targetid: 690012560
    binding: OPACITY
  }
  tracksSelection {
    targetid: 690012561
    binding: OPACITY
  }
  id: 19
}
markers {
  starttime: 3
  duration: 0.333333343
  name: "FocusOut"
  tracksSelection {
    targetid: 690012560
    binding: OPACITY
  }
  id: 22
}
