activecomp {
  name: "Auryn_Max-Track"
  width: 1500
  height: 12
  defaultcameradistance: 2083.33325
  layer {
    name: "BarBG"
    id: 690012527
    sourceid: 519941
    transform {
      anchorPoint {
        x: 700
        y: 6
      }
      scale {
        x: 1
        y: 1
        z: 1
      }
      position {
        x: 750
        y: 6
      }
      orientation {
      }
      opacity: 1
    }
    acceptsshadows: true
    acceptslights: true
  }
  bgcolor {
    alpha: 1
    red: 0.086274509803921567
    green: 0.11372549019607843
    blue: 0.14509803921568629
  }
}
sources {
  uid: 519941
  srctype: AE_SOLID_SRC
  color {
    alpha: 1
    red: 1
    green: 1
    blue: 1
  }
  width: 1400
  height: 12
}
