activecomp {
  name: "Auryn_Container-Shows"
  width: 1920
  height: 900
  defaultcameradistance: 2666.66675
  layer {
    name: "Shows"
    id: 259885
    sourceid: 687
    transform {
      anchorPoint {
        x: 960
        y: 450
      }
      scale {
        x: 1
        y: 1
        z: 1
      }
      position {
        x: 960
        y: 450
      }
      orientation {
      }
      opacity: 1
    }
    acceptsshadows: true
    acceptslights: true
  }
  bgcolor {
    alpha: 1
    red: 0.086274509803921567
    green: 0.11372549019607843
    blue: 0.14509803921568629
  }
  properties {
    key: "layout"
    value: "CYIColumnLayout"
  }
  properties {
    key: "padding-top"
    value: "50"
  }
  childtemplates: "Auryn_Shows"
}
sources {
  uid: 687
  name: "Auryn_Shows.layout"
  width: 1920
  height: 900
  copy_source: true
}
