activecomp {
  name: "Auryn_ActivityIndicator"
  width: 1920
  height: 1080
  defaultcameradistance: 2666.66675
  layer {
    name: "Loader"
    id: 520033
    sourceid: 212
    transform {
      anchorPoint {
        x: 50
        y: 50
      }
      scale {
        x: 1
        y: 1
        z: 1
      }
      position {
        x: 960
        y: 560
      }
      orientation {
      }
    }
    acceptsshadows: true
    acceptslights: true
    parentid: 520034
  }
  layer {
    name: "ScalePropTopLeftAnchor"
    id: 520034
    sourceid: 1480
    transform {
      anchorPoint {
      }
      scale {
        x: 1
        y: 1
        z: 1
      }
      position {
      }
      orientation {
      }
      opacity: 1
    }
    acceptsshadows: true
    acceptslights: true
  }
  bgcolor {
    alpha: 1
    red: 0.086274509803921567
    green: 0.11372549019607843
    blue: 0.14509803921568629
  }
  childtemplates: "Auryn_Loader"
}
sources {
  uid: 212
  name: "Auryn_Loader.layout"
  width: 100
  height: 100
  copy_source: true
}
sources {
  uid: 1480
  srctype: AE_NULL_SRC
  width: 100
  height: 100
}
