activecomp {
  name: "Auryn_Toggled-Container"
  width: 150
  height: 120
  defaultcameradistance: 208.333328
  layer {
    name: "title-toggled"
    id: 690015309
    sourceid: -1
    transform {
      anchorPoint {
        x: 100
        y: 21.5
      }
      scale {
        x: 1
        y: 1
        z: 1
      }
      position {
        x: 74.1598282
        y: 92.4581223
      }
      orientation {
      }
    }
    acceptsshadows: true
    acceptslights: true
    textinfo {
      justification: AE_TEXT_CENTER
      fontSize: 17
      fontColor {
        alpha: 1
        red: 1
        green: 1
        blue: 1
      }
      fontName: "Montserrat-Bold"
      boundsWidth: 200
      boundsHeight: 33
      isLabel: true
      text: "Discover"
      multiline: true
      isAllCaps: true
    }
  }
  bgcolor {
    alpha: 1
    red: 0.086274509803921567
    green: 0.11372549019607843
    blue: 0.14509803921568629
  }
}
sources {
  uid: 1
  srctype: AE_FONT_SRC
  name: "Montserrat-Bold"
  copy_source: true
  file_name: "yi_Montserrat-Bold.otf"
  style_name: "Bold"
}
