tracks {
  binding: IS_VISIBLE
  targetid: 690012596
  targetname: "Text-Detail-2"
  keytimes {
    datatype: AE_INT_DATA
    inttype: AE_INTERP_HOLD
    ivalue1: 1
  }
}
tracks {
  binding: OPACITY
  targetid: 690012596
  targetname: "Text-Detail-2"
  keytimes {
    inttype: AE_INTERP_LINEAR
  }
  keytimes {
    timeOffset: 1
    inttype: AE_INTERP_LINEAR
  }
  keytimes {
    timeOffset: 1.01666
    inttype: AE_INTERP_LINEAR
    fvalue1: 0.0089863427
    isCookedKeytime: true
  }
  keytimes {
    timeOffset: 1.03332
    inttype: AE_INTERP_LINEAR
    fvalue1: 0.045391418
    isCookedKeytime: true
  }
  keytimes {
    timeOffset: 1.04997993
    inttype: AE_INTERP_LINEAR
    fvalue1: 0.137531176
    isCookedKeytime: true
  }
  keytimes {
    timeOffset: 1.08329988
    inttype: AE_INTERP_LINEAR
    fvalue1: 0.498532295
    isCookedKeytime: true
  }
  keytimes {
    timeOffset: 1.09995985
    inttype: AE_INTERP_LINEAR
    fvalue1: 0.623111904
    isCookedKeytime: true
  }
  keytimes {
    timeOffset: 1.11661983
    inttype: AE_INTERP_LINEAR
    fvalue1: 0.710943699
    isCookedKeytime: true
  }
  keytimes {
    timeOffset: 1.1332798
    inttype: AE_INTERP_LINEAR
    fvalue1: 0.77637434
    isCookedKeytime: true
  }
  keytimes {
    timeOffset: 1.14993978
    inttype: AE_INTERP_LINEAR
    fvalue1: 0.826939344
    isCookedKeytime: true
  }
  keytimes {
    timeOffset: 1.16659975
    inttype: AE_INTERP_LINEAR
    fvalue1: 0.866893053
    isCookedKeytime: true
  }
  keytimes {
    timeOffset: 1.18325973
    inttype: AE_INTERP_LINEAR
    fvalue1: 0.898852587
    isCookedKeytime: true
  }
  keytimes {
    timeOffset: 1.1999197
    inttype: AE_INTERP_LINEAR
    fvalue1: 0.924542308
    isCookedKeytime: true
  }
  keytimes {
    timeOffset: 1.21657968
    inttype: AE_INTERP_LINEAR
    fvalue1: 0.945161283
    isCookedKeytime: true
  }
  keytimes {
    timeOffset: 1.23323965
    inttype: AE_INTERP_LINEAR
    fvalue1: 0.961579084
    isCookedKeytime: true
  }
  keytimes {
    timeOffset: 1.24989963
    inttype: AE_INTERP_LINEAR
    fvalue1: 0.974448144
    isCookedKeytime: true
  }
  keytimes {
    timeOffset: 1.2665596
    inttype: AE_INTERP_LINEAR
    fvalue1: 0.984271705
    isCookedKeytime: true
  }
  keytimes {
    timeOffset: 1.28321958
    inttype: AE_INTERP_LINEAR
    fvalue1: 0.991446853
    isCookedKeytime: true
  }
  keytimes {
    timeOffset: 1.29987955
    inttype: AE_INTERP_LINEAR
    fvalue1: 0.996292949
    isCookedKeytime: true
  }
  keytimes {
    timeOffset: 1.31653953
    inttype: AE_INTERP_LINEAR
    fvalue1: 0.9990713
    isCookedKeytime: true
  }
  keytimes {
    timeOffset: 1.33333337
    inttype: AE_INTERP_LINEAR
    fvalue1: 1
  }
  keytimes {
    timeOffset: 3
    inttype: AE_INTERP_LINEAR
    fvalue1: 1
  }
  keytimes {
    timeOffset: 3.01666
    inttype: AE_INTERP_LINEAR
    fvalue1: 0.999141157
    isCookedKeytime: true
  }
  keytimes {
    timeOffset: 3.03332
    inttype: AE_INTERP_LINEAR
    fvalue1: 0.996439
    isCookedKeytime: true
  }
  keytimes {
    timeOffset: 3.04998
    inttype: AE_INTERP_LINEAR
    fvalue1: 0.991678417
    isCookedKeytime: true
  }
  keytimes {
    timeOffset: 3.06664
    inttype: AE_INTERP_LINEAR
    fvalue1: 0.984600067
    isCookedKeytime: true
  }
  keytimes {
    timeOffset: 3.08329988
    inttype: AE_INTERP_LINEAR
    fvalue1: 0.974887
    isCookedKeytime: true
  }
  keytimes {
    timeOffset: 3.09995985
    inttype: AE_INTERP_LINEAR
    fvalue1: 0.962145746
    isCookedKeytime: true
  }
  keytimes {
    timeOffset: 3.11661983
    inttype: AE_INTERP_LINEAR
    fvalue1: 0.945877969
    isCookedKeytime: true
  }
  keytimes {
    timeOffset: 3.1332798
    inttype: AE_INTERP_LINEAR
    fvalue1: 0.925438166
    isCookedKeytime: true
  }
  keytimes {
    timeOffset: 3.14993978
    inttype: AE_INTERP_LINEAR
    fvalue1: 0.899966836
    isCookedKeytime: true
  }
  keytimes {
    timeOffset: 3.16659975
    inttype: AE_INTERP_LINEAR
    fvalue1: 0.868280768
    isCookedKeytime: true
  }
  keytimes {
    timeOffset: 3.18325973
    inttype: AE_INTERP_LINEAR
    fvalue1: 0.828681648
    isCookedKeytime: true
  }
  keytimes {
    timeOffset: 3.1999197
    inttype: AE_INTERP_LINEAR
    fvalue1: 0.778597772
    isCookedKeytime: true
  }
  keytimes {
    timeOffset: 3.21657968
    inttype: AE_INTERP_LINEAR
    fvalue1: 0.713861167
    isCookedKeytime: true
  }
  keytimes {
    timeOffset: 3.23323965
    inttype: AE_INTERP_LINEAR
    fvalue1: 0.627115786
    isCookedKeytime: true
  }
  keytimes {
    timeOffset: 3.24989963
    inttype: AE_INTERP_LINEAR
    fvalue1: 0.504368901
    isCookedKeytime: true
  }
  keytimes {
    timeOffset: 3.28321958
    inttype: AE_INTERP_LINEAR
    fvalue1: 0.142929092
    isCookedKeytime: true
  }
  keytimes {
    timeOffset: 3.29987955
    inttype: AE_INTERP_LINEAR
    fvalue1: 0.0476790704
    isCookedKeytime: true
  }
  keytimes {
    timeOffset: 3.31653953
    inttype: AE_INTERP_LINEAR
    fvalue1: 0.00978235
    isCookedKeytime: true
  }
  keytimes {
    timeOffset: 3.33333325
    inttype: AE_INTERP_LINEAR
  }
  trackName: "Opacity"
}
tracks {
  binding: IS_VISIBLE
  targetid: 690012597
  targetname: "Text-Detail-1"
  keytimes {
    datatype: AE_INT_DATA
    inttype: AE_INTERP_HOLD
    ivalue1: 1
  }
}
tracks {
  binding: OPACITY
  targetid: 690012597
  targetname: "Text-Detail-1"
  keytimes {
    inttype: AE_INTERP_LINEAR
    fvalue1: 0.5
  }
  keytimes {
    timeOffset: 1
    inttype: AE_INTERP_LINEAR
    fvalue1: 0.5
  }
  keytimes {
    timeOffset: 1.01666
    inttype: AE_INTERP_LINEAR
    fvalue1: 0.495506823
    isCookedKeytime: true
  }
  keytimes {
    timeOffset: 1.03332
    inttype: AE_INTERP_LINEAR
    fvalue1: 0.47730431
    isCookedKeytime: true
  }
  keytimes {
    timeOffset: 1.04997993
    inttype: AE_INTERP_LINEAR
    fvalue1: 0.43123439
    isCookedKeytime: true
  }
  keytimes {
    timeOffset: 1.08329988
    inttype: AE_INTERP_LINEAR
    fvalue1: 0.250733852
    isCookedKeytime: true
  }
  keytimes {
    timeOffset: 1.09995985
    inttype: AE_INTERP_LINEAR
    fvalue1: 0.188444048
    isCookedKeytime: true
  }
  keytimes {
    timeOffset: 1.11661983
    inttype: AE_INTERP_LINEAR
    fvalue1: 0.144528151
    isCookedKeytime: true
  }
  keytimes {
    timeOffset: 1.1332798
    inttype: AE_INTERP_LINEAR
    fvalue1: 0.11181283
    isCookedKeytime: true
  }
  keytimes {
    timeOffset: 1.14993978
    inttype: AE_INTERP_LINEAR
    fvalue1: 0.0865303576
    isCookedKeytime: true
  }
  keytimes {
    timeOffset: 1.16659975
    inttype: AE_INTERP_LINEAR
    fvalue1: 0.066553466
    isCookedKeytime: true
  }
  keytimes {
    timeOffset: 1.18325973
    inttype: AE_INTERP_LINEAR
    fvalue1: 0.0505737066
    isCookedKeytime: true
  }
  keytimes {
    timeOffset: 1.1999197
    inttype: AE_INTERP_LINEAR
    fvalue1: 0.0377288423
    isCookedKeytime: true
  }
  keytimes {
    timeOffset: 1.21657968
    inttype: AE_INTERP_LINEAR
    fvalue1: 0.0274193641
    isCookedKeytime: true
  }
  keytimes {
    timeOffset: 1.23323965
    inttype: AE_INTERP_LINEAR
    fvalue1: 0.0192104615
    isCookedKeytime: true
  }
  keytimes {
    timeOffset: 1.24989963
    inttype: AE_INTERP_LINEAR
    fvalue1: 0.0127759185
    isCookedKeytime: true
  }
  keytimes {
    timeOffset: 1.2665596
    inttype: AE_INTERP_LINEAR
    fvalue1: 0.0078641437
    isCookedKeytime: true
  }
  keytimes {
    timeOffset: 1.28321958
    inttype: AE_INTERP_LINEAR
    fvalue1: 0.00427659415
    isCookedKeytime: true
  }
  keytimes {
    timeOffset: 1.29987955
    inttype: AE_INTERP_LINEAR
    fvalue1: 0.00185354019
    isCookedKeytime: true
  }
  keytimes {
    timeOffset: 1.31653953
    inttype: AE_INTERP_LINEAR
    fvalue1: 0.000464344892
    isCookedKeytime: true
  }
  keytimes {
    timeOffset: 1.33333337
    inttype: AE_INTERP_LINEAR
  }
  keytimes {
    timeOffset: 3
    inttype: AE_INTERP_LINEAR
  }
  keytimes {
    timeOffset: 3.01666
    inttype: AE_INTERP_LINEAR
    fvalue1: 0.000429436186
    isCookedKeytime: true
  }
  keytimes {
    timeOffset: 3.03332
    inttype: AE_INTERP_LINEAR
    fvalue1: 0.00178049784
    isCookedKeytime: true
  }
  keytimes {
    timeOffset: 3.04998
    inttype: AE_INTERP_LINEAR
    fvalue1: 0.0041607949
    isCookedKeytime: true
  }
  keytimes {
    timeOffset: 3.06664
    inttype: AE_INTERP_LINEAR
    fvalue1: 0.00769997947
    isCookedKeytime: true
  }
  keytimes {
    timeOffset: 3.08329988
    inttype: AE_INTERP_LINEAR
    fvalue1: 0.012556484
    isCookedKeytime: true
  }
  keytimes {
    timeOffset: 3.09995985
    inttype: AE_INTERP_LINEAR
    fvalue1: 0.0189271
    isCookedKeytime: true
  }
  keytimes {
    timeOffset: 3.11661983
    inttype: AE_INTERP_LINEAR
    fvalue1: 0.0270609949
    isCookedKeytime: true
  }
  keytimes {
    timeOffset: 3.1332798
    inttype: AE_INTERP_LINEAR
    fvalue1: 0.0372809283
    isCookedKeytime: true
  }
  keytimes {
    timeOffset: 3.14993978
    inttype: AE_INTERP_LINEAR
    fvalue1: 0.0500166044
    isCookedKeytime: true
  }
  keytimes {
    timeOffset: 3.16659975
    inttype: AE_INTERP_LINEAR
    fvalue1: 0.0658595935
    isCookedKeytime: true
  }
  keytimes {
    timeOffset: 3.18325973
    inttype: AE_INTERP_LINEAR
    fvalue1: 0.085659191
    isCookedKeytime: true
  }
  keytimes {
    timeOffset: 3.1999197
    inttype: AE_INTERP_LINEAR
    fvalue1: 0.110701121
    isCookedKeytime: true
  }
  keytimes {
    timeOffset: 3.21657968
    inttype: AE_INTERP_LINEAR
    fvalue1: 0.143069416
    isCookedKeytime: true
  }
  keytimes {
    timeOffset: 3.23323965
    inttype: AE_INTERP_LINEAR
    fvalue1: 0.186442107
    isCookedKeytime: true
  }
  keytimes {
    timeOffset: 3.24989963
    inttype: AE_INTERP_LINEAR
    fvalue1: 0.247815549
    isCookedKeytime: true
  }
  keytimes {
    timeOffset: 3.28321958
    inttype: AE_INTERP_LINEAR
    fvalue1: 0.428535461
    isCookedKeytime: true
  }
  keytimes {
    timeOffset: 3.29987955
    inttype: AE_INTERP_LINEAR
    fvalue1: 0.476160467
    isCookedKeytime: true
  }
  keytimes {
    timeOffset: 3.31653953
    inttype: AE_INTERP_LINEAR
    fvalue1: 0.495108843
    isCookedKeytime: true
  }
  keytimes {
    timeOffset: 3.33333325
    inttype: AE_INTERP_LINEAR
    fvalue1: 0.5
  }
  trackName: "Opacity"
}
markers {
  starttime: 1
  duration: 0.333333343
  name: "FocusIn"
  tracksSelection {
    targetid: 690012596
    binding: OPACITY
  }
  tracksSelection {
    targetid: 690012597
    binding: OPACITY
  }
  id: 21
}
markers {
  starttime: 3
  duration: 0.333333343
  name: "FocusOut"
  tracksSelection {
    targetid: 690012596
    binding: OPACITY
  }
  tracksSelection {
    targetid: 690012597
    binding: OPACITY
  }
  id: 22
}
