activecomp {
  name: "Auryn_Btn-Back"
  width: 100
  height: 100
  defaultcameradistance: 138.888885
  layer {
    name: "Btn-Back-noLine.png"
    id: 690011939
    sourceid: 690014216
    transform {
      anchorPoint {
        x: 20
        y: 34
      }
      scale {
        x: 1
        y: 1
        z: 1
      }
      position {
        x: 41
        y: 50
      }
      orientation {
      }
      opacity: 1
    }
    acceptsshadows: true
    acceptslights: true
  }
  classname: "CYIPushButtonView"
  bgcolor {
    alpha: 1
    red: 0.086274509803921567
    green: 0.11372549019607843
    blue: 0.14509803921568629
  }
  properties {
    key: "componentSubtype"
    value: "push"
  }
  properties {
    key: "componentType"
    value: "button"
  }
}
sources {
  uid: 690014216
  srctype: AE_IMAGE_SRC
  name: "Btn-Back-noLine.png"
  width: 40
  height: 68
  numberOfFrames: 1
  loops: 1
  copy_source: true
}
