activecomp {
  name: "Auryn_Content"
  width: 1920
  height: 1080
  defaultcameradistance: 2666.66675
  layer {
    name: "PDP"
    id: 624
    sourceid: 253
    transform {
      anchorPoint {
        x: 960
        y: 540
      }
      scale {
        x: 1
        y: 1
        z: 1
      }
      position {
        x: 960
        y: 540
      }
      orientation {
      }
      opacity: 1
    }
    acceptsshadows: true
    acceptslights: true
  }
  layer {
    name: "Lander"
    id: 625
    sourceid: 64
    transform {
      anchorPoint {
        x: 960
        y: 540
      }
      scale {
        x: 1
        y: 1
        z: 1
      }
      position {
        x: 960
        y: 540
      }
      orientation {
      }
      opacity: 1
    }
    acceptsshadows: true
    acceptslights: true
  }
  layer {
    name: "Splash"
    id: 626
    sourceid: 187
    transform {
      anchorPoint {
        x: 960
        y: 540
      }
      scale {
        x: 1
        y: 1
        z: 1
      }
      position {
        x: 960
        y: 540
      }
      orientation {
      }
      opacity: 1
    }
    acceptsshadows: true
    acceptslights: true
  }
  bgcolor {
    alpha: 1
    red: 0.2627450980392157
    blue: 0.53725490196078429
  }
  childtemplates: "Auryn_PDP"
  childtemplates: "Auryn_Lander"
  childtemplates: "Auryn_Splash"
}
sources {
  uid: 253
  name: "Auryn_PDP.layout"
  width: 1920
  height: 1080
  copy_source: true
}
sources {
  uid: 64
  name: "Auryn_Lander.layout"
  width: 1920
  height: 1080
  copy_source: true
}
sources {
  uid: 187
  name: "Auryn_Splash.layout"
  width: 1920
  height: 1080
  copy_source: true
}
