activecomp {
  name: "Auryn_List-PDP-Contianer"
  width: 1920
  height: 1080
  defaultcameradistance: 2666.66675
  layer {
    name: "List-PDP"
    id: 690012230
    sourceid: 360
    transform {
      anchorPoint {
        x: 882
        y: 200
      }
      scale {
        x: 1
        y: 1
        z: 1
      }
      position {
        x: 950
        y: 883
      }
      orientation {
      }
    }
    acceptsshadows: true
    acceptslights: true
  }
  layer {
    name: "Text-ListTitle"
    id: 690012231
    sourceid: -1
    transform {
      anchorPoint {
        x: 248.5
        y: 40.5
      }
      scale {
        x: 1
        y: 1
        z: 1
      }
      position {
        x: 326.075958
        y: 664.5
      }
      orientation {
      }
    }
    acceptsshadows: true
    acceptslights: true
    textinfo {
      fontSize: 29
      fontColor {
        alpha: 1
        red: 1
        green: 1
        blue: 1
      }
      fontName: "Montserrat-Bold"
      boundsWidth: 1367
      boundsHeight: 60
      isLabel: true
      text: "More Like This"
      multiline: true
      isAllCaps: true
    }
  }
  bgcolor {
    alpha: 1
    red: 0.30588235294117649
    green: 0.30588235294117649
    blue: 0.30588235294117649
  }
  properties {
    key: "horizontal-scroll"
    value: "false"
  }
  properties {
    key: "vertical-scroll"
    value: "true"
  }
  childtemplates: "Auryn_List-PDP"
}
sources {
  uid: 360
  name: "Auryn_List-PDP.layout"
  width: 1764
  height: 400
  copy_source: true
}
sources {
  uid: 2
  srctype: AE_FONT_SRC
  name: "Montserrat-Bold"
  copy_source: true
  file_name: "yi_Montserrat-Bold.otf"
  style_name: "Bold"
}
