activecomp {
  name: "Auryn_TextInput"
  width: 1024
  height: 74
  defaultcameradistance: 1422.22217
  layer {
    name: "Btn-Search.png"
    id: 1023
    sourceid: 690016646
    transform {
      anchorPoint {
        x: 167
        y: 34.5
      }
      scale {
        x: 1
        y: 1
        z: 1
      }
      position {
        x: 167
        y: 37
      }
      orientation {
      }
      opacity: 1
    }
    acceptsshadows: true
    acceptslights: true
  }
  layer {
    name: "Btn-Search-Focused.png"
    id: 1024
    sourceid: 690016647
    transform {
      anchorPoint {
        x: 167
        y: 34.5
      }
      scale {
        x: 1
        y: 1
        z: 1
      }
      position {
        x: 167
        y: 37
      }
      orientation {
      }
    }
    acceptsshadows: true
    acceptslights: true
  }
  layer {
    name: "InputProperties"
    id: 1025
    sourceid: 1040
    transform {
      anchorPoint {
        x: 25
        y: 72.5
      }
      scale {
        x: 1
        y: 1
        z: 1
      }
      position {
        x: 919.848389
        y: -9.39477539
      }
      orientation {
      }
      opacity: 1
    }
    acceptsshadows: true
    acceptslights: true
    parentid: 1027
  }
  layer {
    name: "Edit Search"
    id: 1026
    sourceid: -1
    transform {
      anchorPoint {
        x: 109
        y: 20
      }
      scale {
        x: 1
        y: 1
        z: 1
      }
      position {
        x: 198.946106
        y: 47.6517334
      }
      orientation {
      }
      opacity: 1
    }
    acceptsshadows: true
    acceptslights: true
    textinfo {
      justification: AE_TEXT_CENTER
      fontSize: 24
      fontColor {
        alpha: 1
        red: 1
        green: 1
        blue: 1
      }
      fontName: "Montserrat-Bold"
      boundsWidth: 218
      boundsHeight: 40
      isLabel: true
      text: "Edit Search"
      multiline: true
      isAllCaps: true
    }
  }
  layer {
    name: "Text"
    id: 1027
    sourceid: -1
    transform {
      anchorPoint {
      }
      scale {
        x: 1
        y: 1
        z: 1
      }
      position {
        x: 370
        y: 45.6593781
      }
      orientation {
      }
      opacity: 1
    }
    acceptsshadows: true
    acceptslights: true
    textinfo {
      fontSize: 29
      fontColor {
        alpha: 1
        red: 0.89803999662399292
        green: 0.89803999662399292
        blue: 0.89803999662399292
      }
      fontName: "Montserrat-Bold"
      isPointText: true
      isLabel: true
      text: "Find a series, movie, or episode"
    }
  }
  layer {
    name: "Icon-Search.png"
    id: 1028
    sourceid: 104
    transform {
      anchorPoint {
        x: 22.5
        y: 23.5
      }
      scale {
        x: 0.76
        y: 0.76
        z: 1
      }
      position {
        x: 60.5
        y: 37
      }
      orientation {
      }
      opacity: 1
    }
    acceptsshadows: true
    acceptslights: true
  }
  classname: "CYIPasswordTextEditView"
  bgcolor {
    alpha: 1
  }
  properties {
    key: "componentType"
    value: "input"
  }
  properties {
    key: "componentSubtype"
    value: "protected"
  }
  properties {
    key: "caret-color"
    value: "#F1F1F1"
  }
}
sources {
  uid: 690016646
  srctype: AE_IMAGE_SRC
  name: "Btn-Search.png"
  width: 334
  height: 69
  numberOfFrames: 1
  loops: 1
  copy_source: true
}
sources {
  uid: 690016647
  srctype: AE_IMAGE_SRC
  name: "Btn-Search-Focused.png"
  width: 334
  height: 69
  numberOfFrames: 1
  loops: 1
  copy_source: true
}
sources {
  uid: 1040
  srctype: AE_SOLID_SRC
  color {
    alpha: 1
    red: 0.97647058963775635
    green: 0.97647058963775635
    blue: 0.98039215803146362
  }
  width: 50
  height: 145
}
sources {
  uid: 4
  srctype: AE_FONT_SRC
  name: "Montserrat-Bold"
  copy_source: true
  file_name: "yi_Montserrat-Bold.otf"
  style_name: "Bold"
}
sources {
  uid: 104
  srctype: AE_IMAGE_SRC
  name: "Icon-Search.png"
  width: 45
  height: 47
  numberOfFrames: 1
  loops: 1
  copy_source: true
}
