tracks {
  binding: IS_VISIBLE
  targetid: 519919
  targetname: "Gradient-Player.png"
  keytimes {
    datatype: AE_INT_DATA
    inttype: AE_INTERP_HOLD
    ivalue1: 1
  }
}
tracks {
  targetid: 519919
  targetname: "Gradient-Player.png"
  keytimes {
    datatype: AE_FLOAT_VECTOR_DATA
    inttype: AE_INTERP_LINEAR
    fvalue1: 960
    fvalue2: 1044
  }
  keytimes {
    datatype: AE_FLOAT_VECTOR_DATA
    timeOffset: 1
    inttype: AE_INTERP_LINEAR
    fvalue1: 960
    fvalue2: 1044
  }
  keytimes {
    datatype: AE_FLOAT_VECTOR_DATA
    timeOffset: 1.01666
    inttype: AE_INTERP_LINEAR
    fvalue1: 960
    fvalue2: 1043.02808
    isCookedKeytime: true
  }
  keytimes {
    datatype: AE_FLOAT_VECTOR_DATA
    timeOffset: 1.03332
    inttype: AE_INTERP_LINEAR
    fvalue1: 960
    fvalue2: 1039.53906
    isCookedKeytime: true
  }
  keytimes {
    datatype: AE_FLOAT_VECTOR_DATA
    timeOffset: 1.04997993
    inttype: AE_INTERP_LINEAR
    fvalue1: 960
    fvalue2: 1032.1897
    isCookedKeytime: true
  }
  keytimes {
    datatype: AE_FLOAT_VECTOR_DATA
    timeOffset: 1.0666399
    inttype: AE_INTERP_LINEAR
    fvalue1: 960
    fvalue2: 1018.57745
    isCookedKeytime: true
  }
  keytimes {
    datatype: AE_FLOAT_VECTOR_DATA
    timeOffset: 1.08329988
    inttype: AE_INTERP_LINEAR
    fvalue1: 960
    fvalue2: 994.932129
    isCookedKeytime: true
  }
  keytimes {
    datatype: AE_FLOAT_VECTOR_DATA
    timeOffset: 1.11661983
    inttype: AE_INTERP_LINEAR
    fvalue1: 960
    fvalue2: 928.30481
    isCookedKeytime: true
  }
  keytimes {
    datatype: AE_FLOAT_VECTOR_DATA
    timeOffset: 1.1332798
    inttype: AE_INTERP_LINEAR
    fvalue1: 960
    fvalue2: 902.182678
    isCookedKeytime: true
  }
  keytimes {
    datatype: AE_FLOAT_VECTOR_DATA
    timeOffset: 1.14993978
    inttype: AE_INTERP_LINEAR
    fvalue1: 960
    fvalue2: 881.992126
    isCookedKeytime: true
  }
  keytimes {
    datatype: AE_FLOAT_VECTOR_DATA
    timeOffset: 1.16659975
    inttype: AE_INTERP_LINEAR
    fvalue1: 960
    fvalue2: 865.987122
    isCookedKeytime: true
  }
  keytimes {
    datatype: AE_FLOAT_VECTOR_DATA
    timeOffset: 1.18325973
    inttype: AE_INTERP_LINEAR
    fvalue1: 960
    fvalue2: 852.958496
    isCookedKeytime: true
  }
  keytimes {
    datatype: AE_FLOAT_VECTOR_DATA
    timeOffset: 1.1999197
    inttype: AE_INTERP_LINEAR
    fvalue1: 960
    fvalue2: 842.143555
    isCookedKeytime: true
  }
  keytimes {
    datatype: AE_FLOAT_VECTOR_DATA
    timeOffset: 1.21657968
    inttype: AE_INTERP_LINEAR
    fvalue1: 960
    fvalue2: 833.028381
    isCookedKeytime: true
  }
  keytimes {
    datatype: AE_FLOAT_VECTOR_DATA
    timeOffset: 1.23323965
    inttype: AE_INTERP_LINEAR
    fvalue1: 960
    fvalue2: 825.267578
    isCookedKeytime: true
  }
  keytimes {
    datatype: AE_FLOAT_VECTOR_DATA
    timeOffset: 1.24989963
    inttype: AE_INTERP_LINEAR
    fvalue1: 960
    fvalue2: 818.608459
    isCookedKeytime: true
  }
  keytimes {
    datatype: AE_FLOAT_VECTOR_DATA
    timeOffset: 1.2665596
    inttype: AE_INTERP_LINEAR
    fvalue1: 960
    fvalue2: 812.86853
    isCookedKeytime: true
  }
  keytimes {
    datatype: AE_FLOAT_VECTOR_DATA
    timeOffset: 1.28321958
    inttype: AE_INTERP_LINEAR
    fvalue1: 960
    fvalue2: 807.909302
    isCookedKeytime: true
  }
  keytimes {
    datatype: AE_FLOAT_VECTOR_DATA
    timeOffset: 1.29987955
    inttype: AE_INTERP_LINEAR
    fvalue1: 960
    fvalue2: 803.619446
    isCookedKeytime: true
  }
  keytimes {
    datatype: AE_FLOAT_VECTOR_DATA
    timeOffset: 1.31653953
    inttype: AE_INTERP_LINEAR
    fvalue1: 960
    fvalue2: 799.91394
    isCookedKeytime: true
  }
  keytimes {
    datatype: AE_FLOAT_VECTOR_DATA
    timeOffset: 1.3331995
    inttype: AE_INTERP_LINEAR
    fvalue1: 960
    fvalue2: 796.724
    isCookedKeytime: true
  }
  keytimes {
    datatype: AE_FLOAT_VECTOR_DATA
    timeOffset: 1.34985948
    inttype: AE_INTERP_LINEAR
    fvalue1: 960
    fvalue2: 793.990479
    isCookedKeytime: true
  }
  keytimes {
    datatype: AE_FLOAT_VECTOR_DATA
    timeOffset: 1.36651945
    inttype: AE_INTERP_LINEAR
    fvalue1: 960
    fvalue2: 791.665466
    isCookedKeytime: true
  }
  keytimes {
    datatype: AE_FLOAT_VECTOR_DATA
    timeOffset: 1.38317943
    inttype: AE_INTERP_LINEAR
    fvalue1: 960
    fvalue2: 789.709717
    isCookedKeytime: true
  }
  keytimes {
    datatype: AE_FLOAT_VECTOR_DATA
    timeOffset: 1.3998394
    inttype: AE_INTERP_LINEAR
    fvalue1: 960
    fvalue2: 788.089355
    isCookedKeytime: true
  }
  keytimes {
    datatype: AE_FLOAT_VECTOR_DATA
    timeOffset: 1.41649938
    inttype: AE_INTERP_LINEAR
    fvalue1: 960
    fvalue2: 786.774658
    isCookedKeytime: true
  }
  keytimes {
    datatype: AE_FLOAT_VECTOR_DATA
    timeOffset: 1.43315935
    inttype: AE_INTERP_LINEAR
    fvalue1: 960
    fvalue2: 785.740173
    isCookedKeytime: true
  }
  keytimes {
    datatype: AE_FLOAT_VECTOR_DATA
    timeOffset: 1.44981933
    inttype: AE_INTERP_LINEAR
    fvalue1: 960
    fvalue2: 784.963684
    isCookedKeytime: true
  }
  keytimes {
    datatype: AE_FLOAT_VECTOR_DATA
    timeOffset: 1.4664793
    inttype: AE_INTERP_LINEAR
    fvalue1: 960
    fvalue2: 784.422729
    isCookedKeytime: true
  }
  keytimes {
    datatype: AE_FLOAT_VECTOR_DATA
    timeOffset: 1.48313928
    inttype: AE_INTERP_LINEAR
    fvalue1: 960
    fvalue2: 784.108093
    isCookedKeytime: true
  }
  keytimes {
    datatype: AE_FLOAT_VECTOR_DATA
    timeOffset: 1.5
    inttype: AE_INTERP_LINEAR
    fvalue1: 960
    fvalue2: 784
  }
  keytimes {
    datatype: AE_FLOAT_VECTOR_DATA
    timeOffset: 6
    inttype: AE_INTERP_LINEAR
    fvalue1: 960
    fvalue2: 784
  }
  keytimes {
    datatype: AE_FLOAT_VECTOR_DATA
    timeOffset: 6.01666
    inttype: AE_INTERP_LINEAR
    fvalue1: 960
    fvalue2: 784.096252
    isCookedKeytime: true
  }
  keytimes {
    datatype: AE_FLOAT_VECTOR_DATA
    timeOffset: 6.03332043
    inttype: AE_INTERP_LINEAR
    fvalue1: 960
    fvalue2: 784.398132
    isCookedKeytime: true
  }
  keytimes {
    datatype: AE_FLOAT_VECTOR_DATA
    timeOffset: 6.04998064
    inttype: AE_INTERP_LINEAR
    fvalue1: 960
    fvalue2: 784.925537
    isCookedKeytime: true
  }
  keytimes {
    datatype: AE_FLOAT_VECTOR_DATA
    timeOffset: 6.06664085
    inttype: AE_INTERP_LINEAR
    fvalue1: 960
    fvalue2: 785.687683
    isCookedKeytime: true
  }
  keytimes {
    datatype: AE_FLOAT_VECTOR_DATA
    timeOffset: 6.08330107
    inttype: AE_INTERP_LINEAR
    fvalue1: 960
    fvalue2: 786.706421
    isCookedKeytime: true
  }
  keytimes {
    datatype: AE_FLOAT_VECTOR_DATA
    timeOffset: 6.09996128
    inttype: AE_INTERP_LINEAR
    fvalue1: 960
    fvalue2: 788.004
    isCookedKeytime: true
  }
  keytimes {
    datatype: AE_FLOAT_VECTOR_DATA
    timeOffset: 6.11662149
    inttype: AE_INTERP_LINEAR
    fvalue1: 960
    fvalue2: 789.605591
    isCookedKeytime: true
  }
  keytimes {
    datatype: AE_FLOAT_VECTOR_DATA
    timeOffset: 6.13328171
    inttype: AE_INTERP_LINEAR
    fvalue1: 960
    fvalue2: 791.540833
    isCookedKeytime: true
  }
  keytimes {
    datatype: AE_FLOAT_VECTOR_DATA
    timeOffset: 6.14994192
    inttype: AE_INTERP_LINEAR
    fvalue1: 960
    fvalue2: 793.843079
    isCookedKeytime: true
  }
  keytimes {
    datatype: AE_FLOAT_VECTOR_DATA
    timeOffset: 6.16660213
    inttype: AE_INTERP_LINEAR
    fvalue1: 960
    fvalue2: 796.551392
    isCookedKeytime: true
  }
  keytimes {
    datatype: AE_FLOAT_VECTOR_DATA
    timeOffset: 6.18326235
    inttype: AE_INTERP_LINEAR
    fvalue1: 960
    fvalue2: 799.713074
    isCookedKeytime: true
  }
  keytimes {
    datatype: AE_FLOAT_VECTOR_DATA
    timeOffset: 6.19992256
    inttype: AE_INTERP_LINEAR
    fvalue1: 960
    fvalue2: 803.386475
    isCookedKeytime: true
  }
  keytimes {
    datatype: AE_FLOAT_VECTOR_DATA
    timeOffset: 6.21658278
    inttype: AE_INTERP_LINEAR
    fvalue1: 960
    fvalue2: 807.639893
    isCookedKeytime: true
  }
  keytimes {
    datatype: AE_FLOAT_VECTOR_DATA
    timeOffset: 6.23324299
    inttype: AE_INTERP_LINEAR
    fvalue1: 960
    fvalue2: 812.557
    isCookedKeytime: true
  }
  keytimes {
    datatype: AE_FLOAT_VECTOR_DATA
    timeOffset: 6.2499032
    inttype: AE_INTERP_LINEAR
    fvalue1: 960
    fvalue2: 818.247559
    isCookedKeytime: true
  }
  keytimes {
    datatype: AE_FLOAT_VECTOR_DATA
    timeOffset: 6.26656342
    inttype: AE_INTERP_LINEAR
    fvalue1: 960
    fvalue2: 824.848267
    isCookedKeytime: true
  }
  keytimes {
    datatype: AE_FLOAT_VECTOR_DATA
    timeOffset: 6.28322363
    inttype: AE_INTERP_LINEAR
    fvalue1: 960
    fvalue2: 832.538086
    isCookedKeytime: true
  }
  keytimes {
    datatype: AE_FLOAT_VECTOR_DATA
    timeOffset: 6.29988384
    inttype: AE_INTERP_LINEAR
    fvalue1: 960
    fvalue2: 841.56543
    isCookedKeytime: true
  }
  keytimes {
    datatype: AE_FLOAT_VECTOR_DATA
    timeOffset: 6.31654406
    inttype: AE_INTERP_LINEAR
    fvalue1: 960
    fvalue2: 852.268372
    isCookedKeytime: true
  }
  keytimes {
    datatype: AE_FLOAT_VECTOR_DATA
    timeOffset: 6.33320427
    inttype: AE_INTERP_LINEAR
    fvalue1: 960
    fvalue2: 865.149048
    isCookedKeytime: true
  }
  keytimes {
    datatype: AE_FLOAT_VECTOR_DATA
    timeOffset: 6.34986448
    inttype: AE_INTERP_LINEAR
    fvalue1: 960
    fvalue2: 880.951416
    isCookedKeytime: true
  }
  keytimes {
    datatype: AE_FLOAT_VECTOR_DATA
    timeOffset: 6.3665247
    inttype: AE_INTERP_LINEAR
    fvalue1: 960
    fvalue2: 900.852478
    isCookedKeytime: true
  }
  keytimes {
    datatype: AE_FLOAT_VECTOR_DATA
    timeOffset: 6.38318491
    inttype: AE_INTERP_LINEAR
    fvalue1: 960
    fvalue2: 926.574463
    isCookedKeytime: true
  }
  keytimes {
    datatype: AE_FLOAT_VECTOR_DATA
    timeOffset: 6.41650534
    inttype: AE_INTERP_LINEAR
    fvalue1: 960
    fvalue2: 993.176
    isCookedKeytime: true
  }
  keytimes {
    datatype: AE_FLOAT_VECTOR_DATA
    timeOffset: 6.43316555
    inttype: AE_INTERP_LINEAR
    fvalue1: 960
    fvalue2: 1017.50653
    isCookedKeytime: true
  }
  keytimes {
    datatype: AE_FLOAT_VECTOR_DATA
    timeOffset: 6.44982576
    inttype: AE_INTERP_LINEAR
    fvalue1: 960
    fvalue2: 1031.59412
    isCookedKeytime: true
  }
  keytimes {
    datatype: AE_FLOAT_VECTOR_DATA
    timeOffset: 6.46648598
    inttype: AE_INTERP_LINEAR
    fvalue1: 960
    fvalue2: 1039.23169
    isCookedKeytime: true
  }
  keytimes {
    datatype: AE_FLOAT_VECTOR_DATA
    timeOffset: 6.48314619
    inttype: AE_INTERP_LINEAR
    fvalue1: 960
    fvalue2: 1042.90222
    isCookedKeytime: true
  }
  keytimes {
    datatype: AE_FLOAT_VECTOR_DATA
    timeOffset: 6.5
    inttype: AE_INTERP_LINEAR
    fvalue1: 960
    fvalue2: 1044
  }
  trackName: "Position"
}
tracks {
  binding: OPACITY
  targetid: 519919
  targetname: "Gradient-Player.png"
  keytimes {
    inttype: AE_INTERP_LINEAR
  }
  keytimes {
    timeOffset: 1
    inttype: AE_INTERP_LINEAR
  }
  keytimes {
    timeOffset: 1.01666
    inttype: AE_INTERP_LINEAR
    fvalue1: 0.00280405069
    isCookedKeytime: true
  }
  keytimes {
    timeOffset: 1.03332
    inttype: AE_INTERP_LINEAR
    fvalue1: 0.0128681874
    isCookedKeytime: true
  }
  keytimes {
    timeOffset: 1.04997993
    inttype: AE_INTERP_LINEAR
    fvalue1: 0.0340435617
    isCookedKeytime: true
  }
  keytimes {
    timeOffset: 1.0666399
    inttype: AE_INTERP_LINEAR
    fvalue1: 0.0733264536
    isCookedKeytime: true
  }
  keytimes {
    timeOffset: 1.08329988
    inttype: AE_INTERP_LINEAR
    fvalue1: 0.141505599
    isCookedKeytime: true
  }
  keytimes {
    timeOffset: 1.11661983
    inttype: AE_INTERP_LINEAR
    fvalue1: 0.333734065
    isCookedKeytime: true
  }
  keytimes {
    timeOffset: 1.1332798
    inttype: AE_INTERP_LINEAR
    fvalue1: 0.409089535
    isCookedKeytime: true
  }
  keytimes {
    timeOffset: 1.14993978
    inttype: AE_INTERP_LINEAR
    fvalue1: 0.467333943
    isCookedKeytime: true
  }
  keytimes {
    timeOffset: 1.16659975
    inttype: AE_INTERP_LINEAR
    fvalue1: 0.513507485
    isCookedKeytime: true
  }
  keytimes {
    timeOffset: 1.18325973
    inttype: AE_INTERP_LINEAR
    fvalue1: 0.5510813
    isCookedKeytime: true
  }
  keytimes {
    timeOffset: 1.1999197
    inttype: AE_INTERP_LINEAR
    fvalue1: 0.582280755
    isCookedKeytime: true
  }
  keytimes {
    timeOffset: 1.21657968
    inttype: AE_INTERP_LINEAR
    fvalue1: 0.608572066
    isCookedKeytime: true
  }
  keytimes {
    timeOffset: 1.23323965
    inttype: AE_INTERP_LINEAR
    fvalue1: 0.630962133
    isCookedKeytime: true
  }
  keytimes {
    timeOffset: 1.24989963
    inttype: AE_INTERP_LINEAR
    fvalue1: 0.650169849
    isCookedKeytime: true
  }
  keytimes {
    timeOffset: 1.2665596
    inttype: AE_INTERP_LINEAR
    fvalue1: 0.666725934
    isCookedKeytime: true
  }
  keytimes {
    timeOffset: 1.28321958
    inttype: AE_INTERP_LINEAR
    fvalue1: 0.681033611
    isCookedKeytime: true
  }
  keytimes {
    timeOffset: 1.29987955
    inttype: AE_INTERP_LINEAR
    fvalue1: 0.693406761
    isCookedKeytime: true
  }
  keytimes {
    timeOffset: 1.31653953
    inttype: AE_INTERP_LINEAR
    fvalue1: 0.704094529
    isCookedKeytime: true
  }
  keytimes {
    timeOffset: 1.3331995
    inttype: AE_INTERP_LINEAR
    fvalue1: 0.713298559
    isCookedKeytime: true
  }
  keytimes {
    timeOffset: 1.34985948
    inttype: AE_INTERP_LINEAR
    fvalue1: 0.721184313
    isCookedKeytime: true
  }
  keytimes {
    timeOffset: 1.36651945
    inttype: AE_INTERP_LINEAR
    fvalue1: 0.727889419
    isCookedKeytime: true
  }
  keytimes {
    timeOffset: 1.38317943
    inttype: AE_INTERP_LINEAR
    fvalue1: 0.733529687
    isCookedKeytime: true
  }
  keytimes {
    timeOffset: 1.3998394
    inttype: AE_INTERP_LINEAR
    fvalue1: 0.738203824
    isCookedKeytime: true
  }
  keytimes {
    timeOffset: 1.41649938
    inttype: AE_INTERP_LINEAR
    fvalue1: 0.741996229
    isCookedKeytime: true
  }
  keytimes {
    timeOffset: 1.43315935
    inttype: AE_INTERP_LINEAR
    fvalue1: 0.744980216
    isCookedKeytime: true
  }
  keytimes {
    timeOffset: 1.44981933
    inttype: AE_INTERP_LINEAR
    fvalue1: 0.747219682
    isCookedKeytime: true
  }
  keytimes {
    timeOffset: 1.4664793
    inttype: AE_INTERP_LINEAR
    fvalue1: 0.748770595
    isCookedKeytime: true
  }
  keytimes {
    timeOffset: 1.48313928
    inttype: AE_INTERP_LINEAR
    fvalue1: 0.749682367
    isCookedKeytime: true
  }
  keytimes {
    timeOffset: 1.5
    inttype: AE_INTERP_LINEAR
    fvalue1: 0.75
  }
  keytimes {
    timeOffset: 6
    inttype: AE_INTERP_LINEAR
    fvalue1: 0.75
  }
  keytimes {
    timeOffset: 6.01666
    inttype: AE_INTERP_LINEAR
    fvalue1: 0.749717
    isCookedKeytime: true
  }
  keytimes {
    timeOffset: 6.03332043
    inttype: AE_INTERP_LINEAR
    fvalue1: 0.748841345
    isCookedKeytime: true
  }
  keytimes {
    timeOffset: 6.04998064
    inttype: AE_INTERP_LINEAR
    fvalue1: 0.747329235
    isCookedKeytime: true
  }
  keytimes {
    timeOffset: 6.06664085
    inttype: AE_INTERP_LINEAR
    fvalue1: 0.745131731
    isCookedKeytime: true
  }
  keytimes {
    timeOffset: 6.08330107
    inttype: AE_INTERP_LINEAR
    fvalue1: 0.742193043
    isCookedKeytime: true
  }
  keytimes {
    timeOffset: 6.09996128
    inttype: AE_INTERP_LINEAR
    fvalue1: 0.73845
    isCookedKeytime: true
  }
  keytimes {
    timeOffset: 6.11662149
    inttype: AE_INTERP_LINEAR
    fvalue1: 0.73383
    isCookedKeytime: true
  }
  keytimes {
    timeOffset: 6.13328171
    inttype: AE_INTERP_LINEAR
    fvalue1: 0.728248894
    isCookedKeytime: true
  }
  keytimes {
    timeOffset: 6.14994192
    inttype: AE_INTERP_LINEAR
    fvalue1: 0.721609354
    isCookedKeytime: true
  }
  keytimes {
    timeOffset: 6.16660213
    inttype: AE_INTERP_LINEAR
    fvalue1: 0.713796556
    isCookedKeytime: true
  }
  keytimes {
    timeOffset: 6.18326235
    inttype: AE_INTERP_LINEAR
    fvalue1: 0.704674125
    isCookedKeytime: true
  }
  keytimes {
    timeOffset: 6.19992256
    inttype: AE_INTERP_LINEAR
    fvalue1: 0.694078624
    isCookedKeytime: true
  }
  keytimes {
    timeOffset: 6.21658278
    inttype: AE_INTERP_LINEAR
    fvalue1: 0.681810737
    isCookedKeytime: true
  }
  keytimes {
    timeOffset: 6.23324299
    inttype: AE_INTERP_LINEAR
    fvalue1: 0.667624593
    isCookedKeytime: true
  }
  keytimes {
    timeOffset: 6.2499032
    inttype: AE_INTERP_LINEAR
    fvalue1: 0.651210606
    isCookedKeytime: true
  }
  keytimes {
    timeOffset: 6.26656342
    inttype: AE_INTERP_LINEAR
    fvalue1: 0.63217181
    isCookedKeytime: true
  }
  keytimes {
    timeOffset: 6.28322363
    inttype: AE_INTERP_LINEAR
    fvalue1: 0.609986186
    isCookedKeytime: true
  }
  keytimes {
    timeOffset: 6.29988384
    inttype: AE_INTERP_LINEAR
    fvalue1: 0.583948314
    isCookedKeytime: true
  }
  keytimes {
    timeOffset: 6.31654406
    inttype: AE_INTERP_LINEAR
    fvalue1: 0.553072
    isCookedKeytime: true
  }
  keytimes {
    timeOffset: 6.33320427
    inttype: AE_INTERP_LINEAR
    fvalue1: 0.515924513
    isCookedKeytime: true
  }
  keytimes {
    timeOffset: 6.34986448
    inttype: AE_INTERP_LINEAR
    fvalue1: 0.470336825
    isCookedKeytime: true
  }
  keytimes {
    timeOffset: 6.3665247
    inttype: AE_INTERP_LINEAR
    fvalue1: 0.412926704
    isCookedKeytime: true
  }
  keytimes {
    timeOffset: 6.38318491
    inttype: AE_INTERP_LINEAR
    fvalue1: 0.338725328
    isCookedKeytime: true
  }
  keytimes {
    timeOffset: 6.41650534
    inttype: AE_INTERP_LINEAR
    fvalue1: 0.146574512
    isCookedKeytime: true
  }
  keytimes {
    timeOffset: 6.43316555
    inttype: AE_INTERP_LINEAR
    fvalue1: 0.0764192268
    isCookedKeytime: true
  }
  keytimes {
    timeOffset: 6.44982576
    inttype: AE_INTERP_LINEAR
    fvalue1: 0.0357593037
    isCookedKeytime: true
  }
  keytimes {
    timeOffset: 6.46648598
    inttype: AE_INTERP_LINEAR
    fvalue1: 0.0137547962
    isCookedKeytime: true
  }
  keytimes {
    timeOffset: 6.48314619
    inttype: AE_INTERP_LINEAR
    fvalue1: 0.00316661713
    isCookedKeytime: true
  }
  keytimes {
    timeOffset: 6.5
    inttype: AE_INTERP_LINEAR
  }
  trackName: "Opacity"
}
tracks {
  binding: IS_VISIBLE
  targetid: 519920
  targetname: "Player-Controls-Layout"
  keytimes {
    datatype: AE_INT_DATA
    inttype: AE_INTERP_HOLD
    ivalue1: 1
  }
}
tracks {
  targetid: 519920
  targetname: "Player-Controls-Layout"
  keytimes {
    datatype: AE_FLOAT_VECTOR_DATA
    inttype: AE_INTERP_LINEAR
    fvalue1: 50
    fvalue2: -158
  }
  keytimes {
    datatype: AE_FLOAT_VECTOR_DATA
    timeOffset: 1.0333333
    inttype: AE_INTERP_LINEAR
    fvalue1: 50
    fvalue2: -158
  }
  keytimes {
    datatype: AE_FLOAT_VECTOR_DATA
    timeOffset: 1.04999328
    inttype: AE_INTERP_LINEAR
    fvalue1: 50
    fvalue2: -160.055923
    isCookedKeytime: true
  }
  keytimes {
    datatype: AE_FLOAT_VECTOR_DATA
    timeOffset: 1.06665325
    inttype: AE_INTERP_LINEAR
    fvalue1: 50
    fvalue2: -168.094345
    isCookedKeytime: true
  }
  keytimes {
    datatype: AE_FLOAT_VECTOR_DATA
    timeOffset: 1.08331323
    inttype: AE_INTERP_LINEAR
    fvalue1: 50
    fvalue2: -187.388458
    isCookedKeytime: true
  }
  keytimes {
    datatype: AE_FLOAT_VECTOR_DATA
    timeOffset: 1.0999732
    inttype: AE_INTERP_LINEAR
    fvalue1: 50
    fvalue2: -226.952042
    isCookedKeytime: true
  }
  keytimes {
    datatype: AE_FLOAT_VECTOR_DATA
    timeOffset: 1.11663318
    inttype: AE_INTERP_LINEAR
    fvalue1: 50
    fvalue2: -277.495117
    isCookedKeytime: true
  }
  keytimes {
    datatype: AE_FLOAT_VECTOR_DATA
    timeOffset: 1.13329315
    inttype: AE_INTERP_LINEAR
    fvalue1: 50
    fvalue2: -316.215179
    isCookedKeytime: true
  }
  keytimes {
    datatype: AE_FLOAT_VECTOR_DATA
    timeOffset: 1.14995313
    inttype: AE_INTERP_LINEAR
    fvalue1: 50
    fvalue2: -343.648956
    isCookedKeytime: true
  }
  keytimes {
    datatype: AE_FLOAT_VECTOR_DATA
    timeOffset: 1.1666131
    inttype: AE_INTERP_LINEAR
    fvalue1: 50
    fvalue2: -364.029785
    isCookedKeytime: true
  }
  keytimes {
    datatype: AE_FLOAT_VECTOR_DATA
    timeOffset: 1.18327308
    inttype: AE_INTERP_LINEAR
    fvalue1: 50
    fvalue2: -379.797302
    isCookedKeytime: true
  }
  keytimes {
    datatype: AE_FLOAT_VECTOR_DATA
    timeOffset: 1.19993305
    inttype: AE_INTERP_LINEAR
    fvalue1: 50
    fvalue2: -392.331268
    isCookedKeytime: true
  }
  keytimes {
    datatype: AE_FLOAT_VECTOR_DATA
    timeOffset: 1.21659303
    inttype: AE_INTERP_LINEAR
    fvalue1: 50
    fvalue2: -402.463043
    isCookedKeytime: true
  }
  keytimes {
    datatype: AE_FLOAT_VECTOR_DATA
    timeOffset: 1.233253
    inttype: AE_INTERP_LINEAR
    fvalue1: 50
    fvalue2: -410.736023
    isCookedKeytime: true
  }
  keytimes {
    datatype: AE_FLOAT_VECTOR_DATA
    timeOffset: 1.24991298
    inttype: AE_INTERP_LINEAR
    fvalue1: 50
    fvalue2: -417.517517
    isCookedKeytime: true
  }
  keytimes {
    datatype: AE_FLOAT_VECTOR_DATA
    timeOffset: 1.26657295
    inttype: AE_INTERP_LINEAR
    fvalue1: 50
    fvalue2: -423.076172
    isCookedKeytime: true
  }
  keytimes {
    datatype: AE_FLOAT_VECTOR_DATA
    timeOffset: 1.28323293
    inttype: AE_INTERP_LINEAR
    fvalue1: 50
    fvalue2: -427.60556
    isCookedKeytime: true
  }
  keytimes {
    datatype: AE_FLOAT_VECTOR_DATA
    timeOffset: 1.2998929
    inttype: AE_INTERP_LINEAR
    fvalue1: 50
    fvalue2: -431.258514
    isCookedKeytime: true
  }
  keytimes {
    datatype: AE_FLOAT_VECTOR_DATA
    timeOffset: 1.31655288
    inttype: AE_INTERP_LINEAR
    fvalue1: 50
    fvalue2: -434.15274
    isCookedKeytime: true
  }
  keytimes {
    datatype: AE_FLOAT_VECTOR_DATA
    timeOffset: 1.33321285
    inttype: AE_INTERP_LINEAR
    fvalue1: 50
    fvalue2: -436.381622
    isCookedKeytime: true
  }
  keytimes {
    datatype: AE_FLOAT_VECTOR_DATA
    timeOffset: 1.34987283
    inttype: AE_INTERP_LINEAR
    fvalue1: 50
    fvalue2: -438.022491
    isCookedKeytime: true
  }
  keytimes {
    datatype: AE_FLOAT_VECTOR_DATA
    timeOffset: 1.3665328
    inttype: AE_INTERP_LINEAR
    fvalue1: 50
    fvalue2: -439.139648
    isCookedKeytime: true
  }
  keytimes {
    datatype: AE_FLOAT_VECTOR_DATA
    timeOffset: 1.38319278
    inttype: AE_INTERP_LINEAR
    fvalue1: 50
    fvalue2: -439.785889
    isCookedKeytime: true
  }
  keytimes {
    datatype: AE_FLOAT_VECTOR_DATA
    timeOffset: 1.4
    inttype: AE_INTERP_LINEAR
    fvalue1: 50
    fvalue2: -440
  }
  keytimes {
    datatype: AE_FLOAT_VECTOR_DATA
    timeOffset: 6.0666666
    inttype: AE_INTERP_LINEAR
    fvalue1: 50
    fvalue2: -440
  }
  keytimes {
    datatype: AE_FLOAT_VECTOR_DATA
    timeOffset: 6.08332682
    inttype: AE_INTERP_LINEAR
    fvalue1: 50
    fvalue2: -439.803589
    isCookedKeytime: true
  }
  keytimes {
    datatype: AE_FLOAT_VECTOR_DATA
    timeOffset: 6.09998703
    inttype: AE_INTERP_LINEAR
    fvalue1: 50
    fvalue2: -439.177032
    isCookedKeytime: true
  }
  keytimes {
    datatype: AE_FLOAT_VECTOR_DATA
    timeOffset: 6.11664724
    inttype: AE_INTERP_LINEAR
    fvalue1: 50
    fvalue2: -438.080933
    isCookedKeytime: true
  }
  keytimes {
    datatype: AE_FLOAT_VECTOR_DATA
    timeOffset: 6.13330746
    inttype: AE_INTERP_LINEAR
    fvalue1: 50
    fvalue2: -436.463867
    isCookedKeytime: true
  }
  keytimes {
    datatype: AE_FLOAT_VECTOR_DATA
    timeOffset: 6.14996767
    inttype: AE_INTERP_LINEAR
    fvalue1: 50
    fvalue2: -434.26181
    isCookedKeytime: true
  }
  keytimes {
    datatype: AE_FLOAT_VECTOR_DATA
    timeOffset: 6.16662788
    inttype: AE_INTERP_LINEAR
    fvalue1: 50
    fvalue2: -431.397858
    isCookedKeytime: true
  }
  keytimes {
    datatype: AE_FLOAT_VECTOR_DATA
    timeOffset: 6.1832881
    inttype: AE_INTERP_LINEAR
    fvalue1: 50
    fvalue2: -427.779388
    isCookedKeytime: true
  }
  keytimes {
    datatype: AE_FLOAT_VECTOR_DATA
    timeOffset: 6.19994831
    inttype: AE_INTERP_LINEAR
    fvalue1: 50
    fvalue2: -423.291016
    isCookedKeytime: true
  }
  keytimes {
    datatype: AE_FLOAT_VECTOR_DATA
    timeOffset: 6.21660852
    inttype: AE_INTERP_LINEAR
    fvalue1: 50
    fvalue2: -417.780731
    isCookedKeytime: true
  }
  keytimes {
    datatype: AE_FLOAT_VECTOR_DATA
    timeOffset: 6.23326874
    inttype: AE_INTERP_LINEAR
    fvalue1: 50
    fvalue2: -411.056061
    isCookedKeytime: true
  }
  keytimes {
    datatype: AE_FLOAT_VECTOR_DATA
    timeOffset: 6.24992895
    inttype: AE_INTERP_LINEAR
    fvalue1: 50
    fvalue2: -402.854584
    isCookedKeytime: true
  }
  keytimes {
    datatype: AE_FLOAT_VECTOR_DATA
    timeOffset: 6.26658916
    inttype: AE_INTERP_LINEAR
    fvalue1: 50
    fvalue2: -392.811493
    isCookedKeytime: true
  }
  keytimes {
    datatype: AE_FLOAT_VECTOR_DATA
    timeOffset: 6.28324938
    inttype: AE_INTERP_LINEAR
    fvalue1: 50
    fvalue2: -380.396301
    isCookedKeytime: true
  }
  keytimes {
    datatype: AE_FLOAT_VECTOR_DATA
    timeOffset: 6.29990959
    inttype: AE_INTERP_LINEAR
    fvalue1: 50
    fvalue2: -364.792572
    isCookedKeytime: true
  }
  keytimes {
    datatype: AE_FLOAT_VECTOR_DATA
    timeOffset: 6.31657
    inttype: AE_INTERP_LINEAR
    fvalue1: 50
    fvalue2: -344.649414
    isCookedKeytime: true
  }
  keytimes {
    datatype: AE_FLOAT_VECTOR_DATA
    timeOffset: 6.33323
    inttype: AE_INTERP_LINEAR
    fvalue1: 50
    fvalue2: -317.592529
    isCookedKeytime: true
  }
  keytimes {
    datatype: AE_FLOAT_VECTOR_DATA
    timeOffset: 6.34989
    inttype: AE_INTERP_LINEAR
    fvalue1: 50
    fvalue2: -279.458527
    isCookedKeytime: true
  }
  keytimes {
    datatype: AE_FLOAT_VECTOR_DATA
    timeOffset: 6.36655045
    inttype: AE_INTERP_LINEAR
    fvalue1: 50
    fvalue2: -229.124176
    isCookedKeytime: true
  }
  keytimes {
    datatype: AE_FLOAT_VECTOR_DATA
    timeOffset: 6.38321066
    inttype: AE_INTERP_LINEAR
    fvalue1: 50
    fvalue2: -188.611465
    isCookedKeytime: true
  }
  keytimes {
    datatype: AE_FLOAT_VECTOR_DATA
    timeOffset: 6.39987087
    inttype: AE_INTERP_LINEAR
    fvalue1: 50
    fvalue2: -168.638306
    isCookedKeytime: true
  }
  keytimes {
    datatype: AE_FLOAT_VECTOR_DATA
    timeOffset: 6.41653109
    inttype: AE_INTERP_LINEAR
    fvalue1: 50
    fvalue2: -160.254547
    isCookedKeytime: true
  }
  keytimes {
    datatype: AE_FLOAT_VECTOR_DATA
    timeOffset: 6.4333334
    inttype: AE_INTERP_LINEAR
    fvalue1: 50
    fvalue2: -158
  }
  trackName: "Position"
}
tracks {
  binding: OPACITY
  targetid: 519920
  targetname: "Player-Controls-Layout"
  keytimes {
    inttype: AE_INTERP_LINEAR
  }
  keytimes {
    timeOffset: 1.0333333
    inttype: AE_INTERP_LINEAR
  }
  keytimes {
    timeOffset: 1.04999328
    inttype: AE_INTERP_LINEAR
    fvalue1: 0.00729055
    isCookedKeytime: true
  }
  keytimes {
    timeOffset: 1.06665325
    inttype: AE_INTERP_LINEAR
    fvalue1: 0.0357920378
    isCookedKeytime: true
  }
  keytimes {
    timeOffset: 1.08331323
    inttype: AE_INTERP_LINEAR
    fvalue1: 0.104212463
    isCookedKeytime: true
  }
  keytimes {
    timeOffset: 1.0999732
    inttype: AE_INTERP_LINEAR
    fvalue1: 0.244509175
    isCookedKeytime: true
  }
  keytimes {
    timeOffset: 1.11663318
    inttype: AE_INTERP_LINEAR
    fvalue1: 0.423740685
    isCookedKeytime: true
  }
  keytimes {
    timeOffset: 1.13329315
    inttype: AE_INTERP_LINEAR
    fvalue1: 0.561049402
    isCookedKeytime: true
  }
  keytimes {
    timeOffset: 1.14995313
    inttype: AE_INTERP_LINEAR
    fvalue1: 0.658344746
    isCookedKeytime: true
  }
  keytimes {
    timeOffset: 1.1666131
    inttype: AE_INTERP_LINEAR
    fvalue1: 0.730607688
    isCookedKeytime: true
  }
  keytimes {
    timeOffset: 1.18327308
    inttype: AE_INTERP_LINEAR
    fvalue1: 0.786518574
    isCookedKeytime: true
  }
  keytimes {
    timeOffset: 1.19993305
    inttype: AE_INTERP_LINEAR
    fvalue1: 0.830961943
    isCookedKeytime: true
  }
  keytimes {
    timeOffset: 1.21659303
    inttype: AE_INTERP_LINEAR
    fvalue1: 0.866893053
    isCookedKeytime: true
  }
  keytimes {
    timeOffset: 1.233253
    inttype: AE_INTERP_LINEAR
    fvalue1: 0.896227658
    isCookedKeytime: true
  }
  keytimes {
    timeOffset: 1.24991298
    inttype: AE_INTERP_LINEAR
    fvalue1: 0.920278549
    isCookedKeytime: true
  }
  keytimes {
    timeOffset: 1.26657295
    inttype: AE_INTERP_LINEAR
    fvalue1: 0.939986467
    isCookedKeytime: true
  }
  keytimes {
    timeOffset: 1.28323293
    inttype: AE_INTERP_LINEAR
    fvalue1: 0.956050098
    isCookedKeytime: true
  }
  keytimes {
    timeOffset: 1.2998929
    inttype: AE_INTERP_LINEAR
    fvalue1: 0.969003499
    isCookedKeytime: true
  }
  keytimes {
    timeOffset: 1.31655288
    inttype: AE_INTERP_LINEAR
    fvalue1: 0.979265
    isCookedKeytime: true
  }
  keytimes {
    timeOffset: 1.33321285
    inttype: AE_INTERP_LINEAR
    fvalue1: 0.987169
    isCookedKeytime: true
  }
  keytimes {
    timeOffset: 1.34987283
    inttype: AE_INTERP_LINEAR
    fvalue1: 0.992987514
    isCookedKeytime: true
  }
  keytimes {
    timeOffset: 1.3665328
    inttype: AE_INTERP_LINEAR
    fvalue1: 0.996945
    isCookedKeytime: true
  }
  keytimes {
    timeOffset: 1.38319278
    inttype: AE_INTERP_LINEAR
    fvalue1: 0.999229133
    isCookedKeytime: true
  }
  keytimes {
    timeOffset: 1.4
    inttype: AE_INTERP_LINEAR
    fvalue1: 1
  }
  keytimes {
    timeOffset: 6.0666666
    inttype: AE_INTERP_LINEAR
    fvalue1: 1
  }
  keytimes {
    timeOffset: 6.08332682
    inttype: AE_INTERP_LINEAR
    fvalue1: 0.999292433
    isCookedKeytime: true
  }
  keytimes {
    timeOffset: 6.09998703
    inttype: AE_INTERP_LINEAR
    fvalue1: 0.997076571
    isCookedKeytime: true
  }
  keytimes {
    timeOffset: 6.11664724
    inttype: AE_INTERP_LINEAR
    fvalue1: 0.993194818
    isCookedKeytime: true
  }
  keytimes {
    timeOffset: 6.13330746
    inttype: AE_INTERP_LINEAR
    fvalue1: 0.987460732
    isCookedKeytime: true
  }
  keytimes {
    timeOffset: 6.14996767
    inttype: AE_INTERP_LINEAR
    fvalue1: 0.97965169
    isCookedKeytime: true
  }
  keytimes {
    timeOffset: 6.16662788
    inttype: AE_INTERP_LINEAR
    fvalue1: 0.969498038
    isCookedKeytime: true
  }
  keytimes {
    timeOffset: 6.1832881
    inttype: AE_INTERP_LINEAR
    fvalue1: 0.956668556
    isCookedKeytime: true
  }
  keytimes {
    timeOffset: 6.19994831
    inttype: AE_INTERP_LINEAR
    fvalue1: 0.940748811
    isCookedKeytime: true
  }
  keytimes {
    timeOffset: 6.21660852
    inttype: AE_INTERP_LINEAR
    fvalue1: 0.921210766
    isCookedKeytime: true
  }
  keytimes {
    timeOffset: 6.23326874
    inttype: AE_INTERP_LINEAR
    fvalue1: 0.89736414
    isCookedKeytime: true
  }
  keytimes {
    timeOffset: 6.24992895
    inttype: AE_INTERP_LINEAR
    fvalue1: 0.868280768
    isCookedKeytime: true
  }
  keytimes {
    timeOffset: 6.26658916
    inttype: AE_INTERP_LINEAR
    fvalue1: 0.832667708
    isCookedKeytime: true
  }
  keytimes {
    timeOffset: 6.28324938
    inttype: AE_INTERP_LINEAR
    fvalue1: 0.788642049
    isCookedKeytime: true
  }
  keytimes {
    timeOffset: 6.29990959
    inttype: AE_INTERP_LINEAR
    fvalue1: 0.733307064
    isCookedKeytime: true
  }
  keytimes {
    timeOffset: 6.31657
    inttype: AE_INTERP_LINEAR
    fvalue1: 0.66189009
    isCookedKeytime: true
  }
  keytimes {
    timeOffset: 6.33323
    inttype: AE_INTERP_LINEAR
    fvalue1: 0.565932274
    isCookedKeytime: true
  }
  keytimes {
    timeOffset: 6.34989
    inttype: AE_INTERP_LINEAR
    fvalue1: 0.430701703
    isCookedKeytime: true
  }
  keytimes {
    timeOffset: 6.36655045
    inttype: AE_INTERP_LINEAR
    fvalue1: 0.252212942
    isCookedKeytime: true
  }
  keytimes {
    timeOffset: 6.38321066
    inttype: AE_INTERP_LINEAR
    fvalue1: 0.108551309
    isCookedKeytime: true
  }
  keytimes {
    timeOffset: 6.39987087
    inttype: AE_INTERP_LINEAR
    fvalue1: 0.0377220847
    isCookedKeytime: true
  }
  keytimes {
    timeOffset: 6.41653109
    inttype: AE_INTERP_LINEAR
    fvalue1: 0.00799488928
    isCookedKeytime: true
  }
  keytimes {
    timeOffset: 6.4333334
    inttype: AE_INTERP_LINEAR
  }
  trackName: "Opacity"
}
tracks {
  binding: IS_VISIBLE
  targetid: 519921
  targetname: "Btn-MiniGuide"
  keytimes {
    datatype: AE_INT_DATA
    inttype: AE_INTERP_HOLD
    ivalue1: 1
  }
}
tracks {
  targetid: 519921
  targetname: "Btn-MiniGuide"
  keytimes {
    datatype: AE_FLOAT_VECTOR_DATA
    inttype: AE_INTERP_LINEAR
    fvalue1: -190
    fvalue2: 772
  }
  keytimes {
    datatype: AE_FLOAT_VECTOR_DATA
    timeOffset: 1.0333333
    inttype: AE_INTERP_LINEAR
    fvalue1: -190
    fvalue2: 772
  }
  keytimes {
    datatype: AE_FLOAT_VECTOR_DATA
    timeOffset: 1.04999328
    inttype: AE_INTERP_LINEAR
    fvalue1: -190
    fvalue2: 769.944092
    isCookedKeytime: true
  }
  keytimes {
    datatype: AE_FLOAT_VECTOR_DATA
    timeOffset: 1.06665325
    inttype: AE_INTERP_LINEAR
    fvalue1: -190
    fvalue2: 761.906
    isCookedKeytime: true
  }
  keytimes {
    datatype: AE_FLOAT_VECTOR_DATA
    timeOffset: 1.08331323
    inttype: AE_INTERP_LINEAR
    fvalue1: -190
    fvalue2: 742.611938
    isCookedKeytime: true
  }
  keytimes {
    datatype: AE_FLOAT_VECTOR_DATA
    timeOffset: 1.0999732
    inttype: AE_INTERP_LINEAR
    fvalue1: -190
    fvalue2: 703.048401
    isCookedKeytime: true
  }
  keytimes {
    datatype: AE_FLOAT_VECTOR_DATA
    timeOffset: 1.11663318
    inttype: AE_INTERP_LINEAR
    fvalue1: -190
    fvalue2: 652.504639
    isCookedKeytime: true
  }
  keytimes {
    datatype: AE_FLOAT_VECTOR_DATA
    timeOffset: 1.13329315
    inttype: AE_INTERP_LINEAR
    fvalue1: -190
    fvalue2: 613.784485
    isCookedKeytime: true
  }
  keytimes {
    datatype: AE_FLOAT_VECTOR_DATA
    timeOffset: 1.14995313
    inttype: AE_INTERP_LINEAR
    fvalue1: -190
    fvalue2: 586.350342
    isCookedKeytime: true
  }
  keytimes {
    datatype: AE_FLOAT_VECTOR_DATA
    timeOffset: 1.1666131
    inttype: AE_INTERP_LINEAR
    fvalue1: -190
    fvalue2: 565.96875
    isCookedKeytime: true
  }
  keytimes {
    datatype: AE_FLOAT_VECTOR_DATA
    timeOffset: 1.18327308
    inttype: AE_INTERP_LINEAR
    fvalue1: -190
    fvalue2: 550.202576
    isCookedKeytime: true
  }
  keytimes {
    datatype: AE_FLOAT_VECTOR_DATA
    timeOffset: 1.19993305
    inttype: AE_INTERP_LINEAR
    fvalue1: -190
    fvalue2: 537.669434
    isCookedKeytime: true
  }
  keytimes {
    datatype: AE_FLOAT_VECTOR_DATA
    timeOffset: 1.21659303
    inttype: AE_INTERP_LINEAR
    fvalue1: -190
    fvalue2: 527.536865
    isCookedKeytime: true
  }
  keytimes {
    datatype: AE_FLOAT_VECTOR_DATA
    timeOffset: 1.233253
    inttype: AE_INTERP_LINEAR
    fvalue1: -190
    fvalue2: 519.264404
    isCookedKeytime: true
  }
  keytimes {
    datatype: AE_FLOAT_VECTOR_DATA
    timeOffset: 1.24991298
    inttype: AE_INTERP_LINEAR
    fvalue1: -190
    fvalue2: 512.482239
    isCookedKeytime: true
  }
  keytimes {
    datatype: AE_FLOAT_VECTOR_DATA
    timeOffset: 1.26657295
    inttype: AE_INTERP_LINEAR
    fvalue1: -190
    fvalue2: 506.92392
    isCookedKeytime: true
  }
  keytimes {
    datatype: AE_FLOAT_VECTOR_DATA
    timeOffset: 1.28323293
    inttype: AE_INTERP_LINEAR
    fvalue1: -190
    fvalue2: 502.395
    isCookedKeytime: true
  }
  keytimes {
    datatype: AE_FLOAT_VECTOR_DATA
    timeOffset: 1.2998929
    inttype: AE_INTERP_LINEAR
    fvalue1: -190
    fvalue2: 498.741669
    isCookedKeytime: true
  }
  keytimes {
    datatype: AE_FLOAT_VECTOR_DATA
    timeOffset: 1.31655288
    inttype: AE_INTERP_LINEAR
    fvalue1: -190
    fvalue2: 495.84726
    isCookedKeytime: true
  }
  keytimes {
    datatype: AE_FLOAT_VECTOR_DATA
    timeOffset: 1.33321285
    inttype: AE_INTERP_LINEAR
    fvalue1: -190
    fvalue2: 493.618378
    isCookedKeytime: true
  }
  keytimes {
    datatype: AE_FLOAT_VECTOR_DATA
    timeOffset: 1.34987283
    inttype: AE_INTERP_LINEAR
    fvalue1: -190
    fvalue2: 491.977509
    isCookedKeytime: true
  }
  keytimes {
    datatype: AE_FLOAT_VECTOR_DATA
    timeOffset: 1.3665328
    inttype: AE_INTERP_LINEAR
    fvalue1: -190
    fvalue2: 490.860352
    isCookedKeytime: true
  }
  keytimes {
    datatype: AE_FLOAT_VECTOR_DATA
    timeOffset: 1.38319278
    inttype: AE_INTERP_LINEAR
    fvalue1: -190
    fvalue2: 490.214111
    isCookedKeytime: true
  }
  keytimes {
    datatype: AE_FLOAT_VECTOR_DATA
    timeOffset: 1.4
    inttype: AE_INTERP_LINEAR
    fvalue1: -190
    fvalue2: 490
  }
  keytimes {
    datatype: AE_FLOAT_VECTOR_DATA
    timeOffset: 6.0666666
    inttype: AE_INTERP_LINEAR
    fvalue1: -190
    fvalue2: 490
  }
  keytimes {
    datatype: AE_FLOAT_VECTOR_DATA
    timeOffset: 6.08332682
    inttype: AE_INTERP_LINEAR
    fvalue1: -190
    fvalue2: 490.196411
    isCookedKeytime: true
  }
  keytimes {
    datatype: AE_FLOAT_VECTOR_DATA
    timeOffset: 6.09998703
    inttype: AE_INTERP_LINEAR
    fvalue1: -190
    fvalue2: 490.822968
    isCookedKeytime: true
  }
  keytimes {
    datatype: AE_FLOAT_VECTOR_DATA
    timeOffset: 6.11664724
    inttype: AE_INTERP_LINEAR
    fvalue1: -190
    fvalue2: 491.919067
    isCookedKeytime: true
  }
  keytimes {
    datatype: AE_FLOAT_VECTOR_DATA
    timeOffset: 6.13330746
    inttype: AE_INTERP_LINEAR
    fvalue1: -190
    fvalue2: 493.536133
    isCookedKeytime: true
  }
  keytimes {
    datatype: AE_FLOAT_VECTOR_DATA
    timeOffset: 6.14996767
    inttype: AE_INTERP_LINEAR
    fvalue1: -190
    fvalue2: 495.73819
    isCookedKeytime: true
  }
  keytimes {
    datatype: AE_FLOAT_VECTOR_DATA
    timeOffset: 6.16662788
    inttype: AE_INTERP_LINEAR
    fvalue1: -190
    fvalue2: 498.602
    isCookedKeytime: true
  }
  keytimes {
    datatype: AE_FLOAT_VECTOR_DATA
    timeOffset: 6.1832881
    inttype: AE_INTERP_LINEAR
    fvalue1: -190
    fvalue2: 502.220062
    isCookedKeytime: true
  }
  keytimes {
    datatype: AE_FLOAT_VECTOR_DATA
    timeOffset: 6.19994831
    inttype: AE_INTERP_LINEAR
    fvalue1: -190
    fvalue2: 506.708832
    isCookedKeytime: true
  }
  keytimes {
    datatype: AE_FLOAT_VECTOR_DATA
    timeOffset: 6.21660852
    inttype: AE_INTERP_LINEAR
    fvalue1: -190
    fvalue2: 512.219604
    isCookedKeytime: true
  }
  keytimes {
    datatype: AE_FLOAT_VECTOR_DATA
    timeOffset: 6.23326874
    inttype: AE_INTERP_LINEAR
    fvalue1: -190
    fvalue2: 518.943542
    isCookedKeytime: true
  }
  keytimes {
    datatype: AE_FLOAT_VECTOR_DATA
    timeOffset: 6.24992895
    inttype: AE_INTERP_LINEAR
    fvalue1: -190
    fvalue2: 527.145569
    isCookedKeytime: true
  }
  keytimes {
    datatype: AE_FLOAT_VECTOR_DATA
    timeOffset: 6.26658916
    inttype: AE_INTERP_LINEAR
    fvalue1: -190
    fvalue2: 537.187744
    isCookedKeytime: true
  }
  keytimes {
    datatype: AE_FLOAT_VECTOR_DATA
    timeOffset: 6.28324938
    inttype: AE_INTERP_LINEAR
    fvalue1: -190
    fvalue2: 549.603943
    isCookedKeytime: true
  }
  keytimes {
    datatype: AE_FLOAT_VECTOR_DATA
    timeOffset: 6.29990959
    inttype: AE_INTERP_LINEAR
    fvalue1: -190
    fvalue2: 565.208679
    isCookedKeytime: true
  }
  keytimes {
    datatype: AE_FLOAT_VECTOR_DATA
    timeOffset: 6.31657
    inttype: AE_INTERP_LINEAR
    fvalue1: -190
    fvalue2: 585.351501
    isCookedKeytime: true
  }
  keytimes {
    datatype: AE_FLOAT_VECTOR_DATA
    timeOffset: 6.33323
    inttype: AE_INTERP_LINEAR
    fvalue1: -190
    fvalue2: 612.407776
    isCookedKeytime: true
  }
  keytimes {
    datatype: AE_FLOAT_VECTOR_DATA
    timeOffset: 6.34989
    inttype: AE_INTERP_LINEAR
    fvalue1: -190
    fvalue2: 650.541748
    isCookedKeytime: true
  }
  keytimes {
    datatype: AE_FLOAT_VECTOR_DATA
    timeOffset: 6.36655045
    inttype: AE_INTERP_LINEAR
    fvalue1: -190
    fvalue2: 700.875793
    isCookedKeytime: true
  }
  keytimes {
    datatype: AE_FLOAT_VECTOR_DATA
    timeOffset: 6.38321066
    inttype: AE_INTERP_LINEAR
    fvalue1: -190
    fvalue2: 741.388245
    isCookedKeytime: true
  }
  keytimes {
    datatype: AE_FLOAT_VECTOR_DATA
    timeOffset: 6.39987087
    inttype: AE_INTERP_LINEAR
    fvalue1: -190
    fvalue2: 761.361328
    isCookedKeytime: true
  }
  keytimes {
    datatype: AE_FLOAT_VECTOR_DATA
    timeOffset: 6.41653109
    inttype: AE_INTERP_LINEAR
    fvalue1: -190
    fvalue2: 769.745422
    isCookedKeytime: true
  }
  keytimes {
    datatype: AE_FLOAT_VECTOR_DATA
    timeOffset: 6.4333334
    inttype: AE_INTERP_LINEAR
    fvalue1: -190
    fvalue2: 772
  }
  trackName: "Position"
}
tracks {
  binding: IS_VISIBLE
  targetid: 519922
  targetname: "Container-Btn-PlayPause"
  keytimes {
    datatype: AE_INT_DATA
    inttype: AE_INTERP_HOLD
    ivalue1: 1
  }
}
tracks {
  targetid: 519922
  targetname: "Container-Btn-PlayPause"
  keytimes {
    datatype: AE_FLOAT_VECTOR_DATA
    inttype: AE_INTERP_LINEAR
    fvalue1: 138
    fvalue2: 248
  }
  keytimes {
    datatype: AE_FLOAT_VECTOR_DATA
    timeOffset: 1
    inttype: AE_INTERP_LINEAR
    fvalue1: 138
    fvalue2: 248
  }
  keytimes {
    datatype: AE_FLOAT_VECTOR_DATA
    timeOffset: 1.01666
    inttype: AE_INTERP_LINEAR
    fvalue1: 138
    fvalue2: 246.104462
    isCookedKeytime: true
  }
  keytimes {
    datatype: AE_FLOAT_VECTOR_DATA
    timeOffset: 1.03332
    inttype: AE_INTERP_LINEAR
    fvalue1: 138
    fvalue2: 238.693161
    isCookedKeytime: true
  }
  keytimes {
    datatype: AE_FLOAT_VECTOR_DATA
    timeOffset: 1.04997993
    inttype: AE_INTERP_LINEAR
    fvalue1: 138
    fvalue2: 220.904251
    isCookedKeytime: true
  }
  keytimes {
    datatype: AE_FLOAT_VECTOR_DATA
    timeOffset: 1.0666399
    inttype: AE_INTERP_LINEAR
    fvalue1: 138
    fvalue2: 184.427185
    isCookedKeytime: true
  }
  keytimes {
    datatype: AE_FLOAT_VECTOR_DATA
    timeOffset: 1.08329988
    inttype: AE_INTERP_LINEAR
    fvalue1: 138
    fvalue2: 137.827194
    isCookedKeytime: true
  }
  keytimes {
    datatype: AE_FLOAT_VECTOR_DATA
    timeOffset: 1.09995985
    inttype: AE_INTERP_LINEAR
    fvalue1: 138
    fvalue2: 102.127846
    isCookedKeytime: true
  }
  keytimes {
    datatype: AE_FLOAT_VECTOR_DATA
    timeOffset: 1.11661983
    inttype: AE_INTERP_LINEAR
    fvalue1: 138
    fvalue2: 76.8343
    isCookedKeytime: true
  }
  keytimes {
    datatype: AE_FLOAT_VECTOR_DATA
    timeOffset: 1.1332798
    inttype: AE_INTERP_LINEAR
    fvalue1: 138
    fvalue2: 58.0434494
    isCookedKeytime: true
  }
  keytimes {
    datatype: AE_FLOAT_VECTOR_DATA
    timeOffset: 1.14993978
    inttype: AE_INTERP_LINEAR
    fvalue1: 138
    fvalue2: 43.5120773
    isCookedKeytime: true
  }
  keytimes {
    datatype: AE_FLOAT_VECTOR_DATA
    timeOffset: 1.16659975
    inttype: AE_INTERP_LINEAR
    fvalue1: 138
    fvalue2: 31.9630642
    isCookedKeytime: true
  }
  keytimes {
    datatype: AE_FLOAT_VECTOR_DATA
    timeOffset: 1.18325973
    inttype: AE_INTERP_LINEAR
    fvalue1: 138
    fvalue2: 22.6122341
    isCookedKeytime: true
  }
  keytimes {
    datatype: AE_FLOAT_VECTOR_DATA
    timeOffset: 1.1999197
    inttype: AE_INTERP_LINEAR
    fvalue1: 138
    fvalue2: 14.9817877
    isCookedKeytime: true
  }
  keytimes {
    datatype: AE_FLOAT_VECTOR_DATA
    timeOffset: 1.21657968
    inttype: AE_INTERP_LINEAR
    fvalue1: 138
    fvalue2: 8.7368536
    isCookedKeytime: true
  }
  keytimes {
    datatype: AE_FLOAT_VECTOR_DATA
    timeOffset: 1.23323965
    inttype: AE_INTERP_LINEAR
    fvalue1: 138
    fvalue2: 3.61556292
    isCookedKeytime: true
  }
  keytimes {
    datatype: AE_FLOAT_VECTOR_DATA
    timeOffset: 1.24989963
    inttype: AE_INTERP_LINEAR
    fvalue1: 138
    fvalue2: -0.565099955
    isCookedKeytime: true
  }
  keytimes {
    datatype: AE_FLOAT_VECTOR_DATA
    timeOffset: 1.2665596
    inttype: AE_INTERP_LINEAR
    fvalue1: 138
    fvalue2: -3.9386754
    isCookedKeytime: true
  }
  keytimes {
    datatype: AE_FLOAT_VECTOR_DATA
    timeOffset: 1.28321958
    inttype: AE_INTERP_LINEAR
    fvalue1: 138
    fvalue2: -6.60892296
    isCookedKeytime: true
  }
  keytimes {
    datatype: AE_FLOAT_VECTOR_DATA
    timeOffset: 1.29987955
    inttype: AE_INTERP_LINEAR
    fvalue1: 138
    fvalue2: -8.66390324
    isCookedKeytime: true
  }
  keytimes {
    datatype: AE_FLOAT_VECTOR_DATA
    timeOffset: 1.31653953
    inttype: AE_INTERP_LINEAR
    fvalue1: 138
    fvalue2: -10.1767683
    isCookedKeytime: true
  }
  keytimes {
    datatype: AE_FLOAT_VECTOR_DATA
    timeOffset: 1.3331995
    inttype: AE_INTERP_LINEAR
    fvalue1: 138
    fvalue2: -11.2067728
    isCookedKeytime: true
  }
  keytimes {
    datatype: AE_FLOAT_VECTOR_DATA
    timeOffset: 1.34985948
    inttype: AE_INTERP_LINEAR
    fvalue1: 138
    fvalue2: -11.8026009
    isCookedKeytime: true
  }
  keytimes {
    datatype: AE_FLOAT_VECTOR_DATA
    timeOffset: 1.36666667
    inttype: AE_INTERP_LINEAR
    fvalue1: 138
    fvalue2: -12
  }
  keytimes {
    datatype: AE_FLOAT_VECTOR_DATA
    timeOffset: 6
    inttype: AE_INTERP_LINEAR
    fvalue1: 138
    fvalue2: -12
  }
  keytimes {
    datatype: AE_FLOAT_VECTOR_DATA
    timeOffset: 6.01666
    inttype: AE_INTERP_LINEAR
    fvalue1: 138
    fvalue2: -11.8189163
    isCookedKeytime: true
  }
  keytimes {
    datatype: AE_FLOAT_VECTOR_DATA
    timeOffset: 6.03332043
    inttype: AE_INTERP_LINEAR
    fvalue1: 138
    fvalue2: -11.2412329
    isCookedKeytime: true
  }
  keytimes {
    datatype: AE_FLOAT_VECTOR_DATA
    timeOffset: 6.04998064
    inttype: AE_INTERP_LINEAR
    fvalue1: 138
    fvalue2: -10.2306538
    isCookedKeytime: true
  }
  keytimes {
    datatype: AE_FLOAT_VECTOR_DATA
    timeOffset: 6.06664085
    inttype: AE_INTERP_LINEAR
    fvalue1: 138
    fvalue2: -8.73974609
    isCookedKeytime: true
  }
  keytimes {
    datatype: AE_FLOAT_VECTOR_DATA
    timeOffset: 6.08330107
    inttype: AE_INTERP_LINEAR
    fvalue1: 138
    fvalue2: -6.70947266
    isCookedKeytime: true
  }
  keytimes {
    datatype: AE_FLOAT_VECTOR_DATA
    timeOffset: 6.09996128
    inttype: AE_INTERP_LINEAR
    fvalue1: 138
    fvalue2: -4.06893969
    isCookedKeytime: true
  }
  keytimes {
    datatype: AE_FLOAT_VECTOR_DATA
    timeOffset: 6.11662149
    inttype: AE_INTERP_LINEAR
    fvalue1: 138
    fvalue2: -0.732775807
    isCookedKeytime: true
  }
  keytimes {
    datatype: AE_FLOAT_VECTOR_DATA
    timeOffset: 6.13328171
    inttype: AE_INTERP_LINEAR
    fvalue1: 138
    fvalue2: 3.40545607
    isCookedKeytime: true
  }
  keytimes {
    datatype: AE_FLOAT_VECTOR_DATA
    timeOffset: 6.14994192
    inttype: AE_INTERP_LINEAR
    fvalue1: 138
    fvalue2: 8.48585606
    isCookedKeytime: true
  }
  keytimes {
    datatype: AE_FLOAT_VECTOR_DATA
    timeOffset: 6.16660213
    inttype: AE_INTERP_LINEAR
    fvalue1: 138
    fvalue2: 14.6859112
    isCookedKeytime: true
  }
  keytimes {
    datatype: AE_FLOAT_VECTOR_DATA
    timeOffset: 6.18326235
    inttype: AE_INTERP_LINEAR
    fvalue1: 138
    fvalue2: 22.2475529
    isCookedKeytime: true
  }
  keytimes {
    datatype: AE_FLOAT_VECTOR_DATA
    timeOffset: 6.19992256
    inttype: AE_INTERP_LINEAR
    fvalue1: 138
    fvalue2: 31.5071411
    isCookedKeytime: true
  }
  keytimes {
    datatype: AE_FLOAT_VECTOR_DATA
    timeOffset: 6.21658278
    inttype: AE_INTERP_LINEAR
    fvalue1: 138
    fvalue2: 42.9537697
    isCookedKeytime: true
  }
  keytimes {
    datatype: AE_FLOAT_VECTOR_DATA
    timeOffset: 6.23324299
    inttype: AE_INTERP_LINEAR
    fvalue1: 138
    fvalue2: 57.3401833
    isCookedKeytime: true
  }
  keytimes {
    datatype: AE_FLOAT_VECTOR_DATA
    timeOffset: 6.2499032
    inttype: AE_INTERP_LINEAR
    fvalue1: 138
    fvalue2: 75.9119
    isCookedKeytime: true
  }
  keytimes {
    datatype: AE_FLOAT_VECTOR_DATA
    timeOffset: 6.26656342
    inttype: AE_INTERP_LINEAR
    fvalue1: 138
    fvalue2: 100.857956
    isCookedKeytime: true
  }
  keytimes {
    datatype: AE_FLOAT_VECTOR_DATA
    timeOffset: 6.28322363
    inttype: AE_INTERP_LINEAR
    fvalue1: 138
    fvalue2: 136.016968
    isCookedKeytime: true
  }
  keytimes {
    datatype: AE_FLOAT_VECTOR_DATA
    timeOffset: 6.29988384
    inttype: AE_INTERP_LINEAR
    fvalue1: 138
    fvalue2: 182.42453
    isCookedKeytime: true
  }
  keytimes {
    datatype: AE_FLOAT_VECTOR_DATA
    timeOffset: 6.31654406
    inttype: AE_INTERP_LINEAR
    fvalue1: 138
    fvalue2: 219.776505
    isCookedKeytime: true
  }
  keytimes {
    datatype: AE_FLOAT_VECTOR_DATA
    timeOffset: 6.33320427
    inttype: AE_INTERP_LINEAR
    fvalue1: 138
    fvalue2: 238.187073
    isCookedKeytime: true
  }
  keytimes {
    datatype: AE_FLOAT_VECTOR_DATA
    timeOffset: 6.34986448
    inttype: AE_INTERP_LINEAR
    fvalue1: 138
    fvalue2: 245.921341
    isCookedKeytime: true
  }
  keytimes {
    datatype: AE_FLOAT_VECTOR_DATA
    timeOffset: 6.36666679
    inttype: AE_INTERP_LINEAR
    fvalue1: 138
    fvalue2: 248
  }
  trackName: "Position"
}
tracks {
  binding: OPACITY
  targetid: 519922
  targetname: "Container-Btn-PlayPause"
  keytimes {
    inttype: AE_INTERP_LINEAR
  }
  keytimes {
    timeOffset: 1
    inttype: AE_INTERP_LINEAR
  }
  keytimes {
    timeOffset: 1.01666
    inttype: AE_INTERP_LINEAR
    fvalue1: 0.00729055
    isCookedKeytime: true
  }
  keytimes {
    timeOffset: 1.03332
    inttype: AE_INTERP_LINEAR
    fvalue1: 0.0357920378
    isCookedKeytime: true
  }
  keytimes {
    timeOffset: 1.04997993
    inttype: AE_INTERP_LINEAR
    fvalue1: 0.104212463
    isCookedKeytime: true
  }
  keytimes {
    timeOffset: 1.0666399
    inttype: AE_INTERP_LINEAR
    fvalue1: 0.244509175
    isCookedKeytime: true
  }
  keytimes {
    timeOffset: 1.08329988
    inttype: AE_INTERP_LINEAR
    fvalue1: 0.423740685
    isCookedKeytime: true
  }
  keytimes {
    timeOffset: 1.09995985
    inttype: AE_INTERP_LINEAR
    fvalue1: 0.561049402
    isCookedKeytime: true
  }
  keytimes {
    timeOffset: 1.11661983
    inttype: AE_INTERP_LINEAR
    fvalue1: 0.658344746
    isCookedKeytime: true
  }
  keytimes {
    timeOffset: 1.1332798
    inttype: AE_INTERP_LINEAR
    fvalue1: 0.730607688
    isCookedKeytime: true
  }
  keytimes {
    timeOffset: 1.14993978
    inttype: AE_INTERP_LINEAR
    fvalue1: 0.786518574
    isCookedKeytime: true
  }
  keytimes {
    timeOffset: 1.16659975
    inttype: AE_INTERP_LINEAR
    fvalue1: 0.830961943
    isCookedKeytime: true
  }
  keytimes {
    timeOffset: 1.18325973
    inttype: AE_INTERP_LINEAR
    fvalue1: 0.866893053
    isCookedKeytime: true
  }
  keytimes {
    timeOffset: 1.1999197
    inttype: AE_INTERP_LINEAR
    fvalue1: 0.896227658
    isCookedKeytime: true
  }
  keytimes {
    timeOffset: 1.21657968
    inttype: AE_INTERP_LINEAR
    fvalue1: 0.920278549
    isCookedKeytime: true
  }
  keytimes {
    timeOffset: 1.23323965
    inttype: AE_INTERP_LINEAR
    fvalue1: 0.939986467
    isCookedKeytime: true
  }
  keytimes {
    timeOffset: 1.24989963
    inttype: AE_INTERP_LINEAR
    fvalue1: 0.956050098
    isCookedKeytime: true
  }
  keytimes {
    timeOffset: 1.2665596
    inttype: AE_INTERP_LINEAR
    fvalue1: 0.969003499
    isCookedKeytime: true
  }
  keytimes {
    timeOffset: 1.28321958
    inttype: AE_INTERP_LINEAR
    fvalue1: 0.979265
    isCookedKeytime: true
  }
  keytimes {
    timeOffset: 1.29987955
    inttype: AE_INTERP_LINEAR
    fvalue1: 0.987169
    isCookedKeytime: true
  }
  keytimes {
    timeOffset: 1.31653953
    inttype: AE_INTERP_LINEAR
    fvalue1: 0.992987514
    isCookedKeytime: true
  }
  keytimes {
    timeOffset: 1.3331995
    inttype: AE_INTERP_LINEAR
    fvalue1: 0.996945
    isCookedKeytime: true
  }
  keytimes {
    timeOffset: 1.34985948
    inttype: AE_INTERP_LINEAR
    fvalue1: 0.999229133
    isCookedKeytime: true
  }
  keytimes {
    timeOffset: 1.36666667
    inttype: AE_INTERP_LINEAR
    fvalue1: 1
  }
  keytimes {
    timeOffset: 6
    inttype: AE_INTERP_LINEAR
    fvalue1: 1
  }
  keytimes {
    timeOffset: 6.01666
    inttype: AE_INTERP_LINEAR
    fvalue1: 0.999292433
    isCookedKeytime: true
  }
  keytimes {
    timeOffset: 6.03332043
    inttype: AE_INTERP_LINEAR
    fvalue1: 0.997076571
    isCookedKeytime: true
  }
  keytimes {
    timeOffset: 6.04998064
    inttype: AE_INTERP_LINEAR
    fvalue1: 0.993194818
    isCookedKeytime: true
  }
  keytimes {
    timeOffset: 6.06664085
    inttype: AE_INTERP_LINEAR
    fvalue1: 0.987460732
    isCookedKeytime: true
  }
  keytimes {
    timeOffset: 6.08330107
    inttype: AE_INTERP_LINEAR
    fvalue1: 0.97965169
    isCookedKeytime: true
  }
  keytimes {
    timeOffset: 6.09996128
    inttype: AE_INTERP_LINEAR
    fvalue1: 0.969498038
    isCookedKeytime: true
  }
  keytimes {
    timeOffset: 6.11662149
    inttype: AE_INTERP_LINEAR
    fvalue1: 0.956668556
    isCookedKeytime: true
  }
  keytimes {
    timeOffset: 6.13328171
    inttype: AE_INTERP_LINEAR
    fvalue1: 0.940748811
    isCookedKeytime: true
  }
  keytimes {
    timeOffset: 6.14994192
    inttype: AE_INTERP_LINEAR
    fvalue1: 0.921210766
    isCookedKeytime: true
  }
  keytimes {
    timeOffset: 6.16660213
    inttype: AE_INTERP_LINEAR
    fvalue1: 0.89736414
    isCookedKeytime: true
  }
  keytimes {
    timeOffset: 6.18326235
    inttype: AE_INTERP_LINEAR
    fvalue1: 0.868280768
    isCookedKeytime: true
  }
  keytimes {
    timeOffset: 6.19992256
    inttype: AE_INTERP_LINEAR
    fvalue1: 0.832667708
    isCookedKeytime: true
  }
  keytimes {
    timeOffset: 6.21658278
    inttype: AE_INTERP_LINEAR
    fvalue1: 0.788642049
    isCookedKeytime: true
  }
  keytimes {
    timeOffset: 6.23324299
    inttype: AE_INTERP_LINEAR
    fvalue1: 0.733307064
    isCookedKeytime: true
  }
  keytimes {
    timeOffset: 6.2499032
    inttype: AE_INTERP_LINEAR
    fvalue1: 0.66189009
    isCookedKeytime: true
  }
  keytimes {
    timeOffset: 6.26656342
    inttype: AE_INTERP_LINEAR
    fvalue1: 0.565932274
    isCookedKeytime: true
  }
  keytimes {
    timeOffset: 6.28322363
    inttype: AE_INTERP_LINEAR
    fvalue1: 0.430701703
    isCookedKeytime: true
  }
  keytimes {
    timeOffset: 6.29988384
    inttype: AE_INTERP_LINEAR
    fvalue1: 0.252212942
    isCookedKeytime: true
  }
  keytimes {
    timeOffset: 6.31654406
    inttype: AE_INTERP_LINEAR
    fvalue1: 0.108551309
    isCookedKeytime: true
  }
  keytimes {
    timeOffset: 6.33320427
    inttype: AE_INTERP_LINEAR
    fvalue1: 0.0377220847
    isCookedKeytime: true
  }
  keytimes {
    timeOffset: 6.34986448
    inttype: AE_INTERP_LINEAR
    fvalue1: 0.00799488928
    isCookedKeytime: true
  }
  keytimes {
    timeOffset: 6.36666679
    inttype: AE_INTERP_LINEAR
  }
  trackName: "Opacity"
}
tracks {
  binding: IS_VISIBLE
  targetid: 519923
  targetname: "Btn-Back"
  keytimes {
    datatype: AE_INT_DATA
    inttype: AE_INTERP_HOLD
    ivalue1: 1
  }
}
tracks {
  targetid: 519923
  targetname: "Btn-Back"
  keytimes {
    datatype: AE_FLOAT_VECTOR_DATA
    inttype: AE_INTERP_LINEAR
    fvalue1: 45
    fvalue2: -113
  }
  keytimes {
    datatype: AE_FLOAT_VECTOR_DATA
    timeOffset: 1
    inttype: AE_INTERP_LINEAR
    fvalue1: 45
    fvalue2: -113
  }
  keytimes {
    datatype: AE_FLOAT_VECTOR_DATA
    timeOffset: 1.01666
    inttype: AE_INTERP_LINEAR
    fvalue1: 45
    fvalue2: -112.281
    isCookedKeytime: true
  }
  keytimes {
    datatype: AE_FLOAT_VECTOR_DATA
    timeOffset: 1.03332
    inttype: AE_INTERP_LINEAR
    fvalue1: 45
    fvalue2: -109.659454
    isCookedKeytime: true
  }
  keytimes {
    datatype: AE_FLOAT_VECTOR_DATA
    timeOffset: 1.04997993
    inttype: AE_INTERP_LINEAR
    fvalue1: 45
    fvalue2: -104.003395
    isCookedKeytime: true
  }
  keytimes {
    datatype: AE_FLOAT_VECTOR_DATA
    timeOffset: 1.0666399
    inttype: AE_INTERP_LINEAR
    fvalue1: 45
    fvalue2: -93.2179718
    isCookedKeytime: true
  }
  keytimes {
    datatype: AE_FLOAT_VECTOR_DATA
    timeOffset: 1.08329988
    inttype: AE_INTERP_LINEAR
    fvalue1: 45
    fvalue2: -74.4977875
    isCookedKeytime: true
  }
  keytimes {
    datatype: AE_FLOAT_VECTOR_DATA
    timeOffset: 1.09995985
    inttype: AE_INTERP_LINEAR
    fvalue1: 45
    fvalue2: -50.720829
    isCookedKeytime: true
  }
  keytimes {
    datatype: AE_FLOAT_VECTOR_DATA
    timeOffset: 1.11661983
    inttype: AE_INTERP_LINEAR
    fvalue1: 45
    fvalue2: -30.2434921
    isCookedKeytime: true
  }
  keytimes {
    datatype: AE_FLOAT_VECTOR_DATA
    timeOffset: 1.1332798
    inttype: AE_INTERP_LINEAR
    fvalue1: 45
    fvalue2: -14.7034636
    isCookedKeytime: true
  }
  keytimes {
    datatype: AE_FLOAT_VECTOR_DATA
    timeOffset: 1.14993978
    inttype: AE_INTERP_LINEAR
    fvalue1: 45
    fvalue2: -2.7445302
    isCookedKeytime: true
  }
  keytimes {
    datatype: AE_FLOAT_VECTOR_DATA
    timeOffset: 1.16659975
    inttype: AE_INTERP_LINEAR
    fvalue1: 45
    fvalue2: 6.75784
    isCookedKeytime: true
  }
  keytimes {
    datatype: AE_FLOAT_VECTOR_DATA
    timeOffset: 1.18325973
    inttype: AE_INTERP_LINEAR
    fvalue1: 45
    fvalue2: 14.4944801
    isCookedKeytime: true
  }
  keytimes {
    datatype: AE_FLOAT_VECTOR_DATA
    timeOffset: 1.1999197
    inttype: AE_INTERP_LINEAR
    fvalue1: 45
    fvalue2: 20.9131145
    isCookedKeytime: true
  }
  keytimes {
    datatype: AE_FLOAT_VECTOR_DATA
    timeOffset: 1.21657968
    inttype: AE_INTERP_LINEAR
    fvalue1: 45
    fvalue2: 26.3165245
    isCookedKeytime: true
  }
  keytimes {
    datatype: AE_FLOAT_VECTOR_DATA
    timeOffset: 1.23323965
    inttype: AE_INTERP_LINEAR
    fvalue1: 45
    fvalue2: 30.9027176
    isCookedKeytime: true
  }
  keytimes {
    datatype: AE_FLOAT_VECTOR_DATA
    timeOffset: 1.24989963
    inttype: AE_INTERP_LINEAR
    fvalue1: 45
    fvalue2: 34.8095245
    isCookedKeytime: true
  }
  keytimes {
    datatype: AE_FLOAT_VECTOR_DATA
    timeOffset: 1.2665596
    inttype: AE_INTERP_LINEAR
    fvalue1: 45
    fvalue2: 38.1452332
    isCookedKeytime: true
  }
  keytimes {
    datatype: AE_FLOAT_VECTOR_DATA
    timeOffset: 1.28321958
    inttype: AE_INTERP_LINEAR
    fvalue1: 45
    fvalue2: 41.0010071
    isCookedKeytime: true
  }
  keytimes {
    datatype: AE_FLOAT_VECTOR_DATA
    timeOffset: 1.29987955
    inttype: AE_INTERP_LINEAR
    fvalue1: 45
    fvalue2: 43.4441223
    isCookedKeytime: true
  }
  keytimes {
    datatype: AE_FLOAT_VECTOR_DATA
    timeOffset: 1.31653953
    inttype: AE_INTERP_LINEAR
    fvalue1: 45
    fvalue2: 45.5256157
    isCookedKeytime: true
  }
  keytimes {
    datatype: AE_FLOAT_VECTOR_DATA
    timeOffset: 1.3331995
    inttype: AE_INTERP_LINEAR
    fvalue1: 45
    fvalue2: 47.2858658
    isCookedKeytime: true
  }
  keytimes {
    datatype: AE_FLOAT_VECTOR_DATA
    timeOffset: 1.34985948
    inttype: AE_INTERP_LINEAR
    fvalue1: 45
    fvalue2: 48.7580566
    isCookedKeytime: true
  }
  keytimes {
    datatype: AE_FLOAT_VECTOR_DATA
    timeOffset: 1.36651945
    inttype: AE_INTERP_LINEAR
    fvalue1: 45
    fvalue2: 49.9706726
    isCookedKeytime: true
  }
  keytimes {
    datatype: AE_FLOAT_VECTOR_DATA
    timeOffset: 1.38317943
    inttype: AE_INTERP_LINEAR
    fvalue1: 45
    fvalue2: 50.9500198
    isCookedKeytime: true
  }
  keytimes {
    datatype: AE_FLOAT_VECTOR_DATA
    timeOffset: 1.3998394
    inttype: AE_INTERP_LINEAR
    fvalue1: 45
    fvalue2: 51.7176666
    isCookedKeytime: true
  }
  keytimes {
    datatype: AE_FLOAT_VECTOR_DATA
    timeOffset: 1.41649938
    inttype: AE_INTERP_LINEAR
    fvalue1: 45
    fvalue2: 52.2916374
    isCookedKeytime: true
  }
  keytimes {
    datatype: AE_FLOAT_VECTOR_DATA
    timeOffset: 1.43315935
    inttype: AE_INTERP_LINEAR
    fvalue1: 45
    fvalue2: 52.6898
    isCookedKeytime: true
  }
  keytimes {
    datatype: AE_FLOAT_VECTOR_DATA
    timeOffset: 1.44981933
    inttype: AE_INTERP_LINEAR
    fvalue1: 45
    fvalue2: 52.9211922
    isCookedKeytime: true
  }
  keytimes {
    datatype: AE_FLOAT_VECTOR_DATA
    timeOffset: 1.4666667
    inttype: AE_INTERP_LINEAR
    fvalue1: 45
    fvalue2: 53
  }
  keytimes {
    datatype: AE_FLOAT_VECTOR_DATA
    timeOffset: 6
    inttype: AE_INTERP_LINEAR
    fvalue1: 45
    fvalue2: 53
  }
  keytimes {
    datatype: AE_FLOAT_VECTOR_DATA
    timeOffset: 6.01666
    inttype: AE_INTERP_LINEAR
    fvalue1: 45
    fvalue2: 52.9385452
    isCookedKeytime: true
  }
  keytimes {
    datatype: AE_FLOAT_VECTOR_DATA
    timeOffset: 6.03332043
    inttype: AE_INTERP_LINEAR
    fvalue1: 45
    fvalue2: 52.7457924
    isCookedKeytime: true
  }
  keytimes {
    datatype: AE_FLOAT_VECTOR_DATA
    timeOffset: 6.04998064
    inttype: AE_INTERP_LINEAR
    fvalue1: 45
    fvalue2: 52.4090614
    isCookedKeytime: true
  }
  keytimes {
    datatype: AE_FLOAT_VECTOR_DATA
    timeOffset: 6.06664085
    inttype: AE_INTERP_LINEAR
    fvalue1: 45
    fvalue2: 51.922493
    isCookedKeytime: true
  }
  keytimes {
    datatype: AE_FLOAT_VECTOR_DATA
    timeOffset: 6.08330107
    inttype: AE_INTERP_LINEAR
    fvalue1: 45
    fvalue2: 51.2720451
    isCookedKeytime: true
  }
  keytimes {
    datatype: AE_FLOAT_VECTOR_DATA
    timeOffset: 6.09996128
    inttype: AE_INTERP_LINEAR
    fvalue1: 45
    fvalue2: 50.4435959
    isCookedKeytime: true
  }
  keytimes {
    datatype: AE_FLOAT_VECTOR_DATA
    timeOffset: 6.11662149
    inttype: AE_INTERP_LINEAR
    fvalue1: 45
    fvalue2: 49.4210281
    isCookedKeytime: true
  }
  keytimes {
    datatype: AE_FLOAT_VECTOR_DATA
    timeOffset: 6.13328171
    inttype: AE_INTERP_LINEAR
    fvalue1: 45
    fvalue2: 48.1848106
    isCookedKeytime: true
  }
  keytimes {
    datatype: AE_FLOAT_VECTOR_DATA
    timeOffset: 6.14994192
    inttype: AE_INTERP_LINEAR
    fvalue1: 45
    fvalue2: 46.7128525
    isCookedKeytime: true
  }
  keytimes {
    datatype: AE_FLOAT_VECTOR_DATA
    timeOffset: 6.16660213
    inttype: AE_INTERP_LINEAR
    fvalue1: 45
    fvalue2: 44.9808578
    isCookedKeytime: true
  }
  keytimes {
    datatype: AE_FLOAT_VECTOR_DATA
    timeOffset: 6.18326235
    inttype: AE_INTERP_LINEAR
    fvalue1: 45
    fvalue2: 42.9601631
    isCookedKeytime: true
  }
  keytimes {
    datatype: AE_FLOAT_VECTOR_DATA
    timeOffset: 6.19992256
    inttype: AE_INTERP_LINEAR
    fvalue1: 45
    fvalue2: 40.6158867
    isCookedKeytime: true
  }
  keytimes {
    datatype: AE_FLOAT_VECTOR_DATA
    timeOffset: 6.21658278
    inttype: AE_INTERP_LINEAR
    fvalue1: 45
    fvalue2: 37.9041328
    isCookedKeytime: true
  }
  keytimes {
    datatype: AE_FLOAT_VECTOR_DATA
    timeOffset: 6.23324299
    inttype: AE_INTERP_LINEAR
    fvalue1: 45
    fvalue2: 34.7675438
    isCookedKeytime: true
  }
  keytimes {
    datatype: AE_FLOAT_VECTOR_DATA
    timeOffset: 6.2499032
    inttype: AE_INTERP_LINEAR
    fvalue1: 45
    fvalue2: 31.1320648
    isCookedKeytime: true
  }
  keytimes {
    datatype: AE_FLOAT_VECTOR_DATA
    timeOffset: 6.26656342
    inttype: AE_INTERP_LINEAR
    fvalue1: 45
    fvalue2: 26.9134216
    isCookedKeytime: true
  }
  keytimes {
    datatype: AE_FLOAT_VECTOR_DATA
    timeOffset: 6.28322363
    inttype: AE_INTERP_LINEAR
    fvalue1: 45
    fvalue2: 22.0020771
    isCookedKeytime: true
  }
  keytimes {
    datatype: AE_FLOAT_VECTOR_DATA
    timeOffset: 6.29988384
    inttype: AE_INTERP_LINEAR
    fvalue1: 45
    fvalue2: 16.2442741
    isCookedKeytime: true
  }
  keytimes {
    datatype: AE_FLOAT_VECTOR_DATA
    timeOffset: 6.31654406
    inttype: AE_INTERP_LINEAR
    fvalue1: 45
    fvalue2: 9.41275597
    isCookedKeytime: true
  }
  keytimes {
    datatype: AE_FLOAT_VECTOR_DATA
    timeOffset: 6.33320427
    inttype: AE_INTERP_LINEAR
    fvalue1: 45
    fvalue2: 1.18826473
    isCookedKeytime: true
  }
  keytimes {
    datatype: AE_FLOAT_VECTOR_DATA
    timeOffset: 6.34986448
    inttype: AE_INTERP_LINEAR
    fvalue1: 45
    fvalue2: -8.89949131
    isCookedKeytime: true
  }
  keytimes {
    datatype: AE_FLOAT_VECTOR_DATA
    timeOffset: 6.3665247
    inttype: AE_INTERP_LINEAR
    fvalue1: 45
    fvalue2: -21.6060314
    isCookedKeytime: true
  }
  keytimes {
    datatype: AE_FLOAT_VECTOR_DATA
    timeOffset: 6.38318491
    inttype: AE_INTERP_LINEAR
    fvalue1: 45
    fvalue2: -38.0285339
    isCookedKeytime: true
  }
  keytimes {
    datatype: AE_FLOAT_VECTOR_DATA
    timeOffset: 6.41650534
    inttype: AE_INTERP_LINEAR
    fvalue1: 45
    fvalue2: -80.548172
    isCookedKeytime: true
  }
  keytimes {
    datatype: AE_FLOAT_VECTOR_DATA
    timeOffset: 6.43316555
    inttype: AE_INTERP_LINEAR
    fvalue1: 45
    fvalue2: -96.0831757
    isCookedKeytime: true
  }
  keytimes {
    datatype: AE_FLOAT_VECTOR_DATA
    timeOffset: 6.44982576
    inttype: AE_INTERP_LINEAR
    fvalue1: 45
    fvalue2: -105.078178
    isCookedKeytime: true
  }
  keytimes {
    datatype: AE_FLOAT_VECTOR_DATA
    timeOffset: 6.46648598
    inttype: AE_INTERP_LINEAR
    fvalue1: 45
    fvalue2: -109.95562
    isCookedKeytime: true
  }
  keytimes {
    datatype: AE_FLOAT_VECTOR_DATA
    timeOffset: 6.48314619
    inttype: AE_INTERP_LINEAR
    fvalue1: 45
    fvalue2: -112.299118
    isCookedKeytime: true
  }
  keytimes {
    datatype: AE_FLOAT_VECTOR_DATA
    timeOffset: 6.5
    inttype: AE_INTERP_LINEAR
    fvalue1: 45
    fvalue2: -113
  }
  trackName: "Position"
}
tracks {
  binding: OPACITY
  targetid: 519923
  targetname: "Btn-Back"
  keytimes {
    inttype: AE_INTERP_LINEAR
  }
  keytimes {
    timeOffset: 1
    inttype: AE_INTERP_LINEAR
  }
  keytimes {
    timeOffset: 1.01666
    inttype: AE_INTERP_LINEAR
    fvalue1: 0.00729055
    isCookedKeytime: true
  }
  keytimes {
    timeOffset: 1.03332
    inttype: AE_INTERP_LINEAR
    fvalue1: 0.0357920378
    isCookedKeytime: true
  }
  keytimes {
    timeOffset: 1.04997993
    inttype: AE_INTERP_LINEAR
    fvalue1: 0.104212463
    isCookedKeytime: true
  }
  keytimes {
    timeOffset: 1.0666399
    inttype: AE_INTERP_LINEAR
    fvalue1: 0.244509175
    isCookedKeytime: true
  }
  keytimes {
    timeOffset: 1.08329988
    inttype: AE_INTERP_LINEAR
    fvalue1: 0.423740685
    isCookedKeytime: true
  }
  keytimes {
    timeOffset: 1.09995985
    inttype: AE_INTERP_LINEAR
    fvalue1: 0.561049402
    isCookedKeytime: true
  }
  keytimes {
    timeOffset: 1.11661983
    inttype: AE_INTERP_LINEAR
    fvalue1: 0.658344746
    isCookedKeytime: true
  }
  keytimes {
    timeOffset: 1.1332798
    inttype: AE_INTERP_LINEAR
    fvalue1: 0.730607688
    isCookedKeytime: true
  }
  keytimes {
    timeOffset: 1.14993978
    inttype: AE_INTERP_LINEAR
    fvalue1: 0.786518574
    isCookedKeytime: true
  }
  keytimes {
    timeOffset: 1.16659975
    inttype: AE_INTERP_LINEAR
    fvalue1: 0.830961943
    isCookedKeytime: true
  }
  keytimes {
    timeOffset: 1.18325973
    inttype: AE_INTERP_LINEAR
    fvalue1: 0.866893053
    isCookedKeytime: true
  }
  keytimes {
    timeOffset: 1.1999197
    inttype: AE_INTERP_LINEAR
    fvalue1: 0.896227658
    isCookedKeytime: true
  }
  keytimes {
    timeOffset: 1.21657968
    inttype: AE_INTERP_LINEAR
    fvalue1: 0.920278549
    isCookedKeytime: true
  }
  keytimes {
    timeOffset: 1.23323965
    inttype: AE_INTERP_LINEAR
    fvalue1: 0.939986467
    isCookedKeytime: true
  }
  keytimes {
    timeOffset: 1.24989963
    inttype: AE_INTERP_LINEAR
    fvalue1: 0.956050098
    isCookedKeytime: true
  }
  keytimes {
    timeOffset: 1.2665596
    inttype: AE_INTERP_LINEAR
    fvalue1: 0.969003499
    isCookedKeytime: true
  }
  keytimes {
    timeOffset: 1.28321958
    inttype: AE_INTERP_LINEAR
    fvalue1: 0.979265
    isCookedKeytime: true
  }
  keytimes {
    timeOffset: 1.29987955
    inttype: AE_INTERP_LINEAR
    fvalue1: 0.987169
    isCookedKeytime: true
  }
  keytimes {
    timeOffset: 1.31653953
    inttype: AE_INTERP_LINEAR
    fvalue1: 0.992987514
    isCookedKeytime: true
  }
  keytimes {
    timeOffset: 1.3331995
    inttype: AE_INTERP_LINEAR
    fvalue1: 0.996945
    isCookedKeytime: true
  }
  keytimes {
    timeOffset: 1.34985948
    inttype: AE_INTERP_LINEAR
    fvalue1: 0.999229133
    isCookedKeytime: true
  }
  keytimes {
    timeOffset: 1.36666667
    inttype: AE_INTERP_LINEAR
    fvalue1: 1
  }
  keytimes {
    timeOffset: 6
    inttype: AE_INTERP_LINEAR
    fvalue1: 1
  }
  keytimes {
    timeOffset: 6.01666
    inttype: AE_INTERP_LINEAR
    fvalue1: 0.999292433
    isCookedKeytime: true
  }
  keytimes {
    timeOffset: 6.03332043
    inttype: AE_INTERP_LINEAR
    fvalue1: 0.997076571
    isCookedKeytime: true
  }
  keytimes {
    timeOffset: 6.04998064
    inttype: AE_INTERP_LINEAR
    fvalue1: 0.993194818
    isCookedKeytime: true
  }
  keytimes {
    timeOffset: 6.06664085
    inttype: AE_INTERP_LINEAR
    fvalue1: 0.987460732
    isCookedKeytime: true
  }
  keytimes {
    timeOffset: 6.08330107
    inttype: AE_INTERP_LINEAR
    fvalue1: 0.97965169
    isCookedKeytime: true
  }
  keytimes {
    timeOffset: 6.09996128
    inttype: AE_INTERP_LINEAR
    fvalue1: 0.969498038
    isCookedKeytime: true
  }
  keytimes {
    timeOffset: 6.11662149
    inttype: AE_INTERP_LINEAR
    fvalue1: 0.956668556
    isCookedKeytime: true
  }
  keytimes {
    timeOffset: 6.13328171
    inttype: AE_INTERP_LINEAR
    fvalue1: 0.940748811
    isCookedKeytime: true
  }
  keytimes {
    timeOffset: 6.14994192
    inttype: AE_INTERP_LINEAR
    fvalue1: 0.921210766
    isCookedKeytime: true
  }
  keytimes {
    timeOffset: 6.16660213
    inttype: AE_INTERP_LINEAR
    fvalue1: 0.89736414
    isCookedKeytime: true
  }
  keytimes {
    timeOffset: 6.18326235
    inttype: AE_INTERP_LINEAR
    fvalue1: 0.868280768
    isCookedKeytime: true
  }
  keytimes {
    timeOffset: 6.19992256
    inttype: AE_INTERP_LINEAR
    fvalue1: 0.832667708
    isCookedKeytime: true
  }
  keytimes {
    timeOffset: 6.21658278
    inttype: AE_INTERP_LINEAR
    fvalue1: 0.788642049
    isCookedKeytime: true
  }
  keytimes {
    timeOffset: 6.23324299
    inttype: AE_INTERP_LINEAR
    fvalue1: 0.733307064
    isCookedKeytime: true
  }
  keytimes {
    timeOffset: 6.2499032
    inttype: AE_INTERP_LINEAR
    fvalue1: 0.66189009
    isCookedKeytime: true
  }
  keytimes {
    timeOffset: 6.26656342
    inttype: AE_INTERP_LINEAR
    fvalue1: 0.565932274
    isCookedKeytime: true
  }
  keytimes {
    timeOffset: 6.28322363
    inttype: AE_INTERP_LINEAR
    fvalue1: 0.430701703
    isCookedKeytime: true
  }
  keytimes {
    timeOffset: 6.29988384
    inttype: AE_INTERP_LINEAR
    fvalue1: 0.252212942
    isCookedKeytime: true
  }
  keytimes {
    timeOffset: 6.31654406
    inttype: AE_INTERP_LINEAR
    fvalue1: 0.108551309
    isCookedKeytime: true
  }
  keytimes {
    timeOffset: 6.33320427
    inttype: AE_INTERP_LINEAR
    fvalue1: 0.0377220847
    isCookedKeytime: true
  }
  keytimes {
    timeOffset: 6.34986448
    inttype: AE_INTERP_LINEAR
    fvalue1: 0.00799488928
    isCookedKeytime: true
  }
  keytimes {
    timeOffset: 6.36666679
    inttype: AE_INTERP_LINEAR
  }
  trackName: "Opacity"
}
tracks {
  binding: IS_VISIBLE
  targetid: 519924
  targetname: "Live-MiniGuide"
  keytimes {
    datatype: AE_INT_DATA
    inttype: AE_INTERP_HOLD
    ivalue1: 1
  }
}
tracks {
  binding: IS_VISIBLE
  targetid: 519925
  targetname: "ScalePropTopRightAnchor"
  keytimes {
    datatype: AE_INT_DATA
    inttype: AE_INTERP_HOLD
    ivalue1: 1
  }
}
tracks {
  binding: IS_VISIBLE
  targetid: 519926
  targetname: "ScaleWidthPropBottomAnchor"
  keytimes {
    datatype: AE_INT_DATA
    inttype: AE_INTERP_HOLD
    ivalue1: 1
  }
}
tracks {
  binding: IS_VISIBLE
  targetid: 519927
  targetname: "ScaleWidthPropBottomLeftAnchor"
  keytimes {
    datatype: AE_INT_DATA
    inttype: AE_INTERP_HOLD
    ivalue1: 1
  }
}
tracks {
  binding: IS_VISIBLE
  targetid: 519928
  targetname: "ScaleWidthPropRightAnchor"
  keytimes {
    datatype: AE_INT_DATA
    inttype: AE_INTERP_HOLD
    ivalue1: 1
  }
}
tracks {
  binding: IS_VISIBLE
  targetid: 519929
  targetname: "Set-Ctrl"
  keytimes {
    datatype: AE_INT_DATA
    inttype: AE_INTERP_HOLD
    ivalue1: 1
  }
}
tracks {
  binding: OPACITY
  targetid: 519929
  targetname: "Set-Ctrl"
  keytimes {
    inttype: AE_INTERP_LINEAR
  }
  keytimes {
    timeOffset: 2
    inttype: AE_INTERP_HOLD
  }
  keytimes {
    timeOffset: 2.5
    inttype: AE_INTERP_HOLD
  }
  keytimes {
    timeOffset: 3
    inttype: AE_INTERP_HOLD
  }
  keytimes {
    timeOffset: 3.5
    inttype: AE_INTERP_HOLD
  }
  trackName: "Opacity"
}
markers {
  starttime: 1
  duration: 0.5
  name: "Show"
  tracksSelection {
    targetid: 519919
  }
  tracksSelection {
    targetid: 519919
    binding: OPACITY
  }
  tracksSelection {
    targetid: 519920
  }
  tracksSelection {
    targetid: 519920
    binding: OPACITY
  }
  tracksSelection {
    targetid: 519921
  }
  tracksSelection {
    targetid: 519922
  }
  tracksSelection {
    targetid: 519922
    binding: OPACITY
  }
  tracksSelection {
    targetid: 519923
  }
  tracksSelection {
    targetid: 519923
    binding: OPACITY
  }
  properties {
    key: "recursive"
    value: "true"
  }
}
markers {
  starttime: 2
  duration: 0.5
  name: "Set-VOD"
  tracksSelection {
    targetid: 519929
    binding: OPACITY
  }
  properties {
    key: "recursive"
    value: "true"
  }
}
markers {
  starttime: 3
  duration: 0.5
  name: "Set-Live"
  tracksSelection {
    targetid: 519929
    binding: OPACITY
  }
  properties {
    key: "recursive"
    value: "true"
  }
}
markers {
  starttime: 6
  duration: 0.5
  name: "Hide"
  tracksSelection {
    targetid: 519919
  }
  tracksSelection {
    targetid: 519919
    binding: OPACITY
  }
  tracksSelection {
    targetid: 519920
  }
  tracksSelection {
    targetid: 519920
    binding: OPACITY
  }
  tracksSelection {
    targetid: 519921
  }
  tracksSelection {
    targetid: 519922
  }
  tracksSelection {
    targetid: 519922
    binding: OPACITY
  }
  tracksSelection {
    targetid: 519923
  }
  tracksSelection {
    targetid: 519923
    binding: OPACITY
  }
  properties {
    key: "recursive"
    value: "true"
  }
}
