activecomp {
  name: "Auryn_Container-Btn-Poster-Large"
  width: 400
  height: 700
  defaultcameradistance: 555.555542
  layer {
    name: "Btn-Poster-Large"
    id: 259933
    sourceid: 266
    transform {
      anchorPoint {
        x: 200
        y: 300
      }
      scale {
        x: 1
        y: 1
        z: 1
      }
      position {
        x: 200
        y: 350
      }
      orientation {
      }
      opacity: 1
    }
    acceptsshadows: true
    acceptslights: true
  }
  bgcolor {
    alpha: 1
    red: 0.086274509803921567
    green: 0.11372549019607843
    blue: 0.14509803921568629
  }
  childtemplates: "Auryn_Btn-Poster-Large"
}
sources {
  uid: 266
  name: "Auryn_Btn-Poster-Large.layout"
  width: 400
  height: 600
  copy_source: true
}
