activecomp {
  name: "Example-ListEmbeddedAd_VAWAA-Ad-Image-3-Container"
  width: 480
  height: 540
  defaultcameradistance: 666.666687
  layer {
    name: "VAWAA-Ad-Image-3.png"
    id: 690015379
    sourceid: 690014915
    transform {
      anchorPoint {
        x: 240
        y: 270
      }
      scale {
        x: 1
        y: 1
        z: 1
      }
      position {
        x: 50
        y: 50
      }
      orientation {
      }
      opacity: 1
    }
    acceptsshadows: true
    acceptslights: true
    parentid: 690015380
  }
  layer {
    name: "ScaleWidthPropCenterAnchor"
    id: 690015380
    sourceid: 286
    transform {
      anchorPoint {
        x: 50
        y: 50
      }
      scale {
        x: 1
        y: 1
        z: 1
      }
      position {
        x: 240
        y: 270
      }
      orientation {
      }
      opacity: 1
    }
    acceptsshadows: true
    acceptslights: true
  }
  bgcolor {
    alpha: 1
  }
  properties {
    key: "clip"
    value: "true"
  }
}
sources {
  uid: 690014915
  srctype: AE_IMAGE_SRC
  name: "VAWAA-Ad-Image-3.png"
  width: 480
  height: 540
  numberOfFrames: 1
  loops: 1
  copy_source: true
}
sources {
  uid: 286
  srctype: AE_NULL_SRC
  width: 100
  height: 100
}
