tracks {
  binding: IS_VISIBLE
  targetid: 690011385
  targetname: "Btn-Close-Outline.png"
  keytimes {
    datatype: AE_INT_DATA
    inttype: AE_INTERP_HOLD
    ivalue1: 1
  }
}
tracks {
  binding: OPACITY
  targetid: 690011385
  targetname: "Btn-Close-Outline.png"
  keytimes {
    inttype: AE_INTERP_LINEAR
    fvalue1: 0.5
  }
  keytimes {
    timeOffset: 1.001001
    inttype: AE_INTERP_LINEAR
    fvalue1: 0.5
  }
  keytimes {
    timeOffset: 1.01766098
    inttype: AE_INTERP_LINEAR
    fvalue1: 0.501010954
    isCookedKeytime: true
  }
  keytimes {
    timeOffset: 1.03432095
    inttype: AE_INTERP_LINEAR
    fvalue1: 0.504317045
    isCookedKeytime: true
  }
  keytimes {
    timeOffset: 1.05098093
    inttype: AE_INTERP_LINEAR
    fvalue1: 0.510433495
    isCookedKeytime: true
  }
  keytimes {
    timeOffset: 1.0676409
    inttype: AE_INTERP_LINEAR
    fvalue1: 0.520070553
    isCookedKeytime: true
  }
  keytimes {
    timeOffset: 1.08430088
    inttype: AE_INTERP_LINEAR
    fvalue1: 0.534239948
    isCookedKeytime: true
  }
  keytimes {
    timeOffset: 1.10096085
    inttype: AE_INTERP_LINEAR
    fvalue1: 0.554430902
    isCookedKeytime: true
  }
  keytimes {
    timeOffset: 1.11762083
    inttype: AE_INTERP_LINEAR
    fvalue1: 0.582889915
    isCookedKeytime: true
  }
  keytimes {
    timeOffset: 1.1342808
    inttype: AE_INTERP_LINEAR
    fvalue1: 0.622926354
    isCookedKeytime: true
  }
  keytimes {
    timeOffset: 1.15094078
    inttype: AE_INTERP_LINEAR
    fvalue1: 0.67833358
    isCookedKeytime: true
  }
  keytimes {
    timeOffset: 1.18426073
    inttype: AE_INTERP_LINEAR
    fvalue1: 0.818452597
    isCookedKeytime: true
  }
  keytimes {
    timeOffset: 1.2009207
    inttype: AE_INTERP_LINEAR
    fvalue1: 0.874689341
    isCookedKeytime: true
  }
  keytimes {
    timeOffset: 1.21758068
    inttype: AE_INTERP_LINEAR
    fvalue1: 0.915411294
    isCookedKeytime: true
  }
  keytimes {
    timeOffset: 1.23424065
    inttype: AE_INTERP_LINEAR
    fvalue1: 0.944362283
    isCookedKeytime: true
  }
  keytimes {
    timeOffset: 1.25090063
    inttype: AE_INTERP_LINEAR
    fvalue1: 0.964906394
    isCookedKeytime: true
  }
  keytimes {
    timeOffset: 1.2675606
    inttype: AE_INTERP_LINEAR
    fvalue1: 0.979337156
    isCookedKeytime: true
  }
  keytimes {
    timeOffset: 1.28422058
    inttype: AE_INTERP_LINEAR
    fvalue1: 0.989174187
    isCookedKeytime: true
  }
  keytimes {
    timeOffset: 1.30088055
    inttype: AE_INTERP_LINEAR
    fvalue1: 0.995448232
    isCookedKeytime: true
  }
  keytimes {
    timeOffset: 1.31754053
    inttype: AE_INTERP_LINEAR
    fvalue1: 0.998881698
    isCookedKeytime: true
  }
  keytimes {
    timeOffset: 1.33466804
    inttype: AE_INTERP_LINEAR
    fvalue1: 1
  }
  trackName: "Opacity"
}
tracks {
  binding: IS_VISIBLE
  targetid: 690011386
  targetname: "Btn-Close-Press.png"
  keytimes {
    datatype: AE_INT_DATA
    inttype: AE_INTERP_HOLD
    ivalue1: 1
  }
}
tracks {
  binding: OPACITY
  targetid: 690011386
  targetname: "Btn-Close-Press.png"
  keytimes {
    inttype: AE_INTERP_LINEAR
  }
  keytimes {
    timeOffset: 2.002002
    inttype: AE_INTERP_LINEAR
  }
  keytimes {
    timeOffset: 2.01866198
    inttype: AE_INTERP_LINEAR
    fvalue1: 0.00863412488
    isCookedKeytime: true
  }
  keytimes {
    timeOffset: 2.03532195
    inttype: AE_INTERP_LINEAR
    fvalue1: 0.0401411578
    isCookedKeytime: true
  }
  keytimes {
    timeOffset: 2.05198193
    inttype: AE_INTERP_LINEAR
    fvalue1: 0.108861834
    isCookedKeytime: true
  }
  keytimes {
    timeOffset: 2.0686419
    inttype: AE_INTERP_LINEAR
    fvalue1: 0.245852649
    isCookedKeytime: true
  }
  keytimes {
    timeOffset: 2.10196185
    inttype: AE_INTERP_LINEAR
    fvalue1: 0.749378681
    isCookedKeytime: true
  }
  keytimes {
    timeOffset: 2.11862183
    inttype: AE_INTERP_LINEAR
    fvalue1: 0.888724506
    isCookedKeytime: true
  }
  keytimes {
    timeOffset: 2.1352818
    inttype: AE_INTERP_LINEAR
    fvalue1: 0.958674312
    isCookedKeytime: true
  }
  keytimes {
    timeOffset: 2.15194178
    inttype: AE_INTERP_LINEAR
    fvalue1: 0.990896463
    isCookedKeytime: true
  }
  keytimes {
    timeOffset: 2.1688354
    inttype: AE_INTERP_LINEAR
    fvalue1: 1
  }
  trackName: "Opacity"
}
tracks {
  binding: IS_VISIBLE
  targetid: 690011387
  targetname: "Text"
  keytimes {
    datatype: AE_INT_DATA
    inttype: AE_INTERP_HOLD
    ivalue1: 1
  }
}
tracks {
  binding: IS_VISIBLE
  targetid: 690011388
  targetname: "Null 2"
  keytimes {
    datatype: AE_INT_DATA
    inttype: AE_INTERP_HOLD
    ivalue1: 1
  }
}
tracks {
  binding: SCALE
  targetid: 690011388
  targetname: "Null 2"
  keytimes {
    datatype: AE_FLOAT_VECTOR_DATA
    inttype: AE_INTERP_LINEAR
    fvalue1: 1
    fvalue2: 1
    fvalue3: 1
  }
  keytimes {
    datatype: AE_FLOAT_VECTOR_DATA
    timeOffset: 2.002002
    inttype: AE_INTERP_LINEAR
    fvalue1: 1
    fvalue2: 1
    fvalue3: 1
  }
  keytimes {
    datatype: AE_FLOAT_VECTOR_DATA
    timeOffset: 2.01866198
    inttype: AE_INTERP_LINEAR
    fvalue1: 0.999136567
    fvalue2: 0.999136567
    fvalue3: 1
    isCookedKeytime: true
  }
  keytimes {
    datatype: AE_FLOAT_VECTOR_DATA
    timeOffset: 2.03532195
    inttype: AE_INTERP_LINEAR
    fvalue1: 0.995985866
    fvalue2: 0.995985866
    fvalue3: 1
    isCookedKeytime: true
  }
  keytimes {
    datatype: AE_FLOAT_VECTOR_DATA
    timeOffset: 2.05198193
    inttype: AE_INTERP_LINEAR
    fvalue1: 0.989113867
    fvalue2: 0.989113867
    fvalue3: 1
    isCookedKeytime: true
  }
  keytimes {
    datatype: AE_FLOAT_VECTOR_DATA
    timeOffset: 2.0686419
    inttype: AE_INTERP_LINEAR
    fvalue1: 0.975414753
    fvalue2: 0.975414753
    fvalue3: 1
    isCookedKeytime: true
  }
  keytimes {
    datatype: AE_FLOAT_VECTOR_DATA
    timeOffset: 2.10196185
    inttype: AE_INTERP_LINEAR
    fvalue1: 0.92506212
    fvalue2: 0.92506212
    fvalue3: 1
    isCookedKeytime: true
  }
  keytimes {
    datatype: AE_FLOAT_VECTOR_DATA
    timeOffset: 2.11862183
    inttype: AE_INTERP_LINEAR
    fvalue1: 0.911127567
    fvalue2: 0.911127567
    fvalue3: 1
    isCookedKeytime: true
  }
  keytimes {
    datatype: AE_FLOAT_VECTOR_DATA
    timeOffset: 2.1352818
    inttype: AE_INTERP_LINEAR
    fvalue1: 0.904132545
    fvalue2: 0.904132545
    fvalue3: 1
    isCookedKeytime: true
  }
  keytimes {
    datatype: AE_FLOAT_VECTOR_DATA
    timeOffset: 2.15194178
    inttype: AE_INTERP_LINEAR
    fvalue1: 0.900910318
    fvalue2: 0.900910318
    fvalue3: 1
    isCookedKeytime: true
  }
  keytimes {
    datatype: AE_FLOAT_VECTOR_DATA
    timeOffset: 2.1688354
    inttype: AE_INTERP_LINEAR
    fvalue1: 0.9
    fvalue2: 0.9
    fvalue3: 1
  }
  trackName: "Scale"
}
markers {
  starttime: 1.001001
  duration: 0.333667
  name: "FocusIn"
  tracksSelection {
    targetid: 690011385
    binding: OPACITY
  }
  id: 21
}
markers {
  starttime: 2.002002
  duration: 0.166833505
  name: "Press"
  tracksSelection {
    targetid: 690011386
    binding: OPACITY
  }
  tracksSelection {
    targetid: 690011388
    binding: SCALE
  }
  id: 18
}
