activecomp {
  name: "Example-ListEmbeddedAd_Btn-Backdrop-Ad-VAWAA"
  width: 456
  height: 264
  defaultcameradistance: 633.333313
  layer {
    name: "Ad-Tile-Image.png"
    id: 690015262
    sourceid: 690015295
    transform {
      anchorPoint {
        x: 228.5
        y: 132
      }
      scale {
        x: 1
        y: 1
        z: 1
      }
      position {
        x: 228
        y: 132
      }
      orientation {
      }
      opacity: 1
    }
    acceptsshadows: true
    acceptslights: true
  }
  layer {
    name: "Press-Overlay"
    id: 690015263
    sourceid: 690015299
    transform {
      anchorPoint {
        x: 231
        y: 135
      }
      scale {
        x: 1
        y: 1
        z: 1
      }
      position {
        x: 228
        y: 132
      }
      orientation {
      }
    }
    acceptsshadows: true
    acceptslights: true
  }
  layer {
    name: "Gradient-Ad-Asset.png"
    id: 690015264
    sourceid: 690015292
    transform {
      anchorPoint {
        x: 0.5
        y: 132
      }
      scale {
        x: 456
        y: 1
        z: 1
      }
      position {
        x: 228
        y: 132
      }
      orientation {
      }
      opacity: 0.8
    }
    acceptsshadows: true
    acceptslights: true
  }
  layer {
    name: "Text-2"
    id: 690015265
    sourceid: -1
    transform {
      anchorPoint {
        x: 210
        y: 105
      }
      scale {
        x: 1
        y: 1
        z: 1
      }
      position {
        x: 252.588745
        y: 314.317352
      }
      orientation {
      }
      opacity: 0.5
    }
    acceptsshadows: true
    acceptslights: true
    textinfo {
      fontSize: 26
      fontColor {
        alpha: 1
        red: 1
        green: 1
        blue: 1
      }
      fontName: "BrandonGrotesque-Bold"
      boundsWidth: 420
      boundsHeight: 94
      isLabel: true
      text: "by vawaa"
      multiline: true
      isAllCaps: true
    }
    classname: "CYISDFAtlasTextSceneNode"
  }
  layer {
    name: "Text"
    id: 690015266
    sourceid: -1
    transform {
      anchorPoint {
        x: 210
        y: 105
      }
      scale {
        x: 1
        y: 1
        z: 1
      }
      position {
        x: 251.516922
        y: 218.75
      }
      orientation {
      }
      opacity: 0.5
    }
    acceptsshadows: true
    acceptslights: true
    textinfo {
      fontSize: 92
      fontColor {
        alpha: 1
        red: 1
        green: 1
        blue: 1
      }
      fontName: "Timberline-Regular"
      boundsWidth: 420
      boundsHeight: 94
      isLabel: true
      text: "Cooking"
      multiline: true
    }
    classname: "CYISDFAtlasTextSceneNode"
  }
  layer {
    name: "Sponsor-Tag-Background.png"
    id: 690015267
    sourceid: 690015515
    transform {
      anchorPoint {
        y: 20
      }
      scale {
        x: 1
        y: 1
        z: 1
      }
      position {
        y: 49
      }
      orientation {
      }
      opacity: 0.5
    }
    acceptsshadows: true
    acceptslights: true
  }
  layer {
    name: "Text-3"
    id: 690015268
    sourceid: -1
    transform {
      anchorPoint {
        x: 210
        y: 105
      }
      scale {
        x: 1
        y: 1
        z: 1
      }
      position {
        x: 247.588745
        y: 145.659546
      }
      orientation {
      }
      opacity: 0.5
    }
    acceptsshadows: true
    acceptslights: true
    textinfo {
      fontSize: 24
      fontColor {
        alpha: 1
        red: 1
        green: 1
        blue: 1
      }
      fontName: "BrandonGrotesque-Bold"
      boundsWidth: 420
      boundsHeight: 94
      isLabel: true
      text: "Sponsored"
      multiline: true
      isAllCaps: true
    }
    classname: "CYISDFAtlasTextSceneNode"
  }
  layer {
    name: "Focus-Border-4"
    id: 690015269
    sourceid: 690015310
    transform {
      anchorPoint {
        x: 3
        y: 129
      }
      scale {
        x: 1
        y: 1
        z: 1
      }
      position {
        y: 132
      }
      orientation {
      }
    }
    acceptsshadows: true
    acceptslights: true
  }
  layer {
    name: "Focus-Border-3"
    id: 690015270
    sourceid: 690015310
    transform {
      anchorPoint {
        x: 3
        y: 129
      }
      scale {
        x: 1
        y: 1
        z: 1
      }
      position {
        x: 456
        y: 132
      }
      orientation {
      }
    }
    acceptsshadows: true
    acceptslights: true
  }
  layer {
    name: "Focus-Border-2"
    id: 690015271
    sourceid: 690015306
    transform {
      anchorPoint {
        x: 231
        y: 3
      }
      scale {
        x: 1
        y: 1
        z: 1
      }
      position {
        x: 228
      }
      orientation {
      }
    }
    acceptsshadows: true
    acceptslights: true
  }
  layer {
    name: "Focus-Border-1"
    id: 690015272
    sourceid: 690015306
    transform {
      anchorPoint {
        x: 231
        y: 3
      }
      scale {
        x: 1
        y: 1
        z: 1
      }
      position {
        x: 228
        y: 264
      }
      orientation {
      }
    }
    acceptsshadows: true
    acceptslights: true
  }
  classname: "CYIPushButtonView"
  bgcolor {
    alpha: 1
    red: 0.086274509803921567
    green: 0.11372549019607843
    blue: 0.14509803921568629
  }
  properties {
    key: "componentSubtype"
    value: "push"
  }
  properties {
    key: "componentType"
    value: "button"
  }
  properties {
    key: "clip"
    value: "false"
  }
}
sources {
  uid: 690015295
  srctype: AE_IMAGE_SRC
  name: "Ad-Tile-Image.png"
  width: 457
  height: 264
  numberOfFrames: 1
  loops: 1
  copy_source: true
}
sources {
  uid: 690015299
  srctype: AE_SOLID_SRC
  color {
    alpha: 1
  }
  width: 462
  height: 270
}
sources {
  uid: 690015292
  srctype: AE_IMAGE_SRC
  name: "Gradient-Ad-Asset.png"
  width: 1
  height: 264
  numberOfFrames: 1
  loops: 1
  copy_source: true
}
sources {
  uid: 4
  srctype: AE_FONT_SRC
  name: "BrandonGrotesque-Bold"
  copy_source: true
  file_name: "yi_Brandon Grotesque-Bold.otf"
  style_name: "Bold"
}
sources {
  uid: 5
  srctype: AE_FONT_SRC
  name: "Timberline-Regular"
  copy_source: true
  file_name: "yi_Timberline-Regular.otf"
  style_name: "Regular"
}
sources {
  uid: 690015515
  srctype: AE_IMAGE_SRC
  name: "Sponsor-Tag-Background.png"
  width: 200
  height: 40
  numberOfFrames: 1
  loops: 1
  copy_source: true
}
sources {
  uid: 690015310
  srctype: AE_SOLID_SRC
  color {
    alpha: 1
    red: 0.92549026012420654
    green: 0.1098039299249649
    blue: 0.14509804546833038
  }
  width: 6
  height: 258
}
sources {
  uid: 690015306
  srctype: AE_SOLID_SRC
  color {
    alpha: 1
    red: 0.92549026012420654
    green: 0.1098039299249649
    blue: 0.14509804546833038
  }
  width: 462
  height: 6
}
