activecomp {
  name: "Example-ListEmbeddedAd_Container-Btn-Ad-Small-VAWAA"
  width: 480
  height: 288
  defaultcameradistance: 666.666687
  layer {
    name: "Btn-Backdrop-Ad-VAWAA"
    id: 690015250
    sourceid: 690015262
    transform {
      anchorPoint {
        x: 228
        y: 132
      }
      scale {
        x: 1
        y: 1
        z: 1
      }
      position {
        x: 240
        y: 144
      }
      orientation {
      }
      opacity: 1
    }
    acceptsshadows: true
    acceptslights: true
  }
  bgcolor {
    alpha: 1
    red: 0.086274509803921567
    green: 0.11372549019607843
    blue: 0.14509803921568629
  }
  properties {
    key: "clip"
    value: "false"
  }
  childtemplates: "Example-ListEmbeddedAd_Btn-Backdrop-Ad-VAWAA"
}
sources {
  uid: 690015262
  name: "Example-ListEmbeddedAd_Btn-Backdrop-Ad-VAWAA.layout"
  width: 456
  height: 264
  copy_source: true
}
