activecomp {
  name: "Example-PlayerPauseAd_Btn-Cap"
  width: 105
  height: 49
  defaultcameradistance: 145.833328
  layer {
    name: "Btn-Close-Outline.png"
    id: 690011385
    sourceid: 690015184
    transform {
      anchorPoint {
        x: 52.5
        y: 24.5
      }
      scale {
        x: 1
        y: 1
        z: 1
      }
      position {
      }
      orientation {
      }
      opacity: 0.5
    }
    acceptsshadows: true
    acceptslights: true
    parentid: 690011388
  }
  layer {
    name: "Btn-Close-Press.png"
    id: 690011386
    sourceid: 690015185
    transform {
      anchorPoint {
        x: 85.5
        y: 58.5
      }
      scale {
        x: 1
        y: 1
        z: 1
      }
      position {
        y: 2
      }
      orientation {
      }
    }
    acceptsshadows: true
    acceptslights: true
    parentid: 690011388
  }
  layer {
    name: "Text"
    id: 690011387
    sourceid: -1
    transform {
      anchorPoint {
      }
      scale {
        x: 1
        y: 1
        z: 1
      }
      position {
        x: -30.3038635
        y: 7.63116455
      }
      orientation {
      }
      opacity: 1
    }
    acceptsshadows: true
    acceptslights: true
    textinfo {
      fontSize: 22
      fontColor {
        alpha: 1
        red: 1
        green: 1
        blue: 1
      }
      fontName: "Montserrat-Bold"
      isPointText: true
      isLabel: true
      text: "close"
    }
    parentid: 690011388
    classname: "CYISDFAtlasTextSceneNode"
  }
  layer {
    name: "Null 2"
    id: 690011388
    sourceid: 690011400
    transform {
      anchorPoint {
      }
      scale {
        x: 1
        y: 1
        z: 1
      }
      position {
        x: 52.5
        y: 24.5
      }
      orientation {
      }
      opacity: 1
    }
    acceptsshadows: true
    acceptslights: true
  }
  classname: "CYIPushButtonView"
  bgcolor {
    alpha: 1
  }
  properties {
    key: "componentSubtype"
    value: "push"
  }
  properties {
    key: "componentType"
    value: "button"
  }
  properties {
    key: "clip"
    value: "false"
  }
}
sources {
  uid: 690015184
  srctype: AE_IMAGE_SRC
  name: "Btn-Close-Outline.png"
  width: 105
  height: 49
  numberOfFrames: 1
  loops: 1
  copy_source: true
}
sources {
  uid: 690015185
  srctype: AE_IMAGE_SRC
  name: "Btn-Close-Press.png"
  width: 171
  height: 117
  numberOfFrames: 1
  loops: 1
  copy_source: true
}
sources {
  uid: 3
  srctype: AE_FONT_SRC
  name: "Montserrat-Bold"
  copy_source: true
  file_name: "yi_Montserrat-Bold.otf"
  style_name: "Bold"
}
sources {
  uid: 690011400
  srctype: AE_NULL_SRC
  width: 100
  height: 100
}
