activecomp {
  name: "Auryn_Live-Metadata"
  width: 650
  height: 50
  defaultcameradistance: 902.777771
  layer {
    name: "Text-Detail-2"
    id: 1467
    sourceid: -1
    transform {
      anchorPoint {
        x: -1.59199524
        y: 15.8701019
      }
      scale {
        x: 1
        y: 1
        z: 1
      }
      position {
        x: 98.4199371
        y: 31.5169353
      }
      orientation {
      }
      opacity: 0.6
    }
    acceptsshadows: true
    acceptslights: true
    textinfo {
      fontSize: 16
      fontColor {
        alpha: 1
        red: 1
        green: 1
        blue: 1
      }
      fontName: "Montserrat-Bold"
      boundsWidth: 454
      boundsHeight: 28
      isLabel: true
      multiline: true
      ellipsis: true
      isAllCaps: true
    }
    properties {
      key: "text-placeholder"
      value: "true"
    }
    properties {
      key: "text-overflow"
      value: "ellipsis"
    }
  }
  layer {
    name: "Seperator"
    id: 1468
    sourceid: -1
    transform {
      anchorPoint {
        x: 21.75
        y: 20.7197304
      }
      scale {
        x: 1
        y: 1
        z: 1
      }
      position {
        x: 91.7722168
        y: 37.1585617
      }
      orientation {
      }
      opacity: 0.6
    }
    acceptsshadows: true
    acceptslights: true
    textinfo {
      justification: AE_TEXT_CENTER
      fontSize: 16
      fontColor {
        alpha: 1
        red: 1
        green: 1
        blue: 1
      }
      fontName: "Montserrat-Bold"
      boundsWidth: 41
      boundsHeight: 42
      isLabel: true
      text: "\342\200\242"
      multiline: true
      isAllCaps: true
    }
  }
  layer {
    name: "Text-Detail-1"
    id: 1469
    sourceid: -1
    transform {
      anchorPoint {
        x: 0.408004761
        y: 15.5
      }
      scale {
        x: 1
        y: 1
        z: 1
      }
      position {
        x: 5.17021179
        y: 30.8508339
      }
      orientation {
      }
      opacity: 0.6
    }
    acceptsshadows: true
    acceptslights: true
    textinfo {
      fontSize: 16
      fontColor {
        alpha: 1
        red: 1
        green: 1
        blue: 1
      }
      fontName: "Montserrat-Bold"
      boundsWidth: 309
      boundsHeight: 26
      isLabel: true
      multiline: true
      ellipsis: true
      isAllCaps: true
    }
    properties {
      key: "text-placeholder"
      value: "true"
    }
    properties {
      key: "text-overflow"
      value: "ellipsis"
    }
  }
  classname: "CYIPushButtonView"
  bgcolor {
    alpha: 1
    red: 0.086274509803921567
    green: 0.11372549019607843
    blue: 0.14509803921568629
  }
  properties {
    key: "componentSubtype"
    value: "push"
  }
  properties {
    key: "componentType"
    value: "button"
  }
  properties {
    key: "layout"
    value: "CYIRowLayout"
  }
  properties {
    key: "gravity"
    value: "left"
  }
  properties {
    key: "width"
    value: "fit-content"
  }
  properties {
    key: "padding-left"
    value: "5"
  }
}
sources {
  uid: 1
  srctype: AE_FONT_SRC
  name: "Montserrat-Bold"
  copy_source: true
  file_name: "yi_Montserrat-Bold.otf"
  style_name: "Bold"
}
