tracks {
  binding: IS_VISIBLE
  targetid: 690016924
  targetname: "Background"
  keytimes {
    datatype: AE_INT_DATA
    inttype: AE_INTERP_HOLD
    ivalue1: 1
  }
}
tracks {
  binding: IS_VISIBLE
  targetid: 690016925
  targetname: "Image-Dynamic"
  keytimes {
    datatype: AE_INT_DATA
    inttype: AE_INTERP_HOLD
    ivalue1: 1
  }
}
tracks {
  binding: OPACITY
  targetid: 690016925
  targetname: "Image-Dynamic"
  keytimes {
    inttype: AE_INTERP_LINEAR
    fvalue1: 1
  }
  keytimes {
    timeOffset: 3
    inttype: AE_INTERP_LINEAR
    fvalue1: 1
  }
  keytimes {
    timeOffset: 3.01666
    inttype: AE_INTERP_LINEAR
    fvalue1: 0.969493
    isCookedKeytime: true
  }
  keytimes {
    timeOffset: 3.06664
    inttype: AE_INTERP_LINEAR
    fvalue1: 0.830919445
    isCookedKeytime: true
  }
  keytimes {
    timeOffset: 3.08333325
    inttype: AE_INTERP_LINEAR
    fvalue1: 0.8
  }
  trackName: "Opacity"
}
markers {
  starttime: 3
  duration: 0.0833333358
  name: "Press"
  tracksSelection {
    targetid: 690016925
    binding: OPACITY
  }
  id: 18
}
