tracks {
  binding: IS_VISIBLE
  targetid: 690014383
  targetname: "title"
  keytimes {
    datatype: AE_INT_DATA
    inttype: AE_INTERP_HOLD
    ivalue1: 1
  }
}
tracks {
  binding: OPACITY
  targetid: 690014383
  targetname: "title"
  keytimes {
    inttype: AE_INTERP_LINEAR
    fvalue1: 0.6
  }
  keytimes {
    timeOffset: 3
    inttype: AE_INTERP_LINEAR
    fvalue1: 0.6
  }
  keytimes {
    timeOffset: 3.01666
    inttype: AE_INTERP_LINEAR
    fvalue1: 0.611157835
    isCookedKeytime: true
  }
  keytimes {
    timeOffset: 3.03332
    inttype: AE_INTERP_LINEAR
    fvalue1: 0.641450107
    isCookedKeytime: true
  }
  keytimes {
    timeOffset: 3.04998
    inttype: AE_INTERP_LINEAR
    fvalue1: 0.686104894
    isCookedKeytime: true
  }
  keytimes {
    timeOffset: 3.06664
    inttype: AE_INTERP_LINEAR
    fvalue1: 0.740350127
    isCookedKeytime: true
  }
  keytimes {
    timeOffset: 3.09995985
    inttype: AE_INTERP_LINEAR
    fvalue1: 0.85852468
    isCookedKeytime: true
  }
  keytimes {
    timeOffset: 3.11661983
    inttype: AE_INTERP_LINEAR
    fvalue1: 0.912910104
    isCookedKeytime: true
  }
  keytimes {
    timeOffset: 3.1332798
    inttype: AE_INTERP_LINEAR
    fvalue1: 0.957798243
    isCookedKeytime: true
  }
  keytimes {
    timeOffset: 3.14993978
    inttype: AE_INTERP_LINEAR
    fvalue1: 0.988417387
    isCookedKeytime: true
  }
  keytimes {
    timeOffset: 3.16666675
    inttype: AE_INTERP_LINEAR
    fvalue1: 1
  }
  keytimes {
    timeOffset: 3.33333325
    inttype: AE_INTERP_LINEAR
    fvalue1: 1
  }
  keytimes {
    timeOffset: 3.34999323
    inttype: AE_INTERP_LINEAR
    fvalue1: 0.988842189
    isCookedKeytime: true
  }
  keytimes {
    timeOffset: 3.3666532
    inttype: AE_INTERP_LINEAR
    fvalue1: 0.958549857
    isCookedKeytime: true
  }
  keytimes {
    timeOffset: 3.38331318
    inttype: AE_INTERP_LINEAR
    fvalue1: 0.91389513
    isCookedKeytime: true
  }
  keytimes {
    timeOffset: 3.39997315
    inttype: AE_INTERP_LINEAR
    fvalue1: 0.859649897
    isCookedKeytime: true
  }
  keytimes {
    timeOffset: 3.4332931
    inttype: AE_INTERP_LINEAR
    fvalue1: 0.741475284
    isCookedKeytime: true
  }
  keytimes {
    timeOffset: 3.44995308
    inttype: AE_INTERP_LINEAR
    fvalue1: 0.68708992
    isCookedKeytime: true
  }
  keytimes {
    timeOffset: 3.46661305
    inttype: AE_INTERP_LINEAR
    fvalue1: 0.642201781
    isCookedKeytime: true
  }
  keytimes {
    timeOffset: 3.48327303
    inttype: AE_INTERP_LINEAR
    fvalue1: 0.611582637
    isCookedKeytime: true
  }
  keytimes {
    timeOffset: 3.5
    inttype: AE_INTERP_LINEAR
    fvalue1: 0.6
  }
  trackName: "Opacity"
}
tracks {
  binding: SCALE
  targetid: 690014383
  targetname: "title"
  keytimes {
    datatype: AE_FLOAT_VECTOR_DATA
    inttype: AE_INTERP_LINEAR
    fvalue1: 1
    fvalue2: 1
    fvalue3: 1
  }
  keytimes {
    datatype: AE_FLOAT_VECTOR_DATA
    timeOffset: 2
    inttype: AE_INTERP_LINEAR
    fvalue1: 1
    fvalue2: 1
    fvalue3: 1
  }
  keytimes {
    datatype: AE_FLOAT_VECTOR_DATA
    timeOffset: 2.01666665
    inttype: AE_INTERP_LINEAR
    fvalue1: 0.9
    fvalue2: 0.9
    fvalue3: 1
  }
  keytimes {
    datatype: AE_FLOAT_VECTOR_DATA
    timeOffset: 2.33333325
    inttype: AE_INTERP_LINEAR
    fvalue1: 1
    fvalue2: 1
    fvalue3: 1
  }
  keytimes {
    datatype: AE_FLOAT_VECTOR_DATA
    timeOffset: 2.35
    inttype: AE_INTERP_LINEAR
    fvalue1: 0.9
    fvalue2: 0.9
    fvalue3: 1
  }
  trackName: "Scale"
}
tracks {
  binding: IS_VISIBLE
  targetid: 690014384
  targetname: "Nav-Icon-Toggled"
  keytimes {
    datatype: AE_INT_DATA
    inttype: AE_INTERP_HOLD
    ivalue1: 1
  }
}
tracks {
  binding: OPACITY
  targetid: 690014384
  targetname: "Nav-Icon-Toggled"
  keytimes {
    inttype: AE_INTERP_LINEAR
  }
  keytimes {
    timeOffset: 3
    inttype: AE_INTERP_LINEAR
  }
  keytimes {
    timeOffset: 3.01666
    inttype: AE_INTERP_LINEAR
    fvalue1: 0.045391418
    isCookedKeytime: true
  }
  keytimes {
    timeOffset: 3.03332
    inttype: AE_INTERP_LINEAR
    fvalue1: 0.318003893
    isCookedKeytime: true
  }
  keytimes {
    timeOffset: 3.04998
    inttype: AE_INTERP_LINEAR
    fvalue1: 0.623111904
    isCookedKeytime: true
  }
  keytimes {
    timeOffset: 3.06664
    inttype: AE_INTERP_LINEAR
    fvalue1: 0.77637434
    isCookedKeytime: true
  }
  keytimes {
    timeOffset: 3.08329988
    inttype: AE_INTERP_LINEAR
    fvalue1: 0.866893053
    isCookedKeytime: true
  }
  keytimes {
    timeOffset: 3.09995985
    inttype: AE_INTERP_LINEAR
    fvalue1: 0.924542308
    isCookedKeytime: true
  }
  keytimes {
    timeOffset: 3.11661983
    inttype: AE_INTERP_LINEAR
    fvalue1: 0.961579084
    isCookedKeytime: true
  }
  keytimes {
    timeOffset: 3.1332798
    inttype: AE_INTERP_LINEAR
    fvalue1: 0.984271705
    isCookedKeytime: true
  }
  keytimes {
    timeOffset: 3.14993978
    inttype: AE_INTERP_LINEAR
    fvalue1: 0.996292949
    isCookedKeytime: true
  }
  keytimes {
    timeOffset: 3.16666675
    inttype: AE_INTERP_LINEAR
    fvalue1: 1
  }
  keytimes {
    timeOffset: 3.33333325
    inttype: AE_INTERP_LINEAR
    fvalue1: 1
  }
  keytimes {
    timeOffset: 3.34999323
    inttype: AE_INTERP_LINEAR
    fvalue1: 0.996439
    isCookedKeytime: true
  }
  keytimes {
    timeOffset: 3.3666532
    inttype: AE_INTERP_LINEAR
    fvalue1: 0.984600067
    isCookedKeytime: true
  }
  keytimes {
    timeOffset: 3.38331318
    inttype: AE_INTERP_LINEAR
    fvalue1: 0.962145746
    isCookedKeytime: true
  }
  keytimes {
    timeOffset: 3.39997315
    inttype: AE_INTERP_LINEAR
    fvalue1: 0.925438166
    isCookedKeytime: true
  }
  keytimes {
    timeOffset: 3.41663313
    inttype: AE_INTERP_LINEAR
    fvalue1: 0.868280768
    isCookedKeytime: true
  }
  keytimes {
    timeOffset: 3.4332931
    inttype: AE_INTERP_LINEAR
    fvalue1: 0.778597772
    isCookedKeytime: true
  }
  keytimes {
    timeOffset: 3.44995308
    inttype: AE_INTERP_LINEAR
    fvalue1: 0.627115786
    isCookedKeytime: true
  }
  keytimes {
    timeOffset: 3.46661305
    inttype: AE_INTERP_LINEAR
    fvalue1: 0.325978577
    isCookedKeytime: true
  }
  keytimes {
    timeOffset: 3.48327303
    inttype: AE_INTERP_LINEAR
    fvalue1: 0.0476790704
    isCookedKeytime: true
  }
  keytimes {
    timeOffset: 3.5
    inttype: AE_INTERP_LINEAR
  }
  trackName: "Opacity"
}
tracks {
  binding: IS_VISIBLE
  targetid: 690014385
  targetname: "Nav-Icon"
  keytimes {
    datatype: AE_INT_DATA
    inttype: AE_INTERP_HOLD
    ivalue1: 1
  }
}
tracks {
  binding: OPACITY
  targetid: 690014385
  targetname: "Nav-Icon"
  keytimes {
    inttype: AE_INTERP_LINEAR
    fvalue1: 1
  }
  keytimes {
    timeOffset: 3
    inttype: AE_INTERP_LINEAR
    fvalue1: 1
  }
  keytimes {
    timeOffset: 3.01666
    inttype: AE_INTERP_LINEAR
    fvalue1: 0.954608619
    isCookedKeytime: true
  }
  keytimes {
    timeOffset: 3.03332
    inttype: AE_INTERP_LINEAR
    fvalue1: 0.681996107
    isCookedKeytime: true
  }
  keytimes {
    timeOffset: 3.04998
    inttype: AE_INTERP_LINEAR
    fvalue1: 0.376888096
    isCookedKeytime: true
  }
  keytimes {
    timeOffset: 3.06664
    inttype: AE_INTERP_LINEAR
    fvalue1: 0.22362566
    isCookedKeytime: true
  }
  keytimes {
    timeOffset: 3.08329988
    inttype: AE_INTERP_LINEAR
    fvalue1: 0.133106932
    isCookedKeytime: true
  }
  keytimes {
    timeOffset: 3.09995985
    inttype: AE_INTERP_LINEAR
    fvalue1: 0.0754576847
    isCookedKeytime: true
  }
  keytimes {
    timeOffset: 3.11661983
    inttype: AE_INTERP_LINEAR
    fvalue1: 0.0384209231
    isCookedKeytime: true
  }
  keytimes {
    timeOffset: 3.1332798
    inttype: AE_INTERP_LINEAR
    fvalue1: 0.0157282874
    isCookedKeytime: true
  }
  keytimes {
    timeOffset: 3.14993978
    inttype: AE_INTERP_LINEAR
    fvalue1: 0.00370708038
    isCookedKeytime: true
  }
  keytimes {
    timeOffset: 3.16666675
    inttype: AE_INTERP_LINEAR
  }
  keytimes {
    timeOffset: 3.33333325
    inttype: AE_INTERP_LINEAR
  }
  keytimes {
    timeOffset: 3.34999323
    inttype: AE_INTERP_LINEAR
    fvalue1: 0.00356099568
    isCookedKeytime: true
  }
  keytimes {
    timeOffset: 3.3666532
    inttype: AE_INTERP_LINEAR
    fvalue1: 0.0153999589
    isCookedKeytime: true
  }
  keytimes {
    timeOffset: 3.38331318
    inttype: AE_INTERP_LINEAR
    fvalue1: 0.0378542
    isCookedKeytime: true
  }
  keytimes {
    timeOffset: 3.39997315
    inttype: AE_INTERP_LINEAR
    fvalue1: 0.0745618567
    isCookedKeytime: true
  }
  keytimes {
    timeOffset: 3.41663313
    inttype: AE_INTERP_LINEAR
    fvalue1: 0.131719187
    isCookedKeytime: true
  }
  keytimes {
    timeOffset: 3.4332931
    inttype: AE_INTERP_LINEAR
    fvalue1: 0.221402243
    isCookedKeytime: true
  }
  keytimes {
    timeOffset: 3.44995308
    inttype: AE_INTERP_LINEAR
    fvalue1: 0.372884214
    isCookedKeytime: true
  }
  keytimes {
    timeOffset: 3.46661305
    inttype: AE_INTERP_LINEAR
    fvalue1: 0.674021363
    isCookedKeytime: true
  }
  keytimes {
    timeOffset: 3.48327303
    inttype: AE_INTERP_LINEAR
    fvalue1: 0.952320933
    isCookedKeytime: true
  }
  keytimes {
    timeOffset: 3.5
    inttype: AE_INTERP_LINEAR
    fvalue1: 1
  }
  trackName: "Opacity"
}
markers {
  starttime: 2
  duration: 0.0166666675
  name: "Press"
  tracksSelection {
    targetid: 690014383
    binding: SCALE
  }
  id: 18
}
markers {
  starttime: 2.33333325
  duration: 0.0166666675
  name: "Press-Checked"
  tracksSelection {
    targetid: 690014383
    binding: SCALE
  }
  id: 23
}
markers {
  starttime: 3
  duration: 0.166666672
  name: "Toggle-On"
  tracksSelection {
    targetid: 690014383
    binding: OPACITY
  }
  tracksSelection {
    targetid: 690014384
    binding: OPACITY
  }
  tracksSelection {
    targetid: 690014385
    binding: OPACITY
  }
  id: 20
}
markers {
  starttime: 3.33333325
  duration: 0.166666672
  name: "Toggle-Off"
  tracksSelection {
    targetid: 690014383
    binding: OPACITY
  }
  tracksSelection {
    targetid: 690014384
    binding: OPACITY
  }
  tracksSelection {
    targetid: 690014385
    binding: OPACITY
  }
  id: 26
}
