activecomp {
  name: "Auryn_Video"
  width: 1920
  height: 1080
  defaultcameradistance: 2666.66675
  layer {
    name: "VideoSurface"
    id: 1963
    sourceid: 2006
    transform {
      anchorPoint {
        x: 960
        y: 540
      }
      scale {
        x: 1
        y: 1
        z: 1
      }
      position {
        x: 960
        y: 540
      }
      orientation {
      }
      opacity: 1
    }
    acceptsshadows: true
    acceptslights: true
  }
  layer {
    name: "Player-Controls"
    id: 1964
    sourceid: 1767
    transform {
      anchorPoint {
        x: 960
        y: 540
      }
      scale {
        x: 1
        y: 1
        z: 1
      }
      position {
        x: 960
        y: 540
      }
      orientation {
      }
      opacity: 1
    }
    acceptsshadows: true
    acceptslights: true
  }
  layer {
    name: "ActivityIndicator"
    id: 1965
    sourceid: 250
    transform {
      anchorPoint {
        x: 960
        y: 540
      }
      scale {
        x: 1
        y: 1
        z: 1
      }
      position {
        x: 960
        y: 540
      }
      orientation {
      }
      opacity: 1
    }
    acceptsshadows: true
    acceptslights: true
  }
  classname: "CYIPushButtonView"
  bgcolor {
    alpha: 1
    red: 0.086274509803921567
    green: 0.11372549019607843
    blue: 0.14509803921568629
  }
  properties {
    key: "componentSubtype"
    value: "push"
  }
  properties {
    key: "componentType"
    value: "button"
  }
  childtemplates: "Auryn_VideoSurface"
  childtemplates: "Auryn_Player-Controls"
  childtemplates: "Auryn_ActivityIndicator"
}
sources {
  uid: 2006
  name: "Auryn_VideoSurface.layout"
  width: 1920
  height: 1080
  copy_source: true
}
sources {
  uid: 1767
  name: "Auryn_Player-Controls.layout"
  width: 1920
  height: 1080
  copy_source: true
}
sources {
  uid: 250
  name: "Auryn_ActivityIndicator.layout"
  width: 1920
  height: 1080
  copy_source: true
}
