activecomp {
  name: "Auryn_Thumb"
  width: 48
  height: 48
  defaultcameradistance: 66.6666641
  layer {
    name: "Player-Thumb.png"
    id: 1938
    sourceid: 520045
    transform {
      anchorPoint {
        x: 24
        y: 24
      }
      scale {
        x: 1
        y: 1
        z: 1
      }
      position {
        x: 24
        y: 24
      }
      orientation {
      }
      opacity: 1
    }
    acceptsshadows: true
    acceptslights: true
  }
  bgcolor {
    alpha: 1
    red: 0.086274509803921567
    green: 0.11372549019607843
    blue: 0.14509803921568629
  }
}
sources {
  uid: 520045
  srctype: AE_IMAGE_SRC
  name: "Player-Thumb.png"
  width: 48
  height: 48
  numberOfFrames: 1
  loops: 1
  copy_source: true
}
