tracks {
  binding: IS_VISIBLE
  targetid: 1599
  targetname: "ActivityIndicator_2.png"
  keytimes {
    datatype: AE_INT_DATA
    inttype: AE_INTERP_HOLD
    ivalue1: 1
  }
}
tracks {
  binding: IS_VISIBLE
  targetid: 1600
  targetname: "Null 3"
  keytimes {
    datatype: AE_INT_DATA
    inttype: AE_INTERP_HOLD
    ivalue1: 1
  }
}
tracks {
  binding: ROTATION_Z
  targetid: 1600
  targetname: "Null 3"
  keytimes {
    inttype: AE_INTERP_LINEAR
  }
  keytimes {
    timeOffset: 1
    inttype: AE_INTERP_LINEAR
  }
  keytimes {
    timeOffset: 1.01666
    inttype: AE_INTERP_LINEAR
    fvalue1: -0.214485735
    isCookedKeytime: true
  }
  keytimes {
    timeOffset: 1.03332
    inttype: AE_INTERP_LINEAR
    fvalue1: -0.282742739
    isCookedKeytime: true
  }
  keytimes {
    timeOffset: 1.04997993
    inttype: AE_INTERP_LINEAR
    fvalue1: -0.193931758
    isCookedKeytime: true
  }
  keytimes {
    timeOffset: 1.0666399
    inttype: AE_INTERP_LINEAR
    fvalue1: 0.0639884099
    isCookedKeytime: true
  }
  keytimes {
    timeOffset: 1.08329988
    inttype: AE_INTERP_LINEAR
    fvalue1: 0.504435241
    isCookedKeytime: true
  }
  keytimes {
    timeOffset: 1.09995985
    inttype: AE_INTERP_LINEAR
    fvalue1: 1.14240718
    isCookedKeytime: true
  }
  keytimes {
    timeOffset: 1.11661983
    inttype: AE_INTERP_LINEAR
    fvalue1: 1.99472427
    isCookedKeytime: true
  }
  keytimes {
    timeOffset: 1.1332798
    inttype: AE_INTERP_LINEAR
    fvalue1: 3.08031178
    isCookedKeytime: true
  }
  keytimes {
    timeOffset: 1.14993978
    inttype: AE_INTERP_LINEAR
    fvalue1: 4.42053318
    isCookedKeytime: true
  }
  keytimes {
    timeOffset: 1.16659975
    inttype: AE_INTERP_LINEAR
    fvalue1: 6.03958273
    isCookedKeytime: true
  }
  keytimes {
    timeOffset: 1.18325973
    inttype: AE_INTERP_LINEAR
    fvalue1: 7.96494436
    isCookedKeytime: true
  }
  keytimes {
    timeOffset: 1.1999197
    inttype: AE_INTERP_LINEAR
    fvalue1: 10.2279272
    isCookedKeytime: true
  }
  keytimes {
    timeOffset: 1.21657968
    inttype: AE_INTERP_LINEAR
    fvalue1: 12.8642759
    isCookedKeytime: true
  }
  keytimes {
    timeOffset: 1.23323965
    inttype: AE_INTERP_LINEAR
    fvalue1: 15.9148655
    isCookedKeytime: true
  }
  keytimes {
    timeOffset: 1.24989963
    inttype: AE_INTERP_LINEAR
    fvalue1: 19.4264431
    isCookedKeytime: true
  }
  keytimes {
    timeOffset: 1.2665596
    inttype: AE_INTERP_LINEAR
    fvalue1: 23.4523926
    isCookedKeytime: true
  }
  keytimes {
    timeOffset: 1.28321958
    inttype: AE_INTERP_LINEAR
    fvalue1: 28.0533829
    isCookedKeytime: true
  }
  keytimes {
    timeOffset: 1.29987955
    inttype: AE_INTERP_LINEAR
    fvalue1: 33.2977448
    isCookedKeytime: true
  }
  keytimes {
    timeOffset: 1.31653953
    inttype: AE_INTERP_LINEAR
    fvalue1: 39.2611732
    isCookedKeytime: true
  }
  keytimes {
    timeOffset: 1.3331995
    inttype: AE_INTERP_LINEAR
    fvalue1: 46.0251846
    isCookedKeytime: true
  }
  keytimes {
    timeOffset: 1.34985948
    inttype: AE_INTERP_LINEAR
    fvalue1: 53.6733093
    isCookedKeytime: true
  }
  keytimes {
    timeOffset: 1.36651945
    inttype: AE_INTERP_LINEAR
    fvalue1: 62.2837257
    isCookedKeytime: true
  }
  keytimes {
    timeOffset: 1.38317943
    inttype: AE_INTERP_LINEAR
    fvalue1: 71.9168
    isCookedKeytime: true
  }
  keytimes {
    timeOffset: 1.3998394
    inttype: AE_INTERP_LINEAR
    fvalue1: 82.5966415
    isCookedKeytime: true
  }
  keytimes {
    timeOffset: 1.41649938
    inttype: AE_INTERP_LINEAR
    fvalue1: 94.2882843
    isCookedKeytime: true
  }
  keytimes {
    timeOffset: 1.44981933
    inttype: AE_INTERP_LINEAR
    fvalue1: 120.16021
    isCookedKeytime: true
  }
  keytimes {
    timeOffset: 1.51645923
    inttype: AE_INTERP_LINEAR
    fvalue1: 174.593475
    isCookedKeytime: true
  }
  keytimes {
    timeOffset: 1.54977918
    inttype: AE_INTERP_LINEAR
    fvalue1: 199.350098
    isCookedKeytime: true
  }
  keytimes {
    timeOffset: 1.58309913
    inttype: AE_INTERP_LINEAR
    fvalue1: 221.426849
    isCookedKeytime: true
  }
  keytimes {
    timeOffset: 1.5997591
    inttype: AE_INTERP_LINEAR
    fvalue1: 231.471619
    isCookedKeytime: true
  }
  keytimes {
    timeOffset: 1.61641908
    inttype: AE_INTERP_LINEAR
    fvalue1: 240.897614
    isCookedKeytime: true
  }
  keytimes {
    timeOffset: 1.63307905
    inttype: AE_INTERP_LINEAR
    fvalue1: 249.746063
    isCookedKeytime: true
  }
  keytimes {
    timeOffset: 1.666399
    inttype: AE_INTERP_LINEAR
    fvalue1: 265.879181
    isCookedKeytime: true
  }
  keytimes {
    timeOffset: 1.69971895
    inttype: AE_INTERP_LINEAR
    fvalue1: 280.190582
    isCookedKeytime: true
  }
  keytimes {
    timeOffset: 1.7330389
    inttype: AE_INTERP_LINEAR
    fvalue1: 292.956055
    isCookedKeytime: true
  }
  keytimes {
    timeOffset: 1.76635885
    inttype: AE_INTERP_LINEAR
    fvalue1: 304.403351
    isCookedKeytime: true
  }
  keytimes {
    timeOffset: 1.7996788
    inttype: AE_INTERP_LINEAR
    fvalue1: 314.718292
    isCookedKeytime: true
  }
  keytimes {
    timeOffset: 1.83299875
    inttype: AE_INTERP_LINEAR
    fvalue1: 324.052094
    isCookedKeytime: true
  }
  keytimes {
    timeOffset: 1.8663187
    inttype: AE_INTERP_LINEAR
    fvalue1: 332.528656
    isCookedKeytime: true
  }
  keytimes {
    timeOffset: 1.89963865
    inttype: AE_INTERP_LINEAR
    fvalue1: 340.250153
    isCookedKeytime: true
  }
  keytimes {
    timeOffset: 1.9329586
    inttype: AE_INTERP_LINEAR
    fvalue1: 347.301544
    isCookedKeytime: true
  }
  keytimes {
    timeOffset: 1.96627855
    inttype: AE_INTERP_LINEAR
    fvalue1: 353.754181
    isCookedKeytime: true
  }
  keytimes {
    timeOffset: 1.9995985
    inttype: AE_INTERP_LINEAR
    fvalue1: 359.668396
    isCookedKeytime: true
  }
  keytimes {
    timeOffset: 2
    inttype: AE_INTERP_LINEAR
    fvalue1: 360
  }
  keytimes {
    timeOffset: 2.03332
    inttype: AE_INTERP_LINEAR
    fvalue1: 365.876465
    isCookedKeytime: true
  }
  keytimes {
    timeOffset: 2.06664
    inttype: AE_INTERP_LINEAR
    fvalue1: 372.277374
    isCookedKeytime: true
  }
  keytimes {
    timeOffset: 2.09995985
    inttype: AE_INTERP_LINEAR
    fvalue1: 379.271667
    isCookedKeytime: true
  }
  keytimes {
    timeOffset: 2.1332798
    inttype: AE_INTERP_LINEAR
    fvalue1: 386.941895
    isCookedKeytime: true
  }
  keytimes {
    timeOffset: 2.16659975
    inttype: AE_INTERP_LINEAR
    fvalue1: 395.387604
    isCookedKeytime: true
  }
  keytimes {
    timeOffset: 2.1999197
    inttype: AE_INTERP_LINEAR
    fvalue1: 404.729156
    isCookedKeytime: true
  }
  keytimes {
    timeOffset: 2.23323965
    inttype: AE_INTERP_LINEAR
    fvalue1: 415.112335
    isCookedKeytime: true
  }
  keytimes {
    timeOffset: 2.2665596
    inttype: AE_INTERP_LINEAR
    fvalue1: 426.712036
    isCookedKeytime: true
  }
  keytimes {
    timeOffset: 2.28321958
    inttype: AE_INTERP_LINEAR
    fvalue1: 433.031158
    isCookedKeytime: true
  }
  keytimes {
    timeOffset: 2.29987955
    inttype: AE_INTERP_LINEAR
    fvalue1: 439.73349
    isCookedKeytime: true
  }
  keytimes {
    timeOffset: 2.31653953
    inttype: AE_INTERP_LINEAR
    fvalue1: 446.848145
    isCookedKeytime: true
  }
  keytimes {
    timeOffset: 2.3331995
    inttype: AE_INTERP_LINEAR
    fvalue1: 454.404083
    isCookedKeytime: true
  }
  keytimes {
    timeOffset: 2.34985948
    inttype: AE_INTERP_LINEAR
    fvalue1: 462.428314
    isCookedKeytime: true
  }
  keytimes {
    timeOffset: 2.38317943
    inttype: AE_INTERP_LINEAR
    fvalue1: 479.963135
    isCookedKeytime: true
  }
  keytimes {
    timeOffset: 2.41649938
    inttype: AE_INTERP_LINEAR
    fvalue1: 499.499573
    isCookedKeytime: true
  }
  keytimes {
    timeOffset: 2.5331192
    inttype: AE_INTERP_LINEAR
    fvalue1: 576.057068
    isCookedKeytime: true
  }
  keytimes {
    timeOffset: 2.56643915
    inttype: AE_INTERP_LINEAR
    fvalue1: 596.361694
    isCookedKeytime: true
  }
  keytimes {
    timeOffset: 2.5997591
    inttype: AE_INTERP_LINEAR
    fvalue1: 614.741089
    isCookedKeytime: true
  }
  keytimes {
    timeOffset: 2.63307905
    inttype: AE_INTERP_LINEAR
    fvalue1: 631.140442
    isCookedKeytime: true
  }
  keytimes {
    timeOffset: 2.666399
    inttype: AE_INTERP_LINEAR
    fvalue1: 645.70813
    isCookedKeytime: true
  }
  keytimes {
    timeOffset: 2.69971895
    inttype: AE_INTERP_LINEAR
    fvalue1: 658.663391
    isCookedKeytime: true
  }
  keytimes {
    timeOffset: 2.7330389
    inttype: AE_INTERP_LINEAR
    fvalue1: 670.228943
    isCookedKeytime: true
  }
  keytimes {
    timeOffset: 2.76635885
    inttype: AE_INTERP_LINEAR
    fvalue1: 680.604309
    isCookedKeytime: true
  }
  keytimes {
    timeOffset: 2.7996788
    inttype: AE_INTERP_LINEAR
    fvalue1: 689.95929
    isCookedKeytime: true
  }
  keytimes {
    timeOffset: 2.83299875
    inttype: AE_INTERP_LINEAR
    fvalue1: 698.435303
    isCookedKeytime: true
  }
  keytimes {
    timeOffset: 2.8663187
    inttype: AE_INTERP_LINEAR
    fvalue1: 706.14917
    isCookedKeytime: true
  }
  keytimes {
    timeOffset: 2.89963865
    inttype: AE_INTERP_LINEAR
    fvalue1: 713.197693
    isCookedKeytime: true
  }
  keytimes {
    timeOffset: 2.9329586
    inttype: AE_INTERP_LINEAR
    fvalue1: 719.661377
    isCookedKeytime: true
  }
  keytimes {
    timeOffset: 2.9333334
    inttype: AE_INTERP_LINEAR
    fvalue1: 720
  }
  keytimes {
    timeOffset: 2.96665335
    inttype: AE_INTERP_LINEAR
    fvalue1: 726.378
    isCookedKeytime: true
  }
  keytimes {
    timeOffset: 2.9999733
    inttype: AE_INTERP_LINEAR
    fvalue1: 733.204712
    isCookedKeytime: true
  }
  keytimes {
    timeOffset: 3.03329325
    inttype: AE_INTERP_LINEAR
    fvalue1: 740.522339
    isCookedKeytime: true
  }
  keytimes {
    timeOffset: 3.0666132
    inttype: AE_INTERP_LINEAR
    fvalue1: 748.378723
    isCookedKeytime: true
  }
  keytimes {
    timeOffset: 3.09993315
    inttype: AE_INTERP_LINEAR
    fvalue1: 756.828491
    isCookedKeytime: true
  }
  keytimes {
    timeOffset: 3.1332531
    inttype: AE_INTERP_LINEAR
    fvalue1: 765.933899
    isCookedKeytime: true
  }
  keytimes {
    timeOffset: 3.16657305
    inttype: AE_INTERP_LINEAR
    fvalue1: 775.765747
    isCookedKeytime: true
  }
  keytimes {
    timeOffset: 3.199893
    inttype: AE_INTERP_LINEAR
    fvalue1: 786.404236
    isCookedKeytime: true
  }
  keytimes {
    timeOffset: 3.23321295
    inttype: AE_INTERP_LINEAR
    fvalue1: 797.939209
    isCookedKeytime: true
  }
  keytimes {
    timeOffset: 3.2665329
    inttype: AE_INTERP_LINEAR
    fvalue1: 810.46875
    isCookedKeytime: true
  }
  keytimes {
    timeOffset: 3.29985285
    inttype: AE_INTERP_LINEAR
    fvalue1: 824.09613
    isCookedKeytime: true
  }
  keytimes {
    timeOffset: 3.3331728
    inttype: AE_INTERP_LINEAR
    fvalue1: 838.920959
    isCookedKeytime: true
  }
  keytimes {
    timeOffset: 3.36649275
    inttype: AE_INTERP_LINEAR
    fvalue1: 855.023071
    isCookedKeytime: true
  }
  keytimes {
    timeOffset: 3.3998127
    inttype: AE_INTERP_LINEAR
    fvalue1: 872.433105
    isCookedKeytime: true
  }
  keytimes {
    timeOffset: 3.44979262
    inttype: AE_INTERP_LINEAR
    fvalue1: 900.821716
    isCookedKeytime: true
  }
  keytimes {
    timeOffset: 3.54975247
    inttype: AE_INTERP_LINEAR
    fvalue1: 961.393494
    isCookedKeytime: true
  }
  keytimes {
    timeOffset: 3.58307242
    inttype: AE_INTERP_LINEAR
    fvalue1: 980.55072
    isCookedKeytime: true
  }
  keytimes {
    timeOffset: 3.61639237
    inttype: AE_INTERP_LINEAR
    fvalue1: 998.256958
    isCookedKeytime: true
  }
  keytimes {
    timeOffset: 3.64971232
    inttype: AE_INTERP_LINEAR
    fvalue1: 1014.2345
    isCookedKeytime: true
  }
  keytimes {
    timeOffset: 3.6663723
    inttype: AE_INTERP_LINEAR
    fvalue1: 1021.54663
    isCookedKeytime: true
  }
  keytimes {
    timeOffset: 3.68303227
    inttype: AE_INTERP_LINEAR
    fvalue1: 1028.41284
    isCookedKeytime: true
  }
  keytimes {
    timeOffset: 3.69969225
    inttype: AE_INTERP_LINEAR
    fvalue1: 1034.8457
    isCookedKeytime: true
  }
  keytimes {
    timeOffset: 3.71635222
    inttype: AE_INTERP_LINEAR
    fvalue1: 1040.8623
    isCookedKeytime: true
  }
  keytimes {
    timeOffset: 3.7330122
    inttype: AE_INTERP_LINEAR
    fvalue1: 1046.48218
    isCookedKeytime: true
  }
  keytimes {
    timeOffset: 3.74967217
    inttype: AE_INTERP_LINEAR
    fvalue1: 1051.72644
    isCookedKeytime: true
  }
  keytimes {
    timeOffset: 3.76633215
    inttype: AE_INTERP_LINEAR
    fvalue1: 1056.6167
    isCookedKeytime: true
  }
  keytimes {
    timeOffset: 3.78299212
    inttype: AE_INTERP_LINEAR
    fvalue1: 1061.17432
    isCookedKeytime: true
  }
  keytimes {
    timeOffset: 3.7996521
    inttype: AE_INTERP_LINEAR
    fvalue1: 1065.42017
    isCookedKeytime: true
  }
  keytimes {
    timeOffset: 3.81631207
    inttype: AE_INTERP_LINEAR
    fvalue1: 1069.37402
    isCookedKeytime: true
  }
  keytimes {
    timeOffset: 3.83297205
    inttype: AE_INTERP_LINEAR
    fvalue1: 1073.05457
    isCookedKeytime: true
  }
  keytimes {
    timeOffset: 3.86666656
    inttype: AE_INTERP_LINEAR
    fvalue1: 1080
  }
  keytimes {
    timeOffset: 3.89998651
    inttype: AE_INTERP_LINEAR
    fvalue1: 1086.44519
    isCookedKeytime: true
  }
  keytimes {
    timeOffset: 3.93330646
    inttype: AE_INTERP_LINEAR
    fvalue1: 1093.66699
    isCookedKeytime: true
  }
  keytimes {
    timeOffset: 3.94996643
    inttype: AE_INTERP_LINEAR
    fvalue1: 1097.60779
    isCookedKeytime: true
  }
  keytimes {
    timeOffset: 3.96662641
    inttype: AE_INTERP_LINEAR
    fvalue1: 1101.79297
    isCookedKeytime: true
  }
  keytimes {
    timeOffset: 3.98328638
    inttype: AE_INTERP_LINEAR
    fvalue1: 1106.24402
    isCookedKeytime: true
  }
  keytimes {
    timeOffset: 3.99994636
    inttype: AE_INTERP_LINEAR
    fvalue1: 1110.98486
    isCookedKeytime: true
  }
  keytimes {
    timeOffset: 4.01660633
    inttype: AE_INTERP_LINEAR
    fvalue1: 1116.04297
    isCookedKeytime: true
  }
  keytimes {
    timeOffset: 4.03326654
    inttype: AE_INTERP_LINEAR
    fvalue1: 1121.44958
    isCookedKeytime: true
  }
  keytimes {
    timeOffset: 4.04992676
    inttype: AE_INTERP_LINEAR
    fvalue1: 1127.24023
    isCookedKeytime: true
  }
  keytimes {
    timeOffset: 4.06658697
    inttype: AE_INTERP_LINEAR
    fvalue1: 1133.45557
    isCookedKeytime: true
  }
  keytimes {
    timeOffset: 4.08324718
    inttype: AE_INTERP_LINEAR
    fvalue1: 1140.14209
    isCookedKeytime: true
  }
  keytimes {
    timeOffset: 4.0999074
    inttype: AE_INTERP_LINEAR
    fvalue1: 1147.35266
    isCookedKeytime: true
  }
  keytimes {
    timeOffset: 4.11656761
    inttype: AE_INTERP_LINEAR
    fvalue1: 1155.14722
    isCookedKeytime: true
  }
  keytimes {
    timeOffset: 4.13322783
    inttype: AE_INTERP_LINEAR
    fvalue1: 1163.59253
    isCookedKeytime: true
  }
  keytimes {
    timeOffset: 4.14988804
    inttype: AE_INTERP_LINEAR
    fvalue1: 1172.76111
    isCookedKeytime: true
  }
  keytimes {
    timeOffset: 4.16654825
    inttype: AE_INTERP_LINEAR
    fvalue1: 1182.72742
    isCookedKeytime: true
  }
  keytimes {
    timeOffset: 4.18320847
    inttype: AE_INTERP_LINEAR
    fvalue1: 1193.56104
    isCookedKeytime: true
  }
  keytimes {
    timeOffset: 4.19986868
    inttype: AE_INTERP_LINEAR
    fvalue1: 1205.31287
    isCookedKeytime: true
  }
  keytimes {
    timeOffset: 4.21652889
    inttype: AE_INTERP_LINEAR
    fvalue1: 1217.99194
    isCookedKeytime: true
  }
  keytimes {
    timeOffset: 4.24984932
    inttype: AE_INTERP_LINEAR
    fvalue1: 1245.76746
    isCookedKeytime: true
  }
  keytimes {
    timeOffset: 4.29983
    inttype: AE_INTERP_LINEAR
    fvalue1: 1289.27966
    isCookedKeytime: true
  }
  keytimes {
    timeOffset: 4.31649
    inttype: AE_INTERP_LINEAR
    fvalue1: 1302.7793
    isCookedKeytime: true
  }
  keytimes {
    timeOffset: 4.33315039
    inttype: AE_INTERP_LINEAR
    fvalue1: 1315.32007
    isCookedKeytime: true
  }
  keytimes {
    timeOffset: 4.3498106
    inttype: AE_INTERP_LINEAR
    fvalue1: 1326.80908
    isCookedKeytime: true
  }
  keytimes {
    timeOffset: 4.36647081
    inttype: AE_INTERP_LINEAR
    fvalue1: 1337.24744
    isCookedKeytime: true
  }
  keytimes {
    timeOffset: 4.38313103
    inttype: AE_INTERP_LINEAR
    fvalue1: 1346.69299
    isCookedKeytime: true
  }
  keytimes {
    timeOffset: 4.39979124
    inttype: AE_INTERP_LINEAR
    fvalue1: 1355.22986
    isCookedKeytime: true
  }
  keytimes {
    timeOffset: 4.41645145
    inttype: AE_INTERP_LINEAR
    fvalue1: 1362.94983
    isCookedKeytime: true
  }
  keytimes {
    timeOffset: 4.43311167
    inttype: AE_INTERP_LINEAR
    fvalue1: 1369.94177
    isCookedKeytime: true
  }
  keytimes {
    timeOffset: 4.44977188
    inttype: AE_INTERP_LINEAR
    fvalue1: 1376.28711
    isCookedKeytime: true
  }
  keytimes {
    timeOffset: 4.46643209
    inttype: AE_INTERP_LINEAR
    fvalue1: 1382.05847
    isCookedKeytime: true
  }
  keytimes {
    timeOffset: 4.48309231
    inttype: AE_INTERP_LINEAR
    fvalue1: 1387.31909
    isCookedKeytime: true
  }
  keytimes {
    timeOffset: 4.49975252
    inttype: AE_INTERP_LINEAR
    fvalue1: 1392.12402
    isCookedKeytime: true
  }
  keytimes {
    timeOffset: 4.51641273
    inttype: AE_INTERP_LINEAR
    fvalue1: 1396.52087
    isCookedKeytime: true
  }
  keytimes {
    timeOffset: 4.53307295
    inttype: AE_INTERP_LINEAR
    fvalue1: 1400.55078
    isCookedKeytime: true
  }
  keytimes {
    timeOffset: 4.54973316
    inttype: AE_INTERP_LINEAR
    fvalue1: 1404.24939
    isCookedKeytime: true
  }
  keytimes {
    timeOffset: 4.56639338
    inttype: AE_INTERP_LINEAR
    fvalue1: 1407.64771
    isCookedKeytime: true
  }
  keytimes {
    timeOffset: 4.58305359
    inttype: AE_INTERP_LINEAR
    fvalue1: 1410.77295
    isCookedKeytime: true
  }
  keytimes {
    timeOffset: 4.5997138
    inttype: AE_INTERP_LINEAR
    fvalue1: 1413.6488
    isCookedKeytime: true
  }
  keytimes {
    timeOffset: 4.61637402
    inttype: AE_INTERP_LINEAR
    fvalue1: 1416.29602
    isCookedKeytime: true
  }
  keytimes {
    timeOffset: 4.63303423
    inttype: AE_INTERP_LINEAR
    fvalue1: 1418.73315
    isCookedKeytime: true
  }
  keytimes {
    timeOffset: 4.64969444
    inttype: AE_INTERP_LINEAR
    fvalue1: 1420.97644
    isCookedKeytime: true
  }
  keytimes {
    timeOffset: 4.66635466
    inttype: AE_INTERP_LINEAR
    fvalue1: 1423.04028
    isCookedKeytime: true
  }
  keytimes {
    timeOffset: 4.68301487
    inttype: AE_INTERP_LINEAR
    fvalue1: 1424.93774
    isCookedKeytime: true
  }
  keytimes {
    timeOffset: 4.69967508
    inttype: AE_INTERP_LINEAR
    fvalue1: 1426.68042
    isCookedKeytime: true
  }
  keytimes {
    timeOffset: 4.7163353
    inttype: AE_INTERP_LINEAR
    fvalue1: 1428.27881
    isCookedKeytime: true
  }
  keytimes {
    timeOffset: 4.73299551
    inttype: AE_INTERP_LINEAR
    fvalue1: 1429.74231
    isCookedKeytime: true
  }
  keytimes {
    timeOffset: 4.74965572
    inttype: AE_INTERP_LINEAR
    fvalue1: 1431.07935
    isCookedKeytime: true
  }
  keytimes {
    timeOffset: 4.76631594
    inttype: AE_INTERP_LINEAR
    fvalue1: 1432.29773
    isCookedKeytime: true
  }
  keytimes {
    timeOffset: 4.78297615
    inttype: AE_INTERP_LINEAR
    fvalue1: 1433.40454
    isCookedKeytime: true
  }
  keytimes {
    timeOffset: 4.79963636
    inttype: AE_INTERP_LINEAR
    fvalue1: 1434.40625
    isCookedKeytime: true
  }
  keytimes {
    timeOffset: 4.81629658
    inttype: AE_INTERP_LINEAR
    fvalue1: 1435.30859
    isCookedKeytime: true
  }
  keytimes {
    timeOffset: 4.83295679
    inttype: AE_INTERP_LINEAR
    fvalue1: 1436.11707
    isCookedKeytime: true
  }
  keytimes {
    timeOffset: 4.849617
    inttype: AE_INTERP_LINEAR
    fvalue1: 1436.83667
    isCookedKeytime: true
  }
  keytimes {
    timeOffset: 4.86627722
    inttype: AE_INTERP_LINEAR
    fvalue1: 1437.4718
    isCookedKeytime: true
  }
  keytimes {
    timeOffset: 4.88293743
    inttype: AE_INTERP_LINEAR
    fvalue1: 1438.02698
    isCookedKeytime: true
  }
  keytimes {
    timeOffset: 4.89959764
    inttype: AE_INTERP_LINEAR
    fvalue1: 1438.50586
    isCookedKeytime: true
  }
  keytimes {
    timeOffset: 4.91625786
    inttype: AE_INTERP_LINEAR
    fvalue1: 1438.91223
    isCookedKeytime: true
  }
  keytimes {
    timeOffset: 4.93291807
    inttype: AE_INTERP_LINEAR
    fvalue1: 1439.24927
    isCookedKeytime: true
  }
  keytimes {
    timeOffset: 4.94957829
    inttype: AE_INTERP_LINEAR
    fvalue1: 1439.52039
    isCookedKeytime: true
  }
  keytimes {
    timeOffset: 4.9662385
    inttype: AE_INTERP_LINEAR
    fvalue1: 1439.72827
    isCookedKeytime: true
  }
  keytimes {
    timeOffset: 4.98289871
    inttype: AE_INTERP_LINEAR
    fvalue1: 1439.87573
    isCookedKeytime: true
  }
  keytimes {
    timeOffset: 4.99955893
    inttype: AE_INTERP_LINEAR
    fvalue1: 1439.96533
    isCookedKeytime: true
  }
  keytimes {
    timeOffset: 5.01666689
    inttype: AE_INTERP_LINEAR
    fvalue1: 1440
  }
  trackName: "Rotation"
}
markers {
  starttime: 1
  duration: 4.01666689
  name: "Loop"
  tracksSelection {
    targetid: 1600
    binding: ROTATION_Z
  }
}
