tracks {
  binding: IS_VISIBLE
  targetid: 462
  targetname: "MiniGuide-button-outline.png"
  keytimes {
    datatype: AE_INT_DATA
    inttype: AE_INTERP_HOLD
    ivalue1: 1
  }
}
tracks {
  binding: IS_VISIBLE
  targetid: 463
  targetname: "MiniGuide-button-filled.png"
  keytimes {
    datatype: AE_INT_DATA
    inttype: AE_INTERP_HOLD
    ivalue1: 1
  }
}
tracks {
  binding: OPACITY
  targetid: 463
  targetname: "MiniGuide-button-filled.png"
  keytimes {
    inttype: AE_INTERP_LINEAR
  }
  keytimes {
    timeOffset: 2
    inttype: AE_INTERP_LINEAR
  }
  keytimes {
    timeOffset: 2.01666665
    inttype: AE_INTERP_LINEAR
    fvalue1: 0.6
  }
  keytimes {
    timeOffset: 2.33333325
    inttype: AE_INTERP_LINEAR
  }
  keytimes {
    timeOffset: 2.35
    inttype: AE_INTERP_LINEAR
    fvalue1: 0.6
  }
  trackName: "Opacity"
}
tracks {
  binding: IS_VISIBLE
  targetid: 464
  targetname: "View TV Guide"
  keytimes {
    datatype: AE_INT_DATA
    inttype: AE_INTERP_HOLD
    ivalue1: 1
  }
}
markers {
  starttime: 2
  duration: 0.0166666675
  name: "Press"
  tracksSelection {
    targetid: 463
    binding: OPACITY
  }
  id: 18
}
markers {
  starttime: 2.33333325
  duration: 0.0166666675
  name: "Press-Checked"
  tracksSelection {
    targetid: 463
    binding: OPACITY
  }
  id: 23
}
