activecomp {
  name: "Auryn_Container-Btn-Poster-Small"
  width: 525
  height: 942
  defaultcameradistance: 729.166687
  layer {
    name: "Btn-Poster-Small"
    id: 1086
    sourceid: 869
    transform {
      anchorPoint {
        x: 236.5
        y: 445
      }
      scale {
        x: 1
        y: 1
        z: 1
      }
      position {
        x: 262.5
        y: 471
      }
      orientation {
      }
      opacity: 1
    }
    acceptsshadows: true
    acceptslights: true
  }
  bgcolor {
    alpha: 1
    red: 0.086274509803921567
    green: 0.11372549019607843
    blue: 0.14509803921568629
  }
  childtemplates: "Auryn_Btn-Poster-Small"
}
sources {
  uid: 869
  name: "Auryn_Btn-Poster-Small.layout"
  width: 473
  height: 890
  copy_source: true
}
