activecomp {
  name: "Auryn_Image-Dynamic-Background"
  width: 1080
  height: 822
  defaultcameradistance: 1500
  layer {
    name: "ImageNode"
    id: 1234
    sourceid: 2531
    transform {
      anchorPoint {
        x: 540
        y: 411
      }
      scale {
        x: 1
        y: 1
        z: 1
      }
      position {
        x: 540
        y: 410.537
      }
      orientation {
      }
    }
    acceptsshadows: true
    acceptslights: true
  }
  classname: "CYIImageView"
  bgcolor {
    alpha: 1
    red: 0.086274509803921567
    green: 0.11372549019607843
    blue: 0.14509803921568629
  }
  properties {
    key: "componentType"
    value: "image"
  }
  properties {
    key: "clip"
    value: "false"
  }
  properties {
    key: "scale-mode"
    value: "fill-with-overflow"
  }
}
sources {
  uid: 2531
  srctype: AE_SOLID_SRC
  color {
    alpha: 1
    red: 0.94509804248809814
    green: 0.94509804248809814
    blue: 0.94509804248809814
  }
  width: 1080
  height: 822
}
