tracks {
  binding: IS_VISIBLE
  targetid: 250
  targetname: "Loader"
  keytimes {
    datatype: AE_INT_DATA
    inttype: AE_INTERP_HOLD
    ivalue1: 1
  }
}
tracks {
  targetid: 250
  targetname: "Loader"
  keytimes {
    datatype: AE_FLOAT_VECTOR_DATA
    inttype: AE_INTERP_LINEAR
    fvalue1: 960
    fvalue2: 540
  }
  keytimes {
    datatype: AE_FLOAT_VECTOR_DATA
    timeOffset: 1
    inttype: AE_INTERP_LINEAR
    fvalue1: 960
    fvalue2: 540
  }
  keytimes {
    datatype: AE_FLOAT_VECTOR_DATA
    timeOffset: 1.25
    inttype: AE_INTERP_LINEAR
    fvalue1: 960
    fvalue2: 540
  }
  keytimes {
    datatype: AE_FLOAT_VECTOR_DATA
    timeOffset: 6
    inttype: AE_INTERP_LINEAR
    fvalue1: 960
    fvalue2: 540
  }
  keytimes {
    datatype: AE_FLOAT_VECTOR_DATA
    timeOffset: 6.25
    inttype: AE_INTERP_LINEAR
    fvalue1: 960
    fvalue2: 540
  }
  trackName: "Position"
}
tracks {
  binding: OPACITY
  targetid: 250
  targetname: "Loader"
  keytimes {
    inttype: AE_INTERP_LINEAR
    fvalue1: 0.04
  }
  keytimes {
    timeOffset: 1
    inttype: AE_INTERP_LINEAR
    fvalue1: 0.04
  }
  keytimes {
    timeOffset: 1.01666
    inttype: AE_INTERP_LINEAR
    fvalue1: 0.0521844849
    isCookedKeytime: true
  }
  keytimes {
    timeOffset: 1.03332
    inttype: AE_INTERP_LINEAR
    fvalue1: 0.0864757
    isCookedKeytime: true
  }
  keytimes {
    timeOffset: 1.04997993
    inttype: AE_INTERP_LINEAR
    fvalue1: 0.139480263
    isCookedKeytime: true
  }
  keytimes {
    timeOffset: 1.0666399
    inttype: AE_INTERP_LINEAR
    fvalue1: 0.207804814
    isCookedKeytime: true
  }
  keytimes {
    timeOffset: 1.08329988
    inttype: AE_INTERP_LINEAR
    fvalue1: 0.288056
    isCookedKeytime: true
  }
  keytimes {
    timeOffset: 1.11661983
    inttype: AE_INTERP_LINEAR
    fvalue1: 0.470764607
    isCookedKeytime: true
  }
  keytimes {
    timeOffset: 1.14993978
    inttype: AE_INTERP_LINEAR
    fvalue1: 0.66045922
    isCookedKeytime: true
  }
  keytimes {
    timeOffset: 1.16659975
    inttype: AE_INTERP_LINEAR
    fvalue1: 0.749442816
    isCookedKeytime: true
  }
  keytimes {
    timeOffset: 1.18325973
    inttype: AE_INTERP_LINEAR
    fvalue1: 0.829992831
    isCookedKeytime: true
  }
  keytimes {
    timeOffset: 1.1999197
    inttype: AE_INTERP_LINEAR
    fvalue1: 0.898715794
    isCookedKeytime: true
  }
  keytimes {
    timeOffset: 1.21657968
    inttype: AE_INTERP_LINEAR
    fvalue1: 0.952218413
    isCookedKeytime: true
  }
  keytimes {
    timeOffset: 1.23323965
    inttype: AE_INTERP_LINEAR
    fvalue1: 0.987107217
    isCookedKeytime: true
  }
  keytimes {
    timeOffset: 1.25
    inttype: AE_INTERP_LINEAR
    fvalue1: 1
  }
  keytimes {
    timeOffset: 6
    inttype: AE_INTERP_LINEAR
    fvalue1: 1
  }
  keytimes {
    timeOffset: 6.01666
    inttype: AE_INTERP_LINEAR
    fvalue1: 0.987815499
    isCookedKeytime: true
  }
  keytimes {
    timeOffset: 6.03332043
    inttype: AE_INTERP_LINEAR
    fvalue1: 0.953524351
    isCookedKeytime: true
  }
  keytimes {
    timeOffset: 6.04998064
    inttype: AE_INTERP_LINEAR
    fvalue1: 0.900519729
    isCookedKeytime: true
  }
  keytimes {
    timeOffset: 6.06664085
    inttype: AE_INTERP_LINEAR
    fvalue1: 0.832195222
    isCookedKeytime: true
  }
  keytimes {
    timeOffset: 6.08330107
    inttype: AE_INTERP_LINEAR
    fvalue1: 0.751944065
    isCookedKeytime: true
  }
  keytimes {
    timeOffset: 6.11662149
    inttype: AE_INTERP_LINEAR
    fvalue1: 0.569235384
    isCookedKeytime: true
  }
  keytimes {
    timeOffset: 6.14994192
    inttype: AE_INTERP_LINEAR
    fvalue1: 0.379540801
    isCookedKeytime: true
  }
  keytimes {
    timeOffset: 6.16660213
    inttype: AE_INTERP_LINEAR
    fvalue1: 0.290557176
    isCookedKeytime: true
  }
  keytimes {
    timeOffset: 6.18326235
    inttype: AE_INTERP_LINEAR
    fvalue1: 0.210007191
    isCookedKeytime: true
  }
  keytimes {
    timeOffset: 6.19992256
    inttype: AE_INTERP_LINEAR
    fvalue1: 0.141284212
    isCookedKeytime: true
  }
  keytimes {
    timeOffset: 6.21658278
    inttype: AE_INTERP_LINEAR
    fvalue1: 0.0877816
    isCookedKeytime: true
  }
  keytimes {
    timeOffset: 6.23324299
    inttype: AE_INTERP_LINEAR
    fvalue1: 0.0528927296
    isCookedKeytime: true
  }
  keytimes {
    timeOffset: 6.25
    inttype: AE_INTERP_LINEAR
    fvalue1: 0.04
  }
  trackName: "Opacity"
}
tracks {
  binding: IS_VISIBLE
  targetid: 251
  targetname: "ScalePropTopLeftAnchor"
  keytimes {
    datatype: AE_INT_DATA
    inttype: AE_INTERP_HOLD
    ivalue1: 1
  }
}
markers {
  starttime: 1
  duration: 0.25
  name: "Show"
  tracksSelection {
    targetid: 250
  }
  tracksSelection {
    targetid: 250
    binding: OPACITY
  }
}
markers {
  starttime: 6
  duration: 0.25
  name: "Hide"
  tracksSelection {
    targetid: 250
  }
  tracksSelection {
    targetid: 250
    binding: OPACITY
  }
}
