activecomp {
  name: "Auryn_Player-Scrubber"
  width: 1590
  height: 60
  defaultcameradistance: 2208.33325
  layer {
    name: "Max-Track"
    id: 1813
    sourceid: 1624
    transform {
      anchorPoint {
        y: 6
      }
      scale {
        x: 1
        y: 1
        z: 1
      }
      position {
        y: 30
      }
      orientation {
      }
      opacity: 0.4
    }
    acceptsshadows: true
    acceptslights: true
  }
  layer {
    name: "MinTrack"
    id: 1814
    sourceid: 1649
    transform {
      anchorPoint {
        y: 6
      }
      scale {
        x: 0.02
        y: 1
        z: 1
      }
      position {
        y: 30
      }
      orientation {
      }
      opacity: 1
    }
    acceptsshadows: true
    acceptslights: true
  }
  layer {
    name: "Thumb"
    id: 1815
    sourceid: 1938
    transform {
      anchorPoint {
        x: 24
        y: 24
      }
      scale {
        x: 0.6
        y: 0.6
        z: 1
      }
      position {
        x: -685.667908
        y: 50
      }
      orientation {
      }
      opacity: 1
    }
    acceptsshadows: true
    acceptslights: true
    parentid: 1816
  }
  layer {
    name: "ScalePropCenterAnchor"
    id: 1816
    sourceid: 1480
    transform {
      anchorPoint {
        x: 50
        y: 50
      }
      scale {
        x: 1.05990684
        y: 1.05990684
        z: 1
      }
      position {
        x: 795
        y: 30
      }
      orientation {
      }
      opacity: 1
    }
    acceptsshadows: true
    acceptslights: true
  }
  classname: "CYIScrollBarView"
  bgcolor {
    alpha: 1
    red: 0.086274509803921567
    green: 0.11372549019607843
    blue: 0.14509803921568629
  }
  properties {
    key: "componentSubtype"
    value: "scrollBar"
  }
  properties {
    key: "componentType"
    value: "bar"
  }
  properties {
    key: "clip"
    value: "false"
  }
  childtemplates: "Auryn_Max-Track"
  childtemplates: "Auryn_Min-Track"
  childtemplates: "Auryn_Thumb"
}
sources {
  uid: 1624
  name: "Auryn_Max-Track.layout"
  width: 1590
  height: 12
  copy_source: true
}
sources {
  uid: 1649
  name: "Auryn_Min-Track.layout"
  width: 1590
  height: 12
  copy_source: true
}
sources {
  uid: 1938
  name: "Auryn_Thumb.layout"
  width: 48
  height: 48
  copy_source: true
}
sources {
  uid: 1480
  srctype: AE_NULL_SRC
  width: 100
  height: 100
}
