activecomp {
  name: "Auryn_Container-NullList"
  width: 1920
  height: 4
  defaultcameradistance: 2666.66675
  layer {
    name: "NullList"
    id: 1134
    sourceid: 1717
    transform {
      anchorPoint {
        x: 960
        y: 2
      }
      scale {
        x: 1
        y: 1
        z: 1
      }
      position {
        x: 960
        y: 2
      }
      orientation {
      }
      opacity: 1
    }
    acceptsshadows: true
    acceptslights: true
  }
  bgcolor {
    alpha: 1
    red: 0.086274509803921567
    green: 0.11372549019607843
    blue: 0.14509803921568629
  }
  properties {
    key: "padding-top"
    value: "20"
  }
  childtemplates: "Auryn_NullList"
}
sources {
  uid: 1717
  name: "Auryn_NullList.layout"
  width: 1920
  height: 4
  copy_source: true
}
