activecomp {
  name: "Auryn_Btn-Poster-Basic"
  width: 326
  height: 490
  defaultcameradistance: 452.777771
  layer {
    name: "Background"
    id: 690016924
    sourceid: 2420
    transform {
      anchorPoint {
        x: 200
        y: 300
      }
      scale {
        x: 1
        y: 1
        z: 1
      }
      position {
        x: 200
        y: 300
      }
      orientation {
      }
      opacity: 1
    }
    acceptsshadows: true
    acceptslights: true
    parentid: 690016925
    properties {
      key: "layoutable"
      value: "false"
    }
    properties {
      key: "item-gravity"
      value: "bottom-left"
    }
  }
  layer {
    name: "Image-Dynamic"
    id: 690016925
    sourceid: 1222
    transform {
      anchorPoint {
        x: 200
        y: 600
      }
      scale {
        x: 0.815
        y: 0.815
        z: 1
      }
      position {
        x: 163
        y: 489.5
      }
      orientation {
      }
      opacity: 1
    }
    acceptsshadows: true
    acceptslights: true
    properties {
      key: "layoutable"
      value: "false"
    }
    properties {
      key: "item-gravity"
      value: "bottom-left"
    }
  }
  classname: "CYIPushButtonView"
  bgcolor {
    alpha: 1
    red: 0.086274509803921567
    green: 0.11372549019607843
    blue: 0.14509803921568629
  }
  properties {
    key: "componentSubtype"
    value: "push"
  }
  properties {
    key: "componentType"
    value: "button"
  }
  properties {
    key: "clip"
    value: "true"
  }
  properties {
    key: "padding-bottom"
    value: "30"
  }
  properties {
    key: "spacing"
    value: "20"
  }
  properties {
    key: "padding-left"
    value: "50"
  }
  childtemplates: "Auryn_Image-Dynamic-2x3"
}
sources {
  uid: 2420
  srctype: AE_SOLID_SRC
  color {
    alpha: 1
  }
  width: 400
  height: 600
}
sources {
  uid: 1222
  name: "Auryn_Image-Dynamic-2x3.layout"
  width: 400
  height: 600
  copy_source: true
}
