tracks {
  binding: IS_VISIBLE
  targetid: 1012
  targetname: "Dark Gray Solid 1"
  keytimes {
    datatype: AE_INT_DATA
    inttype: AE_INTERP_HOLD
    ivalue1: 1
  }
}
tracks {
  binding: IS_VISIBLE
  targetid: 1013
  targetname: "Image-UpNext-Primary"
  keytimes {
    datatype: AE_INT_DATA
    inttype: AE_INTERP_HOLD
    ivalue1: 1
  }
}
tracks {
  binding: IS_VISIBLE
  targetid: 1014
  targetname: "Gradient-Left-Gray_2.png"
  keytimes {
    datatype: AE_INT_DATA
    inttype: AE_INTERP_HOLD
    ivalue1: 1
  }
}
tracks {
  binding: IS_VISIBLE
  targetid: 1015
  targetname: "Gradient-Left-Black_2.png"
  keytimes {
    datatype: AE_INT_DATA
    inttype: AE_INTERP_HOLD
    ivalue1: 1
  }
}
tracks {
  binding: IS_VISIBLE
  targetid: 1016
  targetname: "Duration"
  keytimes {
    datatype: AE_INT_DATA
    inttype: AE_INTERP_HOLD
    ivalue1: 1
  }
}
tracks {
  targetid: 1016
  targetname: "Duration"
  keytimes {
    datatype: AE_FLOAT_VECTOR_DATA
    inttype: AE_INTERP_LINEAR
    fvalue1: 30
    fvalue2: 293
  }
  keytimes {
    datatype: AE_FLOAT_VECTOR_DATA
    timeOffset: 2
    inttype: AE_INTERP_LINEAR
    fvalue1: 30
    fvalue2: 293
  }
  keytimes {
    datatype: AE_FLOAT_VECTOR_DATA
    timeOffset: 2.01666
    inttype: AE_INTERP_LINEAR
    fvalue1: 30.2784405
    fvalue2: 292.721558
    isCookedKeytime: true
  }
  keytimes {
    datatype: AE_FLOAT_VECTOR_DATA
    timeOffset: 2.03332
    inttype: AE_INTERP_LINEAR
    fvalue1: 31.0446167
    fvalue2: 291.955383
    isCookedKeytime: true
  }
  keytimes {
    datatype: AE_FLOAT_VECTOR_DATA
    timeOffset: 2.04998
    inttype: AE_INTERP_LINEAR
    fvalue1: 32.1541901
    fvalue2: 290.845795
    isCookedKeytime: true
  }
  keytimes {
    datatype: AE_FLOAT_VECTOR_DATA
    timeOffset: 2.06664
    inttype: AE_INTERP_LINEAR
    fvalue1: 33.51054
    fvalue2: 289.489471
    isCookedKeytime: true
  }
  keytimes {
    datatype: AE_FLOAT_VECTOR_DATA
    timeOffset: 2.09995985
    inttype: AE_INTERP_LINEAR
    fvalue1: 36.4623146
    fvalue2: 286.537689
    isCookedKeytime: true
  }
  keytimes {
    datatype: AE_FLOAT_VECTOR_DATA
    timeOffset: 2.11661983
    inttype: AE_INTERP_LINEAR
    fvalue1: 37.8223114
    fvalue2: 285.177704
    isCookedKeytime: true
  }
  keytimes {
    datatype: AE_FLOAT_VECTOR_DATA
    timeOffset: 2.1332798
    inttype: AE_INTERP_LINEAR
    fvalue1: 38.9449463
    fvalue2: 284.055054
    isCookedKeytime: true
  }
  keytimes {
    datatype: AE_FLOAT_VECTOR_DATA
    timeOffset: 2.14993978
    inttype: AE_INTERP_LINEAR
    fvalue1: 39.7123795
    fvalue2: 283.287628
    isCookedKeytime: true
  }
  keytimes {
    datatype: AE_FLOAT_VECTOR_DATA
    timeOffset: 2.16666675
    inttype: AE_INTERP_LINEAR
    fvalue1: 40
    fvalue2: 283
  }
  trackName: "Position"
}
tracks {
  binding: IS_VISIBLE
  targetid: 1017
  targetname: "Subhead"
  keytimes {
    datatype: AE_INT_DATA
    inttype: AE_INTERP_HOLD
    ivalue1: 1
  }
}
tracks {
  targetid: 1017
  targetname: "Subhead"
  keytimes {
    datatype: AE_FLOAT_VECTOR_DATA
    inttype: AE_INTERP_LINEAR
    fvalue1: 31.5
    fvalue2: 124.025635
  }
  keytimes {
    datatype: AE_FLOAT_VECTOR_DATA
    timeOffset: 2
    inttype: AE_INTERP_LINEAR
    fvalue1: 31.5
    fvalue2: 124.025635
  }
  keytimes {
    datatype: AE_FLOAT_VECTOR_DATA
    timeOffset: 2.01666
    inttype: AE_INTERP_LINEAR
    fvalue1: 32.1108627
    fvalue2: 123.934555
    isCookedKeytime: true
  }
  keytimes {
    datatype: AE_FLOAT_VECTOR_DATA
    timeOffset: 2.03332
    inttype: AE_INTERP_LINEAR
    fvalue1: 35.7927
    fvalue2: 123.380623
    isCookedKeytime: true
  }
  keytimes {
    datatype: AE_FLOAT_VECTOR_DATA
    timeOffset: 2.04998
    inttype: AE_INTERP_LINEAR
    fvalue1: 39.9089661
    fvalue2: 122.763786
    isCookedKeytime: true
  }
  keytimes {
    datatype: AE_FLOAT_VECTOR_DATA
    timeOffset: 2.06664
    inttype: AE_INTERP_LINEAR
    fvalue1: 41.9747391
    fvalue2: 122.457962
    isCookedKeytime: true
  }
  keytimes {
    datatype: AE_FLOAT_VECTOR_DATA
    timeOffset: 2.08329988
    inttype: AE_INTERP_LINEAR
    fvalue1: 43.1883125
    fvalue2: 122.280823
    isCookedKeytime: true
  }
  keytimes {
    datatype: AE_FLOAT_VECTOR_DATA
    timeOffset: 2.09995985
    inttype: AE_INTERP_LINEAR
    fvalue1: 43.9721375
    fvalue2: 122.168274
    isCookedKeytime: true
  }
  keytimes {
    datatype: AE_FLOAT_VECTOR_DATA
    timeOffset: 2.11661983
    inttype: AE_INTERP_LINEAR
    fvalue1: 44.47966
    fvalue2: 122.096779
    isCookedKeytime: true
  }
  keytimes {
    datatype: AE_FLOAT_VECTOR_DATA
    timeOffset: 2.1332798
    inttype: AE_INTERP_LINEAR
    fvalue1: 44.7889671
    fvalue2: 122.054115
    isCookedKeytime: true
  }
  keytimes {
    datatype: AE_FLOAT_VECTOR_DATA
    timeOffset: 2.14993978
    inttype: AE_INTERP_LINEAR
    fvalue1: 44.9506645
    fvalue2: 122.032234
    isCookedKeytime: true
  }
  keytimes {
    datatype: AE_FLOAT_VECTOR_DATA
    timeOffset: 2.16666675
    inttype: AE_INTERP_LINEAR
    fvalue1: 45
    fvalue2: 122.025635
  }
  trackName: "Position"
}
tracks {
  binding: IS_VISIBLE
  targetid: 1018
  targetname: "Title"
  keytimes {
    datatype: AE_INT_DATA
    inttype: AE_INTERP_HOLD
    ivalue1: 1
  }
}
tracks {
  targetid: 1018
  targetname: "Title"
  keytimes {
    datatype: AE_FLOAT_VECTOR_DATA
    inttype: AE_INTERP_LINEAR
    fvalue1: 231.5
    fvalue2: 55.5
  }
  keytimes {
    datatype: AE_FLOAT_VECTOR_DATA
    timeOffset: 2
    inttype: AE_INTERP_LINEAR
    fvalue1: 231.5
    fvalue2: 55.5
  }
  keytimes {
    datatype: AE_FLOAT_VECTOR_DATA
    timeOffset: 2.01666
    inttype: AE_INTERP_LINEAR
    fvalue1: 232.178864
    fvalue2: 55.4094849
    isCookedKeytime: true
  }
  keytimes {
    datatype: AE_FLOAT_VECTOR_DATA
    timeOffset: 2.03332
    inttype: AE_INTERP_LINEAR
    fvalue1: 236.270752
    fvalue2: 54.8639
    isCookedKeytime: true
  }
  keytimes {
    datatype: AE_FLOAT_VECTOR_DATA
    timeOffset: 2.04998
    inttype: AE_INTERP_LINEAR
    fvalue1: 240.843567
    fvalue2: 54.2541924
    isCookedKeytime: true
  }
  keytimes {
    datatype: AE_FLOAT_VECTOR_DATA
    timeOffset: 2.06664
    inttype: AE_INTERP_LINEAR
    fvalue1: 243.144226
    fvalue2: 53.9474373
    isCookedKeytime: true
  }
  keytimes {
    datatype: AE_FLOAT_VECTOR_DATA
    timeOffset: 2.08329988
    inttype: AE_INTERP_LINEAR
    fvalue1: 244.490707
    fvalue2: 53.7679062
    isCookedKeytime: true
  }
  keytimes {
    datatype: AE_FLOAT_VECTOR_DATA
    timeOffset: 2.09995985
    inttype: AE_INTERP_LINEAR
    fvalue1: 245.358978
    fvalue2: 53.6521378
    isCookedKeytime: true
  }
  keytimes {
    datatype: AE_FLOAT_VECTOR_DATA
    timeOffset: 2.11661983
    inttype: AE_INTERP_LINEAR
    fvalue1: 245.922409
    fvalue2: 53.5770111
    isCookedKeytime: true
  }
  keytimes {
    datatype: AE_FLOAT_VECTOR_DATA
    timeOffset: 2.1332798
    inttype: AE_INTERP_LINEAR
    fvalue1: 246.266129
    fvalue2: 53.5311813
    isCookedKeytime: true
  }
  keytimes {
    datatype: AE_FLOAT_VECTOR_DATA
    timeOffset: 2.14993978
    inttype: AE_INTERP_LINEAR
    fvalue1: 246.44545
    fvalue2: 53.5072746
    isCookedKeytime: true
  }
  keytimes {
    datatype: AE_FLOAT_VECTOR_DATA
    timeOffset: 2.16666675
    inttype: AE_INTERP_LINEAR
    fvalue1: 246.5
    fvalue2: 53.5
  }
  trackName: "Position"
}
tracks {
  binding: IS_VISIBLE
  targetid: 1019
  targetname: "Scale_Ctrl"
  keytimes {
    datatype: AE_INT_DATA
    inttype: AE_INTERP_HOLD
    ivalue1: 1
  }
}
tracks {
  binding: SCALE
  targetid: 1019
  targetname: "Scale_Ctrl"
  keytimes {
    datatype: AE_FLOAT_VECTOR_DATA
    inttype: AE_INTERP_LINEAR
    fvalue1: 1
    fvalue2: 1
    fvalue3: 1
  }
  keytimes {
    datatype: AE_FLOAT_VECTOR_DATA
    timeOffset: 2
    inttype: AE_INTERP_LINEAR
    fvalue1: 1
    fvalue2: 1
    fvalue3: 1
  }
  keytimes {
    datatype: AE_FLOAT_VECTOR_DATA
    timeOffset: 2.01666
    inttype: AE_INTERP_LINEAR
    fvalue1: 0.998184383
    fvalue2: 0.998184383
    fvalue3: 1
    isCookedKeytime: true
  }
  keytimes {
    datatype: AE_FLOAT_VECTOR_DATA
    timeOffset: 2.03332
    inttype: AE_INTERP_LINEAR
    fvalue1: 0.987279832
    fvalue2: 0.987279832
    fvalue3: 1
    isCookedKeytime: true
  }
  keytimes {
    datatype: AE_FLOAT_VECTOR_DATA
    timeOffset: 2.04998
    inttype: AE_INTERP_LINEAR
    fvalue1: 0.975075543
    fvalue2: 0.975075543
    fvalue3: 1
    isCookedKeytime: true
  }
  keytimes {
    datatype: AE_FLOAT_VECTOR_DATA
    timeOffset: 2.06664
    inttype: AE_INTERP_LINEAR
    fvalue1: 0.968945
    fvalue2: 0.968945
    fvalue3: 1
    isCookedKeytime: true
  }
  keytimes {
    datatype: AE_FLOAT_VECTOR_DATA
    timeOffset: 2.08329988
    inttype: AE_INTERP_LINEAR
    fvalue1: 0.965324223
    fvalue2: 0.965324223
    fvalue3: 1
    isCookedKeytime: true
  }
  keytimes {
    datatype: AE_FLOAT_VECTOR_DATA
    timeOffset: 2.09995985
    inttype: AE_INTERP_LINEAR
    fvalue1: 0.963018358
    fvalue2: 0.963018358
    fvalue3: 1
    isCookedKeytime: true
  }
  keytimes {
    datatype: AE_FLOAT_VECTOR_DATA
    timeOffset: 2.11661983
    inttype: AE_INTERP_LINEAR
    fvalue1: 0.961536884
    fvalue2: 0.961536884
    fvalue3: 1
    isCookedKeytime: true
  }
  keytimes {
    datatype: AE_FLOAT_VECTOR_DATA
    timeOffset: 2.1332798
    inttype: AE_INTERP_LINEAR
    fvalue1: 0.960629106
    fvalue2: 0.960629106
    fvalue3: 1
    isCookedKeytime: true
  }
  keytimes {
    datatype: AE_FLOAT_VECTOR_DATA
    timeOffset: 2.14993978
    inttype: AE_INTERP_LINEAR
    fvalue1: 0.960148335
    fvalue2: 0.960148335
    fvalue3: 1
    isCookedKeytime: true
  }
  keytimes {
    datatype: AE_FLOAT_VECTOR_DATA
    timeOffset: 2.16666675
    inttype: AE_INTERP_LINEAR
    fvalue1: 0.96
    fvalue2: 0.96
    fvalue3: 1
  }
  trackName: "Scale"
}
markers {
  starttime: 2
  duration: 0.166666672
  name: "Press"
  tracksSelection {
    targetid: 1016
  }
  tracksSelection {
    targetid: 1017
  }
  tracksSelection {
    targetid: 1018
  }
  tracksSelection {
    targetid: 1019
    binding: SCALE
  }
  id: 18
}
