activecomp {
  name: "Auryn_Layout-PDP-Meta"
  width: 900
  height: 550
  defaultcameradistance: 1250
  layer {
    name: "Text-Featured"
    id: 1355
    sourceid: -1
    transform {
      anchorPoint {
        x: 98.5000229
        y: 40.5
      }
      scale {
        x: 1
        y: 1
        z: 1
      }
      position {
        x: 103.259995
        y: 878.5
      }
      orientation {
      }
    }
    acceptsshadows: true
    acceptslights: true
    textinfo {
      fontSize: 36
      fontColor {
        alpha: 1
        red: 1
        green: 1
        blue: 1
      }
      fontName: "Montserrat-Medium"
      boundsWidth: 891
      boundsHeight: 1400
      isLabel: true
      multiline: true
      ellipsis: true
      leading: 65
    }
    classname: "CYISDFAtlasTextSceneNode"
    properties {
      key: "text-placeholder"
      value: "true"
    }
    properties {
      key: "text-overflow"
      value: "ellipsis"
    }
    properties {
      key: "leading"
      value: "65"
    }
  }
  layer {
    name: "Featured"
    id: 1356
    sourceid: -1
    transform {
      anchorPoint {
        x: 248.5
        y: 50.5
      }
      scale {
        x: 1
        y: 1
        z: 1
      }
      position {
        x: 246.132
        y: 828.5
      }
      orientation {
      }
    }
    acceptsshadows: true
    acceptslights: true
    textinfo {
      fontSize: 42
      fontColor {
        alpha: 1
        red: 1
        green: 1
        blue: 1
      }
      fontName: "Montserrat-Bold"
      boundsWidth: 953
      boundsHeight: 40
      isLabel: true
      text: "Featured"
      multiline: true
      isAllCaps: true
    }
    classname: "CYISDFAtlasTextSceneNode"
    properties {
      key: "margin-top"
      value: "20"
    }
  }
  layer {
    name: "Text-Overview"
    id: 1357
    sourceid: -1
    transform {
      anchorPoint {
        x: 256.5
        y: 40.5
      }
      scale {
        x: 1
        y: 1
        z: 1
      }
      position {
        x: 259.26
        y: 390.5
      }
      orientation {
      }
    }
    acceptsshadows: true
    acceptslights: true
    textinfo {
      fontSize: 36
      fontColor {
        alpha: 1
        red: 1
        green: 1
        blue: 1
      }
      fontName: "Montserrat-Medium"
      boundsWidth: 893
      boundsHeight: 354
      isLabel: true
      multiline: true
      ellipsis: true
      leading: 65
    }
    classname: "CYISDFAtlasTextSceneNode"
    properties {
      key: "text-placeholder"
      value: "true"
    }
    properties {
      key: "text-overflow"
      value: "ellipsis"
    }
    properties {
      key: "leading"
      value: "65"
    }
  }
  layer {
    name: "Overview"
    id: 1358
    sourceid: -1
    transform {
      anchorPoint {
        x: 248.5
        y: 48.5
      }
      scale {
        x: 1
        y: 1
        z: 1
      }
      position {
        x: 247.508
        y: 338.5
      }
      orientation {
      }
    }
    acceptsshadows: true
    acceptslights: true
    textinfo {
      fontSize: 42
      fontColor {
        alpha: 1
        red: 1
        green: 1
        blue: 1
      }
      fontName: "Montserrat-Bold"
      boundsWidth: 953
      boundsHeight: 38
      isLabel: true
      text: "Overview"
      multiline: true
      isAllCaps: true
    }
    classname: "CYISDFAtlasTextSceneNode"
    properties {
      key: "margin-top"
      value: "20"
    }
  }
  layer {
    name: "Text-Title"
    id: 1359
    sourceid: -1
    transform {
      anchorPoint {
        x: 98.5000229
        y: 40.5
      }
      scale {
        x: 1
        y: 1
        z: 1
      }
      position {
        x: 102.259995
        y: 114.5
      }
      orientation {
      }
    }
    acceptsshadows: true
    acceptslights: true
    textinfo {
      fontSize: 62
      fontColor {
        alpha: 1
        red: 1
        green: 1
        blue: 1
      }
      fontName: "Montserrat-Bold"
      boundsWidth: 895
      boundsHeight: 180
      isLabel: true
      multiline: true
      ellipsis: true
      isAllCaps: true
    }
    classname: "CYISDFAtlasTextSceneNode"
    properties {
      key: "text-placeholder"
      value: "true"
    }
    properties {
      key: "text-overflow"
      value: "ellipsis"
    }
  }
  layer {
    name: "Text-Metadata"
    id: 1360
    sourceid: -1
    transform {
      anchorPoint {
        x: 248.5
        y: 40.5
      }
      scale {
        x: 1
        y: 1
        z: 1
      }
      position {
        x: 248.690338
        y: 56.5
      }
      orientation {
      }
    }
    acceptsshadows: true
    acceptslights: true
    textinfo {
      fontSize: 30
      fontColor {
        alpha: 1
        red: 0.50195997953414917
        green: 0.50195997953414917
        blue: 0.50195997953414917
      }
      fontName: "Montserrat-Bold"
      boundsWidth: 1137
      boundsHeight: 24
      isLabel: true
      multiline: true
      ellipsis: true
      isAllCaps: true
    }
    classname: "CYISDFAtlasTextSceneNode"
    properties {
      key: "text-placeholder"
      value: "true"
    }
    properties {
      key: "text-overflow"
      value: "ellipsis"
    }
    properties {
      key: "margin-bottom"
      value: "-30"
    }
  }
  bgcolor {
    alpha: 1
    red: 0.086274509803921567
    green: 0.11372549019607843
    blue: 0.14509803921568629
  }
  properties {
    key: "layout"
    value: "CYIColumnLayout"
  }
  properties {
    key: "padding-top"
    value: "-10"
  }
  properties {
    key: "height"
    value: "fit-content"
  }
  properties {
    key: "spacing"
    value: "60"
  }
}
sources {
  uid: 1
  srctype: AE_FONT_SRC
  name: "Montserrat-Medium"
  copy_source: true
  file_name: "yi_Montserrat-Medium.otf"
  style_name: "Medium"
}
sources {
  uid: 2
  srctype: AE_FONT_SRC
  name: "Montserrat-Bold"
  copy_source: true
  file_name: "yi_Montserrat-Bold.otf"
  style_name: "Bold"
}
