activecomp {
  name: "Auryn_Btn-Poster-Large-Comp"
  width: 490
  height: 750
  defaultcameradistance: 680.555542
  layer {
    name: "Btn-Poster-Large"
    id: 857
    sourceid: 838
    transform {
      anchorPoint {
        x: 245
        y: 375
      }
      scale {
        x: 1
        y: 1
        z: 1
      }
      position {
        x: 245
        y: 375
      }
      orientation {
      }
      opacity: 1
    }
    acceptsshadows: true
    acceptslights: true
  }
  bgcolor {
    alpha: 1
    red: 0.086274509803921567
    green: 0.11372549019607843
    blue: 0.14509803921568629
  }
  childtemplates: "Auryn_Btn-Poster-Large"
}
sources {
  uid: 838
  name: "Auryn_Btn-Poster-Large.layout"
  width: 490
  height: 750
  copy_source: true
}
