activecomp {
  name: "Auryn_Max-Track"
  width: 1590
  height: 12
  defaultcameradistance: 2208.33325
  layer {
    name: "BarBG"
    id: 1624
    sourceid: 2423
    transform {
      anchorPoint {
        x: 795
        y: 6
      }
      scale {
        x: 1
        y: 1
        z: 1
      }
      position {
        x: 795
        y: 6
      }
      orientation {
      }
      opacity: 1
    }
    acceptsshadows: true
    acceptslights: true
  }
  bgcolor {
    alpha: 1
    red: 0.086274509803921567
    green: 0.11372549019607843
    blue: 0.14509803921568629
  }
}
sources {
  uid: 2423
  srctype: AE_SOLID_SRC
  color {
    alpha: 1
    red: 1
    green: 1
    blue: 1
  }
  width: 1590
  height: 12
}
