activecomp {
  name: "Auryn_Image-Dynamic-Live-Logo"
  width: 49
  height: 36
  defaultcameradistance: 68.0555573
  layer {
    name: "ImageNode"
    id: 1282
    sourceid: 690014151
    transform {
      anchorPoint {
        x: 24.5
        y: 18
      }
      scale {
        x: 1
        y: 1
        z: 1
      }
      position {
        x: 24.5
        y: 18
      }
      orientation {
      }
    }
    acceptsshadows: true
    acceptslights: true
  }
  classname: "CYIImageView"
  bgcolor {
    alpha: 1
    red: 0.086274509803921567
    green: 0.11372549019607843
    blue: 0.14509803921568629
  }
  properties {
    key: "componentType"
    value: "image"
  }
  properties {
    key: "clip"
    value: "false"
  }
  properties {
    key: "scale-mode"
    value: "fill-with-overflow"
  }
}
sources {
  uid: 690014151
  srctype: AE_SOLID_SRC
  color {
    alpha: 1
    red: 0.783823549747467
    green: 0.783823549747467
    blue: 0.783823549747467
  }
  width: 49
  height: 36
}
