activecomp {
  name: "Auryn_Btn-Nav-Profile"
  width: 60
  height: 60
  defaultcameradistance: 83.3333359
  layer {
    name: "Icon-Profile.png"
    id: 672
    sourceid: 965
    transform {
      anchorPoint {
        x: 24.5
        y: 22.5
      }
      scale {
        x: 0.76
        y: 0.76
        z: 1
      }
      position {
        x: 30.0348282
        y: 30.9581203
      }
      orientation {
      }
      opacity: 1
    }
    acceptsshadows: true
    acceptslights: true
  }
  classname: "CYIPushButtonView"
  bgcolor {
    alpha: 1
    red: 0.086274509803921567
    green: 0.11372549019607843
    blue: 0.14509803921568629
  }
  properties {
    key: "componentSubtype"
    value: "push"
  }
  properties {
    key: "componentType"
    value: "button"
  }
}
sources {
  uid: 965
  srctype: AE_IMAGE_SRC
  name: "Icon-Profile.png"
  width: 49
  height: 45
  numberOfFrames: 1
  loops: 1
  copy_source: true
}
