activecomp {
  name: "Auryn_Loader"
  width: 100
  height: 100
  defaultcameradistance: 138.888885
  layer {
    name: "ActivityIndicator_2.png"
    id: 1599
    sourceid: 41
    transform {
      anchorPoint {
        x: 55
        y: 55
      }
      scale {
        x: 1
        y: 1
        z: 1
      }
      position {
      }
      orientation {
      }
      rotationZ: -90
      opacity: 1
    }
    acceptsshadows: true
    acceptslights: true
    parentid: 1600
  }
  layer {
    name: "Null 3"
    id: 1600
    sourceid: 2478
    transform {
      anchorPoint {
      }
      scale {
        x: 1
        y: 1
        z: 1
      }
      position {
        x: 50
        y: 50
      }
      orientation {
      }
      opacity: 1
    }
    acceptsshadows: true
    acceptslights: true
  }
  bgcolor {
    alpha: 1
  }
}
sources {
  uid: 41
  srctype: AE_IMAGE_SRC
  name: "ActivityIndicator_2.png"
  width: 110
  height: 110
  numberOfFrames: 1
  loops: 1
  copy_source: true
}
sources {
  uid: 2478
  srctype: AE_NULL_SRC
  width: 100
  height: 100
}
