activecomp {
  name: "Auryn_Profile"
  width: 1080
  height: 1920
  defaultcameradistance: 1500
  layer {
    name: "Btn-Profile3"
    id: 1828
    sourceid: 950
    transform {
      anchorPoint {
        x: 503
        y: 208
      }
      scale {
        x: 1
        y: 1
        z: 1
      }
      position {
        x: 50
        y: 495
        z: 275
      }
      orientation {
      }
    }
    acceptsshadows: true
    acceptslights: true
    parentid: 1834
  }
  layer {
    name: "Btn-Profile2"
    id: 1829
    sourceid: 932
    transform {
      anchorPoint {
        x: 503
        y: 208
      }
      scale {
        x: 1
        y: 1
        z: 1
      }
      position {
        x: 50
        y: 64
        z: 444
      }
      orientation {
      }
    }
    acceptsshadows: true
    acceptslights: true
    parentid: 1834
  }
  layer {
    name: "Btn-Profile1"
    id: 1830
    sourceid: 907
    transform {
      anchorPoint {
        x: 503
        y: 208
      }
      scale {
        x: 1
        y: 1
        z: 1
      }
      position {
        x: 50
        y: -367
        z: 500
      }
      orientation {
      }
    }
    acceptsshadows: true
    acceptslights: true
    parentid: 1834
  }
  layer {
    name: "Title"
    id: 1831
    sourceid: -1
    transform {
      anchorPoint {
        x: 440
        y: 60
      }
      scale {
        x: 1
        y: 1
        z: 1
      }
      position {
        x: 119.72
      }
      orientation {
      }
    }
    acceptsshadows: true
    acceptslights: true
    textinfo {
      justification: AE_TEXT_CENTER
      fontSize: 44
      fontColor {
        alpha: 1
        red: 1
        green: 1
        blue: 1
      }
      fontName: "Montserrat-SemiBold"
      boundsWidth: 1722
      boundsHeight: 68
      isLabel: true
      text: "Who\342\200\231s Watching?"
      multiline: true
    }
  }
  layer {
    name: "Btn-Back"
    id: 1832
    sourceid: 305
    transform {
      anchorPoint {
      }
      scale {
        x: 1
        y: 1
        z: 1
      }
      position {
        x: 32
        y: -91
      }
      orientation {
      }
      opacity: 1
    }
    acceptsshadows: true
    acceptslights: true
    parentid: 1833
  }
  layer {
    name: "ScalePropTopLeftAnchor"
    id: 1833
    sourceid: 1480
    transform {
      anchorPoint {
      }
      scale {
        x: 1
        y: 1
        z: 1
      }
      position {
      }
      orientation {
      }
      opacity: 1
    }
    acceptsshadows: true
    acceptslights: true
  }
  layer {
    name: "ScaleWidthPropCenterAnchor"
    id: 1834
    sourceid: 1480
    transform {
      anchorPoint {
        x: 50
        y: 50
      }
      scale {
        x: 1
        y: 1
        z: 1
      }
      position {
        x: 540
        y: 960
      }
      orientation {
      }
      opacity: 1
    }
    acceptsshadows: true
    acceptslights: true
  }
  bgcolor {
    alpha: 1
    red: 0.086274509803921567
    green: 0.11372549019607843
    blue: 0.14509803921568629
  }
  properties {
    key: "gravity"
    value: "left"
  }
  properties {
    key: "rows"
    value: "2"
  }
  childtemplates: "Auryn_Btn-Profile3"
  childtemplates: "Auryn_Btn-Profile2"
  childtemplates: "Auryn_Btn-Profile1"
  childtemplates: "Auryn_Btn-Back"
}
sources {
  uid: 950
  name: "Auryn_Btn-Profile3.layout"
  width: 1006
  height: 416
  copy_source: true
}
sources {
  uid: 932
  name: "Auryn_Btn-Profile2.layout"
  width: 1006
  height: 416
  copy_source: true
}
sources {
  uid: 907
  name: "Auryn_Btn-Profile1.layout"
  width: 1006
  height: 416
  copy_source: true
}
sources {
  uid: 4
  srctype: AE_FONT_SRC
  name: "Montserrat-SemiBold"
  copy_source: true
  file_name: "yi_Montserrat-SemiBold.otf"
  style_name: "SemiBold"
}
sources {
  uid: 305
  name: "Auryn_Btn-Back.layout"
  width: 100
  height: 100
  copy_source: true
}
sources {
  uid: 1480
  srctype: AE_NULL_SRC
  width: 100
  height: 100
}
