activecomp {
  name: "Auryn_Video-TextDetails"
  width: 1400
  height: 400
  defaultcameradistance: 1944.44446
  layer {
    name: "Details"
    id: 1977
    sourceid: -1
    transform {
      anchorPoint {
        x: 36
        y: 50
      }
      scale {
        x: 1
        y: 1
        z: 1
      }
      position {
        x: 38.375
        y: 415.151825
      }
      orientation {
      }
      opacity: 0.7
    }
    acceptsshadows: true
    acceptslights: true
    textinfo {
      fontSize: 28
      fontColor {
        alpha: 1
        red: 1
        green: 1
        blue: 1
      }
      fontName: "Montserrat-Medium"
      boundsWidth: 1406
      boundsHeight: 82
      isLabel: true
      multiline: true
      ellipsis: true
    }
    classname: "CYISDFAtlasTextSceneNode"
    properties {
      key: "text-overflow"
      value: "ellipsis"
    }
    properties {
      key: "text-placeholder"
      value: "true"
    }
  }
  layer {
    name: "Live-Metadata"
    id: 1978
    sourceid: 1467
    transform {
      anchorPoint {
        x: 325
        y: 25
      }
      scale {
        x: 1
        y: 1
        z: 1
      }
      position {
        x: 325
        y: 340
      }
      orientation {
      }
      opacity: 1
    }
    acceptsshadows: true
    acceptslights: true
  }
  bgcolor {
    alpha: 1
    red: 0.086274509803921567
    green: 0.11372549019607843
    blue: 0.14509803921568629
  }
  properties {
    key: "layout"
    value: "CYIColumnLayout"
  }
  properties {
    key: "gravity"
    value: "bottom-left"
  }
  childtemplates: "Auryn_Live-Metadata"
}
sources {
  uid: 1
  srctype: AE_FONT_SRC
  name: "Montserrat-Medium"
  copy_source: true
  file_name: "yi_Montserrat-Medium.otf"
  style_name: "Medium"
}
sources {
  uid: 1467
  name: "Auryn_Live-Metadata.layout"
  width: 650
  height: 50
  copy_source: true
}
