activecomp {
  name: "Auryn_TextInput"
  width: 998
  height: 126
  defaultcameradistance: 1386.11108
  layer {
    name: "Text-BG 2"
    id: 1920
    sourceid: 2441
    transform {
      anchorPoint {
        x: 499
        y: 63
      }
      scale {
        x: 1
        y: 1
        z: 1
      }
      position {
        x: 498.9375
        y: 62.9375
      }
      orientation {
      }
      opacity: 1
    }
    acceptsshadows: true
    acceptslights: true
  }
  layer {
    name: "Text"
    id: 1921
    sourceid: -1
    transform {
      anchorPoint {
      }
      scale {
        x: 1
        y: 1
        z: 1
      }
      position {
        x: 127
        y: 78.4385376
      }
      orientation {
      }
      opacity: 1
    }
    acceptsshadows: true
    acceptslights: true
    textinfo {
      fontSize: 42
      fontColor {
        alpha: 1
        red: 0.95293992757797241
        green: 0.95293992757797241
        blue: 0.95293992757797241
      }
      fontName: "Montserrat-Bold"
      isPointText: true
      isLabel: true
      text: "Search"
    }
  }
  layer {
    name: "InputProperties"
    id: 1922
    sourceid: 1040
    transform {
      anchorPoint {
        x: 25
        y: 72.5
      }
      scale {
        x: 1
        y: 1
        z: 1
      }
      position {
        x: 842.75
        y: -11.1772747
      }
      orientation {
      }
      opacity: 1
    }
    acceptsshadows: true
    acceptslights: true
    parentid: 1921
  }
  layer {
    name: "Icon-Search.png"
    id: 1923
    sourceid: 104
    transform {
      anchorPoint {
        x: 22.5
        y: 23.5
      }
      scale {
        x: 0.76
        y: 0.76
        z: 1
      }
      position {
        x: 59.5
        y: 63
      }
      orientation {
      }
      opacity: 1
    }
    acceptsshadows: true
    acceptslights: true
  }
  layer {
    name: "Icon-Search-Active.png"
    id: 1924
    sourceid: 980
    transform {
      anchorPoint {
        x: 17.5
        y: 17.5
      }
      scale {
        x: 1
        y: 1
        z: 1
      }
      position {
        x: 59.5
        y: 63
      }
      orientation {
      }
      opacity: 1
    }
    acceptsshadows: true
    acceptslights: true
  }
  classname: "CYIPasswordTextEditView"
  bgcolor {
    alpha: 1
  }
  properties {
    key: "componentType"
    value: "input"
  }
  properties {
    key: "componentSubtype"
    value: "protected"
  }
  properties {
    key: "caret-color"
    value: "#F1F1F1"
  }
}
sources {
  uid: 2441
  srctype: AE_SOLID_SRC
  color {
    alpha: 1
    red: 0.13725490868091583
    green: 0.13725490868091583
    blue: 0.13725490868091583
  }
  width: 998
  height: 126
}
sources {
  uid: 2
  srctype: AE_FONT_SRC
  name: "Montserrat-Bold"
  copy_source: true
  file_name: "yi_Montserrat-Bold.otf"
  style_name: "Bold"
}
sources {
  uid: 1040
  srctype: AE_SOLID_SRC
  color {
    alpha: 1
    red: 0.97647058963775635
    green: 0.97647058963775635
    blue: 0.98039215803146362
  }
  width: 50
  height: 145
}
sources {
  uid: 104
  srctype: AE_IMAGE_SRC
  name: "Icon-Search.png"
  width: 45
  height: 47
  numberOfFrames: 1
  loops: 1
  copy_source: true
}
sources {
  uid: 980
  srctype: AE_IMAGE_SRC
  name: "Icon-Search-Active.png"
  width: 35
  height: 35
  numberOfFrames: 1
  loops: 1
  copy_source: true
}
