activecomp {
  name: "Auryn_Container-Btn-Backdrop-Wide"
  width: 1080
  height: 606
  defaultcameradistance: 1500
  layer {
    name: "Btn-Backdrop-Wide"
    id: 690016344
    sourceid: 690016328
    transform {
      anchorPoint {
        x: 540
        y: 303
      }
      scale {
        x: 1
        y: 1
        z: 1
      }
      position {
        x: 540
        y: 303
      }
      orientation {
      }
      opacity: 1
    }
    acceptsshadows: true
    acceptslights: true
  }
  bgcolor {
    alpha: 1
    red: 0.086274509803921567
    green: 0.11372549019607843
    blue: 0.14509803921568629
  }
  childtemplates: "Auryn_Btn-Backdrop-Wide"
}
sources {
  uid: 690016328
  name: "Auryn_Btn-Backdrop-Wide.layout"
  width: 1080
  height: 606
  copy_source: true
}
