activecomp {
  name: "Auryn_Lander"
  width: 1080
  height: 1920
  defaultcameradistance: 1500
  layer {
    name: "Lander-Layout"
    id: 1318
    sourceid: 690015806
    transform {
      anchorPoint {
        x: 540
        y: 960
      }
      scale {
        x: 1
        y: 1
        z: 1
      }
      position {
        x: 540
        y: 960
      }
      orientation {
      }
      opacity: 1
    }
    acceptsshadows: true
    acceptslights: true
    parentid: 1319
  }
  layer {
    name: "SizingAnchor"
    id: 1319
    sourceid: 1480
    transform {
      anchorPoint {
      }
      scale {
        x: 1
        y: 1
        z: 1
      }
      position {
      }
      orientation {
      }
      opacity: 1
    }
    acceptsshadows: true
    acceptslights: true
  }
  bgcolor {
    alpha: 1
    red: 0.086274509803921567
    green: 0.11372549019607843
    blue: 0.14509803921568629
  }
  properties {
    key: "scale-mode"
    value: "fit"
  }
  childtemplates: "Auryn_Lander-Layout"
}
sources {
  uid: 690015806
  name: "Auryn_Lander-Layout.layout"
  width: 1080
  height: 1920
  copy_source: true
}
sources {
  uid: 1480
  srctype: AE_NULL_SRC
  width: 100
  height: 100
}
