activecomp {
  name: "Auryn_Live-List-Container"
  width: 1080
  height: 1506
  defaultcameradistance: 1500
  layer {
    name: "LiveList"
    id: 1453
    sourceid: 1587
    transform {
      anchorPoint {
        x: 495.5
        y: 600
      }
      scale {
        x: 1
        y: 1
        z: 1
      }
      position {
        x: 540
        y: 828
      }
      orientation {
      }
      opacity: 1
    }
    acceptsshadows: true
    acceptslights: true
  }
  layer {
    name: "Live-Indicator"
    id: 1454
    sourceid: 1439
    transform {
      anchorPoint {
        x: 50
        y: 20
      }
      scale {
        x: 1.5
        y: 1.5
        z: 1
      }
      position {
        x: 124.999969
        y: 136.444427
      }
      orientation {
      }
      opacity: 1
    }
    acceptsshadows: true
    acceptslights: true
  }
  layer {
    name: "Text-Title"
    id: 1455
    sourceid: -1
    transform {
      anchorPoint {
        x: 0.25
        y: 14.9375
      }
      scale {
        x: 1
        y: 1
        z: 1
      }
      position {
        x: 240.948364
        y: 131.03215
      }
      orientation {
      }
      opacity: 1
    }
    acceptsshadows: true
    acceptslights: true
    textinfo {
      fontSize: 55
      fontColor {
        alpha: 1
        red: 0.94510000944137573
        green: 0.94510000944137573
        blue: 0.94510000944137573
      }
      fontName: "Montserrat-Bold"
      boundsWidth: 337
      boundsHeight: 48
      isLabel: true
      text: "All Channels"
      multiline: true
    }
  }
  bgcolor {
    alpha: 1
    red: 0.086274509803921567
    green: 0.11372549019607843
    blue: 0.14509803921568629
  }
  properties {
    key: "gravity"
    value: "top"
  }
  properties {
    key: "rows"
    value: "2"
  }
  properties {
    key: "useComponentScrollingView"
    value: "true"
  }
  properties {
    key: "spacing"
    value: "25.0"
  }
  childtemplates: "Auryn_LiveList"
  childtemplates: "Auryn_Live-Indicator"
}
sources {
  uid: 1587
  name: "Auryn_LiveList.layout"
  width: 991
  height: 1200
  copy_source: true
}
sources {
  uid: 1439
  name: "Auryn_Live-Indicator.layout"
  width: 100
  height: 40
  copy_source: true
}
sources {
  uid: 3
  srctype: AE_FONT_SRC
  name: "Montserrat-Bold"
  copy_source: true
  file_name: "yi_Montserrat-Bold.otf"
  style_name: "Bold"
}
