activecomp {
  name: "Auryn_Live-MiniGuide"
  width: 1920
  height: 1080
  defaultcameradistance: 2666.66675
  layer {
    name: "Gradient-Player.png"
    id: 690014592
    sourceid: 891
    transform {
      anchorPoint {
        x: 0.5
        y: 274
      }
      scale {
        x: 1100
        y: 2.13
        z: 1
      }
      position {
        x: 2083.5
        y: 540
      }
      orientation {
      }
      rotationZ: -90
    }
    acceptsshadows: true
    acceptslights: true
  }
  layer {
    name: "Btn-MiniGuide-Close"
    id: 690014593
    sourceid: 690017058
    transform {
      anchorPoint {
        y: 540
      }
      scale {
        x: 1
        y: 1
        z: 1
      }
      position {
        y: 540
      }
      orientation {
      }
      opacity: 1
    }
    acceptsshadows: true
    acceptslights: true
  }
  layer {
    name: "Live-MiniGuide-List"
    id: 690014594
    sourceid: 1500
    transform {
      anchorPoint {
        x: 495.5
        y: 540
      }
      scale {
        x: 1
        y: 1
        z: 1
      }
      position {
        x: 1666
        y: 540
      }
      orientation {
      }
    }
    acceptsshadows: true
    acceptslights: true
  }
  bgcolor {
    alpha: 1
    red: 0.086274509803921567
    green: 0.11372549019607843
    blue: 0.14509803921568629
  }
  childtemplates: "Auryn_Btn-MiniGuide-Close"
  childtemplates: "Auryn_Live-MiniGuide-List"
}
sources {
  uid: 891
  srctype: AE_IMAGE_SRC
  name: "Gradient-Player.png"
  width: 1
  height: 548
  numberOfFrames: 1
  loops: 1
  copy_source: true
}
sources {
  uid: 690017058
  name: "Auryn_Btn-MiniGuide-Close.layout"
  width: 1420
  height: 1080
  copy_source: true
}
sources {
  uid: 1500
  name: "Auryn_Live-MiniGuide-List.layout"
  width: 991
  height: 1080
  copy_source: true
}
