activecomp {
  name: "Auryn_Btn-PlayPause"
  width: 150
  height: 150
  defaultcameradistance: 208.333328
  layer {
    name: "Btn-Play_2.png"
    id: 781
    sourceid: 45
    transform {
      anchorPoint {
        x: 20
        y: 25
      }
      scale {
        x: 0.6
        y: 0.6
        z: 1
      }
      position {
        x: 76.6598282
        y: 75.9581223
      }
      orientation {
      }
      opacity: 1
    }
    acceptsshadows: true
    acceptslights: true
  }
  layer {
    name: "Icon-Pause"
    id: 782
    sourceid: 1197
    transform {
      anchorPoint {
        x: 50
        y: 50
      }
      scale {
        x: 0.6
        y: 0.6
        z: 1
      }
      position {
        x: 75.1598282
        y: 90.9581223
      }
      orientation {
      }
    }
    acceptsshadows: true
    acceptslights: true
  }
  classname: "CYIPushButtonView"
  bgcolor {
    alpha: 1
    red: 0.086274509803921567
    green: 0.11372549019607843
    blue: 0.14509803921568629
  }
  properties {
    key: "componentSubtype"
    value: "push"
  }
  properties {
    key: "componentType"
    value: "button"
  }
  childtemplates: "Auryn_Icon-Pause"
}
sources {
  uid: 45
  srctype: AE_IMAGE_SRC
  name: "Btn-Play_2.png"
  width: 40
  height: 50
  numberOfFrames: 1
  loops: 1
  copy_source: true
}
sources {
  uid: 1197
  name: "Auryn_Icon-Pause.layout"
  width: 100
  height: 100
  copy_source: true
}
