tracks {
  binding: IS_VISIBLE
  targetid: 1728
  targetname: "PDP-Content"
  keytimes {
    datatype: AE_INT_DATA
    inttype: AE_INTERP_HOLD
    ivalue1: 1
  }
}
tracks {
  binding: OPACITY
  targetid: 1728
  targetname: "PDP-Content"
  keytimes {
    inttype: AE_INTERP_LINEAR
  }
  keytimes {
    timeOffset: 0.5
    inttype: AE_INTERP_LINEAR
  }
  keytimes {
    timeOffset: 0.51666
    inttype: AE_INTERP_LINEAR
    fvalue1: 0.00084963179
    isCookedKeytime: true
  }
  keytimes {
    timeOffset: 0.53331995
    inttype: AE_INTERP_LINEAR
    fvalue1: 0.00360963214
    isCookedKeytime: true
  }
  keytimes {
    timeOffset: 0.549979925
    inttype: AE_INTERP_LINEAR
    fvalue1: 0.00866490696
    isCookedKeytime: true
  }
  keytimes {
    timeOffset: 0.5666399
    inttype: AE_INTERP_LINEAR
    fvalue1: 0.0165191945
    isCookedKeytime: true
  }
  keytimes {
    timeOffset: 0.583299875
    inttype: AE_INTERP_LINEAR
    fvalue1: 0.0278424937
    isCookedKeytime: true
  }
  keytimes {
    timeOffset: 0.59995985
    inttype: AE_INTERP_LINEAR
    fvalue1: 0.0435376838
    isCookedKeytime: true
  }
  keytimes {
    timeOffset: 0.616619825
    inttype: AE_INTERP_LINEAR
    fvalue1: 0.0648257211
    isCookedKeytime: true
  }
  keytimes {
    timeOffset: 0.6332798
    inttype: AE_INTERP_LINEAR
    fvalue1: 0.0933215544
    isCookedKeytime: true
  }
  keytimes {
    timeOffset: 0.649939775
    inttype: AE_INTERP_LINEAR
    fvalue1: 0.130974248
    isCookedKeytime: true
  }
  keytimes {
    timeOffset: 0.666599751
    inttype: AE_INTERP_LINEAR
    fvalue1: 0.179493681
    isCookedKeytime: true
  }
  keytimes {
    timeOffset: 0.683259726
    inttype: AE_INTERP_LINEAR
    fvalue1: 0.238702729
    isCookedKeytime: true
  }
  keytimes {
    timeOffset: 0.716579676
    inttype: AE_INTERP_LINEAR
    fvalue1: 0.370607525
    isCookedKeytime: true
  }
  keytimes {
    timeOffset: 0.733239651
    inttype: AE_INTERP_LINEAR
    fvalue1: 0.431684464
    isCookedKeytime: true
  }
  keytimes {
    timeOffset: 0.749899626
    inttype: AE_INTERP_LINEAR
    fvalue1: 0.486009568
    isCookedKeytime: true
  }
  keytimes {
    timeOffset: 0.766559601
    inttype: AE_INTERP_LINEAR
    fvalue1: 0.533737481
    isCookedKeytime: true
  }
  keytimes {
    timeOffset: 0.783219576
    inttype: AE_INTERP_LINEAR
    fvalue1: 0.575700462
    isCookedKeytime: true
  }
  keytimes {
    timeOffset: 0.799879551
    inttype: AE_INTERP_LINEAR
    fvalue1: 0.612805367
    isCookedKeytime: true
  }
  keytimes {
    timeOffset: 0.816539526
    inttype: AE_INTERP_LINEAR
    fvalue1: 0.645845234
    isCookedKeytime: true
  }
  keytimes {
    timeOffset: 0.833199501
    inttype: AE_INTERP_LINEAR
    fvalue1: 0.675468504
    isCookedKeytime: true
  }
  keytimes {
    timeOffset: 0.849859476
    inttype: AE_INTERP_LINEAR
    fvalue1: 0.702194512
    isCookedKeytime: true
  }
  keytimes {
    timeOffset: 0.866519451
    inttype: AE_INTERP_LINEAR
    fvalue1: 0.726439
    isCookedKeytime: true
  }
  keytimes {
    timeOffset: 0.883179426
    inttype: AE_INTERP_LINEAR
    fvalue1: 0.748536527
    isCookedKeytime: true
  }
  keytimes {
    timeOffset: 0.899839401
    inttype: AE_INTERP_LINEAR
    fvalue1: 0.768759
    isCookedKeytime: true
  }
  keytimes {
    timeOffset: 0.916499376
    inttype: AE_INTERP_LINEAR
    fvalue1: 0.787329555
    isCookedKeytime: true
  }
  keytimes {
    timeOffset: 0.933159351
    inttype: AE_INTERP_LINEAR
    fvalue1: 0.804433346
    isCookedKeytime: true
  }
  keytimes {
    timeOffset: 0.949819326
    inttype: AE_INTERP_LINEAR
    fvalue1: 0.820225239
    isCookedKeytime: true
  }
  keytimes {
    timeOffset: 0.966479301
    inttype: AE_INTERP_LINEAR
    fvalue1: 0.834836364
    isCookedKeytime: true
  }
  keytimes {
    timeOffset: 0.983139277
    inttype: AE_INTERP_LINEAR
    fvalue1: 0.848378301
    isCookedKeytime: true
  }
  keytimes {
    timeOffset: 0.999799252
    inttype: AE_INTERP_LINEAR
    fvalue1: 0.860947192
    isCookedKeytime: true
  }
  keytimes {
    timeOffset: 1.01645923
    inttype: AE_INTERP_LINEAR
    fvalue1: 0.872625947
    isCookedKeytime: true
  }
  keytimes {
    timeOffset: 1.0331192
    inttype: AE_INTERP_LINEAR
    fvalue1: 0.883487225
    isCookedKeytime: true
  }
  keytimes {
    timeOffset: 1.04977918
    inttype: AE_INTERP_LINEAR
    fvalue1: 0.893594444
    isCookedKeytime: true
  }
  keytimes {
    timeOffset: 1.06643915
    inttype: AE_INTERP_LINEAR
    fvalue1: 0.903003693
    isCookedKeytime: true
  }
  keytimes {
    timeOffset: 1.08309913
    inttype: AE_INTERP_LINEAR
    fvalue1: 0.911764622
    isCookedKeytime: true
  }
  keytimes {
    timeOffset: 1.0997591
    inttype: AE_INTERP_LINEAR
    fvalue1: 0.919921398
    isCookedKeytime: true
  }
  keytimes {
    timeOffset: 1.11641908
    inttype: AE_INTERP_LINEAR
    fvalue1: 0.927513957
    isCookedKeytime: true
  }
  keytimes {
    timeOffset: 1.13307905
    inttype: AE_INTERP_LINEAR
    fvalue1: 0.934577703
    isCookedKeytime: true
  }
  keytimes {
    timeOffset: 1.14973903
    inttype: AE_INTERP_LINEAR
    fvalue1: 0.941144943
    isCookedKeytime: true
  }
  keytimes {
    timeOffset: 1.166399
    inttype: AE_INTERP_LINEAR
    fvalue1: 0.947244704
    isCookedKeytime: true
  }
  keytimes {
    timeOffset: 1.18305898
    inttype: AE_INTERP_LINEAR
    fvalue1: 0.952903569
    isCookedKeytime: true
  }
  keytimes {
    timeOffset: 1.19971895
    inttype: AE_INTERP_LINEAR
    fvalue1: 0.958145678
    isCookedKeytime: true
  }
  keytimes {
    timeOffset: 1.21637893
    inttype: AE_INTERP_LINEAR
    fvalue1: 0.962993085
    isCookedKeytime: true
  }
  keytimes {
    timeOffset: 1.2330389
    inttype: AE_INTERP_LINEAR
    fvalue1: 0.967466116
    isCookedKeytime: true
  }
  keytimes {
    timeOffset: 1.24969888
    inttype: AE_INTERP_LINEAR
    fvalue1: 0.971583307
    isCookedKeytime: true
  }
  keytimes {
    timeOffset: 1.26635885
    inttype: AE_INTERP_LINEAR
    fvalue1: 0.975361943
    isCookedKeytime: true
  }
  keytimes {
    timeOffset: 1.28301883
    inttype: AE_INTERP_LINEAR
    fvalue1: 0.97881788
    isCookedKeytime: true
  }
  keytimes {
    timeOffset: 1.2996788
    inttype: AE_INTERP_LINEAR
    fvalue1: 0.98196584
    isCookedKeytime: true
  }
  keytimes {
    timeOffset: 1.31633878
    inttype: AE_INTERP_LINEAR
    fvalue1: 0.984819472
    isCookedKeytime: true
  }
  keytimes {
    timeOffset: 1.33299875
    inttype: AE_INTERP_LINEAR
    fvalue1: 0.987391531
    isCookedKeytime: true
  }
  keytimes {
    timeOffset: 1.34965873
    inttype: AE_INTERP_LINEAR
    fvalue1: 0.989693761
    isCookedKeytime: true
  }
  keytimes {
    timeOffset: 1.3663187
    inttype: AE_INTERP_LINEAR
    fvalue1: 0.991737306
    isCookedKeytime: true
  }
  keytimes {
    timeOffset: 1.38297868
    inttype: AE_INTERP_LINEAR
    fvalue1: 0.99353236
    isCookedKeytime: true
  }
  keytimes {
    timeOffset: 1.39963865
    inttype: AE_INTERP_LINEAR
    fvalue1: 0.995088756
    isCookedKeytime: true
  }
  keytimes {
    timeOffset: 1.41629863
    inttype: AE_INTERP_LINEAR
    fvalue1: 0.996415496
    isCookedKeytime: true
  }
  keytimes {
    timeOffset: 1.4329586
    inttype: AE_INTERP_LINEAR
    fvalue1: 0.997521222
    isCookedKeytime: true
  }
  keytimes {
    timeOffset: 1.44961858
    inttype: AE_INTERP_LINEAR
    fvalue1: 0.998413801
    isCookedKeytime: true
  }
  keytimes {
    timeOffset: 1.46627855
    inttype: AE_INTERP_LINEAR
    fvalue1: 0.999100864
    isCookedKeytime: true
  }
  keytimes {
    timeOffset: 1.48293853
    inttype: AE_INTERP_LINEAR
    fvalue1: 0.999589682
    isCookedKeytime: true
  }
  keytimes {
    timeOffset: 1.4995985
    inttype: AE_INTERP_LINEAR
    fvalue1: 0.999886751
    isCookedKeytime: true
  }
  keytimes {
    timeOffset: 1.51666665
    inttype: AE_INTERP_LINEAR
    fvalue1: 1
  }
  keytimes {
    timeOffset: 7.33333349
    inttype: AE_INTERP_LINEAR
    fvalue1: 1
  }
  keytimes {
    timeOffset: 7.34999371
    inttype: AE_INTERP_LINEAR
    fvalue1: 0.996439
    isCookedKeytime: true
  }
  keytimes {
    timeOffset: 7.36665392
    inttype: AE_INTERP_LINEAR
    fvalue1: 0.984600067
    isCookedKeytime: true
  }
  keytimes {
    timeOffset: 7.38331413
    inttype: AE_INTERP_LINEAR
    fvalue1: 0.962145746
    isCookedKeytime: true
  }
  keytimes {
    timeOffset: 7.39997435
    inttype: AE_INTERP_LINEAR
    fvalue1: 0.925438166
    isCookedKeytime: true
  }
  keytimes {
    timeOffset: 7.41663456
    inttype: AE_INTERP_LINEAR
    fvalue1: 0.868280768
    isCookedKeytime: true
  }
  keytimes {
    timeOffset: 7.43329477
    inttype: AE_INTERP_LINEAR
    fvalue1: 0.778597772
    isCookedKeytime: true
  }
  keytimes {
    timeOffset: 7.44995499
    inttype: AE_INTERP_LINEAR
    fvalue1: 0.627115786
    isCookedKeytime: true
  }
  keytimes {
    timeOffset: 7.4666152
    inttype: AE_INTERP_LINEAR
    fvalue1: 0.325978577
    isCookedKeytime: true
  }
  keytimes {
    timeOffset: 7.48327541
    inttype: AE_INTERP_LINEAR
    fvalue1: 0.0476790704
    isCookedKeytime: true
  }
  keytimes {
    timeOffset: 7.5
    inttype: AE_INTERP_LINEAR
  }
  trackName: "Opacity"
}
tracks {
  binding: IS_VISIBLE
  targetid: 1729
  targetname: "PDP_Ctrl"
  keytimes {
    datatype: AE_INT_DATA
    inttype: AE_INTERP_HOLD
    ivalue1: 1
  }
}
tracks {
  binding: OPACITY
  targetid: 1729
  targetname: "PDP_Ctrl"
  keytimes {
    inttype: AE_INTERP_LINEAR
  }
  keytimes {
    timeOffset: 2
    inttype: AE_INTERP_HOLD
  }
  keytimes {
    timeOffset: 2.5
    inttype: AE_INTERP_HOLD
  }
  keytimes {
    timeOffset: 5
    inttype: AE_INTERP_HOLD
  }
  keytimes {
    timeOffset: 5.5
    inttype: AE_INTERP_HOLD
  }
  trackName: "Opacity"
}
tracks {
  binding: IS_VISIBLE
  targetid: 1730
  targetname: "SizingAnchor"
  keytimes {
    datatype: AE_INT_DATA
    inttype: AE_INTERP_HOLD
    ivalue1: 1
  }
}
markers {
  starttime: 0.5
  duration: 1.01666665
  name: "PDPIn"
  tracksSelection {
    targetid: 1728
    binding: OPACITY
  }
}
markers {
  starttime: 2
  duration: 0.5
  name: "VideoIn"
  tracksSelection {
    targetid: 1729
    binding: OPACITY
  }
}
markers {
  starttime: 5
  duration: 0.5
  name: "VideoOut"
  tracksSelection {
    targetid: 1729
    binding: OPACITY
  }
  properties {
    key: "recursive"
    value: "true"
  }
}
markers {
  starttime: 7
  duration: 0.5
  name: "PDPOut"
  tracksSelection {
    targetid: 1728
    binding: OPACITY
  }
  properties {
    key: "recursive"
    value: "true"
  }
}
