activecomp {
  name: "Auryn_Image-Dynamic-Live-Asset"
  width: 525
  height: 344
  defaultcameradistance: 729.166687
  layer {
    name: "ImageNode"
    id: 1270
    sourceid: 690014118
    transform {
      anchorPoint {
        x: 262.5
        y: 172
      }
      scale {
        x: 1
        y: 1
        z: 1
      }
      position {
        x: 262.5
        y: 172
      }
      orientation {
      }
    }
    acceptsshadows: true
    acceptslights: true
  }
  classname: "CYIImageView"
  bgcolor {
    alpha: 1
    red: 0.086274509803921567
    green: 0.11372549019607843
    blue: 0.14509803921568629
  }
  properties {
    key: "componentType"
    value: "image"
  }
  properties {
    key: "clip"
    value: "false"
  }
  properties {
    key: "scale-mode"
    value: "fill-with-overflow"
  }
}
sources {
  uid: 690014118
  srctype: AE_SOLID_SRC
  color {
    alpha: 1
    red: 0.767754316329956
    green: 0.76186209917068481
    blue: 0.76186209917068481
  }
  width: 525
  height: 344
}
