activecomp {
  name: "Auryn_Live-Asset-Root"
  width: 991
  height: 344
  defaultcameradistance: 1376.38892
  layer {
    name: "Live-Asset"
    id: 690014183
    sourceid: 1406
    transform {
      anchorPoint {
        x: 495.5
        y: 172
      }
      scale {
        x: 1
        y: 1
        z: 1
      }
      position {
        x: 495.5
        y: 172
      }
      orientation {
      }
      opacity: 1
    }
    acceptsshadows: true
    acceptslights: true
  }
  bgcolor {
    alpha: 1
    red: 0.086274509803921567
    green: 0.11372549019607843
    blue: 0.14509803921568629
  }
  properties {
    key: "columns"
    value: "2"
  }
  properties {
    key: "padding-top"
    value: "15"
  }
  properties {
    key: "padding-left"
    value: "5"
  }
  properties {
    key: "padding-right"
    value: "5"
  }
  properties {
    key: "horizontal-scroll"
    value: "false"
  }
  properties {
    key: "vertical-scroll"
    value: "true"
  }
  childtemplates: "Auryn_Live-Asset"
}
sources {
  uid: 1406
  name: "Auryn_Live-Asset.layout"
  width: 991
  height: 344
  copy_source: true
}
