activecomp {
  name: "Auryn_Movies"
  width: 1080
  height: 1350
  defaultcameradistance: 1500
  layer {
    name: "Container-Btn-Poster-Small"
    id: 1661
    sourceid: 1086
    transform {
      anchorPoint {
        x: 262.5
        y: 471
      }
      scale {
        x: 1
        y: 1
        z: 1
      }
      position {
        x: 540
        y: 675
      }
      orientation {
      }
      opacity: 1
    }
    acceptsshadows: true
    acceptslights: true
    properties {
      key: "placeholder"
      value: "true"
    }
  }
  classname: "CYIListView"
  bgcolor {
    alpha: 1
    red: 0.086274509803921567
    green: 0.11372549019607843
    blue: 0.14509803921568629
  }
  properties {
    key: "componentSubtype"
    value: "streaming"
  }
  properties {
    key: "componentType"
    value: "list"
  }
  properties {
    key: "layout"
    value: "CYIGridLayout"
  }
  properties {
    key: "gravity"
    value: "left"
  }
  properties {
    key: "useComponentScrollingView"
    value: "true"
  }
  properties {
    key: "spacing"
    value: "20"
  }
  properties {
    key: "insert-after-layer-id"
    value: "-1"
  }
  childtemplates: "Auryn_Container-Btn-Poster-Small"
}
sources {
  uid: 1086
  name: "Auryn_Container-Btn-Poster-Small.layout"
  width: 525
  height: 942
  copy_source: true
}
