activecomp {
  name: "Example-ListEmbeddedAd_Btn-Backdrop-Ad-VAWAA"
  width: 536
  height: 468
  defaultcameradistance: 744.444458
  layer {
    name: "Ad-Tile-Image-Handset.png"
    id: 690015437
    sourceid: 690015471
    transform {
      anchorPoint {
        x: 268
        y: 234.5
      }
      scale {
        x: 1
        y: 1
        z: 1
      }
      position {
        x: 268
        y: 233.5
      }
      orientation {
      }
      opacity: 1
    }
    acceptsshadows: true
    acceptslights: true
  }
  layer {
    name: "Press-Overlay"
    id: 690015438
    sourceid: 690015473
    transform {
      anchorPoint {
        x: 268
        y: 234
      }
      scale {
        x: 1
        y: 1
        z: 1
      }
      position {
        x: 268
        y: 234
      }
      orientation {
      }
    }
    acceptsshadows: true
    acceptslights: true
  }
  layer {
    name: "Gradient-Ad-Asset.png"
    id: 690015439
    sourceid: 690015292
    transform {
      anchorPoint {
        x: 0.5
        y: 132
      }
      scale {
        x: 536
        y: 1.77272725
        z: 1
      }
      position {
        x: 268
        y: 234
      }
      orientation {
      }
      opacity: 0.8
    }
    acceptsshadows: true
    acceptslights: true
  }
  layer {
    name: "Text-2"
    id: 690015440
    sourceid: -1
    transform {
      anchorPoint {
        x: 210
        y: 105
      }
      scale {
        x: 1
        y: 1
        z: 1
      }
      position {
        x: 247.588745
        y: 514.567322
      }
      orientation {
      }
      opacity: 1
    }
    acceptsshadows: true
    acceptslights: true
    textinfo {
      fontSize: 26
      fontColor {
        alpha: 1
        red: 1
        green: 1
        blue: 1
      }
      fontName: "BrandonGrotesque-Bold"
      boundsWidth: 420
      boundsHeight: 94
      isLabel: true
      text: "by vawaa"
      multiline: true
      isAllCaps: true
    }
    classname: "CYISDFAtlasTextSceneNode"
  }
  layer {
    name: "Text"
    id: 690015441
    sourceid: -1
    transform {
      anchorPoint {
        x: 210
        y: 105
      }
      scale {
        x: 1
        y: 1
        z: 1
      }
      position {
        x: 246.516922
        y: 419
      }
      orientation {
      }
      opacity: 1
    }
    acceptsshadows: true
    acceptslights: true
    textinfo {
      fontSize: 92
      fontColor {
        alpha: 1
        red: 1
        green: 1
        blue: 1
      }
      fontName: "Timberline-Regular"
      boundsWidth: 420
      boundsHeight: 94
      isLabel: true
      text: "Cooking"
      multiline: true
    }
    classname: "CYISDFAtlasTextSceneNode"
  }
  layer {
    name: "Sponsor-Tag-Background.png"
    id: 690015442
    sourceid: 690015515
    transform {
      anchorPoint {
        y: -0.666666687
      }
      scale {
        x: 1
        y: 1
        z: 1
      }
      position {
        y: -1
      }
      orientation {
      }
      opacity: 1
    }
    acceptsshadows: true
    acceptslights: true
  }
  layer {
    name: "Text-3"
    id: 690015443
    sourceid: -1
    transform {
      anchorPoint {
        x: 210
        y: 105
      }
      scale {
        x: 1
        y: 1
        z: 1
      }
      position {
        x: 249.009033
        y: 116.32621
      }
      orientation {
      }
      opacity: 1
    }
    acceptsshadows: true
    acceptslights: true
    textinfo {
      fontSize: 24
      fontColor {
        alpha: 1
        red: 1
        green: 1
        blue: 1
      }
      fontName: "BrandonGrotesque-Bold"
      boundsWidth: 420
      boundsHeight: 94
      isLabel: true
      text: "Sponsored"
      multiline: true
      isAllCaps: true
    }
    classname: "CYISDFAtlasTextSceneNode"
  }
  classname: "CYIPushButtonView"
  bgcolor {
    alpha: 1
    red: 0.086274509803921567
    green: 0.11372549019607843
    blue: 0.14509803921568629
  }
  properties {
    key: "componentSubtype"
    value: "push"
  }
  properties {
    key: "componentType"
    value: "button"
  }
  properties {
    key: "clip"
    value: "false"
  }
}
sources {
  uid: 690015471
  srctype: AE_IMAGE_SRC
  name: "Ad-Tile-Image-Handset.png"
  width: 536
  height: 469
  numberOfFrames: 1
  loops: 1
  copy_source: true
}
sources {
  uid: 690015473
  srctype: AE_SOLID_SRC
  color {
    alpha: 1
  }
  width: 536
  height: 468
}
sources {
  uid: 690015292
  srctype: AE_IMAGE_SRC
  name: "Gradient-Ad-Asset.png"
  width: 1
  height: 264
  numberOfFrames: 1
  loops: 1
  copy_source: true
}
sources {
  uid: 4
  srctype: AE_FONT_SRC
  name: "BrandonGrotesque-Bold"
  copy_source: true
  file_name: "yi_Brandon Grotesque-Bold.otf"
  style_name: "Bold"
}
sources {
  uid: 5
  srctype: AE_FONT_SRC
  name: "Timberline-Regular"
  copy_source: true
  file_name: "yi_Timberline-Regular.otf"
  style_name: "Regular"
}
sources {
  uid: 690015515
  srctype: AE_IMAGE_SRC
  name: "Sponsor-Tag-Background.png"
  width: 200
  height: 40
  numberOfFrames: 1
  loops: 1
  copy_source: true
}
